2025-09-24 21:43:39,672: {
    "model": "MoE",
    "lrd": "moe_lrd",
    "num_classes": 30,
    "dataset": "AID",
    "img_size": 320,
    "batch_size": 64,
    "TR": "55_0.json",
    "data_info": {
        "train_len": 5000,
        "val_len": 5000
    },
    "epochs": 200,
    "lr": 0.00025,
    "blr": 0.001,
    "layer_decay": 0.85,
    "drop_path": 0.1,
    "smoothing": 0.1,
    "mixup": 0.8,
    "cutmix": 1.0
}
2025-09-24 21:43:40,521: missing keys: ['pos_embed_det', 'fc_norm.weight', 'fc_norm.bias', 'head.weight', 'head.bias']
unexpected keys: ['pos_embed']
2025-09-24 21:43:40,889: layer decay optimizer: min_lr: 3.556043928404302e-05 max_lr: 0.00025
2025-09-24 21:44:42,992: epoch: [0/200] acc1: 7.7123 acc5: 27.2035 loss: 3.3592 min_lr: 7.112087856808604e-06 max_lr: 5e-05
2025-09-24 21:45:44,220: epoch: [1/200] acc1: 18.7099 acc5: 50.6811 loss: 3.0455 min_lr: 1.4224175713617208e-05 max_lr: 0.0001
2025-09-24 21:46:45,439: epoch: [2/200] acc1: 32.0112 acc5: 63.7420 loss: 2.6693 min_lr: 2.133626357042581e-05 max_lr: 0.00015
2025-09-24 21:47:46,822: epoch: [3/200] acc1: 37.4800 acc5: 65.8053 loss: 2.4802 min_lr: 2.8448351427234416e-05 max_lr: 0.0002
2025-09-24 21:48:48,236: epoch: [4/200] acc1: 44.8317 acc5: 72.1154 loss: 2.3226 min_lr: 3.556043928404302e-05 max_lr: 0.00025
2025-09-24 21:49:49,814: epoch: [5/200] acc1: 45.3926 acc5: 72.3758 loss: 2.2463 min_lr: 3.555813416295853e-05 max_lr: 0.00024998379434330045
2025-09-24 21:50:51,309: epoch: [6/200] acc1: 51.7027 acc5: 74.6194 loss: 2.1119 min_lr: 3.555121939799935e-05 max_lr: 0.00024993518157938083
2025-09-24 21:51:52,525: epoch: [7/200] acc1: 51.3822 acc5: 77.1034 loss: 2.0770 min_lr: 3.553969678389314e-05 max_lr: 0.0002498541743256868
2025-09-24 21:52:53,845: epoch: [8/200] acc1: 47.6963 acc5: 69.3710 loss: 1.9429 min_lr: 3.5523569311335046e-05 max_lr: 0.00024974079360765575
2025-09-24 21:53:55,108: epoch: [9/200] acc1: 53.3654 acc5: 78.2853 loss: 1.9451 min_lr: 3.550284116621148e-05 max_lr: 0.0002495950688532595
2025-09-24 21:54:14,757: [val] epoch: [9/200] acc1: 94.4600 acc5: 99.7800 loss: 0.4421
2025-09-24 21:54:18,105: Saved checkpoint to MoE/AID/checkpoint-10
2025-09-24 21:55:19,428: epoch: [10/200] acc1: 55.4888 acc5: 81.3702 loss: 1.9690 min_lr: 3.547751772851371e-05 max_lr: 0.0002494170378853664
2025-09-24 21:56:20,763: epoch: [11/200] acc1: 53.8662 acc5: 76.8429 loss: 1.8808 min_lr: 3.544760557094144e-05 max_lr: 0.00024920674691192437
2025-09-24 21:57:22,148: epoch: [12/200] acc1: 57.2516 acc5: 79.1066 loss: 1.8629 min_lr: 3.5413112457196876e-05 max_lr: 0.00024896425051396754
2025-09-24 21:58:23,608: epoch: [13/200] acc1: 53.0649 acc5: 78.1250 loss: 1.8810 min_lr: 3.537404733996966e-05 max_lr: 0.00024868961163145004
2025-09-24 21:59:24,883: epoch: [14/200] acc1: 49.3389 acc5: 72.9567 loss: 1.8767 min_lr: 3.5330420358613216e-05 max_lr: 0.00024838290154690935
2025-09-24 22:00:26,296: epoch: [15/200] acc1: 51.5625 acc5: 77.5841 loss: 1.8699 min_lr: 3.528224283651305e-05 max_lr: 0.00024804419986696564
2025-09-24 22:01:27,846: epoch: [16/200] acc1: 53.5457 acc5: 77.5641 loss: 1.8643 min_lr: 3.522952727814778e-05 max_lr: 0.00024767359450165923
2025-09-24 22:02:29,207: epoch: [17/200] acc1: 57.9928 acc5: 82.8926 loss: 1.8477 min_lr: 3.517228736584359e-05 max_lr: 0.000247271181641634
2025-09-24 22:03:30,581: epoch: [18/200] acc1: 56.8910 acc5: 81.1498 loss: 1.8239 min_lr: 3.5110537956223006e-05 max_lr: 0.00024683706573317066
2025-09-24 22:04:31,959: epoch: [19/200] acc1: 57.0913 acc5: 80.1082 loss: 1.7655 min_lr: 3.5044295076348825e-05 max_lr: 0.0002463713594510782
2025-09-24 22:04:51,613: [val] epoch: [19/200] acc1: 95.8400 acc5: 99.7600 loss: 0.3402
2025-09-24 22:05:11,524: Saved checkpoint to MoE/AID/checkpoint-20
2025-09-24 22:06:12,621: epoch: [20/200] acc1: 59.0545 acc5: 83.1330 loss: 1.8180 min_lr: 3.4973575919564316e-05 max_lr: 0.0002458741836694489
2025-09-24 22:07:13,941: epoch: [21/200] acc1: 55.9896 acc5: 79.8678 loss: 1.8119 min_lr: 3.4898398841030654e-05 max_lr: 0.0002453456674302851
2025-09-24 22:08:15,282: epoch: [22/200] acc1: 57.1715 acc5: 80.8494 loss: 1.8154 min_lr: 3.4818783352962905e-05 max_lr: 0.00024478594791000713
2025-09-24 22:09:16,743: epoch: [23/200] acc1: 53.1450 acc5: 78.8462 loss: 1.7728 min_lr: 3.473475011956553e-05 max_lr: 0.00024419517038384847
2025-09-24 22:10:18,242: epoch: [24/200] acc1: 49.6995 acc5: 76.7428 loss: 1.8301 min_lr: 3.464632095166908e-05 max_lr: 0.00024357348818814978
2025-09-24 22:11:19,711: epoch: [25/200] acc1: 53.6458 acc5: 81.6106 loss: 1.8285 min_lr: 3.455351880106914e-05 max_lr: 0.00024292106268056067
2025-09-24 22:12:21,151: epoch: [26/200] acc1: 57.7724 acc5: 81.6907 loss: 1.7226 min_lr: 3.445636775456922e-05 max_lr: 0.00024223806319815893
2025-09-24 22:13:22,530: epoch: [27/200] acc1: 59.0144 acc5: 84.0345 loss: 1.6799 min_lr: 3.4354893027729e-05 max_lr: 0.0002415246670134993
2025-09-24 22:14:23,974: epoch: [28/200] acc1: 58.0128 acc5: 83.5136 loss: 1.7346 min_lr: 3.4249120958319624e-05 max_lr: 0.00024078105928860235
2025-09-24 22:15:25,494: epoch: [29/200] acc1: 60.2364 acc5: 83.0128 loss: 1.7924 min_lr: 3.413907899948778e-05 max_lr: 0.00024000743302689568
2025-09-24 22:15:45,318: [val] epoch: [29/200] acc1: 96.6000 acc5: 99.8600 loss: 0.3577
2025-09-24 22:16:05,392: Saved checkpoint to MoE/AID/checkpoint-30
2025-09-24 22:17:06,358: epoch: [30/200] acc1: 58.8742 acc5: 82.8325 loss: 1.7698 min_lr: 3.402479571263017e-05 max_lr: 0.00023920398902311976
2025-09-24 22:18:07,641: epoch: [31/200] acc1: 56.5505 acc5: 81.0897 loss: 1.7302 min_lr: 3.390630075998046e-05 max_lr: 0.00023837093581121187
2025-09-24 22:19:09,101: epoch: [32/200] acc1: 54.5072 acc5: 79.3069 loss: 1.6605 min_lr: 3.378362489691037e-05 max_lr: 0.00023750848961018073
2025-09-24 22:20:10,869: epoch: [33/200] acc1: 57.6723 acc5: 79.8478 loss: 1.6740 min_lr: 3.365679996394721e-05 max_lr: 0.00023661687426798728
2025-09-24 22:21:12,390: epoch: [34/200] acc1: 53.8061 acc5: 79.2668 loss: 1.6803 min_lr: 3.352585887850957e-05 max_lr: 0.0002356963212034446
2025-09-24 22:22:13,787: epoch: [35/200] acc1: 50.8413 acc5: 78.8662 loss: 1.8034 min_lr: 3.339083562636368e-05 max_lr: 0.00023474706934615327
2025-09-24 22:23:15,350: epoch: [36/200] acc1: 61.5385 acc5: 83.9143 loss: 1.6550 min_lr: 3.325176525280236e-05 max_lr: 0.00023376936507448723
2025-09-24 22:24:16,731: epoch: [37/200] acc1: 49.9199 acc5: 78.9263 loss: 1.7342 min_lr: 3.310868385354903e-05 max_lr: 0.00023276346215164614
2025-09-24 22:25:18,253: epoch: [38/200] acc1: 51.7829 acc5: 79.6875 loss: 1.6962 min_lr: 3.296162856538907e-05 max_lr: 0.00023172962165979126
2025-09-24 22:26:19,670: epoch: [39/200] acc1: 52.7043 acc5: 78.8261 loss: 1.7226 min_lr: 3.2810637556530925e-05 max_lr: 0.00023066811193228138
2025-09-24 22:26:39,810: [val] epoch: [39/200] acc1: 96.6000 acc5: 99.9000 loss: 0.3457
2025-09-24 22:27:00,132: Saved checkpoint to MoE/AID/checkpoint-40
2025-09-24 22:28:01,011: epoch: [40/200] acc1: 49.0785 acc5: 77.9848 loss: 1.7760 min_lr: 3.265575001669959e-05 max_lr: 0.00022957920848402704
2025-09-24 22:29:02,243: epoch: [41/200] acc1: 61.8389 acc5: 86.7989 loss: 1.6360 min_lr: 3.249700614696491e-05 max_lr: 0.00022846319393998068
2025-09-24 22:30:03,523: epoch: [42/200] acc1: 57.7324 acc5: 83.7340 loss: 1.7272 min_lr: 3.2334447149307347e-05 max_lr: 0.00022732035796178097
2025-09-24 22:31:04,936: epoch: [43/200] acc1: 49.8197 acc5: 79.5272 loss: 1.6547 min_lr: 3.216811521592406e-05 max_lr: 0.00022615099717257156
2025-09-24 22:32:06,180: epoch: [44/200] acc1: 58.5337 acc5: 80.9495 loss: 1.5721 min_lr: 3.199805351827788e-05 max_lr: 0.0002249554150800122
2025-09-24 22:33:07,502: epoch: [45/200] acc1: 56.2901 acc5: 80.3085 loss: 1.6492 min_lr: 3.182430619589216e-05 max_lr: 0.0002237339219975035
2025-09-24 22:34:08,832: epoch: [46/200] acc1: 54.6474 acc5: 80.7692 loss: 1.6997 min_lr: 3.1646918344894373e-05 max_lr: 0.0002224868349636449
2025-09-24 22:35:10,268: epoch: [47/200] acc1: 57.4720 acc5: 83.5337 loss: 1.6854 min_lr: 3.146593600631141e-05 max_lr: 0.00022121447765994747
2025-09-24 22:36:11,542: epoch: [48/200] acc1: 60.7572 acc5: 84.9960 loss: 1.6124 min_lr: 3.128140615411961e-05 max_lr: 0.00021991718032682224
2025-09-24 22:37:12,908: epoch: [49/200] acc1: 61.2580 acc5: 86.9391 loss: 1.6577 min_lr: 3.109337668305266e-05 max_lr: 0.00021859527967786624
2025-09-24 22:37:32,745: [val] epoch: [49/200] acc1: 97.1200 acc5: 99.8800 loss: 0.2901
2025-09-24 22:37:36,106: Saved checkpoint to MoE/AID/checkpoint-50
2025-09-24 22:38:37,299: epoch: [50/200] acc1: 59.8958 acc5: 85.3766 loss: 1.6607 min_lr: 3.090189639617056e-05 max_lr: 0.00021724911881246866
2025-09-24 22:39:38,705: epoch: [51/200] acc1: 59.4151 acc5: 83.7340 loss: 1.6470 min_lr: 3.070701499219272e-05 max_lr: 0.00021587904712675913
2025-09-24 22:40:40,180: epoch: [52/200] acc1: 62.2997 acc5: 84.8357 loss: 1.5788 min_lr: 3.05087830525987e-05 max_lr: 0.00021448542022292215
2025-09-24 22:41:41,537: epoch: [53/200] acc1: 57.7925 acc5: 86.0377 loss: 1.6868 min_lr: 3.0307252028499778e-05 max_lr: 0.00021306859981690035
2025-09-24 22:42:42,770: epoch: [54/200] acc1: 59.5753 acc5: 85.2764 loss: 1.6410 min_lr: 3.0102474227284785e-05 max_lr: 0.00021162895364451123
2025-09-24 22:43:44,281: epoch: [55/200] acc1: 63.5617 acc5: 87.7404 loss: 1.5745 min_lr: 2.989450279904376e-05 max_lr: 0.0002101668553660013
2025-09-24 22:44:45,790: epoch: [56/200] acc1: 63.5617 acc5: 88.0008 loss: 1.6244 min_lr: 2.9683391722772807e-05 max_lr: 0.00020868268446906245
2025-09-24 22:45:47,092: epoch: [57/200] acc1: 55.3686 acc5: 81.7508 loss: 1.6191 min_lr: 2.9469195792363857e-05 max_lr: 0.0002071768261703359
2025-09-24 22:46:48,390: epoch: [58/200] acc1: 60.6370 acc5: 86.1579 loss: 1.6192 min_lr: 2.925197060238291e-05 max_lr: 0.0002056496713154293
2025-09-24 22:47:49,753: epoch: [59/200] acc1: 61.3982 acc5: 84.2548 loss: 1.5785 min_lr: 2.903177253364046e-05 max_lr: 0.00020410161627747273
2025-09-24 22:48:09,503: [val] epoch: [59/200] acc1: 97.1800 acc5: 99.9000 loss: 0.2837
2025-09-24 22:48:30,604: Saved checkpoint to MoE/AID/checkpoint-60
2025-09-24 22:49:31,417: epoch: [60/200] acc1: 61.5986 acc5: 84.9159 loss: 1.5453 min_lr: 2.880865873855787e-05 max_lr: 0.00020253306285423993
2025-09-24 22:50:32,485: epoch: [61/200] acc1: 65.1042 acc5: 87.5200 loss: 1.5533 min_lr: 2.8582687126333403e-05 max_lr: 0.00020094441816386158
2025-09-24 22:51:33,817: epoch: [62/200] acc1: 59.3149 acc5: 83.9744 loss: 1.5624 min_lr: 2.8353916347911963e-05 max_lr: 0.0001993360945391581
2025-09-24 22:52:35,243: epoch: [63/200] acc1: 54.8678 acc5: 81.1899 loss: 1.5094 min_lr: 2.8122405780762188e-05 max_lr: 0.00019770850942061837
2025-09-24 22:53:36,752: epoch: [64/200] acc1: 59.5954 acc5: 83.0729 loss: 1.5447 min_lr: 2.788821551346503e-05 max_lr: 0.00019606208524805308
2025-09-24 22:54:38,098: epoch: [65/200] acc1: 55.0481 acc5: 81.3502 loss: 1.5588 min_lr: 2.765140633011778e-05 max_lr: 0.00019439724935095047
2025-09-24 22:55:39,471: epoch: [66/200] acc1: 57.1915 acc5: 84.3750 loss: 1.5612 min_lr: 2.7412039694557528e-05 max_lr: 0.00019271443383756293
2025-09-24 22:56:41,006: epoch: [67/200] acc1: 59.2748 acc5: 83.2131 loss: 1.5702 min_lr: 2.7170177734408238e-05 max_lr: 0.0001910140754827533
2025-09-24 22:57:42,394: epoch: [68/200] acc1: 58.4335 acc5: 85.3165 loss: 1.6148 min_lr: 2.6925883224955518e-05 max_lr: 0.00018929661561463
2025-09-24 22:58:43,809: epoch: [69/200] acc1: 58.5337 acc5: 83.3133 loss: 1.5571 min_lr: 2.6679219572853274e-05 max_lr: 0.00018756249999999999
2025-09-24 22:59:03,529: [val] epoch: [69/200] acc1: 97.2200 acc5: 99.7800 loss: 0.3017
2025-09-24 22:59:06,937: Saved checkpoint to MoE/AID/checkpoint-70
2025-09-24 23:00:08,566: epoch: [70/200] acc1: 62.2596 acc5: 85.4167 loss: 1.5693 min_lr: 2.6430250799666536e-05 max_lr: 0.00018581217872867042
2025-09-24 23:01:09,932: epoch: [71/200] acc1: 59.8157 acc5: 85.0160 loss: 1.5573 min_lr: 2.6179041525254638e-05 max_lr: 0.00018404610609662743
2025-09-24 23:02:11,327: epoch: [72/200] acc1: 64.0024 acc5: 86.8790 loss: 1.5184 min_lr: 2.5925656950999145e-05 max_lr: 0.00018226474048812388
2025-09-24 23:03:12,703: epoch: [73/200] acc1: 58.6939 acc5: 85.2564 loss: 1.5540 min_lr: 2.5670162842880795e-05 max_lr: 0.00018046854425670528
2025-09-24 23:04:14,145: epoch: [74/200] acc1: 58.0128 acc5: 86.5385 loss: 1.5411 min_lr: 2.5412625514409976e-05 max_lr: 0.00017865798360520638
2025-09-24 23:05:15,599: epoch: [75/200] acc1: 66.3662 acc5: 87.3197 loss: 1.4910 min_lr: 2.5153111809415057e-05 max_lr: 0.000176833528464748
2025-09-24 23:06:17,050: epoch: [76/200] acc1: 62.6202 acc5: 85.7372 loss: 1.5502 min_lr: 2.4891689084693006e-05 max_lr: 0.00017499565237276621
2025-09-24 23:07:18,393: epoch: [77/200] acc1: 59.6354 acc5: 87.2196 loss: 1.5497 min_lr: 2.4628425192527012e-05 max_lr: 0.00017314483235010604
2025-09-24 23:08:19,909: epoch: [78/200] acc1: 58.4335 acc5: 86.2981 loss: 1.5388 min_lr: 2.4363388463075333e-05 max_lr: 0.00017128154877721013
2025-09-24 23:09:21,295: epoch: [79/200] acc1: 63.6819 acc5: 88.7821 loss: 1.5299 min_lr: 2.409664768663629e-05 max_lr: 0.00016940628526943664
2025-09-24 23:09:41,101: [val] epoch: [79/200] acc1: 97.3800 acc5: 99.8400 loss: 0.2625
2025-09-24 23:09:44,510: Saved checkpoint to MoE/AID/checkpoint-80
2025-09-24 23:10:45,935: epoch: [80/200] acc1: 63.1410 acc5: 84.9960 loss: 1.4961 min_lr: 2.3828272095793677e-05 max_lr: 0.00016751952855153634
2025-09-24 23:11:47,240: epoch: [81/200] acc1: 60.1763 acc5: 85.0160 loss: 1.4851 min_lr: 2.3558331347447456e-05 max_lr: 0.0001656217683313234
2025-09-24 23:12:48,784: epoch: [82/200] acc1: 62.7604 acc5: 88.4415 loss: 1.5149 min_lr: 2.3286895504734318e-05 max_lr: 0.00016371349717257157
2025-09-24 23:13:49,989: epoch: [83/200] acc1: 58.5737 acc5: 82.0312 loss: 1.4882 min_lr: 2.301403501884278e-05 max_lr: 0.0001617952103671694
2025-09-24 23:14:51,195: epoch: [84/200] acc1: 65.5449 acc5: 89.4832 loss: 1.4830 min_lr: 2.2739820710727572e-05 max_lr: 0.00015986740580656704
2025-09-24 23:15:52,641: epoch: [85/200] acc1: 63.8021 acc5: 86.1979 loss: 1.5181 min_lr: 2.246432375272807e-05 max_lr: 0.00015793058385254856
2025-09-24 23:16:53,887: epoch: [86/200] acc1: 60.6571 acc5: 86.9992 loss: 1.4947 min_lr: 2.218761565009549e-05 max_lr: 0.00015598524720736298
2025-09-24 23:17:55,273: epoch: [87/200] acc1: 59.7556 acc5: 86.8389 loss: 1.4695 min_lr: 2.190976822243372e-05 max_lr: 0.00015403190078324802
2025-09-24 23:18:56,552: epoch: [88/200] acc1: 63.4415 acc5: 88.5016 loss: 1.5241 min_lr: 2.1630853585058506e-05 max_lr: 0.00015207105157137983
2025-09-24 23:19:57,921: epoch: [89/200] acc1: 64.8838 acc5: 89.0425 loss: 1.5062 min_lr: 2.1350944130279952e-05 max_lr: 0.00015010320851028357
2025-09-24 23:20:17,650: [val] epoch: [89/200] acc1: 97.4400 acc5: 99.8800 loss: 0.2784
2025-09-24 23:20:20,987: Saved checkpoint to MoE/AID/checkpoint-90
2025-09-24 23:21:22,255: epoch: [90/200] acc1: 67.7284 acc5: 90.3045 loss: 1.4836 min_lr: 2.107011250861307e-05 max_lr: 0.00014812888235373844
2025-09-24 23:22:23,679: epoch: [91/200] acc1: 65.0441 acc5: 88.0208 loss: 1.4872 min_lr: 2.0788431609921338e-05 max_lr: 0.00014614858553821142
2025-09-24 23:23:25,062: epoch: [92/200] acc1: 64.8638 acc5: 85.9175 loss: 1.4677 min_lr: 2.050597454449815e-05 max_lr: 0.0001441628320498544
2025-09-24 23:24:26,454: epoch: [93/200] acc1: 63.7620 acc5: 86.8389 loss: 1.4896 min_lr: 2.0222814624091e-05 max_lr: 0.00014217213729109888
2025-09-24 23:25:27,790: epoch: [94/200] acc1: 58.5537 acc5: 85.9375 loss: 1.4913 min_lr: 1.993902534287343e-05 max_lr: 0.00014017701794688344
2025-09-24 23:26:29,361: epoch: [95/200] acc1: 59.9760 acc5: 85.4567 loss: 1.4970 min_lr: 1.9654680358369647e-05 max_lr: 0.00013817799185054824
2025-09-24 23:27:30,844: epoch: [96/200] acc1: 59.1346 acc5: 86.5785 loss: 1.4906 min_lr: 1.936985347233664e-05 max_lr: 0.0001361755778494309
2025-09-24 23:28:32,382: epoch: [97/200] acc1: 62.6402 acc5: 85.9776 loss: 1.5423 min_lr: 1.9084618611609e-05 max_lr: 0.0001341702956702001
2025-09-24 23:29:34,011: epoch: [98/200] acc1: 53.8462 acc5: 84.2147 loss: 1.4894 min_lr: 1.8799049808911147e-05 max_lr: 0.00013216266578396023
2025-09-24 23:30:35,286: epoch: [99/200] acc1: 65.8053 acc5: 89.0224 loss: 1.4644 min_lr: 1.851322118364218e-05 max_lr: 0.00013015320927116324
2025-09-24 23:30:55,074: [val] epoch: [99/200] acc1: 97.7000 acc5: 99.8800 loss: 0.2647
2025-09-24 23:31:16,045: Saved checkpoint to MoE/AID/checkpoint-100
2025-09-24 23:32:17,113: epoch: [100/200] acc1: 60.5369 acc5: 85.2164 loss: 1.4429 min_lr: 1.822720692263814e-05 max_lr: 0.00012814244768636203
2025-09-24 23:33:18,411: epoch: [101/200] acc1: 63.0409 acc5: 87.6202 loss: 1.4795 min_lr: 1.7941081260916856e-05 max_lr: 0.00012613090292284108
2025-09-24 23:34:19,653: epoch: [102/200] acc1: 61.5184 acc5: 90.2244 loss: 1.5389 min_lr: 1.765491846241021e-05 max_lr: 0.00012411909707715896
2025-09-24 23:35:21,172: epoch: [103/200] acc1: 58.8742 acc5: 85.1563 loss: 1.4435 min_lr: 1.7368792800688926e-05 max_lr: 0.000122107552313638
2025-09-24 23:36:22,574: epoch: [104/200] acc1: 64.3229 acc5: 88.1611 loss: 1.4354 min_lr: 1.708277853968489e-05 max_lr: 0.00012009679072883682
2025-09-24 23:37:24,075: epoch: [105/200] acc1: 60.2764 acc5: 86.8189 loss: 1.4353 min_lr: 1.6796949914415908e-05 max_lr: 0.00011808733421603975
2025-09-24 23:38:25,423: epoch: [106/200] acc1: 59.5353 acc5: 89.0425 loss: 1.4559 min_lr: 1.6511381111718063e-05 max_lr: 0.00011607970432979993
2025-09-24 23:39:26,834: epoch: [107/200] acc1: 60.2965 acc5: 86.9191 loss: 1.4575 min_lr: 1.622614625099042e-05 max_lr: 0.00011407442215056912
2025-09-24 23:40:28,279: epoch: [108/200] acc1: 67.6683 acc5: 91.6667 loss: 1.4638 min_lr: 1.594131936495742e-05 max_lr: 0.0001120720081494518
2025-09-24 23:41:29,690: epoch: [109/200] acc1: 65.5048 acc5: 89.8838 loss: 1.4657 min_lr: 1.5656974380453632e-05 max_lr: 0.00011007298205311656
2025-09-24 23:41:49,559: [val] epoch: [109/200] acc1: 97.8800 acc5: 99.9200 loss: 0.2517
2025-09-24 23:42:12,162: Saved checkpoint to MoE/AID/checkpoint-110
2025-09-24 23:43:13,324: epoch: [110/200] acc1: 65.9455 acc5: 91.0457 loss: 1.4667 min_lr: 1.537318509923607e-05 max_lr: 0.00010807786270890117
2025-09-24 23:44:14,596: epoch: [111/200] acc1: 68.2692 acc5: 89.5633 loss: 1.4022 min_lr: 1.5090025178828909e-05 max_lr: 0.00010608716795014561
2025-09-24 23:45:16,072: epoch: [112/200] acc1: 58.3734 acc5: 85.1362 loss: 1.4190 min_lr: 1.4807568113405719e-05 max_lr: 0.00010410141446178856
2025-09-24 23:46:17,474: epoch: [113/200] acc1: 61.9591 acc5: 88.4615 loss: 1.4583 min_lr: 1.4525887214713994e-05 max_lr: 0.00010212111764626157
2025-09-24 23:47:18,814: epoch: [114/200] acc1: 61.9391 acc5: 89.6034 loss: 1.4478 min_lr: 1.4245055593047115e-05 max_lr: 0.00010014679148971647
2025-09-24 23:48:20,209: epoch: [115/200] acc1: 56.3502 acc5: 84.2949 loss: 1.3946 min_lr: 1.3965146138268561e-05 max_lr: 9.817894842862022e-05
2025-09-24 23:49:21,661: epoch: [116/200] acc1: 63.6418 acc5: 88.2212 loss: 1.4545 min_lr: 1.3686231500893348e-05 max_lr: 9.621809921675201e-05
2025-09-24 23:50:23,079: epoch: [117/200] acc1: 63.3213 acc5: 85.8774 loss: 1.3788 min_lr: 1.3408384073231572e-05 max_lr: 9.4264752792637e-05
2025-09-24 23:51:24,519: epoch: [118/200] acc1: 61.8389 acc5: 88.3814 loss: 1.4749 min_lr: 1.3131675970598993e-05 max_lr: 9.231941614745145e-05
2025-09-24 23:52:25,784: epoch: [119/200] acc1: 59.0745 acc5: 86.3782 loss: 1.4354 min_lr: 1.285617901259949e-05 max_lr: 9.038259419343297e-05
2025-09-24 23:52:45,554: [val] epoch: [119/200] acc1: 97.9400 acc5: 99.8800 loss: 0.2450
2025-09-24 23:53:06,402: Saved checkpoint to MoE/AID/checkpoint-120
2025-09-24 23:54:07,387: epoch: [120/200] acc1: 61.5585 acc5: 87.6803 loss: 1.4324 min_lr: 1.2581964704484286e-05 max_lr: 8.845478963283063e-05
2025-09-24 23:55:08,642: epoch: [121/200] acc1: 62.0593 acc5: 87.4800 loss: 1.4526 min_lr: 1.2309104218592745e-05 max_lr: 8.653650282742844e-05
2025-09-24 23:56:10,056: epoch: [122/200] acc1: 62.7604 acc5: 89.0224 loss: 1.4632 min_lr: 1.2037668375879607e-05 max_lr: 8.462823166867662e-05
2025-09-24 23:57:11,494: epoch: [123/200] acc1: 68.3694 acc5: 90.4647 loss: 1.4018 min_lr: 1.1767727627533385e-05 max_lr: 8.273047144846366e-05
2025-09-24 23:58:13,032: epoch: [124/200] acc1: 53.8261 acc5: 84.0345 loss: 1.4460 min_lr: 1.149935203669077e-05 max_lr: 8.084371473056336e-05
2025-09-24 23:59:14,448: epoch: [125/200] acc1: 59.3349 acc5: 88.4415 loss: 1.4310 min_lr: 1.1232611260251727e-05 max_lr: 7.896845122278987e-05
2025-09-25 00:00:15,795: epoch: [126/200] acc1: 60.4167 acc5: 89.7436 loss: 1.4825 min_lr: 1.0967574530800056e-05 max_lr: 7.710516764989402e-05
2025-09-25 00:01:17,156: epoch: [127/200] acc1: 65.3846 acc5: 90.3045 loss: 1.4578 min_lr: 1.0704310638634056e-05 max_lr: 7.52543476272338e-05
2025-09-25 00:02:18,515: epoch: [128/200] acc1: 65.7853 acc5: 88.4615 loss: 1.3941 min_lr: 1.044288791391201e-05 max_lr: 7.341647153525204e-05
2025-09-25 00:03:19,840: epoch: [129/200] acc1: 62.6603 acc5: 87.3197 loss: 1.3719 min_lr: 1.018337420891708e-05 max_lr: 7.159201639479359e-05
2025-09-25 00:03:39,492: [val] epoch: [129/200] acc1: 98.1000 acc5: 99.9200 loss: 0.2356
2025-09-25 00:03:42,953: Saved checkpoint to MoE/AID/checkpoint-130
2025-09-25 00:04:44,096: epoch: [130/200] acc1: 62.4800 acc5: 90.5449 loss: 1.4354 min_lr: 9.925836880446272e-06 max_lr: 6.978145574329475e-05
2025-09-25 00:05:45,476: epoch: [131/200] acc1: 61.6186 acc5: 89.0825 loss: 1.3741 min_lr: 9.670342772327919e-06 max_lr: 6.798525951187615e-05
2025-09-25 00:06:46,814: epoch: [132/200] acc1: 67.5881 acc5: 91.5465 loss: 1.4100 min_lr: 9.416958198072422e-06 max_lr: 6.620389390337256e-05
2025-09-25 00:07:48,383: epoch: [133/200] acc1: 59.4952 acc5: 86.0377 loss: 1.4108 min_lr: 9.165748923660522e-06 max_lr: 6.443782127132957e-05
2025-09-25 00:08:49,721: epoch: [134/200] acc1: 63.2212 acc5: 91.5865 loss: 1.4334 min_lr: 8.91678015047379e-06 max_lr: 6.268750000000003e-05
2025-09-25 00:09:51,135: epoch: [135/200] acc1: 64.2829 acc5: 90.8454 loss: 1.3705 min_lr: 8.670116498371546e-06 max_lr: 6.095338438537002e-05
2025-09-25 00:10:52,629: epoch: [136/200] acc1: 55.9896 acc5: 85.6971 loss: 1.4490 min_lr: 8.42582198891882e-06 max_lr: 5.923592451724666e-05
2025-09-25 00:11:54,118: epoch: [137/200] acc1: 61.7388 acc5: 89.6835 loss: 1.4272 min_lr: 8.183960028769536e-06 max_lr: 5.753556616243708e-05
2025-09-25 00:12:55,638: epoch: [138/200] acc1: 63.3614 acc5: 90.4247 loss: 1.4154 min_lr: 7.94459339320928e-06 max_lr: 5.585275064904953e-05
2025-09-25 00:13:57,064: epoch: [139/200] acc1: 59.2348 acc5: 89.4631 loss: 1.4564 min_lr: 7.707784209862032e-06 max_lr: 5.4187914751946934e-05
2025-09-25 00:14:16,884: [val] epoch: [139/200] acc1: 98.2800 acc5: 99.9400 loss: 0.2503
2025-09-25 00:14:20,255: Saved checkpoint to MoE/AID/checkpoint-140
2025-09-25 00:15:21,564: epoch: [140/200] acc1: 64.0224 acc5: 92.5481 loss: 1.4217 min_lr: 7.47359394256488e-06 max_lr: 5.254149057938167e-05
2025-09-25 00:16:22,937: epoch: [141/200] acc1: 54.9479 acc5: 83.8341 loss: 1.3995 min_lr: 7.2420833754151e-06 max_lr: 5.0913905460841916e-05
2025-09-25 00:17:24,160: epoch: [142/200] acc1: 63.4816 acc5: 90.2444 loss: 1.3983 min_lr: 7.013312596993662e-06 max_lr: 4.930558183613844e-05
2025-09-25 00:18:25,542: epoch: [143/200] acc1: 59.4752 acc5: 88.0609 loss: 1.4085 min_lr: 6.7873409847691955e-06 max_lr: 4.77169371457601e-05
2025-09-25 00:19:26,899: epoch: [144/200] acc1: 58.8742 acc5: 87.0994 loss: 1.4453 min_lr: 6.5642271896866015e-06 max_lr: 4.6148383722527277e-05
2025-09-25 00:20:28,504: epoch: [145/200] acc1: 58.7540 acc5: 89.6034 loss: 1.3885 min_lr: 6.344029120944158e-06 max_lr: 4.460032868457073e-05
2025-09-25 00:21:29,681: epoch: [146/200] acc1: 63.5417 acc5: 88.9022 loss: 1.3158 min_lr: 6.1268039309632095e-06 max_lr: 4.307317382966414e-05
2025-09-25 00:22:30,961: epoch: [147/200] acc1: 58.3333 acc5: 87.9207 loss: 1.4089 min_lr: 5.912608000554263e-06 max_lr: 4.1567315530937624e-05
2025-09-25 00:23:32,381: epoch: [148/200] acc1: 63.5617 acc5: 88.9223 loss: 1.3900 min_lr: 5.7014969242833e-06 max_lr: 4.008314463399869e-05
2025-09-25 00:24:33,867: epoch: [149/200] acc1: 63.4014 acc5: 91.7268 loss: 1.4184 min_lr: 5.493525496042278e-06 max_lr: 3.862104635548878e-05
2025-09-25 00:24:53,685: [val] epoch: [149/200] acc1: 98.1400 acc5: 99.9400 loss: 0.2319
2025-09-25 00:25:55,121: epoch: [150/200] acc1: 59.8558 acc5: 88.0609 loss: 1.3961 min_lr: 5.2887476948272914e-06 max_lr: 3.71814001830997e-05
2025-09-25 00:26:56,504: epoch: [151/200] acc1: 68.0288 acc5: 90.7252 loss: 1.3986 min_lr: 5.087216670728364e-06 max_lr: 3.5764579777077894e-05
2025-09-25 00:27:57,960: epoch: [152/200] acc1: 60.5369 acc5: 87.2796 loss: 1.3916 min_lr: 4.888984731134348e-06 max_lr: 3.43709528732409e-05
2025-09-25 00:28:59,687: epoch: [153/200] acc1: 62.2596 acc5: 88.6218 loss: 1.3743 min_lr: 4.694103327156505e-06 max_lr: 3.300088118753135e-05
2025-09-25 00:30:01,093: epoch: [154/200] acc1: 61.7188 acc5: 88.0208 loss: 1.3399 min_lr: 4.5026230402743985e-06 max_lr: 3.165472032213374e-05
2025-09-25 00:31:02,530: epoch: [155/200] acc1: 55.2684 acc5: 87.9808 loss: 1.3750 min_lr: 4.314593569207457e-06 max_lr: 3.033281967317779e-05
2025-09-25 00:32:03,934: epoch: [156/200] acc1: 53.7260 acc5: 85.0761 loss: 1.3509 min_lr: 4.13006371701565e-06 max_lr: 2.9035522340052524e-05
2025-09-25 00:33:05,407: epoch: [157/200] acc1: 61.1178 acc5: 89.1827 loss: 1.3701 min_lr: 3.949081378432689e-06 max_lr: 2.776316503635512e-05
2025-09-25 00:34:06,869: epoch: [158/200] acc1: 65.0441 acc5: 90.5849 loss: 1.3950 min_lr: 3.771693527434904e-06 max_lr: 2.6516078002496516e-05
2025-09-25 00:35:08,345: epoch: [159/200] acc1: 61.7188 acc5: 89.2228 loss: 1.3679 min_lr: 3.5979462050491877e-06 max_lr: 2.5294584919987817e-05
2025-09-25 00:35:28,202: [val] epoch: [159/200] acc1: 98.1200 acc5: 99.9000 loss: 0.2389
2025-09-25 00:36:29,827: epoch: [160/200] acc1: 61.4583 acc5: 87.7604 loss: 1.3757 min_lr: 3.427884507403002e-06 max_lr: 2.409900282742845e-05
2025-09-25 00:37:31,376: epoch: [161/200] acc1: 66.0657 acc5: 91.4263 loss: 1.3661 min_lr: 3.261552574019711e-06 max_lr: 2.2929642038219014e-05
2025-09-25 00:38:32,826: epoch: [162/200] acc1: 68.6899 acc5: 93.2893 loss: 1.2930 min_lr: 3.0989935763621526e-06 max_lr: 2.178680606001934e-05
2025-09-25 00:39:34,210: epoch: [163/200] acc1: 58.7340 acc5: 86.8790 loss: 1.4143 min_lr: 2.9402497066274684e-06 max_lr: 2.0670791515972936e-05
2025-09-25 00:40:35,638: epoch: [164/200] acc1: 63.2612 acc5: 86.8389 loss: 1.3505 min_lr: 2.7853621667961417e-06 max_lr: 1.9581888067718648e-05
2025-09-25 00:41:36,984: epoch: [165/200] acc1: 64.5232 acc5: 93.8902 loss: 1.4068 min_lr: 2.6343711579379996e-06 max_lr: 1.8520378340208787e-05
2025-09-25 00:42:38,218: epoch: [166/200] acc1: 61.5585 acc5: 90.6851 loss: 1.3892 min_lr: 2.4873158697780287e-06 max_lr: 1.7486537848353845e-05
2025-09-25 00:43:39,640: epoch: [167/200] acc1: 69.3309 acc5: 91.7668 loss: 1.3710 min_lr: 2.344234470524705e-06 max_lr: 1.6480634925512785e-05
2025-09-25 00:44:40,920: epoch: [168/200] acc1: 60.6771 acc5: 90.5449 loss: 1.3908 min_lr: 2.205164096963383e-06 max_lr: 1.5502930653846723e-05
2025-09-25 00:45:42,255: epoch: [169/200] acc1: 62.6603 acc5: 89.2829 loss: 1.3779 min_lr: 2.070140844817494e-06 max_lr: 1.4553678796555427e-05
2025-09-25 00:46:02,084: [val] epoch: [169/200] acc1: 98.1400 acc5: 99.9200 loss: 0.2361
2025-09-25 00:47:03,233: epoch: [170/200] acc1: 50.1002 acc5: 84.4952 loss: 1.3701 min_lr: 1.939199759379854e-06 max_lr: 1.3633125732012739e-05
2025-09-25 00:48:04,594: epoch: [171/200] acc1: 65.7652 acc5: 91.1058 loss: 1.2954 min_lr: 1.812374826416686e-06 max_lr: 1.2741510389819272e-05
2025-09-25 00:49:05,871: epoch: [172/200] acc1: 64.6835 acc5: 92.5481 loss: 1.4006 min_lr: 1.689698963346602e-06 max_lr: 1.1879064188788143e-05
2025-09-25 00:50:07,278: epoch: [173/200] acc1: 66.1058 acc5: 91.0256 loss: 1.4031 min_lr: 1.5712040106968847e-06 max_lr: 1.1046010976880204e-05
2025-09-25 00:51:08,716: epoch: [174/200] acc1: 61.9391 acc5: 89.8237 loss: 1.4002 min_lr: 1.4569207238392825e-06 max_lr: 1.0242566973104324e-05
2025-09-25 00:52:10,215: epoch: [175/200] acc1: 59.4351 acc5: 84.8558 loss: 1.3250 min_lr: 1.346878765007441e-06 max_lr: 9.46894071139768e-06
2025-09-25 00:53:11,595: epoch: [176/200] acc1: 63.5417 acc5: 89.3229 loss: 1.3603 min_lr: 1.2411066955980687e-06 max_lr: 8.725332986500736e-06
2025-09-25 00:54:12,952: epoch: [177/200] acc1: 63.2612 acc5: 87.6803 loss: 1.3283 min_lr: 1.1396319687578427e-06 max_lr: 8.011936801841112e-06
2025-09-25 00:55:14,417: epoch: [178/200] acc1: 70.0521 acc5: 93.5296 loss: 1.3761 min_lr: 1.042480922257916e-06 max_lr: 7.328937319439323e-06
2025-09-25 00:56:15,718: epoch: [179/200] acc1: 65.6250 acc5: 87.8005 loss: 1.2838 min_lr: 9.496787716579815e-07 max_lr: 6.676511811850209e-06
2025-09-25 00:56:35,480: [val] epoch: [179/200] acc1: 98.1600 acc5: 99.9200 loss: 0.2222
2025-09-25 00:57:37,015: epoch: [180/200] acc1: 62.1995 acc5: 90.3045 loss: 1.4106 min_lr: 8.612496037615325e-07 max_lr: 6.054829616151563e-06
2025-09-25 00:58:38,495: epoch: [181/200] acc1: 64.2428 acc5: 86.7788 loss: 1.3083 min_lr: 7.77216370364159e-07 max_lr: 5.4640520899928675e-06
2025-09-25 00:59:40,225: epoch: [182/200] acc1: 65.3646 acc5: 90.7652 loss: 1.3335 min_lr: 6.976008822964041e-07 max_lr: 4.9043325697148895e-06
2025-09-25 01:00:41,862: epoch: [183/200] acc1: 57.4119 acc5: 89.0024 loss: 1.3808 min_lr: 6.224238037627516e-07 max_lr: 4.375816330551145e-06
2025-09-25 01:01:43,449: epoch: [184/200] acc1: 57.3518 acc5: 86.7588 loss: 1.3144 min_lr: 5.517046469782375e-07 max_lr: 3.878640548921755e-06
2025-09-25 01:02:44,898: epoch: [185/200] acc1: 55.8694 acc5: 88.1611 loss: 1.3466 min_lr: 4.854617671040572e-07 max_lr: 3.4129342668293316e-06
2025-09-25 01:03:46,354: epoch: [186/200] acc1: 60.3566 acc5: 87.8005 loss: 1.3678 min_lr: 4.2371235748346936e-07 max_lr: 2.9788183583660144e-06
2025-09-25 01:04:47,861: epoch: [187/200] acc1: 64.4631 acc5: 89.9639 loss: 1.3626 min_lr: 3.66472445179283e-07 max_lr: 2.5764054983407476e-06
2025-09-25 01:05:49,332: epoch: [188/200] acc1: 70.0521 acc5: 94.1306 loss: 1.3339 min_lr: 3.1375688681400904e-07 max_lr: 2.205800133034357e-06
2025-09-25 01:06:50,842: epoch: [189/200] acc1: 68.3293 acc5: 91.3662 loss: 1.3436 min_lr: 2.6557936471384045e-07 max_lr: 1.8670984530906335e-06
2025-09-25 01:07:10,904: [val] epoch: [189/200] acc1: 98.1800 acc5: 99.9400 loss: 0.2264
2025-09-25 01:08:12,696: epoch: [190/200] acc1: 58.8542 acc5: 90.5849 loss: 1.4601 min_lr: 2.219523833573956e-07 max_lr: 1.560388368549991e-06
2025-09-25 01:08:32,508: [val] epoch: [190/200] acc1: 98.1600 acc5: 99.9400 loss: 0.2295
2025-09-25 01:09:34,089: epoch: [191/200] acc1: 60.8974 acc5: 87.8205 loss: 1.3661 min_lr: 1.828872661301846e-07 max_lr: 1.2857494860324413e-06
2025-09-25 01:09:53,855: [val] epoch: [191/200] acc1: 98.2000 acc5: 99.9400 loss: 0.2296
2025-09-25 01:10:55,207: epoch: [192/200] acc1: 61.8790 acc5: 89.0425 loss: 1.3182 min_lr: 1.4839415238562032e-07 max_lr: 1.0432530880756654e-06
2025-09-25 01:11:15,180: [val] epoch: [192/200] acc1: 98.2200 acc5: 99.9400 loss: 0.2280
2025-09-25 01:12:16,858: epoch: [193/200] acc1: 64.4832 acc5: 92.3077 loss: 1.3984 min_lr: 1.1848199481334878e-07 max_lr: 8.329621146336277e-07
2025-09-25 01:12:36,696: [val] epoch: [193/200] acc1: 98.2400 acc5: 99.9400 loss: 0.2282
2025-09-25 01:13:38,061: epoch: [194/200] acc1: 63.3614 acc5: 91.1058 loss: 1.4093 min_lr: 9.315855711558187e-08 max_lr: 6.54931146740535e-07
2025-09-25 01:13:58,048: [val] epoch: [194/200] acc1: 98.1800 acc5: 99.9400 loss: 0.2295
2025-09-25 01:14:59,468: epoch: [195/200] acc1: 63.3013 acc5: 89.6234 loss: 1.3536 min_lr: 7.24304119920213e-08 max_lr: 5.092063923442791e-07
2025-09-25 01:15:19,510: [val] epoch: [195/200] acc1: 98.2000 acc5: 99.9400 loss: 0.2295
2025-09-25 01:16:20,844: epoch: [196/200] acc1: 64.5633 acc5: 88.7821 loss: 1.3424 min_lr: 5.630293943392125e-08 max_lr: 3.958256743132106e-07
2025-09-25 01:16:40,597: [val] epoch: [196/200] acc1: 98.2200 acc5: 99.9400 loss: 0.2292
2025-09-25 01:17:42,124: epoch: [197/200] acc1: 69.4511 acc5: 90.8053 loss: 1.2993 min_lr: 4.4780325327711676e-08 max_lr: 3.148184206192152e-07
2025-09-25 01:18:02,009: [val] epoch: [197/200] acc1: 98.2200 acc5: 99.9400 loss: 0.2289
2025-09-25 01:19:03,397: epoch: [198/200] acc1: 68.2492 acc5: 92.7083 loss: 1.2878 min_lr: 3.786556036853788e-08 max_lr: 2.6620565669958724e-07
2025-09-25 01:19:23,243: [val] epoch: [198/200] acc1: 98.2000 acc5: 99.9400 loss: 0.2285
2025-09-25 01:20:24,636: epoch: [199/200] acc1: 62.0994 acc5: 89.4231 loss: 1.3335 min_lr: 3.5560439284043016e-08 max_lr: 2.5e-07
2025-09-25 01:20:44,544: [val] epoch: [199/200] acc1: 98.1800 acc5: 99.9400 loss: 0.2282
2025-09-25 01:21:04,249: Saved checkpoint to MoE/AID/checkpoint-200
