2025-09-24 20:03:37,865: {
    "model": "MoE",
    "lrd": "moe_lrd",
    "num_classes": 30,
    "dataset": "AID",
    "img_size": 320,
    "batch_size": 64,
    "TR": "28_0.json",
    "data_info": {
        "train_len": 2000,
        "val_len": 8000
    },
    "epochs": 200,
    "lr": 0.00025,
    "blr": 0.001,
    "layer_decay": 0.85,
    "drop_path": 0.1,
    "smoothing": 0.1,
    "mixup": 0.8,
    "cutmix": 1.0
}
2025-09-24 20:03:38,770: missing keys: ['pos_embed_det', 'fc_norm.weight', 'fc_norm.bias', 'head.weight', 'head.bias']
unexpected keys: ['pos_embed']
2025-09-24 20:03:39,417: layer decay optimizer: min_lr: 3.556043928404302e-05 max_lr: 0.00025
2025-09-24 20:04:07,452: epoch: [0/200] acc1: 5.0403 acc5: 21.1190 loss: 3.3972 min_lr: 7.112087856808604e-06 max_lr: 5e-05
2025-09-24 20:04:32,582: epoch: [1/200] acc1: 9.4758 acc5: 37.1976 loss: 3.2770 min_lr: 1.4224175713617208e-05 max_lr: 0.0001
2025-09-24 20:04:57,576: epoch: [2/200] acc1: 15.8770 acc5: 45.2117 loss: 3.1057 min_lr: 2.133626357042581e-05 max_lr: 0.00015
2025-09-24 20:05:22,627: epoch: [3/200] acc1: 25.0000 acc5: 54.1835 loss: 2.8521 min_lr: 2.8448351427234416e-05 max_lr: 0.0002
2025-09-24 20:05:47,684: epoch: [4/200] acc1: 28.4778 acc5: 56.9556 loss: 2.6488 min_lr: 3.556043928404302e-05 max_lr: 0.00025
2025-09-24 20:06:12,779: epoch: [5/200] acc1: 33.1653 acc5: 63.1048 loss: 2.5327 min_lr: 3.555813416295853e-05 max_lr: 0.00024998379434330045
2025-09-24 20:06:37,792: epoch: [6/200] acc1: 34.7278 acc5: 62.1976 loss: 2.4276 min_lr: 3.555121939799935e-05 max_lr: 0.00024993518157938083
2025-09-24 20:07:02,830: epoch: [7/200] acc1: 35.9879 acc5: 60.3327 loss: 2.3643 min_lr: 3.553969678389314e-05 max_lr: 0.0002498541743256868
2025-09-24 20:07:27,936: epoch: [8/200] acc1: 44.7581 acc5: 68.0444 loss: 2.2145 min_lr: 3.5523569311335046e-05 max_lr: 0.00024974079360765575
2025-09-24 20:07:53,280: epoch: [9/200] acc1: 46.0181 acc5: 69.1532 loss: 2.1478 min_lr: 3.550284116621148e-05 max_lr: 0.0002495950688532595
2025-09-24 20:08:24,022: [val] epoch: [9/200] acc1: 89.7500 acc5: 99.2500 loss: 0.6519
2025-09-24 20:08:49,171: epoch: [10/200] acc1: 41.6331 acc5: 66.6331 loss: 2.2308 min_lr: 3.547751772851371e-05 max_lr: 0.0002494170378853664
2025-09-24 20:09:14,498: epoch: [11/200] acc1: 47.8327 acc5: 73.2359 loss: 2.1166 min_lr: 3.544760557094144e-05 max_lr: 0.00024920674691192437
2025-09-24 20:09:39,692: epoch: [12/200] acc1: 48.5383 acc5: 71.1190 loss: 2.0570 min_lr: 3.5413112457196876e-05 max_lr: 0.00024896425051396754
2025-09-24 20:10:04,933: epoch: [13/200] acc1: 43.7500 acc5: 67.5907 loss: 2.1528 min_lr: 3.537404733996966e-05 max_lr: 0.00024868961163145004
2025-09-24 20:10:30,165: epoch: [14/200] acc1: 46.3206 acc5: 70.3629 loss: 2.0897 min_lr: 3.5330420358613216e-05 max_lr: 0.00024838290154690935
2025-09-24 20:10:55,294: epoch: [15/200] acc1: 45.1109 acc5: 69.6573 loss: 1.9568 min_lr: 3.528224283651305e-05 max_lr: 0.00024804419986696564
2025-09-24 20:11:20,565: epoch: [16/200] acc1: 46.4718 acc5: 70.2117 loss: 2.0374 min_lr: 3.522952727814778e-05 max_lr: 0.00024767359450165923
2025-09-24 20:11:45,941: epoch: [17/200] acc1: 43.5484 acc5: 69.9093 loss: 1.9811 min_lr: 3.517228736584359e-05 max_lr: 0.000247271181641634
2025-09-24 20:12:11,251: epoch: [18/200] acc1: 51.5625 acc5: 73.7903 loss: 1.9312 min_lr: 3.5110537956223006e-05 max_lr: 0.00024683706573317066
2025-09-24 20:12:36,368: epoch: [19/200] acc1: 54.4859 acc5: 77.4194 loss: 1.9882 min_lr: 3.5044295076348825e-05 max_lr: 0.0002463713594510782
2025-09-24 20:13:07,525: [val] epoch: [19/200] acc1: 93.1375 acc5: 99.5250 loss: 0.4628
2025-09-24 20:13:11,074: Saved checkpoint to MoE/AID/checkpoint-20
2025-09-24 20:13:36,278: epoch: [20/200] acc1: 52.0161 acc5: 72.7823 loss: 1.9737 min_lr: 3.4973575919564316e-05 max_lr: 0.0002458741836694489
2025-09-24 20:14:01,413: epoch: [21/200] acc1: 47.6310 acc5: 71.3710 loss: 1.8288 min_lr: 3.4898398841030654e-05 max_lr: 0.0002453456674302851
2025-09-24 20:14:26,691: epoch: [22/200] acc1: 52.9738 acc5: 81.8548 loss: 2.0875 min_lr: 3.4818783352962905e-05 max_lr: 0.00024478594791000713
2025-09-24 20:14:52,055: epoch: [23/200] acc1: 53.5282 acc5: 76.7137 loss: 1.9665 min_lr: 3.473475011956553e-05 max_lr: 0.00024419517038384847
2025-09-24 20:15:17,410: epoch: [24/200] acc1: 52.3185 acc5: 75.9577 loss: 1.9591 min_lr: 3.464632095166908e-05 max_lr: 0.00024357348818814978
2025-09-24 20:15:42,955: epoch: [25/200] acc1: 48.0343 acc5: 73.7399 loss: 1.9394 min_lr: 3.455351880106914e-05 max_lr: 0.00024292106268056067
2025-09-24 20:16:08,240: epoch: [26/200] acc1: 51.9153 acc5: 73.4879 loss: 1.8494 min_lr: 3.445636775456922e-05 max_lr: 0.00024223806319815893
2025-09-24 20:16:33,369: epoch: [27/200] acc1: 46.9758 acc5: 73.8407 loss: 2.0254 min_lr: 3.4354893027729e-05 max_lr: 0.0002415246670134993
2025-09-24 20:16:58,679: epoch: [28/200] acc1: 57.1573 acc5: 78.8306 loss: 1.8100 min_lr: 3.4249120958319624e-05 max_lr: 0.00024078105928860235
2025-09-24 20:17:23,929: epoch: [29/200] acc1: 57.7621 acc5: 79.3347 loss: 1.7625 min_lr: 3.413907899948778e-05 max_lr: 0.00024000743302689568
2025-09-24 20:17:55,187: [val] epoch: [29/200] acc1: 93.7625 acc5: 99.5375 loss: 0.4116
2025-09-24 20:17:58,595: Saved checkpoint to MoE/AID/checkpoint-30
2025-09-24 20:18:23,774: epoch: [30/200] acc1: 52.1169 acc5: 81.4012 loss: 2.0406 min_lr: 3.402479571263017e-05 max_lr: 0.00023920398902311976
2025-09-24 20:18:49,365: epoch: [31/200] acc1: 55.8972 acc5: 81.6532 loss: 1.8836 min_lr: 3.390630075998046e-05 max_lr: 0.00023837093581121187
2025-09-24 20:19:14,630: epoch: [32/200] acc1: 56.4516 acc5: 76.5625 loss: 1.6948 min_lr: 3.378362489691037e-05 max_lr: 0.00023750848961018073
2025-09-24 20:19:39,808: epoch: [33/200] acc1: 50.4032 acc5: 74.3448 loss: 1.8173 min_lr: 3.365679996394721e-05 max_lr: 0.00023661687426798728
2025-09-24 20:20:05,057: epoch: [34/200] acc1: 46.2198 acc5: 71.0181 loss: 1.7339 min_lr: 3.352585887850957e-05 max_lr: 0.0002356963212034446
2025-09-24 20:20:30,169: epoch: [35/200] acc1: 46.2702 acc5: 72.9839 loss: 1.8780 min_lr: 3.339083562636368e-05 max_lr: 0.00023474706934615327
2025-09-24 20:20:55,299: epoch: [36/200] acc1: 52.3185 acc5: 76.8649 loss: 1.9321 min_lr: 3.325176525280236e-05 max_lr: 0.00023376936507448723
2025-09-24 20:21:20,540: epoch: [37/200] acc1: 58.0141 acc5: 83.0141 loss: 1.9176 min_lr: 3.310868385354903e-05 max_lr: 0.00023276346215164614
2025-09-24 20:21:45,873: epoch: [38/200] acc1: 58.7198 acc5: 81.3508 loss: 1.7484 min_lr: 3.296162856538907e-05 max_lr: 0.00023172962165979126
2025-09-24 20:22:11,095: epoch: [39/200] acc1: 60.8871 acc5: 82.9133 loss: 1.7153 min_lr: 3.2810637556530925e-05 max_lr: 0.00023066811193228138
2025-09-24 20:22:42,193: [val] epoch: [39/200] acc1: 94.1500 acc5: 99.6000 loss: 0.4001
2025-09-24 20:22:45,585: Saved checkpoint to MoE/AID/checkpoint-40
2025-09-24 20:23:10,740: epoch: [40/200] acc1: 55.0403 acc5: 77.8730 loss: 1.7833 min_lr: 3.265575001669959e-05 max_lr: 0.00022957920848402704
2025-09-24 20:23:35,923: epoch: [41/200] acc1: 50.1512 acc5: 75.0000 loss: 1.8388 min_lr: 3.249700614696491e-05 max_lr: 0.00022846319393998068
2025-09-24 20:24:01,167: epoch: [42/200] acc1: 60.2319 acc5: 82.3085 loss: 1.8175 min_lr: 3.2334447149307347e-05 max_lr: 0.00022732035796178097
2025-09-24 20:24:26,535: epoch: [43/200] acc1: 56.8044 acc5: 79.4859 loss: 1.6803 min_lr: 3.216811521592406e-05 max_lr: 0.00022615099717257156
2025-09-24 20:24:51,809: epoch: [44/200] acc1: 63.3569 acc5: 82.2077 loss: 1.6780 min_lr: 3.199805351827788e-05 max_lr: 0.0002249554150800122
2025-09-24 20:25:17,076: epoch: [45/200] acc1: 53.8306 acc5: 77.2177 loss: 1.7564 min_lr: 3.182430619589216e-05 max_lr: 0.0002237339219975035
2025-09-24 20:25:42,462: epoch: [46/200] acc1: 60.9375 acc5: 81.3004 loss: 1.6796 min_lr: 3.1646918344894373e-05 max_lr: 0.0002224868349636449
2025-09-24 20:26:07,747: epoch: [47/200] acc1: 63.9113 acc5: 84.9798 loss: 1.6038 min_lr: 3.146593600631141e-05 max_lr: 0.00022121447765994747
2025-09-24 20:26:33,049: epoch: [48/200] acc1: 52.1673 acc5: 76.7137 loss: 1.7397 min_lr: 3.128140615411961e-05 max_lr: 0.00021991718032682224
2025-09-24 20:26:58,307: epoch: [49/200] acc1: 60.6351 acc5: 84.9294 loss: 1.7701 min_lr: 3.109337668305266e-05 max_lr: 0.00021859527967786624
2025-09-24 20:27:29,231: [val] epoch: [49/200] acc1: 93.3125 acc5: 99.5250 loss: 0.4189
2025-09-24 20:27:54,570: epoch: [50/200] acc1: 57.4093 acc5: 82.1573 loss: 1.7703 min_lr: 3.090189639617056e-05 max_lr: 0.00021724911881246866
2025-09-24 20:28:19,778: epoch: [51/200] acc1: 55.2419 acc5: 80.2923 loss: 1.8288 min_lr: 3.070701499219272e-05 max_lr: 0.00021587904712675913
2025-09-24 20:28:45,003: epoch: [52/200] acc1: 63.7601 acc5: 83.3669 loss: 1.6053 min_lr: 3.05087830525987e-05 max_lr: 0.00021448542022292215
2025-09-24 20:29:10,337: epoch: [53/200] acc1: 52.0161 acc5: 78.7298 loss: 1.7389 min_lr: 3.0307252028499778e-05 max_lr: 0.00021306859981690035
2025-09-24 20:29:35,563: epoch: [54/200] acc1: 60.6855 acc5: 82.9637 loss: 1.7551 min_lr: 3.0102474227284785e-05 max_lr: 0.00021162895364451123
2025-09-24 20:30:00,759: epoch: [55/200] acc1: 51.0081 acc5: 79.5363 loss: 1.7699 min_lr: 2.989450279904376e-05 max_lr: 0.0002101668553660013
2025-09-24 20:30:25,988: epoch: [56/200] acc1: 56.1996 acc5: 79.4859 loss: 1.7644 min_lr: 2.9683391722772807e-05 max_lr: 0.00020868268446906245
2025-09-24 20:30:51,247: epoch: [57/200] acc1: 44.0524 acc5: 77.6714 loss: 1.7774 min_lr: 2.9469195792363857e-05 max_lr: 0.0002071768261703359
2025-09-24 20:31:16,453: epoch: [58/200] acc1: 64.7177 acc5: 88.1552 loss: 1.6823 min_lr: 2.925197060238291e-05 max_lr: 0.0002056496713154293
2025-09-24 20:31:41,588: epoch: [59/200] acc1: 58.9214 acc5: 82.5101 loss: 1.7740 min_lr: 2.903177253364046e-05 max_lr: 0.00020410161627747273
2025-09-24 20:32:12,471: [val] epoch: [59/200] acc1: 95.5000 acc5: 99.6375 loss: 0.3640
2025-09-24 20:32:16,054: Saved checkpoint to MoE/AID/checkpoint-60
2025-09-24 20:32:41,278: epoch: [60/200] acc1: 63.3065 acc5: 84.4254 loss: 1.7363 min_lr: 2.880865873855787e-05 max_lr: 0.00020253306285423993
2025-09-24 20:33:06,602: epoch: [61/200] acc1: 44.2036 acc5: 71.0685 loss: 1.7278 min_lr: 2.8582687126333403e-05 max_lr: 0.00020094441816386158
2025-09-24 20:33:31,870: epoch: [62/200] acc1: 46.9758 acc5: 72.2782 loss: 1.6873 min_lr: 2.8353916347911963e-05 max_lr: 0.0001993360945391581
2025-09-24 20:33:57,122: epoch: [63/200] acc1: 52.6714 acc5: 82.8125 loss: 1.6693 min_lr: 2.8122405780762188e-05 max_lr: 0.00019770850942061837
2025-09-24 20:34:22,383: epoch: [64/200] acc1: 41.4315 acc5: 66.3810 loss: 1.6348 min_lr: 2.788821551346503e-05 max_lr: 0.00019606208524805308
2025-09-24 20:34:47,574: epoch: [65/200] acc1: 57.8125 acc5: 85.3831 loss: 1.7156 min_lr: 2.765140633011778e-05 max_lr: 0.00019439724935095047
2025-09-24 20:35:12,873: epoch: [66/200] acc1: 65.7258 acc5: 86.9960 loss: 1.5819 min_lr: 2.7412039694557528e-05 max_lr: 0.00019271443383756293
2025-09-24 20:35:38,332: epoch: [67/200] acc1: 58.2157 acc5: 83.8206 loss: 1.6355 min_lr: 2.7170177734408238e-05 max_lr: 0.0001910140754827533
2025-09-24 20:36:03,573: epoch: [68/200] acc1: 43.5988 acc5: 73.7399 loss: 1.6907 min_lr: 2.6925883224955518e-05 max_lr: 0.00018929661561463
2025-09-24 20:36:28,915: epoch: [69/200] acc1: 55.8972 acc5: 80.8468 loss: 1.6137 min_lr: 2.6679219572853274e-05 max_lr: 0.00018756249999999999
2025-09-24 20:36:59,867: [val] epoch: [69/200] acc1: 95.1125 acc5: 99.6375 loss: 0.3562
2025-09-24 20:37:25,097: epoch: [70/200] acc1: 56.4012 acc5: 85.4839 loss: 1.8095 min_lr: 2.6430250799666536e-05 max_lr: 0.00018581217872867042
2025-09-24 20:37:50,378: epoch: [71/200] acc1: 58.0141 acc5: 83.1149 loss: 1.5890 min_lr: 2.6179041525254638e-05 max_lr: 0.00018404610609662743
2025-09-24 20:38:15,683: epoch: [72/200] acc1: 43.3972 acc5: 73.3367 loss: 1.5327 min_lr: 2.5925656950999145e-05 max_lr: 0.00018226474048812388
2025-09-24 20:38:40,915: epoch: [73/200] acc1: 56.3004 acc5: 82.3085 loss: 1.5788 min_lr: 2.5670162842880795e-05 max_lr: 0.00018046854425670528
2025-09-24 20:39:06,212: epoch: [74/200] acc1: 62.0464 acc5: 86.4415 loss: 1.6157 min_lr: 2.5412625514409976e-05 max_lr: 0.00017865798360520638
2025-09-24 20:39:31,528: epoch: [75/200] acc1: 61.1895 acc5: 86.5423 loss: 1.6643 min_lr: 2.5153111809415057e-05 max_lr: 0.000176833528464748
2025-09-24 20:39:56,826: epoch: [76/200] acc1: 50.2520 acc5: 77.5706 loss: 1.7136 min_lr: 2.4891689084693006e-05 max_lr: 0.00017499565237276621
2025-09-24 20:40:22,079: epoch: [77/200] acc1: 61.1895 acc5: 87.9032 loss: 1.6655 min_lr: 2.4628425192527012e-05 max_lr: 0.00017314483235010604
2025-09-24 20:40:47,297: epoch: [78/200] acc1: 61.1391 acc5: 87.8528 loss: 1.6958 min_lr: 2.4363388463075333e-05 max_lr: 0.00017128154877721013
2025-09-24 20:41:12,627: epoch: [79/200] acc1: 58.1149 acc5: 85.9879 loss: 1.6362 min_lr: 2.409664768663629e-05 max_lr: 0.00016940628526943664
2025-09-24 20:41:43,556: [val] epoch: [79/200] acc1: 95.4500 acc5: 99.6250 loss: 0.3662
2025-09-24 20:42:08,812: epoch: [80/200] acc1: 65.8770 acc5: 87.5504 loss: 1.6550 min_lr: 2.3828272095793677e-05 max_lr: 0.00016751952855153634
2025-09-24 20:42:34,124: epoch: [81/200] acc1: 62.6008 acc5: 85.8367 loss: 1.5767 min_lr: 2.3558331347447456e-05 max_lr: 0.0001656217683313234
2025-09-24 20:42:59,386: epoch: [82/200] acc1: 62.4496 acc5: 84.3246 loss: 1.7365 min_lr: 2.3286895504734318e-05 max_lr: 0.00016371349717257157
2025-09-24 20:43:24,775: epoch: [83/200] acc1: 61.7944 acc5: 84.6774 loss: 1.5594 min_lr: 2.301403501884278e-05 max_lr: 0.0001617952103671694
2025-09-24 20:43:50,041: epoch: [84/200] acc1: 54.3851 acc5: 76.6129 loss: 1.5407 min_lr: 2.2739820710727572e-05 max_lr: 0.00015986740580656704
2025-09-24 20:44:15,281: epoch: [85/200] acc1: 64.2641 acc5: 85.4335 loss: 1.5298 min_lr: 2.246432375272807e-05 max_lr: 0.00015793058385254856
2025-09-24 20:44:40,627: epoch: [86/200] acc1: 57.9637 acc5: 81.9556 loss: 1.7009 min_lr: 2.218761565009549e-05 max_lr: 0.00015598524720736298
2025-09-24 20:45:05,996: epoch: [87/200] acc1: 57.6109 acc5: 80.7460 loss: 1.6282 min_lr: 2.190976822243372e-05 max_lr: 0.00015403190078324802
2025-09-24 20:45:31,228: epoch: [88/200] acc1: 59.6774 acc5: 85.7359 loss: 1.6749 min_lr: 2.1630853585058506e-05 max_lr: 0.00015207105157137983
2025-09-24 20:45:56,480: epoch: [89/200] acc1: 66.5323 acc5: 88.2560 loss: 1.6490 min_lr: 2.1350944130279952e-05 max_lr: 0.00015010320851028357
2025-09-24 20:46:27,355: [val] epoch: [89/200] acc1: 95.4250 acc5: 99.5375 loss: 0.3632
2025-09-24 20:46:52,549: epoch: [90/200] acc1: 58.1653 acc5: 82.0564 loss: 1.5093 min_lr: 2.107011250861307e-05 max_lr: 0.00014812888235373844
2025-09-24 20:47:17,721: epoch: [91/200] acc1: 67.5907 acc5: 91.5827 loss: 1.6832 min_lr: 2.0788431609921338e-05 max_lr: 0.00014614858553821142
2025-09-24 20:47:42,994: epoch: [92/200] acc1: 56.4516 acc5: 82.2077 loss: 1.4954 min_lr: 2.050597454449815e-05 max_lr: 0.0001441628320498544
2025-09-24 20:48:08,162: epoch: [93/200] acc1: 55.4435 acc5: 80.8972 loss: 1.5435 min_lr: 2.0222814624091e-05 max_lr: 0.00014217213729109888
2025-09-24 20:48:33,420: epoch: [94/200] acc1: 61.4415 acc5: 88.1048 loss: 1.5586 min_lr: 1.993902534287343e-05 max_lr: 0.00014017701794688344
2025-09-24 20:48:58,846: epoch: [95/200] acc1: 60.7359 acc5: 82.9637 loss: 1.5446 min_lr: 1.9654680358369647e-05 max_lr: 0.00013817799185054824
2025-09-24 20:49:24,033: epoch: [96/200] acc1: 58.4173 acc5: 82.8629 loss: 1.5936 min_lr: 1.936985347233664e-05 max_lr: 0.0001361755778494309
2025-09-24 20:49:49,155: epoch: [97/200] acc1: 51.6129 acc5: 77.7722 loss: 1.4997 min_lr: 1.9084618611609e-05 max_lr: 0.0001341702956702001
2025-09-24 20:50:14,380: epoch: [98/200] acc1: 66.8347 acc5: 88.0040 loss: 1.6044 min_lr: 1.8799049808911147e-05 max_lr: 0.00013216266578396023
2025-09-24 20:50:39,469: epoch: [99/200] acc1: 59.7782 acc5: 86.9456 loss: 1.6157 min_lr: 1.851322118364218e-05 max_lr: 0.00013015320927116324
2025-09-24 20:51:10,428: [val] epoch: [99/200] acc1: 96.0000 acc5: 99.6500 loss: 0.3472
2025-09-24 20:51:13,884: Saved checkpoint to MoE/AID/checkpoint-100
2025-09-24 20:51:39,010: epoch: [100/200] acc1: 58.4173 acc5: 82.8125 loss: 1.5840 min_lr: 1.822720692263814e-05 max_lr: 0.00012814244768636203
2025-09-24 20:52:04,320: epoch: [101/200] acc1: 64.3145 acc5: 89.9698 loss: 1.6633 min_lr: 1.7941081260916856e-05 max_lr: 0.00012613090292284108
2025-09-24 20:52:29,581: epoch: [102/200] acc1: 56.0484 acc5: 83.1653 loss: 1.5368 min_lr: 1.765491846241021e-05 max_lr: 0.00012411909707715896
2025-09-24 20:52:54,832: epoch: [103/200] acc1: 72.0766 acc5: 91.4819 loss: 1.5953 min_lr: 1.7368792800688926e-05 max_lr: 0.000122107552313638
2025-09-24 20:53:20,059: epoch: [104/200] acc1: 74.3448 acc5: 91.5827 loss: 1.4706 min_lr: 1.708277853968489e-05 max_lr: 0.00012009679072883682
2025-09-24 20:53:45,302: epoch: [105/200] acc1: 65.5242 acc5: 89.9194 loss: 1.5207 min_lr: 1.6796949914415908e-05 max_lr: 0.00011808733421603975
2025-09-24 20:54:10,506: epoch: [106/200] acc1: 67.5907 acc5: 89.5665 loss: 1.5923 min_lr: 1.6511381111718063e-05 max_lr: 0.00011607970432979993
2025-09-24 20:54:35,761: epoch: [107/200] acc1: 48.9919 acc5: 82.3085 loss: 1.6009 min_lr: 1.622614625099042e-05 max_lr: 0.00011407442215056912
2025-09-24 20:55:01,012: epoch: [108/200] acc1: 54.7379 acc5: 81.1996 loss: 1.5283 min_lr: 1.594131936495742e-05 max_lr: 0.0001120720081494518
2025-09-24 20:55:26,142: epoch: [109/200] acc1: 61.8448 acc5: 85.3327 loss: 1.5111 min_lr: 1.5656974380453632e-05 max_lr: 0.00011007298205311656
2025-09-24 20:55:56,914: [val] epoch: [109/200] acc1: 96.1625 acc5: 99.6000 loss: 0.3354
2025-09-24 20:56:00,384: Saved checkpoint to MoE/AID/checkpoint-110
2025-09-24 20:56:25,552: epoch: [110/200] acc1: 62.3488 acc5: 84.8790 loss: 1.5559 min_lr: 1.537318509923607e-05 max_lr: 0.00010807786270890117
2025-09-24 20:56:50,748: epoch: [111/200] acc1: 61.0887 acc5: 87.9536 loss: 1.5162 min_lr: 1.5090025178828909e-05 max_lr: 0.00010608716795014561
2025-09-24 20:57:15,939: epoch: [112/200] acc1: 65.5242 acc5: 87.5504 loss: 1.4912 min_lr: 1.4807568113405719e-05 max_lr: 0.00010410141446178856
2025-09-24 20:57:41,207: epoch: [113/200] acc1: 67.7419 acc5: 90.8266 loss: 1.5415 min_lr: 1.4525887214713994e-05 max_lr: 0.00010212111764626157
2025-09-24 20:58:06,378: epoch: [114/200] acc1: 69.9597 acc5: 89.2641 loss: 1.4736 min_lr: 1.4245055593047115e-05 max_lr: 0.00010014679148971647
2025-09-24 20:58:31,756: epoch: [115/200] acc1: 56.6532 acc5: 79.4355 loss: 1.4255 min_lr: 1.3965146138268561e-05 max_lr: 9.817894842862022e-05
2025-09-24 20:58:57,088: epoch: [116/200] acc1: 59.0222 acc5: 85.6351 loss: 1.4817 min_lr: 1.3686231500893348e-05 max_lr: 9.621809921675201e-05
2025-09-24 20:59:22,455: epoch: [117/200] acc1: 59.2742 acc5: 84.6774 loss: 1.4918 min_lr: 1.3408384073231572e-05 max_lr: 9.4264752792637e-05
2025-09-24 20:59:47,637: epoch: [118/200] acc1: 60.0806 acc5: 88.2056 loss: 1.6363 min_lr: 1.3131675970598993e-05 max_lr: 9.231941614745145e-05
2025-09-24 21:00:12,934: epoch: [119/200] acc1: 56.8044 acc5: 89.7177 loss: 1.6418 min_lr: 1.285617901259949e-05 max_lr: 9.038259419343297e-05
2025-09-24 21:00:43,892: [val] epoch: [119/200] acc1: 96.6750 acc5: 99.6125 loss: 0.3529
2025-09-24 21:00:47,362: Saved checkpoint to MoE/AID/checkpoint-120
2025-09-24 21:01:12,360: epoch: [120/200] acc1: 66.6835 acc5: 91.0282 loss: 1.4965 min_lr: 1.2581964704484286e-05 max_lr: 8.845478963283063e-05
2025-09-24 21:01:37,528: epoch: [121/200] acc1: 59.4254 acc5: 84.1230 loss: 1.5426 min_lr: 1.2309104218592745e-05 max_lr: 8.653650282742844e-05
2025-09-24 21:02:02,711: epoch: [122/200] acc1: 53.8306 acc5: 85.1815 loss: 1.5793 min_lr: 1.2037668375879607e-05 max_lr: 8.462823166867662e-05
2025-09-24 21:02:28,053: epoch: [123/200] acc1: 58.0645 acc5: 83.7702 loss: 1.5168 min_lr: 1.1767727627533385e-05 max_lr: 8.273047144846366e-05
2025-09-24 21:02:53,188: epoch: [124/200] acc1: 54.5363 acc5: 83.8710 loss: 1.5800 min_lr: 1.149935203669077e-05 max_lr: 8.084371473056336e-05
2025-09-24 21:03:18,440: epoch: [125/200] acc1: 61.0383 acc5: 84.2238 loss: 1.4306 min_lr: 1.1232611260251727e-05 max_lr: 7.896845122278987e-05
2025-09-24 21:03:43,662: epoch: [126/200] acc1: 58.6190 acc5: 86.6431 loss: 1.5102 min_lr: 1.0967574530800056e-05 max_lr: 7.710516764989402e-05
2025-09-24 21:04:08,857: epoch: [127/200] acc1: 60.1310 acc5: 90.3226 loss: 1.5189 min_lr: 1.0704310638634056e-05 max_lr: 7.52543476272338e-05
2025-09-24 21:04:34,190: epoch: [128/200] acc1: 53.4778 acc5: 83.4677 loss: 1.5587 min_lr: 1.044288791391201e-05 max_lr: 7.341647153525204e-05
2025-09-24 21:04:59,230: epoch: [129/200] acc1: 74.2944 acc5: 94.3548 loss: 1.4981 min_lr: 1.018337420891708e-05 max_lr: 7.159201639479359e-05
2025-09-24 21:05:30,324: [val] epoch: [129/200] acc1: 96.5875 acc5: 99.5500 loss: 0.3285
2025-09-24 21:05:55,548: epoch: [130/200] acc1: 61.8448 acc5: 86.8448 loss: 1.4817 min_lr: 9.925836880446272e-06 max_lr: 6.978145574329475e-05
2025-09-24 21:06:20,944: epoch: [131/200] acc1: 59.4254 acc5: 84.2238 loss: 1.4585 min_lr: 9.670342772327919e-06 max_lr: 6.798525951187615e-05
2025-09-24 21:06:46,197: epoch: [132/200] acc1: 61.9456 acc5: 87.3992 loss: 1.5298 min_lr: 9.416958198072422e-06 max_lr: 6.620389390337256e-05
2025-09-24 21:07:11,409: epoch: [133/200] acc1: 58.2661 acc5: 82.9637 loss: 1.4112 min_lr: 9.165748923660522e-06 max_lr: 6.443782127132957e-05
2025-09-24 21:07:36,685: epoch: [134/200] acc1: 61.6935 acc5: 89.3145 loss: 1.5336 min_lr: 8.91678015047379e-06 max_lr: 6.268750000000003e-05
2025-09-24 21:08:01,994: epoch: [135/200] acc1: 59.8286 acc5: 90.1714 loss: 1.5461 min_lr: 8.670116498371546e-06 max_lr: 6.095338438537002e-05
2025-09-24 21:08:27,291: epoch: [136/200] acc1: 51.8145 acc5: 76.0081 loss: 1.4376 min_lr: 8.42582198891882e-06 max_lr: 5.923592451724666e-05
2025-09-24 21:08:52,605: epoch: [137/200] acc1: 57.6613 acc5: 83.0141 loss: 1.5140 min_lr: 8.183960028769536e-06 max_lr: 5.753556616243708e-05
2025-09-24 21:09:17,928: epoch: [138/200] acc1: 62.8528 acc5: 88.4577 loss: 1.5061 min_lr: 7.94459339320928e-06 max_lr: 5.585275064904953e-05
2025-09-24 21:09:43,520: epoch: [139/200] acc1: 61.1391 acc5: 83.4677 loss: 1.3746 min_lr: 7.707784209862032e-06 max_lr: 5.4187914751946934e-05
2025-09-24 21:10:14,333: [val] epoch: [139/200] acc1: 96.5750 acc5: 99.5875 loss: 0.2940
2025-09-24 21:10:39,554: epoch: [140/200] acc1: 64.4153 acc5: 92.8931 loss: 1.5820 min_lr: 7.47359394256488e-06 max_lr: 5.254149057938167e-05
2025-09-24 21:11:04,772: epoch: [141/200] acc1: 62.2984 acc5: 86.4415 loss: 1.4794 min_lr: 7.2420833754151e-06 max_lr: 5.0913905460841916e-05
2025-09-24 21:11:29,873: epoch: [142/200] acc1: 58.0141 acc5: 82.5101 loss: 1.4246 min_lr: 7.013312596993662e-06 max_lr: 4.930558183613844e-05
2025-09-24 21:11:55,039: epoch: [143/200] acc1: 67.2883 acc5: 89.6673 loss: 1.4784 min_lr: 6.7873409847691955e-06 max_lr: 4.77169371457601e-05
2025-09-24 21:12:20,114: epoch: [144/200] acc1: 66.0786 acc5: 88.2560 loss: 1.4010 min_lr: 6.5642271896866015e-06 max_lr: 4.6148383722527277e-05
2025-09-24 21:12:45,345: epoch: [145/200] acc1: 58.4173 acc5: 83.8710 loss: 1.4895 min_lr: 6.344029120944158e-06 max_lr: 4.460032868457073e-05
2025-09-24 21:13:10,682: epoch: [146/200] acc1: 66.3810 acc5: 88.9113 loss: 1.4773 min_lr: 6.1268039309632095e-06 max_lr: 4.307317382966414e-05
2025-09-24 21:13:35,921: epoch: [147/200] acc1: 58.3669 acc5: 86.8448 loss: 1.4384 min_lr: 5.912608000554263e-06 max_lr: 4.1567315530937624e-05
2025-09-24 21:14:01,253: epoch: [148/200] acc1: 58.4677 acc5: 90.4234 loss: 1.4982 min_lr: 5.7014969242833e-06 max_lr: 4.008314463399869e-05
2025-09-24 21:14:26,455: epoch: [149/200] acc1: 66.2802 acc5: 91.9355 loss: 1.5151 min_lr: 5.493525496042278e-06 max_lr: 3.862104635548878e-05
2025-09-24 21:14:57,314: [val] epoch: [149/200] acc1: 96.6500 acc5: 99.6000 loss: 0.3222
2025-09-24 21:15:22,558: epoch: [150/200] acc1: 72.9335 acc5: 94.4052 loss: 1.4793 min_lr: 5.2887476948272914e-06 max_lr: 3.71814001830997e-05
2025-09-24 21:15:47,815: epoch: [151/200] acc1: 68.5988 acc5: 93.5484 loss: 1.4772 min_lr: 5.087216670728364e-06 max_lr: 3.5764579777077894e-05
2025-09-24 21:16:13,106: epoch: [152/200] acc1: 60.4335 acc5: 85.2823 loss: 1.4493 min_lr: 4.888984731134348e-06 max_lr: 3.43709528732409e-05
2025-09-24 21:16:38,412: epoch: [153/200] acc1: 62.0968 acc5: 90.0202 loss: 1.4933 min_lr: 4.694103327156505e-06 max_lr: 3.300088118753135e-05
2025-09-24 21:17:03,690: epoch: [154/200] acc1: 62.9536 acc5: 87.1976 loss: 1.3782 min_lr: 4.5026230402743985e-06 max_lr: 3.165472032213374e-05
2025-09-24 21:17:29,102: epoch: [155/200] acc1: 61.1391 acc5: 86.7944 loss: 1.4994 min_lr: 4.314593569207457e-06 max_lr: 3.033281967317779e-05
2025-09-24 21:17:54,353: epoch: [156/200] acc1: 60.6351 acc5: 87.9032 loss: 1.4720 min_lr: 4.13006371701565e-06 max_lr: 2.9035522340052524e-05
2025-09-24 21:18:19,685: epoch: [157/200] acc1: 57.4093 acc5: 84.2238 loss: 1.4734 min_lr: 3.949081378432689e-06 max_lr: 2.776316503635512e-05
2025-09-24 21:18:44,853: epoch: [158/200] acc1: 65.5746 acc5: 89.9698 loss: 1.4692 min_lr: 3.771693527434904e-06 max_lr: 2.6516078002496516e-05
2025-09-24 21:19:10,187: epoch: [159/200] acc1: 60.4839 acc5: 84.9798 loss: 1.4552 min_lr: 3.5979462050491877e-06 max_lr: 2.5294584919987817e-05
2025-09-24 21:19:41,163: [val] epoch: [159/200] acc1: 96.4625 acc5: 99.5375 loss: 0.3152
2025-09-24 21:20:06,549: epoch: [160/200] acc1: 70.2117 acc5: 92.0363 loss: 1.3967 min_lr: 3.427884507403002e-06 max_lr: 2.409900282742845e-05
2025-09-24 21:20:31,822: epoch: [161/200] acc1: 58.8710 acc5: 82.6613 loss: 1.3489 min_lr: 3.261552574019711e-06 max_lr: 2.2929642038219014e-05
2025-09-24 21:20:57,059: epoch: [162/200] acc1: 55.6452 acc5: 88.2056 loss: 1.4675 min_lr: 3.0989935763621526e-06 max_lr: 2.178680606001934e-05
2025-09-24 21:21:22,517: epoch: [163/200] acc1: 66.3810 acc5: 89.1633 loss: 1.4229 min_lr: 2.9402497066274684e-06 max_lr: 2.0670791515972936e-05
2025-09-24 21:21:47,791: epoch: [164/200] acc1: 63.0040 acc5: 87.3488 loss: 1.4619 min_lr: 2.7853621667961417e-06 max_lr: 1.9581888067718648e-05
2025-09-24 21:22:13,127: epoch: [165/200] acc1: 58.1653 acc5: 83.9214 loss: 1.3073 min_lr: 2.6343711579379996e-06 max_lr: 1.8520378340208787e-05
2025-09-24 21:22:38,229: epoch: [166/200] acc1: 61.1391 acc5: 81.0988 loss: 1.3458 min_lr: 2.4873158697780287e-06 max_lr: 1.7486537848353845e-05
2025-09-24 21:23:03,430: epoch: [167/200] acc1: 64.2641 acc5: 90.2722 loss: 1.3951 min_lr: 2.344234470524705e-06 max_lr: 1.6480634925512785e-05
2025-09-24 21:23:28,637: epoch: [168/200] acc1: 74.8488 acc5: 94.1532 loss: 1.3560 min_lr: 2.205164096963383e-06 max_lr: 1.5502930653846723e-05
2025-09-24 21:23:53,838: epoch: [169/200] acc1: 68.3468 acc5: 88.0040 loss: 1.3473 min_lr: 2.070140844817494e-06 max_lr: 1.4553678796555427e-05
2025-09-24 21:24:24,889: [val] epoch: [169/200] acc1: 96.5500 acc5: 99.5875 loss: 0.2939
2025-09-24 21:24:50,135: epoch: [170/200] acc1: 61.6431 acc5: 87.7520 loss: 1.5093 min_lr: 1.939199759379854e-06 max_lr: 1.3633125732012739e-05
2025-09-24 21:25:15,707: epoch: [171/200] acc1: 74.4456 acc5: 94.1532 loss: 1.3822 min_lr: 1.812374826416686e-06 max_lr: 1.2741510389819272e-05
2025-09-24 21:25:40,951: epoch: [172/200] acc1: 58.2157 acc5: 82.5605 loss: 1.3199 min_lr: 1.689698963346602e-06 max_lr: 1.1879064188788143e-05
2025-09-24 21:26:06,139: epoch: [173/200] acc1: 58.3669 acc5: 87.8024 loss: 1.4866 min_lr: 1.5712040106968847e-06 max_lr: 1.1046010976880204e-05
2025-09-24 21:26:31,312: epoch: [174/200] acc1: 64.0625 acc5: 91.2298 loss: 1.4470 min_lr: 1.4569207238392825e-06 max_lr: 1.0242566973104324e-05
2025-09-24 21:26:56,595: epoch: [175/200] acc1: 72.4294 acc5: 94.6069 loss: 1.4461 min_lr: 1.346878765007441e-06 max_lr: 9.46894071139768e-06
2025-09-24 21:27:21,901: epoch: [176/200] acc1: 54.5867 acc5: 82.5101 loss: 1.4291 min_lr: 1.2411066955980687e-06 max_lr: 8.725332986500736e-06
2025-09-24 21:27:47,201: epoch: [177/200] acc1: 50.2520 acc5: 84.4254 loss: 1.5324 min_lr: 1.1396319687578427e-06 max_lr: 8.011936801841112e-06
2025-09-24 21:28:12,598: epoch: [178/200] acc1: 61.8952 acc5: 83.7702 loss: 1.4305 min_lr: 1.042480922257916e-06 max_lr: 7.328937319439323e-06
2025-09-24 21:28:37,762: epoch: [179/200] acc1: 71.0685 acc5: 92.5907 loss: 1.4503 min_lr: 9.496787716579815e-07 max_lr: 6.676511811850209e-06
2025-09-24 21:29:08,880: [val] epoch: [179/200] acc1: 96.7500 acc5: 99.5500 loss: 0.3081
2025-09-24 21:29:12,386: Saved checkpoint to MoE/AID/checkpoint-180
2025-09-24 21:29:37,524: epoch: [180/200] acc1: 68.7500 acc5: 92.4899 loss: 1.4093 min_lr: 8.612496037615325e-07 max_lr: 6.054829616151563e-06
2025-09-24 21:30:02,726: epoch: [181/200] acc1: 60.7863 acc5: 88.2056 loss: 1.5134 min_lr: 7.77216370364159e-07 max_lr: 5.4640520899928675e-06
2025-09-24 21:30:28,005: epoch: [182/200] acc1: 66.2802 acc5: 87.9032 loss: 1.3942 min_lr: 6.976008822964041e-07 max_lr: 4.9043325697148895e-06
2025-09-24 21:30:53,287: epoch: [183/200] acc1: 64.0625 acc5: 91.0282 loss: 1.5182 min_lr: 6.224238037627516e-07 max_lr: 4.375816330551145e-06
2025-09-24 21:31:18,568: epoch: [184/200] acc1: 58.5685 acc5: 89.3649 loss: 1.4637 min_lr: 5.517046469782375e-07 max_lr: 3.878640548921755e-06
2025-09-24 21:31:43,772: epoch: [185/200] acc1: 56.0988 acc5: 87.3488 loss: 1.5023 min_lr: 4.854617671040572e-07 max_lr: 3.4129342668293316e-06
2025-09-24 21:32:08,929: epoch: [186/200] acc1: 61.1895 acc5: 84.7782 loss: 1.4286 min_lr: 4.2371235748346936e-07 max_lr: 2.9788183583660144e-06
2025-09-24 21:32:34,243: epoch: [187/200] acc1: 61.7440 acc5: 90.1714 loss: 1.4573 min_lr: 3.66472445179283e-07 max_lr: 2.5764054983407476e-06
2025-09-24 21:32:59,539: epoch: [188/200] acc1: 51.8145 acc5: 85.2319 loss: 1.4350 min_lr: 3.1375688681400904e-07 max_lr: 2.205800133034357e-06
2025-09-24 21:33:24,833: epoch: [189/200] acc1: 66.5827 acc5: 93.1956 loss: 1.3828 min_lr: 2.6557936471384045e-07 max_lr: 1.8670984530906335e-06
2025-09-24 21:33:55,928: [val] epoch: [189/200] acc1: 96.7375 acc5: 99.5500 loss: 0.3148
2025-09-24 21:34:21,155: epoch: [190/200] acc1: 62.7016 acc5: 89.6673 loss: 1.4533 min_lr: 2.219523833573956e-07 max_lr: 1.560388368549991e-06
2025-09-24 21:34:51,966: [val] epoch: [190/200] acc1: 96.7875 acc5: 99.5625 loss: 0.3153
2025-09-24 21:34:55,377: Saved checkpoint to MoE/AID/checkpoint-191
2025-09-24 21:35:20,546: epoch: [191/200] acc1: 71.3206 acc5: 91.9859 loss: 1.3445 min_lr: 1.828872661301846e-07 max_lr: 1.2857494860324413e-06
2025-09-24 21:35:51,468: [val] epoch: [191/200] acc1: 96.7875 acc5: 99.5500 loss: 0.3142
2025-09-24 21:35:55,104: Saved checkpoint to MoE/AID/checkpoint-192
2025-09-24 21:36:20,289: epoch: [192/200] acc1: 62.8528 acc5: 86.6935 loss: 1.4505 min_lr: 1.4839415238562032e-07 max_lr: 1.0432530880756654e-06
2025-09-24 21:36:51,161: [val] epoch: [192/200] acc1: 96.7625 acc5: 99.5500 loss: 0.3133
2025-09-24 21:37:16,357: epoch: [193/200] acc1: 62.9536 acc5: 92.2883 loss: 1.4518 min_lr: 1.1848199481334878e-07 max_lr: 8.329621146336277e-07
2025-09-24 21:37:47,328: [val] epoch: [193/200] acc1: 96.7625 acc5: 99.5500 loss: 0.3131
2025-09-24 21:38:12,657: epoch: [194/200] acc1: 67.6915 acc5: 88.2560 loss: 1.3498 min_lr: 9.315855711558187e-08 max_lr: 6.54931146740535e-07
2025-09-24 21:38:43,896: [val] epoch: [194/200] acc1: 96.7625 acc5: 99.5500 loss: 0.3122
2025-09-24 21:39:09,237: epoch: [195/200] acc1: 64.8185 acc5: 88.3064 loss: 1.3878 min_lr: 7.24304119920213e-08 max_lr: 5.092063923442791e-07
2025-09-24 21:39:40,390: [val] epoch: [195/200] acc1: 96.7625 acc5: 99.5375 loss: 0.3119
2025-09-24 21:40:05,741: epoch: [196/200] acc1: 67.6411 acc5: 91.3306 loss: 1.4558 min_lr: 5.630293943392125e-08 max_lr: 3.958256743132106e-07
2025-09-24 21:40:36,729: [val] epoch: [196/200] acc1: 96.7750 acc5: 99.5625 loss: 0.3119
2025-09-24 21:41:01,992: epoch: [197/200] acc1: 73.8407 acc5: 95.3629 loss: 1.4267 min_lr: 4.4780325327711676e-08 max_lr: 3.148184206192152e-07
2025-09-24 21:41:32,943: [val] epoch: [197/200] acc1: 96.7625 acc5: 99.5500 loss: 0.3120
2025-09-24 21:41:58,247: epoch: [198/200] acc1: 62.3992 acc5: 86.5927 loss: 1.3811 min_lr: 3.786556036853788e-08 max_lr: 2.6620565669958724e-07
2025-09-24 21:42:29,304: [val] epoch: [198/200] acc1: 96.7625 acc5: 99.5625 loss: 0.3119
2025-09-24 21:42:54,534: epoch: [199/200] acc1: 66.5827 acc5: 89.7177 loss: 1.4073 min_lr: 3.5560439284043016e-08 max_lr: 2.5e-07
2025-09-24 21:43:25,498: [val] epoch: [199/200] acc1: 96.7750 acc5: 99.5625 loss: 0.3118
2025-09-24 21:43:29,018: Saved checkpoint to MoE/AID/checkpoint-200