2025-09-25 00:21:33,790: {
    "model": "GeoMoE",
    "lrd": "geo_lrd",
    "num_classes": 45,
    "dataset": "NWPU",
    "img_size": 320,
    "batch_size": 64,
    "TR": "19_0.json",
    "data_info": {
        "train_len": 3150,
        "val_len": 28350
    },
    "epochs": 200,
    "lr": 0.00025,
    "blr": 0.001,
    "layer_decay": 0.85,
    "drop_path": 0.1,
    "smoothing": 0.1,
    "mixup": 0.8,
    "cutmix": 1.0
}
2025-09-25 00:21:34,663: missing keys: ['pos_embed_det', 'fc_norm.weight', 'fc_norm.bias', 'head.weight', 'head.bias']
unexpected keys: ['pos_embed']
2025-09-25 00:21:35,035: layer decay optimizer: min_lr: 1.1399862083680687e-05 max_lr: 0.00025
2025-09-25 00:22:28,374: epoch: [0/200] acc1: 4.0497 acc5: 17.2832 loss: 3.8000 min_lr: 2.2799724167361374e-06 max_lr: 5e-05
2025-09-25 00:23:20,559: epoch: [1/200] acc1: 8.4184 acc5: 30.2296 loss: 3.6593 min_lr: 4.559944833472275e-06 max_lr: 0.0001
2025-09-25 00:24:12,741: epoch: [2/200] acc1: 12.3724 acc5: 39.7959 loss: 3.5249 min_lr: 6.8399172502084125e-06 max_lr: 0.00015
2025-09-25 00:25:04,892: epoch: [3/200] acc1: 13.3929 acc5: 38.0102 loss: 3.4191 min_lr: 9.11988966694455e-06 max_lr: 0.0002
2025-09-25 00:25:57,160: epoch: [4/200] acc1: 14.3495 acc5: 38.9349 loss: 3.3239 min_lr: 1.1399862083680687e-05 max_lr: 0.00025
2025-09-25 00:26:49,460: epoch: [5/200] acc1: 24.2028 acc5: 52.8380 loss: 3.2016 min_lr: 1.1399123114675285e-05 max_lr: 0.00024998379434330045
2025-09-25 00:27:41,564: epoch: [6/200] acc1: 26.3393 acc5: 55.7717 loss: 3.1119 min_lr: 1.1396906399458524e-05 max_lr: 0.00024993518157938083
2025-09-25 00:28:33,818: epoch: [7/200] acc1: 26.9133 acc5: 51.5944 loss: 2.8433 min_lr: 1.1393212513378966e-05 max_lr: 0.0002498541743256868
2025-09-25 00:29:25,968: epoch: [8/200] acc1: 31.0268 acc5: 57.9082 loss: 2.9523 min_lr: 1.1388042415184956e-05 max_lr: 0.00024974079360765575
2025-09-25 00:30:18,112: epoch: [9/200] acc1: 32.9401 acc5: 57.6212 loss: 2.7451 min_lr: 1.1381397446775772e-05 max_lr: 0.0002495950688532595
2025-09-25 00:32:49,489: [val] epoch: [9/200] acc1: 77.8483 acc5: 97.9965 loss: 1.3082
2025-09-25 00:33:41,711: epoch: [10/200] acc1: 38.9987 acc5: 63.8074 loss: 2.7200 min_lr: 1.1373279332853351e-05 max_lr: 0.0002494170378853664
2025-09-25 00:34:34,006: epoch: [11/200] acc1: 34.4069 acc5: 57.2385 loss: 2.6408 min_lr: 1.1363690180474622e-05 max_lr: 0.00024920674691192437
2025-09-25 00:35:26,351: epoch: [12/200] acc1: 38.5523 acc5: 61.3839 loss: 2.5279 min_lr: 1.1352632478504636e-05 max_lr: 0.00024896425051396754
2025-09-25 00:36:18,735: epoch: [13/200] acc1: 46.3010 acc5: 70.2806 loss: 2.5338 min_lr: 1.1340109096970571e-05 max_lr: 0.00024868961163145004
2025-09-25 00:37:11,016: epoch: [14/200] acc1: 38.9349 acc5: 62.9783 loss: 2.5886 min_lr: 1.1326123286316819e-05 max_lr: 0.00024838290154690935
2025-09-25 00:38:03,363: epoch: [15/200] acc1: 34.5026 acc5: 58.2589 loss: 2.5931 min_lr: 1.1310678676561342e-05 max_lr: 0.00024804419986696564
2025-09-25 00:38:55,670: epoch: [16/200] acc1: 44.9936 acc5: 69.7066 loss: 2.5544 min_lr: 1.1293779276353482e-05 max_lr: 0.00024767359450165923
2025-09-25 00:39:47,892: epoch: [17/200] acc1: 40.6888 acc5: 65.3380 loss: 2.5002 min_lr: 1.1275429471933532e-05 max_lr: 0.000247271181641634
2025-09-25 00:40:40,080: epoch: [18/200] acc1: 50.1913 acc5: 72.6084 loss: 2.3959 min_lr: 1.125563402599428e-05 max_lr: 0.00024683706573317066
2025-09-25 00:41:32,372: epoch: [19/200] acc1: 42.0599 acc5: 65.2105 loss: 2.5095 min_lr: 1.1234398076444849e-05 max_lr: 0.0002463713594510782
2025-09-25 00:44:03,379: [val] epoch: [19/200] acc1: 87.6261 acc5: 98.9242 loss: 0.7449
2025-09-25 00:44:55,571: epoch: [20/200] acc1: 45.0255 acc5: 69.7704 loss: 2.3620 min_lr: 1.1211727135077166e-05 max_lr: 0.0002458741836694489
2025-09-25 00:45:47,778: epoch: [21/200] acc1: 41.4860 acc5: 63.6161 loss: 2.3198 min_lr: 1.1187627086135355e-05 max_lr: 0.0002453456674302851
2025-09-25 00:46:39,976: epoch: [22/200] acc1: 39.4133 acc5: 60.5548 loss: 2.3510 min_lr: 1.1162104184788505e-05 max_lr: 0.00024478594791000713
2025-09-25 00:47:32,108: epoch: [23/200] acc1: 40.5931 acc5: 61.8304 loss: 2.2711 min_lr: 1.1135165055507117e-05 max_lr: 0.00024419517038384847
2025-09-25 00:48:24,368: epoch: [24/200] acc1: 42.6658 acc5: 66.4222 loss: 2.3681 min_lr: 1.1106816690343738e-05 max_lr: 0.00024357348818814978
2025-09-25 00:49:16,495: epoch: [25/200] acc1: 39.5727 acc5: 60.8099 loss: 2.2772 min_lr: 1.1077066447118172e-05 max_lr: 0.00024292106268056067
2025-09-25 00:50:08,814: epoch: [26/200] acc1: 45.5038 acc5: 68.5268 loss: 2.3329 min_lr: 1.1045922047507751e-05 max_lr: 0.00024223806319815893
2025-09-25 00:51:01,154: epoch: [27/200] acc1: 41.8367 acc5: 65.6569 loss: 2.3580 min_lr: 1.1013391575043176e-05 max_lr: 0.0002415246670134993
2025-09-25 00:51:53,402: epoch: [28/200] acc1: 40.0510 acc5: 62.8189 loss: 2.3851 min_lr: 1.0979483473010437e-05 max_lr: 0.00024078105928860235
2025-09-25 00:52:45,603: epoch: [29/200] acc1: 48.9477 acc5: 72.3533 loss: 2.3287 min_lr: 1.094420654225936e-05 max_lr: 0.00024000743302689568
2025-09-25 00:55:16,845: [val] epoch: [29/200] acc1: 90.1975 acc5: 99.2099 loss: 0.6043
2025-09-25 00:56:09,100: epoch: [30/200] acc1: 53.1250 acc5: 76.1161 loss: 2.2584 min_lr: 1.0907569938919338e-05 max_lr: 0.00023920398902311976
2025-09-25 00:57:01,468: epoch: [31/200] acc1: 47.9592 acc5: 71.2372 loss: 2.3142 min_lr: 1.0869583172022868e-05 max_lr: 0.00023837093581121187
2025-09-25 00:57:53,680: epoch: [32/200] acc1: 51.9770 acc5: 73.4056 loss: 2.1072 min_lr: 1.0830256101037471e-05 max_lr: 0.00023750848961018073
2025-09-25 00:58:45,998: epoch: [33/200] acc1: 52.6467 acc5: 74.9681 loss: 2.2799 min_lr: 1.0789598933306674e-05 max_lr: 0.00023661687426798728
2025-09-25 00:59:38,257: epoch: [34/200] acc1: 51.4349 acc5: 73.3737 loss: 2.2607 min_lr: 1.074762222140069e-05 max_lr: 0.0002356963212034446
2025-09-25 01:00:30,559: epoch: [35/200] acc1: 54.3686 acc5: 74.9362 loss: 2.1160 min_lr: 1.0704336860377494e-05 max_lr: 0.00023474706934615327
2025-09-25 01:01:22,900: epoch: [36/200] acc1: 42.0281 acc5: 61.8941 loss: 2.0626 min_lr: 1.0659754084955021e-05 max_lr: 0.00023376936507448723
2025-09-25 01:02:15,151: epoch: [37/200] acc1: 45.2806 acc5: 67.6020 loss: 2.2217 min_lr: 1.0613885466595183e-05 max_lr: 0.00023276346215164614
2025-09-25 01:03:07,429: epoch: [38/200] acc1: 59.1199 acc5: 81.3776 loss: 2.1134 min_lr: 1.05667429105005e-05 max_lr: 0.00023172962165979126
2025-09-25 01:03:59,870: epoch: [39/200] acc1: 48.6607 acc5: 72.4809 loss: 2.0909 min_lr: 1.0518338652524109e-05 max_lr: 0.00023066811193228138
2025-09-25 01:06:31,250: [val] epoch: [39/200] acc1: 91.6402 acc5: 99.4039 loss: 0.5021
2025-09-25 01:07:23,536: epoch: [40/200] acc1: 49.2985 acc5: 71.6837 loss: 2.2459 min_lr: 1.0468685255993934e-05 max_lr: 0.00022957920848402704
2025-09-25 01:08:15,752: epoch: [41/200] acc1: 48.5013 acc5: 68.8775 loss: 2.0797 min_lr: 1.0417795608451893e-05 max_lr: 0.00022846319393998068
2025-09-25 01:09:08,144: epoch: [42/200] acc1: 49.7449 acc5: 75.8929 loss: 2.2040 min_lr: 1.0365682918308912e-05 max_lr: 0.00022732035796178097
2025-09-25 01:10:00,492: epoch: [43/200] acc1: 53.0612 acc5: 77.9974 loss: 2.1830 min_lr: 1.0312360711416708e-05 max_lr: 0.00022615099717257156
2025-09-25 01:10:52,762: epoch: [44/200] acc1: 52.9656 acc5: 74.4260 loss: 2.1088 min_lr: 1.0257842827557127e-05 max_lr: 0.0002249554150800122
2025-09-25 01:11:45,157: epoch: [45/200] acc1: 45.8865 acc5: 67.9528 loss: 2.1387 min_lr: 1.0202143416850051e-05 max_lr: 0.0002237339219975035
2025-09-25 01:12:37,451: epoch: [46/200] acc1: 47.6084 acc5: 70.8227 loss: 2.0731 min_lr: 1.0145276936080712e-05 max_lr: 0.0002224868349636449
2025-09-25 01:13:29,782: epoch: [47/200] acc1: 54.9745 acc5: 76.1480 loss: 2.0993 min_lr: 1.0087258144947455e-05 max_lr: 0.00022121447765994747
2025-09-25 01:14:22,176: epoch: [48/200] acc1: 52.5510 acc5: 77.0727 loss: 2.0211 min_lr: 1.0028102102230836e-05 max_lr: 0.00021991718032682224
2025-09-25 01:15:14,616: epoch: [49/200] acc1: 50.3508 acc5: 72.2895 loss: 2.0618 min_lr: 9.967824161885132e-06 max_lr: 0.00021859527967786624
2025-09-25 01:17:45,935: [val] epoch: [49/200] acc1: 91.7425 acc5: 99.2381 loss: 0.5105
2025-09-25 01:18:38,312: epoch: [50/200] acc1: 54.4005 acc5: 76.8814 loss: 2.0424 min_lr: 9.906439969053209e-06 max_lr: 0.00021724911881246866
2025-09-25 01:19:30,581: epoch: [51/200] acc1: 48.5969 acc5: 70.0893 loss: 2.0691 min_lr: 9.84396545600583e-06 max_lr: 0.00021587904712675913
2025-09-25 01:20:23,089: epoch: [52/200] acc1: 51.6582 acc5: 74.7449 loss: 2.0610 min_lr: 9.780416838006436e-06 max_lr: 0.00021448542022292215
2025-09-25 01:21:15,390: epoch: [53/200] acc1: 52.4872 acc5: 75.7972 loss: 2.0682 min_lr: 9.715810609102465e-06 max_lr: 0.00021306859981690035
2025-09-25 01:22:07,753: epoch: [54/200] acc1: 47.9592 acc5: 72.9592 loss: 2.0750 min_lr: 9.650163537844326e-06 max_lr: 0.00021162895364451123
2025-09-25 01:23:00,111: epoch: [55/200] acc1: 51.4031 acc5: 72.1620 loss: 2.0726 min_lr: 9.583492662933125e-06 max_lr: 0.0002101668553660013
2025-09-25 01:23:52,342: epoch: [56/200] acc1: 48.7883 acc5: 71.4286 loss: 2.0089 min_lr: 9.515815288798262e-06 max_lr: 0.00020868268446906245
2025-09-25 01:24:44,618: epoch: [57/200] acc1: 56.9515 acc5: 78.4439 loss: 2.0030 min_lr: 9.447148981106068e-06 max_lr: 0.0002071768261703359
2025-09-25 01:25:36,943: epoch: [58/200] acc1: 49.6492 acc5: 69.9936 loss: 1.8956 min_lr: 9.377511562200634e-06 max_lr: 0.0002056496713154293
2025-09-25 01:26:29,325: epoch: [59/200] acc1: 47.9911 acc5: 72.3533 loss: 1.9568 min_lr: 9.306921106478025e-06 max_lr: 0.00020410161627747273
2025-09-25 01:29:00,505: [val] epoch: [59/200] acc1: 92.5714 acc5: 99.3616 loss: 0.4367
2025-09-25 01:29:03,958: Saved checkpoint to GeoMoE/NWPU/checkpoint-60
2025-09-25 01:29:56,262: epoch: [60/200] acc1: 53.8903 acc5: 75.6696 loss: 2.0147 min_lr: 9.235395935695068e-06 max_lr: 0.00020253306285423993
2025-09-25 01:30:48,491: epoch: [61/200] acc1: 49.5536 acc5: 74.4898 loss: 2.1350 min_lr: 9.16295461421393e-06 max_lr: 0.00020094441816386158
2025-09-25 01:31:40,710: epoch: [62/200] acc1: 51.3393 acc5: 73.5651 loss: 1.9980 min_lr: 9.08961594418375e-06 max_lr: 0.0001993360945391581
2025-09-25 01:32:32,998: epoch: [63/200] acc1: 55.9311 acc5: 82.7806 loss: 2.1253 min_lr: 9.015398960660533e-06 max_lr: 0.00019770850942061837
2025-09-25 01:33:25,297: epoch: [64/200] acc1: 58.8648 acc5: 79.2730 loss: 1.9095 min_lr: 8.940322926666604e-06 max_lr: 0.00019606208524805308
2025-09-25 01:34:17,615: epoch: [65/200] acc1: 50.6059 acc5: 72.6084 loss: 2.0188 min_lr: 8.864407328190881e-06 max_lr: 0.00019439724935095047
2025-09-25 01:35:09,902: epoch: [66/200] acc1: 58.3546 acc5: 79.3367 loss: 1.9146 min_lr: 8.787671869131296e-06 max_lr: 0.00019271443383756293
2025-09-25 01:36:02,124: epoch: [67/200] acc1: 49.4898 acc5: 77.7423 loss: 2.0233 min_lr: 8.71013646618064e-06 max_lr: 0.0001910140754827533
2025-09-25 01:36:54,270: epoch: [68/200] acc1: 55.5166 acc5: 79.3367 loss: 2.0485 min_lr: 8.631821243657191e-06 max_lr: 0.00018929661561463
2025-09-25 01:37:46,496: epoch: [69/200] acc1: 56.9515 acc5: 79.4005 loss: 1.9173 min_lr: 8.552746528281435e-06 max_lr: 0.00018756249999999999
2025-09-25 01:40:17,853: [val] epoch: [69/200] acc1: 92.8854 acc5: 99.3439 loss: 0.4619
2025-09-25 01:40:37,457: Saved checkpoint to GeoMoE/NWPU/checkpoint-70
2025-09-25 01:41:29,582: epoch: [70/200] acc1: 52.9656 acc5: 77.7423 loss: 1.9574 min_lr: 8.472932843900276e-06 max_lr: 0.00018581217872867042
2025-09-25 01:42:21,721: epoch: [71/200] acc1: 51.3074 acc5: 81.4094 loss: 1.9688 min_lr: 8.392400906160065e-06 max_lr: 0.00018404610609662743
2025-09-25 01:43:13,976: epoch: [72/200] acc1: 56.0268 acc5: 76.7857 loss: 1.8859 min_lr: 8.311171617129855e-06 max_lr: 0.00018226474048812388
2025-09-25 01:44:06,274: epoch: [73/200] acc1: 54.6875 acc5: 77.9337 loss: 1.9420 min_lr: 8.229266059876259e-06 max_lr: 0.00018046854425670528
2025-09-25 01:44:58,804: epoch: [74/200] acc1: 56.8878 acc5: 80.2296 loss: 1.9521 min_lr: 8.146705492991352e-06 max_lr: 0.00017865798360520638
2025-09-25 01:45:51,127: epoch: [75/200] acc1: 57.1429 acc5: 81.7283 loss: 1.9202 min_lr: 8.063511345075002e-06 max_lr: 0.000176833528464748
2025-09-25 01:46:43,365: epoch: [76/200] acc1: 52.0727 acc5: 76.4031 loss: 1.8487 min_lr: 7.979705209173055e-06 max_lr: 0.00017499565237276621
2025-09-25 01:47:35,650: epoch: [77/200] acc1: 53.9860 acc5: 76.2436 loss: 1.9288 min_lr: 7.895308837172892e-06 max_lr: 0.00017314483235010604
2025-09-25 01:48:27,993: epoch: [78/200] acc1: 49.2985 acc5: 72.2895 loss: 1.8966 min_lr: 7.810344134157689e-06 max_lr: 0.00017128154877721013
2025-09-25 01:49:20,423: epoch: [79/200] acc1: 60.0446 acc5: 84.3431 loss: 1.9922 min_lr: 7.724833152720978e-06 max_lr: 0.00016940628526943664
2025-09-25 01:51:51,754: [val] epoch: [79/200] acc1: 92.8501 acc5: 99.2875 loss: 0.4536
2025-09-25 01:52:44,071: epoch: [80/200] acc1: 47.9911 acc5: 77.6467 loss: 1.9950 min_lr: 7.638798087242894e-06 max_lr: 0.00016751952855153634
2025-09-25 01:53:36,383: epoch: [81/200] acc1: 63.0102 acc5: 81.4094 loss: 1.8687 min_lr: 7.552261268129601e-06 max_lr: 0.0001656217683313234
2025-09-25 01:54:28,641: epoch: [82/200] acc1: 56.0268 acc5: 79.0497 loss: 1.8334 min_lr: 7.465245156017456e-06 max_lr: 0.00016371349717257157
2025-09-25 01:55:20,961: epoch: [83/200] acc1: 50.6696 acc5: 73.3737 loss: 1.8819 min_lr: 7.37777233594334e-06 max_lr: 0.0001617952103671694
2025-09-25 01:56:13,382: epoch: [84/200] acc1: 58.9286 acc5: 79.7513 loss: 1.8308 min_lr: 7.289865511482709e-06 max_lr: 0.00015986740580656704
2025-09-25 01:57:05,690: epoch: [85/200] acc1: 58.8329 acc5: 81.1862 loss: 1.7722 min_lr: 7.201547498856886e-06 max_lr: 0.00015793058385254856
2025-09-25 01:57:57,993: epoch: [86/200] acc1: 55.6760 acc5: 75.0000 loss: 1.8585 min_lr: 7.112841221011104e-06 max_lr: 0.00015598524720736298
2025-09-25 01:58:50,346: epoch: [87/200] acc1: 58.3227 acc5: 82.4298 loss: 1.8726 min_lr: 7.023769701664859e-06 max_lr: 0.00015403190078324802
2025-09-25 01:59:42,571: epoch: [88/200] acc1: 57.6531 acc5: 80.5804 loss: 1.8682 min_lr: 6.9343560593360925e-06 max_lr: 0.00015207105157137983
2025-09-25 02:00:34,885: epoch: [89/200] acc1: 55.3890 acc5: 81.4094 loss: 1.8706 min_lr: 6.844623501340791e-06 max_lr: 0.00015010320851028357
2025-09-25 02:03:06,115: [val] epoch: [89/200] acc1: 93.4921 acc5: 99.3333 loss: 0.4348
2025-09-25 02:03:25,751: Saved checkpoint to GeoMoE/NWPU/checkpoint-90
2025-09-25 02:04:17,813: epoch: [90/200] acc1: 59.0561 acc5: 84.3750 loss: 1.8369 min_lr: 6.7545953177695205e-06 max_lr: 0.00014812888235373844
2025-09-25 02:05:10,095: epoch: [91/200] acc1: 52.3278 acc5: 80.9311 loss: 1.9238 min_lr: 6.66429487544248e-06 max_lr: 0.00014614858553821142
2025-09-25 02:06:02,327: epoch: [92/200] acc1: 61.6071 acc5: 84.8852 loss: 1.7549 min_lr: 6.573745611844648e-06 max_lr: 0.0001441628320498544
2025-09-25 02:06:54,587: epoch: [93/200] acc1: 56.7602 acc5: 76.5944 loss: 1.6609 min_lr: 6.482971029042572e-06 max_lr: 0.00014217213729109888
2025-09-25 02:07:47,070: epoch: [94/200] acc1: 59.3112 acc5: 81.5689 loss: 1.8045 min_lr: 6.391994687584415e-06 max_lr: 0.00014017701794688344
2025-09-25 02:08:39,390: epoch: [95/200] acc1: 51.7538 acc5: 77.8061 loss: 1.7801 min_lr: 6.3008402003848156e-06 max_lr: 0.00013817799185054824
2025-09-25 02:09:31,736: epoch: [96/200] acc1: 54.0179 acc5: 80.7717 loss: 1.8173 min_lr: 6.209531226596139e-06 max_lr: 0.0001361755778494309
2025-09-25 02:10:23,950: epoch: [97/200] acc1: 56.9196 acc5: 82.0791 loss: 1.9035 min_lr: 6.118091465467764e-06 max_lr: 0.0001341702956702001
2025-09-25 02:11:16,405: epoch: [98/200] acc1: 58.2908 acc5: 81.6008 loss: 1.8636 min_lr: 6.026544650194924e-06 max_lr: 0.00013216266578396023
2025-09-25 02:12:08,608: epoch: [99/200] acc1: 58.3546 acc5: 84.2793 loss: 1.9022 min_lr: 5.934914541758765e-06 max_lr: 0.00013015320927116324
2025-09-25 02:14:39,902: [val] epoch: [99/200] acc1: 93.4427 acc5: 99.1675 loss: 0.4465
2025-09-25 02:15:32,179: epoch: [100/200] acc1: 63.6798 acc5: 82.3342 loss: 1.7814 min_lr: 5.843224922759178e-06 max_lr: 0.00012814244768636203
2025-09-25 02:16:24,423: epoch: [101/200] acc1: 63.7436 acc5: 88.7117 loss: 1.7445 min_lr: 5.751499591242022e-06 max_lr: 0.00012613090292284108
2025-09-25 02:17:16,650: epoch: [102/200] acc1: 62.1492 acc5: 84.6620 loss: 1.7964 min_lr: 5.6597623545223475e-06 max_lr: 0.00012411909707715896
2025-09-25 02:18:08,920: epoch: [103/200] acc1: 63.2015 acc5: 82.6531 loss: 1.7962 min_lr: 5.5680370230051915e-06 max_lr: 0.000122107552313638
2025-09-25 02:19:01,222: epoch: [104/200] acc1: 65.4656 acc5: 85.3954 loss: 1.7581 min_lr: 5.476347404005605e-06 max_lr: 0.00012009679072883682
2025-09-25 02:19:53,542: epoch: [105/200] acc1: 54.3686 acc5: 77.3597 loss: 1.8421 min_lr: 5.3847172955694425e-06 max_lr: 0.00011808733421603975
2025-09-25 02:20:45,925: epoch: [106/200] acc1: 57.6212 acc5: 82.9082 loss: 1.8925 min_lr: 5.293170480296605e-06 max_lr: 0.00011607970432979993
2025-09-25 02:21:38,223: epoch: [107/200] acc1: 56.5689 acc5: 80.5804 loss: 1.7487 min_lr: 5.201730719168229e-06 max_lr: 0.00011407442215056912
2025-09-25 02:22:30,648: epoch: [108/200] acc1: 54.2411 acc5: 79.4643 loss: 1.7337 min_lr: 5.1104217453795544e-06 max_lr: 0.0001120720081494518
2025-09-25 02:23:23,016: epoch: [109/200] acc1: 64.4770 acc5: 85.9375 loss: 1.7112 min_lr: 5.019267258179953e-06 max_lr: 0.00011007298205311656
2025-09-25 02:25:54,324: [val] epoch: [109/200] acc1: 93.6579 acc5: 99.2346 loss: 0.4117
2025-09-25 02:25:57,684: Saved checkpoint to GeoMoE/NWPU/checkpoint-110
2025-09-25 02:26:49,906: epoch: [110/200] acc1: 57.7168 acc5: 82.5255 loss: 1.8308 min_lr: 4.928290916721797e-06 max_lr: 0.00010807786270890117
2025-09-25 02:27:42,254: epoch: [111/200] acc1: 50.6378 acc5: 77.8699 loss: 1.8175 min_lr: 4.83751633391972e-06 max_lr: 0.00010608716795014561
2025-09-25 02:28:34,440: epoch: [112/200] acc1: 57.4936 acc5: 81.1224 loss: 1.7866 min_lr: 4.746967070321887e-06 max_lr: 0.00010410141446178856
2025-09-25 02:29:26,728: epoch: [113/200] acc1: 53.4758 acc5: 79.4962 loss: 1.7300 min_lr: 4.656666627994848e-06 max_lr: 0.00010212111764626157
2025-09-25 02:30:18,968: epoch: [114/200] acc1: 56.9515 acc5: 82.0472 loss: 1.7351 min_lr: 4.566638444423578e-06 max_lr: 0.00010014679148971647
2025-09-25 02:31:11,167: epoch: [115/200] acc1: 57.1429 acc5: 81.1862 loss: 1.7679 min_lr: 4.4769058864282775e-06 max_lr: 9.817894842862022e-05
2025-09-25 02:32:03,668: epoch: [116/200] acc1: 50.0319 acc5: 74.0753 loss: 1.7707 min_lr: 4.3874922440995104e-06 max_lr: 9.621809921675201e-05
2025-09-25 02:32:55,970: epoch: [117/200] acc1: 49.5536 acc5: 72.1939 loss: 1.7358 min_lr: 4.2984207247532634e-06 max_lr: 9.4264752792637e-05
2025-09-25 02:33:48,136: epoch: [118/200] acc1: 56.8240 acc5: 82.5255 loss: 1.8029 min_lr: 4.209714446907482e-06 max_lr: 9.231941614745145e-05
2025-09-25 02:34:40,418: epoch: [119/200] acc1: 61.0332 acc5: 85.5867 loss: 1.7896 min_lr: 4.121396434281659e-06 max_lr: 9.038259419343297e-05
2025-09-25 02:37:11,609: [val] epoch: [119/200] acc1: 93.5591 acc5: 99.1640 loss: 0.4062
2025-09-25 02:38:03,956: epoch: [120/200] acc1: 59.8214 acc5: 82.9082 loss: 1.6652 min_lr: 4.033489609821029e-06 max_lr: 8.845478963283063e-05
2025-09-25 02:38:56,219: epoch: [121/200] acc1: 59.8214 acc5: 81.1543 loss: 1.7483 min_lr: 3.946016789746913e-06 max_lr: 8.653650282742844e-05
2025-09-25 02:39:48,521: epoch: [122/200] acc1: 60.9694 acc5: 84.3431 loss: 1.7283 min_lr: 3.859000677634767e-06 max_lr: 8.462823166867662e-05
2025-09-25 02:40:40,664: epoch: [123/200] acc1: 59.6301 acc5: 83.6097 loss: 1.7996 min_lr: 3.772463858521474e-06 max_lr: 8.273047144846366e-05
2025-09-25 02:41:32,874: epoch: [124/200] acc1: 67.4745 acc5: 86.9898 loss: 1.6753 min_lr: 3.686428793043388e-06 max_lr: 8.084371473056336e-05
2025-09-25 02:42:25,208: epoch: [125/200] acc1: 55.5166 acc5: 81.6327 loss: 1.7584 min_lr: 3.6009178116066798e-06 max_lr: 7.896845122278987e-05
2025-09-25 02:43:17,554: epoch: [126/200] acc1: 50.5740 acc5: 76.1798 loss: 1.8188 min_lr: 3.515953108591478e-06 max_lr: 7.710516764989402e-05
2025-09-25 02:44:09,900: epoch: [127/200] acc1: 56.4413 acc5: 80.3571 loss: 1.7101 min_lr: 3.431556736591313e-06 max_lr: 7.52543476272338e-05
2025-09-25 02:45:02,190: epoch: [128/200] acc1: 55.5485 acc5: 81.6327 loss: 1.6427 min_lr: 3.3477506006893687e-06 max_lr: 7.341647153525204e-05
2025-09-25 02:45:54,509: epoch: [129/200] acc1: 60.3954 acc5: 83.7372 loss: 1.7286 min_lr: 3.2645564527730146e-06 max_lr: 7.159201639479359e-05
2025-09-25 02:48:25,777: [val] epoch: [129/200] acc1: 93.8942 acc5: 99.1499 loss: 0.4154
2025-09-25 02:48:45,250: Saved checkpoint to GeoMoE/NWPU/checkpoint-130
2025-09-25 02:49:37,258: epoch: [130/200] acc1: 58.0995 acc5: 83.4821 loss: 1.7280 min_lr: 3.181995885888111e-06 max_lr: 6.978145574329475e-05
2025-09-25 02:50:29,645: epoch: [131/200] acc1: 61.0013 acc5: 85.9375 loss: 1.7422 min_lr: 3.1000903286345147e-06 max_lr: 6.798525951187615e-05
2025-09-25 02:51:21,869: epoch: [132/200] acc1: 53.4758 acc5: 80.5804 loss: 1.6360 min_lr: 3.018861039604303e-06 max_lr: 6.620389390337256e-05
2025-09-25 02:52:14,146: epoch: [133/200] acc1: 53.2525 acc5: 79.2092 loss: 1.6799 min_lr: 2.938329101864091e-06 max_lr: 6.443782127132957e-05
2025-09-25 02:53:06,409: epoch: [134/200] acc1: 60.9375 acc5: 84.6620 loss: 1.5893 min_lr: 2.8585154174829335e-06 max_lr: 6.268750000000003e-05
2025-09-25 02:53:58,621: epoch: [135/200] acc1: 53.6671 acc5: 80.7717 loss: 1.7126 min_lr: 2.7794407021071764e-06 max_lr: 6.095338438537002e-05
2025-09-25 02:54:51,285: epoch: [136/200] acc1: 63.5523 acc5: 84.7258 loss: 1.6775 min_lr: 2.7011254795837256e-06 max_lr: 5.923592451724666e-05
2025-09-25 02:55:43,595: epoch: [137/200] acc1: 59.9171 acc5: 81.7602 loss: 1.5952 min_lr: 2.623590076633072e-06 max_lr: 5.753556616243708e-05
2025-09-25 02:56:35,742: epoch: [138/200] acc1: 65.8163 acc5: 86.0969 loss: 1.6729 min_lr: 2.5468546175734863e-06 max_lr: 5.585275064904953e-05
2025-09-25 02:57:27,970: epoch: [139/200] acc1: 57.8444 acc5: 86.7666 loss: 1.7960 min_lr: 2.4709390190977647e-06 max_lr: 5.4187914751946934e-05
2025-09-25 02:59:59,083: [val] epoch: [139/200] acc1: 94.1482 acc5: 99.1252 loss: 0.4054
2025-09-25 03:00:18,882: Saved checkpoint to GeoMoE/NWPU/checkpoint-140
2025-09-25 03:01:10,928: epoch: [140/200] acc1: 70.8546 acc5: 88.9349 loss: 1.6159 min_lr: 2.395862985103836e-06 max_lr: 5.254149057938167e-05
2025-09-25 03:02:03,106: epoch: [141/200] acc1: 62.9464 acc5: 83.7691 loss: 1.7085 min_lr: 2.3216460015806193e-06 max_lr: 5.0913905460841916e-05
2025-09-25 03:02:55,375: epoch: [142/200] acc1: 58.3227 acc5: 83.2589 loss: 1.6837 min_lr: 2.2483073315504394e-06 max_lr: 4.930558183613844e-05
2025-09-25 03:03:47,516: epoch: [143/200] acc1: 52.1684 acc5: 75.9247 loss: 1.6560 min_lr: 2.1758660100693004e-06 max_lr: 4.77169371457601e-05
2025-09-25 03:04:39,726: epoch: [144/200] acc1: 58.0357 acc5: 81.9196 loss: 1.6609 min_lr: 2.104340839286343e-06 max_lr: 4.6148383722527277e-05
2025-09-25 03:05:32,076: epoch: [145/200] acc1: 67.2194 acc5: 88.8712 loss: 1.6432 min_lr: 2.033750383563736e-06 max_lr: 4.460032868457073e-05
2025-09-25 03:06:24,266: epoch: [146/200] acc1: 60.1722 acc5: 82.2704 loss: 1.6808 min_lr: 1.964112964658302e-06 max_lr: 4.307317382966414e-05
2025-09-25 03:07:16,462: epoch: [147/200] acc1: 60.6186 acc5: 89.0625 loss: 1.6509 min_lr: 1.8954466569661086e-06 max_lr: 4.1567315530937624e-05
2025-09-25 03:08:08,507: epoch: [148/200] acc1: 55.9949 acc5: 80.2296 loss: 1.6194 min_lr: 1.8277692828312426e-06 max_lr: 4.008314463399869e-05
2025-09-25 03:09:00,664: epoch: [149/200] acc1: 56.1862 acc5: 82.1429 loss: 1.6957 min_lr: 1.7610984079200427e-06 max_lr: 3.862104635548878e-05
2025-09-25 03:11:31,919: [val] epoch: [149/200] acc1: 94.0071 acc5: 99.1464 loss: 0.3917
2025-09-25 03:12:24,125: epoch: [150/200] acc1: 70.1849 acc5: 88.1059 loss: 1.6866 min_lr: 1.6954513366619056e-06 max_lr: 3.71814001830997e-05
2025-09-25 03:13:16,209: epoch: [151/200] acc1: 58.2908 acc5: 81.5051 loss: 1.7046 min_lr: 1.6308451077579335e-06 max_lr: 3.5764579777077894e-05
2025-09-25 03:14:08,535: epoch: [152/200] acc1: 65.0191 acc5: 86.8304 loss: 1.5981 min_lr: 1.5672964897585388e-06 max_lr: 3.43709528732409e-05
2025-09-25 03:15:00,606: epoch: [153/200] acc1: 53.9541 acc5: 81.0268 loss: 1.6324 min_lr: 1.5048219767111598e-06 max_lr: 3.300088118753135e-05
2025-09-25 03:15:52,796: epoch: [154/200] acc1: 56.7921 acc5: 82.7168 loss: 1.7383 min_lr: 1.4434377838792358e-06 max_lr: 3.165472032213374e-05
2025-09-25 03:16:45,067: epoch: [155/200] acc1: 54.4643 acc5: 80.6122 loss: 1.7442 min_lr: 1.3831598435335324e-06 max_lr: 3.033281967317779e-05
2025-09-25 03:17:37,287: epoch: [156/200] acc1: 53.0293 acc5: 80.0064 loss: 1.5977 min_lr: 1.324003800816913e-06 max_lr: 2.9035522340052524e-05
2025-09-25 03:18:29,478: epoch: [157/200] acc1: 61.6709 acc5: 84.6301 loss: 1.6509 min_lr: 1.2659850096836564e-06 max_lr: 2.776316503635512e-05
2025-09-25 03:19:21,626: epoch: [158/200] acc1: 57.4617 acc5: 79.8469 loss: 1.6283 min_lr: 1.2091185289143181e-06 max_lr: 2.6516078002496516e-05
2025-09-25 03:20:13,898: epoch: [159/200] acc1: 55.4847 acc5: 84.0880 loss: 1.7609 min_lr: 1.1534191182072416e-06 max_lr: 2.5294584919987817e-05
2025-09-25 03:22:45,084: [val] epoch: [159/200] acc1: 94.1411 acc5: 99.2452 loss: 0.3904
2025-09-25 03:23:37,202: epoch: [160/200] acc1: 56.8559 acc5: 80.8036 loss: 1.6197 min_lr: 1.098901234347661e-06 max_lr: 2.409900282742845e-05
2025-09-25 03:24:29,478: epoch: [161/200] acc1: 64.4770 acc5: 88.5204 loss: 1.5644 min_lr: 1.0455790274554547e-06 max_lr: 2.2929642038219014e-05
2025-09-25 03:25:21,812: epoch: [162/200] acc1: 58.8010 acc5: 84.3750 loss: 1.7395 min_lr: 9.934663373124762e-07 max_lr: 2.178680606001934e-05
2025-09-25 03:26:13,964: epoch: [163/200] acc1: 56.4094 acc5: 80.3253 loss: 1.6878 min_lr: 9.425766897704332e-07 max_lr: 2.0670791515972936e-05
2025-09-25 03:27:06,183: epoch: [164/200] acc1: 60.1403 acc5: 82.9400 loss: 1.5764 min_lr: 8.929232932402604e-07 max_lr: 1.9581888067718648e-05
2025-09-25 03:27:58,357: epoch: [165/200] acc1: 65.5931 acc5: 89.9235 loss: 1.6032 min_lr: 8.445190352638688e-07 max_lr: 1.8520378340208787e-05
2025-09-25 03:28:50,585: epoch: [166/200] acc1: 56.6645 acc5: 81.3457 loss: 1.6216 min_lr: 7.973764791691851e-07 max_lr: 1.7486537848353845e-05
2025-09-25 03:29:42,847: epoch: [167/200] acc1: 60.8737 acc5: 84.1518 loss: 1.6191 min_lr: 7.515078608093476e-07 max_lr: 1.6480634925512785e-05
2025-09-25 03:30:35,093: epoch: [168/200] acc1: 67.8571 acc5: 88.5204 loss: 1.6441 min_lr: 7.069250853868732e-07 max_lr: 1.5502930653846723e-05
2025-09-25 03:31:27,389: epoch: [169/200] acc1: 60.7781 acc5: 85.2041 loss: 1.7162 min_lr: 6.636397243636791e-07 max_lr: 1.4553678796555427e-05
2025-09-25 03:33:58,574: [val] epoch: [169/200] acc1: 94.3704 acc5: 99.2416 loss: 0.3877
2025-09-25 03:34:18,170: Saved checkpoint to GeoMoE/NWPU/checkpoint-170
2025-09-25 03:35:10,115: epoch: [170/200] acc1: 53.8903 acc5: 81.7283 loss: 1.6171 min_lr: 6.216630124576941e-07 max_lr: 1.3633125732012739e-05
2025-09-25 03:36:02,492: epoch: [171/200] acc1: 55.2296 acc5: 80.7079 loss: 1.6353 min_lr: 5.810058447268969e-07 max_lr: 1.2741510389819272e-05
2025-09-25 03:36:54,542: epoch: [172/200] acc1: 55.0383 acc5: 78.6033 loss: 1.6029 min_lr: 5.416787737415002e-07 max_lr: 1.1879064188788143e-05
2025-09-25 03:37:46,713: epoch: [173/200] acc1: 56.6326 acc5: 81.1224 loss: 1.6463 min_lr: 5.036920068450292e-07 max_lr: 1.1046010976880204e-05
2025-09-25 03:38:38,872: epoch: [174/200] acc1: 56.3775 acc5: 82.8125 loss: 1.5624 min_lr: 4.670554035050082e-07 max_lr: 1.0242566973104324e-05
2025-09-25 03:39:31,027: epoch: [175/200] acc1: 57.8763 acc5: 81.2181 loss: 1.5924 min_lr: 4.3177847275393136e-07 max_lr: 9.46894071139768e-06
2025-09-25 03:40:23,236: epoch: [176/200] acc1: 53.9541 acc5: 78.7628 loss: 1.6414 min_lr: 3.9787037072119246e-07 max_lr: 8.725332986500736e-06
2025-09-25 03:41:15,399: epoch: [177/200] acc1: 59.6620 acc5: 87.3724 loss: 1.6968 min_lr: 3.653398982566176e-07 max_lr: 8.011936801841112e-06
2025-09-25 03:42:07,524: epoch: [178/200] acc1: 68.3673 acc5: 90.4337 loss: 1.6292 min_lr: 3.3419549864619486e-07 max_lr: 7.328937319439323e-06
2025-09-25 03:42:59,656: epoch: [179/200] acc1: 58.9605 acc5: 83.4821 loss: 1.6715 min_lr: 3.0444525542062973e-07 max_lr: 6.676511811850209e-06
2025-09-25 03:45:30,961: [val] epoch: [179/200] acc1: 94.4162 acc5: 99.2028 loss: 0.3811
2025-09-25 03:45:34,326: Saved checkpoint to GeoMoE/NWPU/checkpoint-180
2025-09-25 03:46:26,402: epoch: [180/200] acc1: 56.2819 acc5: 78.5076 loss: 1.5787 min_lr: 2.7609689025725236e-07 max_lr: 6.054829616151563e-06
2025-09-25 03:47:18,434: epoch: [181/200] acc1: 62.1811 acc5: 84.4707 loss: 1.5783 min_lr: 2.4915776097586366e-07 max_lr: 5.4640520899928675e-06
2025-09-25 03:48:10,491: epoch: [182/200] acc1: 59.6301 acc5: 85.5230 loss: 1.6780 min_lr: 2.2363485962901217e-07 max_lr: 4.9043325697148895e-06
2025-09-25 03:49:02,718: epoch: [183/200] acc1: 64.0306 acc5: 86.3839 loss: 1.6278 min_lr: 1.99534810687203e-07 max_lr: 4.375816330551145e-06
2025-09-25 03:49:54,994: epoch: [184/200] acc1: 63.2015 acc5: 83.8010 loss: 1.6005 min_lr: 1.7686386931951826e-07 max_lr: 3.878640548921755e-06
2025-09-25 03:50:47,206: epoch: [185/200] acc1: 67.3469 acc5: 90.7207 loss: 1.6727 min_lr: 1.5562791977008897e-07 max_lr: 3.4129342668293316e-06
2025-09-25 03:51:39,449: epoch: [186/200] acc1: 62.7232 acc5: 83.0357 loss: 1.6679 min_lr: 1.358324738308347e-07 max_lr: 2.9788183583660144e-06
2025-09-25 03:52:31,711: epoch: [187/200] acc1: 63.9668 acc5: 84.3750 loss: 1.5905 min_lr: 1.1748266941088454e-07 max_lr: 2.5764054983407476e-06
2025-09-25 03:53:23,947: epoch: [188/200] acc1: 68.3355 acc5: 88.1378 loss: 1.5677 min_lr: 1.0058326920302472e-07 max_lr: 2.205800133034357e-06
2025-09-25 03:54:16,113: epoch: [189/200] acc1: 50.6059 acc5: 78.1888 loss: 1.7046 min_lr: 8.51386594475471e-08 max_lr: 1.8670984530906335e-06
2025-09-25 03:56:47,186: [val] epoch: [189/200] acc1: 94.4339 acc5: 99.2205 loss: 0.3750
2025-09-25 03:57:06,640: Saved checkpoint to GeoMoE/NWPU/checkpoint-190
2025-09-25 03:57:58,666: epoch: [190/200] acc1: 56.5689 acc5: 82.1747 loss: 1.6346 min_lr: 7.115284879379763e-08 max_lr: 1.560388368549991e-06
2025-09-25 04:00:29,976: [val] epoch: [190/200] acc1: 94.4480 acc5: 99.2099 loss: 0.3768
2025-09-25 04:00:49,347: Saved checkpoint to GeoMoE/NWPU/checkpoint-191
2025-09-25 04:01:41,379: epoch: [191/200] acc1: 46.5242 acc5: 77.5829 loss: 1.6813 min_lr: 5.8629467259732636e-08 max_lr: 1.2857494860324413e-06
2025-09-25 04:04:12,508: [val] epoch: [191/200] acc1: 94.4586 acc5: 99.2169 loss: 0.3772
2025-09-25 04:04:16,089: Saved checkpoint to GeoMoE/NWPU/checkpoint-192
2025-09-25 04:05:08,251: epoch: [192/200] acc1: 62.7232 acc5: 84.4707 loss: 1.6678 min_lr: 4.757176528974626e-08 max_lr: 1.0432530880756654e-06
2025-09-25 04:07:39,743: [val] epoch: [192/200] acc1: 94.4762 acc5: 99.2205 loss: 0.3774
2025-09-25 04:07:43,190: Saved checkpoint to GeoMoE/NWPU/checkpoint-193
2025-09-25 04:08:35,442: epoch: [193/200] acc1: 56.4732 acc5: 82.3661 loss: 1.6514 min_lr: 3.798261291101751e-08 max_lr: 8.329621146336277e-07
2025-09-25 04:11:06,880: [val] epoch: [193/200] acc1: 94.4762 acc5: 99.2240 loss: 0.3780
2025-09-25 04:11:10,168: Saved checkpoint to GeoMoE/NWPU/checkpoint-194
2025-09-25 04:12:02,621: epoch: [194/200] acc1: 54.9745 acc5: 81.8240 loss: 1.6729 min_lr: 2.986449898859575e-08 max_lr: 6.54931146740535e-07
2025-09-25 04:14:34,149: [val] epoch: [194/200] acc1: 94.4938 acc5: 99.2205 loss: 0.3780
2025-09-25 04:14:37,489: Saved checkpoint to GeoMoE/NWPU/checkpoint-195
2025-09-25 04:15:29,603: epoch: [195/200] acc1: 64.2219 acc5: 86.0332 loss: 1.5276 min_lr: 2.3219530579413517e-08 max_lr: 5.092063923442791e-07
2025-09-25 04:18:00,857: [val] epoch: [195/200] acc1: 94.4762 acc5: 99.2205 loss: 0.3768
2025-09-25 04:18:53,057: epoch: [196/200] acc1: 60.8418 acc5: 81.4732 loss: 1.5265 min_lr: 1.804943238540204e-08 max_lr: 3.958256743132106e-07
2025-09-25 04:21:24,261: [val] epoch: [196/200] acc1: 94.4833 acc5: 99.2205 loss: 0.3754
2025-09-25 04:22:16,483: epoch: [197/200] acc1: 55.0064 acc5: 83.9605 loss: 1.6614 min_lr: 1.4355546305844918e-08 max_lr: 3.148184206192152e-07
2025-09-25 04:24:47,798: [val] epoch: [197/200] acc1: 94.4833 acc5: 99.2205 loss: 0.3757
2025-09-25 04:25:40,028: epoch: [198/200] acc1: 64.4133 acc5: 85.7143 loss: 1.6672 min_lr: 1.2138831089083768e-08 max_lr: 2.6620565669958724e-07
2025-09-25 04:28:11,372: [val] epoch: [198/200] acc1: 94.4833 acc5: 99.2240 loss: 0.3758
2025-09-25 04:29:03,879: epoch: [199/200] acc1: 64.9872 acc5: 86.4796 loss: 1.5837 min_lr: 1.1399862083680688e-08 max_lr: 2.5e-07
2025-09-25 04:31:35,113: [val] epoch: [199/200] acc1: 94.4762 acc5: 99.2205 loss: 0.3758
2025-09-25 04:31:54,556: Saved checkpoint to GeoMoE/NWPU/checkpoint-200