2025-09-25 04:32:05,006: {
    "model": "GeoMoE",
    "lrd": "geo_lrd",
    "num_classes": 45,
    "dataset": "NWPU",
    "img_size": 320,
    "batch_size": 64,
    "TR": "28_0.json",
    "data_info": {
        "train_len": 6300,
        "val_len": 25200
    },
    "epochs": 200,
    "lr": 0.00025,
    "blr": 0.001,
    "layer_decay": 0.85,
    "drop_path": 0.1,
    "smoothing": 0.1,
    "mixup": 0.8,
    "cutmix": 1.0
}
2025-09-25 04:32:05,844: missing keys: ['pos_embed_det', 'fc_norm.weight', 'fc_norm.bias', 'head.weight', 'head.bias']
unexpected keys: ['pos_embed']
2025-09-25 04:32:06,198: layer decay optimizer: min_lr: 1.1399862083680687e-05 max_lr: 0.00025
2025-09-25 04:33:50,587: epoch: [0/200] acc1: 5.8355 acc5: 22.0663 loss: 3.7703 min_lr: 2.2799724167361374e-06 max_lr: 5e-05
2025-09-25 04:35:33,844: epoch: [1/200] acc1: 10.0446 acc5: 34.1518 loss: 3.5599 min_lr: 4.559944833472275e-06 max_lr: 0.0001
2025-09-25 04:37:17,389: epoch: [2/200] acc1: 15.0829 acc5: 41.2309 loss: 3.3362 min_lr: 6.8399172502084125e-06 max_lr: 0.00015
2025-09-25 04:39:00,972: epoch: [3/200] acc1: 19.8342 acc5: 44.1805 loss: 3.1740 min_lr: 9.11988966694455e-06 max_lr: 0.0002
2025-09-25 04:40:44,539: epoch: [4/200] acc1: 26.5944 acc5: 54.0976 loss: 3.0560 min_lr: 1.1399862083680687e-05 max_lr: 0.00025
2025-09-25 04:42:28,077: epoch: [5/200] acc1: 30.1020 acc5: 54.4962 loss: 2.8959 min_lr: 1.1399123114675285e-05 max_lr: 0.00024998379434330045
2025-09-25 04:44:11,635: epoch: [6/200] acc1: 34.3431 acc5: 59.0083 loss: 2.7282 min_lr: 1.1396906399458524e-05 max_lr: 0.00024993518157938083
2025-09-25 04:45:55,125: epoch: [7/200] acc1: 38.7596 acc5: 63.6798 loss: 2.6267 min_lr: 1.1393212513378966e-05 max_lr: 0.0002498541743256868
2025-09-25 04:47:38,408: epoch: [8/200] acc1: 37.5000 acc5: 61.2723 loss: 2.5874 min_lr: 1.1388042415184956e-05 max_lr: 0.00024974079360765575
2025-09-25 04:49:21,840: epoch: [9/200] acc1: 40.7047 acc5: 63.3929 loss: 2.4760 min_lr: 1.1381397446775772e-05 max_lr: 0.0002495950688532595
2025-09-25 04:51:36,463: [val] epoch: [9/200] acc1: 87.0476 acc5: 99.1071 loss: 0.7875
2025-09-25 04:53:19,888: epoch: [10/200] acc1: 43.7500 acc5: 67.1556 loss: 2.4201 min_lr: 1.1373279332853351e-05 max_lr: 0.0002494170378853664
2025-09-25 04:55:03,416: epoch: [11/200] acc1: 44.0210 acc5: 68.0963 loss: 2.4817 min_lr: 1.1363690180474622e-05 max_lr: 0.00024920674691192437
2025-09-25 04:56:46,898: epoch: [12/200] acc1: 43.6224 acc5: 69.8820 loss: 2.4918 min_lr: 1.1352632478504636e-05 max_lr: 0.00024896425051396754
2025-09-25 04:58:30,422: epoch: [13/200] acc1: 42.0121 acc5: 65.0989 loss: 2.3823 min_lr: 1.1340109096970571e-05 max_lr: 0.00024868961163145004
2025-09-25 05:00:13,841: epoch: [14/200] acc1: 45.4879 acc5: 69.0051 loss: 2.3519 min_lr: 1.1326123286316819e-05 max_lr: 0.00024838290154690935
2025-09-25 05:01:57,285: epoch: [15/200] acc1: 48.6767 acc5: 72.1939 loss: 2.3532 min_lr: 1.1310678676561342e-05 max_lr: 0.00024804419986696564
2025-09-25 05:03:40,866: epoch: [16/200] acc1: 44.6269 acc5: 67.7296 loss: 2.2981 min_lr: 1.1293779276353482e-05 max_lr: 0.00024767359450165923
2025-09-25 05:05:24,413: epoch: [17/200] acc1: 47.7997 acc5: 70.4241 loss: 2.2665 min_lr: 1.1275429471933532e-05 max_lr: 0.000247271181641634
2025-09-25 05:07:07,962: epoch: [18/200] acc1: 45.6473 acc5: 69.3080 loss: 2.2245 min_lr: 1.125563402599428e-05 max_lr: 0.00024683706573317066
2025-09-25 05:08:51,611: epoch: [19/200] acc1: 45.2966 acc5: 70.5995 loss: 2.2465 min_lr: 1.1234398076444849e-05 max_lr: 0.0002463713594510782
2025-09-25 05:11:06,290: [val] epoch: [19/200] acc1: 91.9603 acc5: 99.4325 loss: 0.5044
2025-09-25 05:12:49,910: epoch: [20/200] acc1: 49.9043 acc5: 72.8954 loss: 2.2129 min_lr: 1.1211727135077166e-05 max_lr: 0.0002458741836694489
2025-09-25 05:14:33,456: epoch: [21/200] acc1: 46.9228 acc5: 69.3399 loss: 2.2228 min_lr: 1.1187627086135355e-05 max_lr: 0.0002453456674302851
2025-09-25 05:16:16,953: epoch: [22/200] acc1: 47.4968 acc5: 71.1097 loss: 2.1418 min_lr: 1.1162104184788505e-05 max_lr: 0.00024478594791000713
2025-09-25 05:18:00,646: epoch: [23/200] acc1: 49.3304 acc5: 73.1824 loss: 2.1846 min_lr: 1.1135165055507117e-05 max_lr: 0.00024419517038384847
2025-09-25 05:19:44,083: epoch: [24/200] acc1: 47.1620 acc5: 69.4834 loss: 2.1826 min_lr: 1.1106816690343738e-05 max_lr: 0.00024357348818814978
2025-09-25 05:21:27,507: epoch: [25/200] acc1: 50.7653 acc5: 72.7360 loss: 2.1532 min_lr: 1.1077066447118172e-05 max_lr: 0.00024292106268056067
2025-09-25 05:23:10,962: epoch: [26/200] acc1: 53.0453 acc5: 76.9930 loss: 2.0646 min_lr: 1.1045922047507751e-05 max_lr: 0.00024223806319815893
2025-09-25 05:24:54,490: epoch: [27/200] acc1: 49.8565 acc5: 75.4145 loss: 2.1680 min_lr: 1.1013391575043176e-05 max_lr: 0.0002415246670134993
2025-09-25 05:26:37,930: epoch: [28/200] acc1: 51.7857 acc5: 75.5421 loss: 2.0979 min_lr: 1.0979483473010437e-05 max_lr: 0.00024078105928860235
2025-09-25 05:28:21,441: epoch: [29/200] acc1: 53.5714 acc5: 78.8106 loss: 2.1341 min_lr: 1.094420654225936e-05 max_lr: 0.00024000743302689568
2025-09-25 05:30:35,981: [val] epoch: [29/200] acc1: 93.7897 acc5: 99.5992 loss: 0.4108
2025-09-25 05:30:39,355: Saved checkpoint to GeoMoE/NWPU/checkpoint-30
2025-09-25 05:32:22,622: epoch: [30/200] acc1: 48.4694 acc5: 72.9432 loss: 2.0699 min_lr: 1.0907569938919338e-05 max_lr: 0.00023920398902311976
2025-09-25 05:34:06,337: epoch: [31/200] acc1: 56.7283 acc5: 79.3686 loss: 2.0628 min_lr: 1.0869583172022868e-05 max_lr: 0.00023837093581121187
2025-09-25 05:35:49,941: epoch: [32/200] acc1: 54.0019 acc5: 77.4554 loss: 2.0285 min_lr: 1.0830256101037471e-05 max_lr: 0.00023750848961018073
2025-09-25 05:37:33,359: epoch: [33/200] acc1: 52.9974 acc5: 77.1046 loss: 2.0496 min_lr: 1.0789598933306674e-05 max_lr: 0.00023661687426798728
2025-09-25 05:39:16,802: epoch: [34/200] acc1: 54.7353 acc5: 76.9292 loss: 2.0349 min_lr: 1.074762222140069e-05 max_lr: 0.0002356963212034446
2025-09-25 05:41:00,402: epoch: [35/200] acc1: 56.6645 acc5: 80.4369 loss: 2.0497 min_lr: 1.0704336860377494e-05 max_lr: 0.00023474706934615327
2025-09-25 05:42:44,056: epoch: [36/200] acc1: 52.2162 acc5: 76.1958 loss: 2.0095 min_lr: 1.0659754084955021e-05 max_lr: 0.00023376936507448723
2025-09-25 05:44:27,823: epoch: [37/200] acc1: 51.9133 acc5: 77.5510 loss: 2.0594 min_lr: 1.0613885466595183e-05 max_lr: 0.00023276346215164614
2025-09-25 05:46:11,566: epoch: [38/200] acc1: 53.8903 acc5: 77.1524 loss: 1.9785 min_lr: 1.05667429105005e-05 max_lr: 0.00023172962165979126
2025-09-25 05:47:55,233: epoch: [39/200] acc1: 53.1091 acc5: 75.6378 loss: 2.0284 min_lr: 1.0518338652524109e-05 max_lr: 0.00023066811193228138
2025-09-25 05:50:09,900: [val] epoch: [39/200] acc1: 93.6151 acc5: 99.6191 loss: 0.3934
2025-09-25 05:51:53,596: epoch: [40/200] acc1: 52.0727 acc5: 73.5969 loss: 1.9741 min_lr: 1.0468685255993934e-05 max_lr: 0.00022957920848402704
2025-09-25 05:53:37,247: epoch: [41/200] acc1: 50.1116 acc5: 74.9522 loss: 2.0044 min_lr: 1.0417795608451893e-05 max_lr: 0.00022846319393998068
2025-09-25 05:55:21,080: epoch: [42/200] acc1: 50.4624 acc5: 76.2596 loss: 1.9799 min_lr: 1.0365682918308912e-05 max_lr: 0.00022732035796178097
2025-09-25 05:57:05,060: epoch: [43/200] acc1: 52.4075 acc5: 74.9043 loss: 1.9678 min_lr: 1.0312360711416708e-05 max_lr: 0.00022615099717257156
2025-09-25 05:58:48,813: epoch: [44/200] acc1: 56.0108 acc5: 77.9815 loss: 1.9807 min_lr: 1.0257842827557127e-05 max_lr: 0.0002249554150800122
2025-09-25 06:00:32,776: epoch: [45/200] acc1: 54.4324 acc5: 77.8699 loss: 1.9630 min_lr: 1.0202143416850051e-05 max_lr: 0.0002237339219975035
2025-09-25 06:02:16,523: epoch: [46/200] acc1: 51.7060 acc5: 77.0249 loss: 2.0151 min_lr: 1.0145276936080712e-05 max_lr: 0.0002224868349636449
2025-09-25 06:04:00,227: epoch: [47/200] acc1: 53.6671 acc5: 78.5236 loss: 1.9343 min_lr: 1.0087258144947455e-05 max_lr: 0.00022121447765994747
2025-09-25 06:05:43,936: epoch: [48/200] acc1: 53.1250 acc5: 77.2800 loss: 2.0134 min_lr: 1.0028102102230836e-05 max_lr: 0.00021991718032682224
2025-09-25 06:07:27,706: epoch: [49/200] acc1: 50.0957 acc5: 72.8795 loss: 1.9660 min_lr: 9.967824161885132e-06 max_lr: 0.00021859527967786624
2025-09-25 06:09:42,397: [val] epoch: [49/200] acc1: 94.0278 acc5: 99.5119 loss: 0.3942
2025-09-25 06:10:02,807: Saved checkpoint to GeoMoE/NWPU/checkpoint-50
2025-09-25 06:11:46,110: epoch: [50/200] acc1: 53.8265 acc5: 77.3756 loss: 1.9584 min_lr: 9.906439969053209e-06 max_lr: 0.00021724911881246866
2025-09-25 06:13:29,797: epoch: [51/200] acc1: 51.8017 acc5: 77.6148 loss: 1.9231 min_lr: 9.84396545600583e-06 max_lr: 0.00021587904712675913
2025-09-25 06:15:13,439: epoch: [52/200] acc1: 55.7239 acc5: 79.5918 loss: 1.8932 min_lr: 9.780416838006436e-06 max_lr: 0.00021448542022292215
2025-09-25 06:16:57,176: epoch: [53/200] acc1: 55.1658 acc5: 80.2934 loss: 1.9783 min_lr: 9.715810609102465e-06 max_lr: 0.00021306859981690035
2025-09-25 06:18:40,723: epoch: [54/200] acc1: 56.0268 acc5: 79.6078 loss: 1.9185 min_lr: 9.650163537844326e-06 max_lr: 0.00021162895364451123
2025-09-25 06:20:24,601: epoch: [55/200] acc1: 54.7832 acc5: 79.5599 loss: 1.9595 min_lr: 9.583492662933125e-06 max_lr: 0.0002101668553660013
2025-09-25 06:22:08,192: epoch: [56/200] acc1: 53.5714 acc5: 77.0249 loss: 1.9086 min_lr: 9.515815288798262e-06 max_lr: 0.00020868268446906245
2025-09-25 06:23:52,011: epoch: [57/200] acc1: 53.6033 acc5: 76.6103 loss: 1.8875 min_lr: 9.447148981106068e-06 max_lr: 0.0002071768261703359
2025-09-25 06:25:35,786: epoch: [58/200] acc1: 51.9451 acc5: 77.9018 loss: 1.9907 min_lr: 9.377511562200634e-06 max_lr: 0.0002056496713154293
2025-09-25 06:27:19,619: epoch: [59/200] acc1: 55.5963 acc5: 77.1205 loss: 1.8347 min_lr: 9.306921106478025e-06 max_lr: 0.00020410161627747273
2025-09-25 06:29:34,373: [val] epoch: [59/200] acc1: 94.4087 acc5: 99.5198 loss: 0.3901
2025-09-25 06:29:55,276: Saved checkpoint to GeoMoE/NWPU/checkpoint-60
2025-09-25 06:31:38,853: epoch: [60/200] acc1: 60.9694 acc5: 83.6097 loss: 1.9349 min_lr: 9.235395935695068e-06 max_lr: 0.00020253306285423993
2025-09-25 06:33:22,655: epoch: [61/200] acc1: 54.8788 acc5: 80.2615 loss: 1.9213 min_lr: 9.16295461421393e-06 max_lr: 0.00020094441816386158
2025-09-25 06:35:06,163: epoch: [62/200] acc1: 54.3208 acc5: 79.1773 loss: 1.8404 min_lr: 9.08961594418375e-06 max_lr: 0.0001993360945391581
2025-09-25 06:36:49,862: epoch: [63/200] acc1: 49.5217 acc5: 76.6263 loss: 1.8953 min_lr: 9.015398960660533e-06 max_lr: 0.00019770850942061837
2025-09-25 06:38:33,671: epoch: [64/200] acc1: 52.6148 acc5: 77.4713 loss: 1.9188 min_lr: 8.940322926666604e-06 max_lr: 0.00019606208524805308
2025-09-25 06:40:17,288: epoch: [65/200] acc1: 58.6097 acc5: 82.1110 loss: 1.8770 min_lr: 8.864407328190881e-06 max_lr: 0.00019439724935095047
2025-09-25 06:42:00,953: epoch: [66/200] acc1: 56.2500 acc5: 79.6556 loss: 1.8960 min_lr: 8.787671869131296e-06 max_lr: 0.00019271443383756293
2025-09-25 06:43:44,499: epoch: [67/200] acc1: 55.7557 acc5: 78.2525 loss: 1.7944 min_lr: 8.71013646618064e-06 max_lr: 0.0001910140754827533
2025-09-25 06:45:28,072: epoch: [68/200] acc1: 53.8265 acc5: 78.7787 loss: 1.8280 min_lr: 8.631821243657191e-06 max_lr: 0.00018929661561463
2025-09-25 06:47:11,892: epoch: [69/200] acc1: 56.7761 acc5: 81.3616 loss: 1.8713 min_lr: 8.552746528281435e-06 max_lr: 0.00018756249999999999
2025-09-25 06:49:26,552: [val] epoch: [69/200] acc1: 94.8730 acc5: 99.5317 loss: 0.3502
2025-09-25 06:49:46,087: Saved checkpoint to GeoMoE/NWPU/checkpoint-70
2025-09-25 06:51:29,412: epoch: [70/200] acc1: 59.8055 acc5: 82.5733 loss: 1.8180 min_lr: 8.472932843900276e-06 max_lr: 0.00018581217872867042
2025-09-25 06:53:12,800: epoch: [71/200] acc1: 55.3731 acc5: 83.1951 loss: 1.9281 min_lr: 8.392400906160065e-06 max_lr: 0.00018404610609662743
2025-09-25 06:54:56,303: epoch: [72/200] acc1: 59.1677 acc5: 83.9605 loss: 1.8836 min_lr: 8.311171617129855e-06 max_lr: 0.00018226474048812388
2025-09-25 06:56:39,951: epoch: [73/200] acc1: 54.0179 acc5: 78.7628 loss: 1.8370 min_lr: 8.229266059876259e-06 max_lr: 0.00018046854425670528
2025-09-25 06:58:23,716: epoch: [74/200] acc1: 60.5708 acc5: 85.0606 loss: 1.8171 min_lr: 8.146705492991352e-06 max_lr: 0.00017865798360520638
2025-09-25 07:00:07,627: epoch: [75/200] acc1: 53.3163 acc5: 78.1250 loss: 1.8174 min_lr: 8.063511345075002e-06 max_lr: 0.000176833528464748
2025-09-25 07:01:51,532: epoch: [76/200] acc1: 54.4165 acc5: 79.3527 loss: 1.8349 min_lr: 7.979705209173055e-06 max_lr: 0.00017499565237276621
2025-09-25 07:03:35,119: epoch: [77/200] acc1: 54.2889 acc5: 80.5485 loss: 1.8357 min_lr: 7.895308837172892e-06 max_lr: 0.00017314483235010604
2025-09-25 07:05:18,964: epoch: [78/200] acc1: 61.3042 acc5: 83.0835 loss: 1.7892 min_lr: 7.810344134157689e-06 max_lr: 0.00017128154877721013
2025-09-25 07:07:02,562: epoch: [79/200] acc1: 58.9286 acc5: 83.3865 loss: 1.7792 min_lr: 7.724833152720978e-06 max_lr: 0.00016940628526943664
2025-09-25 07:09:17,182: [val] epoch: [79/200] acc1: 94.9167 acc5: 99.4008 loss: 0.3679
2025-09-25 07:09:38,108: Saved checkpoint to GeoMoE/NWPU/checkpoint-80
2025-09-25 07:11:21,482: epoch: [80/200] acc1: 57.7806 acc5: 83.4024 loss: 1.7148 min_lr: 7.638798087242894e-06 max_lr: 0.00016751952855153634
2025-09-25 07:13:05,210: epoch: [81/200] acc1: 59.0242 acc5: 81.0587 loss: 1.7863 min_lr: 7.552261268129601e-06 max_lr: 0.0001656217683313234
2025-09-25 07:14:48,985: epoch: [82/200] acc1: 59.0721 acc5: 83.3227 loss: 1.8337 min_lr: 7.465245156017456e-06 max_lr: 0.00016371349717257157
2025-09-25 07:16:32,426: epoch: [83/200] acc1: 55.2615 acc5: 80.4369 loss: 1.8003 min_lr: 7.37777233594334e-06 max_lr: 0.0001617952103671694
2025-09-25 07:18:15,888: epoch: [84/200] acc1: 57.8284 acc5: 84.4069 loss: 1.8253 min_lr: 7.289865511482709e-06 max_lr: 0.00015986740580656704
2025-09-25 07:19:59,480: epoch: [85/200] acc1: 63.4566 acc5: 84.0242 loss: 1.7174 min_lr: 7.201547498856886e-06 max_lr: 0.00015793058385254856
2025-09-25 07:21:42,957: epoch: [86/200] acc1: 55.5485 acc5: 81.3297 loss: 1.7550 min_lr: 7.112841221011104e-06 max_lr: 0.00015598524720736298
2025-09-25 07:23:26,754: epoch: [87/200] acc1: 54.4483 acc5: 80.5804 loss: 1.7957 min_lr: 7.023769701664859e-06 max_lr: 0.00015403190078324802
2025-09-25 07:25:10,712: epoch: [88/200] acc1: 61.8782 acc5: 85.4592 loss: 1.7252 min_lr: 6.9343560593360925e-06 max_lr: 0.00015207105157137983
2025-09-25 07:26:54,605: epoch: [89/200] acc1: 57.2385 acc5: 83.1633 loss: 1.7848 min_lr: 6.844623501340791e-06 max_lr: 0.00015010320851028357
2025-09-25 07:29:09,377: [val] epoch: [89/200] acc1: 95.2182 acc5: 99.5714 loss: 0.3799
2025-09-25 07:29:31,850: Saved checkpoint to GeoMoE/NWPU/checkpoint-90
2025-09-25 07:31:15,278: epoch: [90/200] acc1: 60.1722 acc5: 84.0402 loss: 1.7383 min_lr: 6.7545953177695205e-06 max_lr: 0.00014812888235373844
2025-09-25 07:32:58,933: epoch: [91/200] acc1: 57.4936 acc5: 80.3731 loss: 1.7855 min_lr: 6.66429487544248e-06 max_lr: 0.00014614858553821142
2025-09-25 07:34:42,780: epoch: [92/200] acc1: 61.1926 acc5: 86.1288 loss: 1.8168 min_lr: 6.573745611844648e-06 max_lr: 0.0001441628320498544
2025-09-25 07:36:26,328: epoch: [93/200] acc1: 58.8010 acc5: 81.3297 loss: 1.7221 min_lr: 6.482971029042572e-06 max_lr: 0.00014217213729109888
2025-09-25 07:38:09,841: epoch: [94/200] acc1: 51.8017 acc5: 78.5076 loss: 1.7134 min_lr: 6.391994687584415e-06 max_lr: 0.00014017701794688344
2025-09-25 07:39:53,406: epoch: [95/200] acc1: 59.8693 acc5: 84.3750 loss: 1.7715 min_lr: 6.3008402003848156e-06 max_lr: 0.00013817799185054824
2025-09-25 07:41:36,916: epoch: [96/200] acc1: 62.4362 acc5: 86.6869 loss: 1.7175 min_lr: 6.209531226596139e-06 max_lr: 0.0001361755778494309
2025-09-25 07:43:20,774: epoch: [97/200] acc1: 62.7870 acc5: 85.4592 loss: 1.7252 min_lr: 6.118091465467764e-06 max_lr: 0.0001341702956702001
2025-09-25 07:45:04,505: epoch: [98/200] acc1: 56.9515 acc5: 82.8125 loss: 1.7066 min_lr: 6.026544650194924e-06 max_lr: 0.00013216266578396023
2025-09-25 07:46:48,148: epoch: [99/200] acc1: 62.9624 acc5: 84.8533 loss: 1.7581 min_lr: 5.934914541758765e-06 max_lr: 0.00013015320927116324
2025-09-25 07:49:02,636: [val] epoch: [99/200] acc1: 95.2182 acc5: 99.4087 loss: 0.3530
2025-09-25 07:49:22,079: Saved checkpoint to GeoMoE/NWPU/checkpoint-100
2025-09-25 07:51:05,206: epoch: [100/200] acc1: 57.8125 acc5: 82.1110 loss: 1.6971 min_lr: 5.843224922759178e-06 max_lr: 0.00012814244768636203
2025-09-25 07:52:48,621: epoch: [101/200] acc1: 59.2156 acc5: 85.1244 loss: 1.6884 min_lr: 5.751499591242022e-06 max_lr: 0.00012613090292284108
2025-09-25 07:54:32,263: epoch: [102/200] acc1: 62.7232 acc5: 87.3884 loss: 1.6632 min_lr: 5.6597623545223475e-06 max_lr: 0.00012411909707715896
2025-09-25 07:56:15,934: epoch: [103/200] acc1: 58.4184 acc5: 82.8603 loss: 1.6802 min_lr: 5.5680370230051915e-06 max_lr: 0.000122107552313638
2025-09-25 07:57:59,784: epoch: [104/200] acc1: 57.8444 acc5: 82.8125 loss: 1.6724 min_lr: 5.476347404005605e-06 max_lr: 0.00012009679072883682
2025-09-25 07:59:43,452: epoch: [105/200] acc1: 55.9790 acc5: 82.7647 loss: 1.7385 min_lr: 5.3847172955694425e-06 max_lr: 0.00011808733421603975
2025-09-25 08:01:27,175: epoch: [106/200] acc1: 55.1818 acc5: 81.3297 loss: 1.7103 min_lr: 5.293170480296605e-06 max_lr: 0.00011607970432979993
2025-09-25 08:03:10,863: epoch: [107/200] acc1: 61.1607 acc5: 86.3839 loss: 1.7178 min_lr: 5.201730719168229e-06 max_lr: 0.00011407442215056912
2025-09-25 08:04:54,743: epoch: [108/200] acc1: 51.8654 acc5: 78.5236 loss: 1.6885 min_lr: 5.1104217453795544e-06 max_lr: 0.0001120720081494518
2025-09-25 08:06:38,618: epoch: [109/200] acc1: 56.9196 acc5: 82.6849 loss: 1.6712 min_lr: 5.019267258179953e-06 max_lr: 0.00011007298205311656
2025-09-25 08:08:53,267: [val] epoch: [109/200] acc1: 95.4127 acc5: 99.5198 loss: 0.2887
2025-09-25 08:09:13,094: Saved checkpoint to GeoMoE/NWPU/checkpoint-110
2025-09-25 08:10:56,216: epoch: [110/200] acc1: 59.8055 acc5: 82.8444 loss: 1.7099 min_lr: 4.928290916721797e-06 max_lr: 0.00010807786270890117
2025-09-25 08:12:39,687: epoch: [111/200] acc1: 56.6486 acc5: 81.3297 loss: 1.7367 min_lr: 4.83751633391972e-06 max_lr: 0.00010608716795014561
2025-09-25 08:14:23,309: epoch: [112/200] acc1: 58.9286 acc5: 85.3795 loss: 1.7045 min_lr: 4.746967070321887e-06 max_lr: 0.00010410141446178856
2025-09-25 08:16:06,972: epoch: [113/200] acc1: 59.4069 acc5: 85.3635 loss: 1.7121 min_lr: 4.656666627994848e-06 max_lr: 0.00010212111764626157
2025-09-25 08:17:50,664: epoch: [114/200] acc1: 58.8329 acc5: 84.0402 loss: 1.6895 min_lr: 4.566638444423578e-06 max_lr: 0.00010014679148971647
2025-09-25 08:19:34,312: epoch: [115/200] acc1: 58.3705 acc5: 83.4343 loss: 1.6503 min_lr: 4.4769058864282775e-06 max_lr: 9.817894842862022e-05
2025-09-25 08:21:18,015: epoch: [116/200] acc1: 65.0032 acc5: 87.3406 loss: 1.6529 min_lr: 4.3874922440995104e-06 max_lr: 9.621809921675201e-05
2025-09-25 08:23:01,788: epoch: [117/200] acc1: 55.6601 acc5: 81.6486 loss: 1.6564 min_lr: 4.2984207247532634e-06 max_lr: 9.4264752792637e-05
2025-09-25 08:24:45,333: epoch: [118/200] acc1: 56.7443 acc5: 82.2226 loss: 1.7037 min_lr: 4.209714446907482e-06 max_lr: 9.231941614745145e-05
2025-09-25 08:26:28,918: epoch: [119/200] acc1: 53.5874 acc5: 81.5689 loss: 1.6854 min_lr: 4.121396434281659e-06 max_lr: 9.038259419343297e-05
2025-09-25 08:28:43,808: [val] epoch: [119/200] acc1: 95.5635 acc5: 99.4008 loss: 0.3414
2025-09-25 08:29:02,278: Saved checkpoint to GeoMoE/NWPU/checkpoint-120
2025-09-25 08:30:45,841: epoch: [120/200] acc1: 61.8463 acc5: 84.7576 loss: 1.5820 min_lr: 4.033489609821029e-06 max_lr: 8.845478963283063e-05
2025-09-25 08:32:29,664: epoch: [121/200] acc1: 61.4318 acc5: 86.0969 loss: 1.6346 min_lr: 3.946016789746913e-06 max_lr: 8.653650282742844e-05
2025-09-25 08:34:13,554: epoch: [122/200] acc1: 56.4732 acc5: 81.2181 loss: 1.6098 min_lr: 3.859000677634767e-06 max_lr: 8.462823166867662e-05
2025-09-25 08:35:57,328: epoch: [123/200] acc1: 57.1907 acc5: 82.2066 loss: 1.6891 min_lr: 3.772463858521474e-06 max_lr: 8.273047144846366e-05
2025-09-25 08:37:41,139: epoch: [124/200] acc1: 57.4777 acc5: 83.2589 loss: 1.6312 min_lr: 3.686428793043388e-06 max_lr: 8.084371473056336e-05
2025-09-25 08:39:24,793: epoch: [125/200] acc1: 56.4892 acc5: 83.2589 loss: 1.6494 min_lr: 3.6009178116066798e-06 max_lr: 7.896845122278987e-05
2025-09-25 08:41:08,743: epoch: [126/200] acc1: 62.9305 acc5: 85.4911 loss: 1.5506 min_lr: 3.515953108591478e-06 max_lr: 7.710516764989402e-05
2025-09-25 08:42:52,291: epoch: [127/200] acc1: 59.3272 acc5: 83.7691 loss: 1.6746 min_lr: 3.431556736591313e-06 max_lr: 7.52543476272338e-05
2025-09-25 08:44:36,214: epoch: [128/200] acc1: 60.8897 acc5: 85.0446 loss: 1.5564 min_lr: 3.3477506006893687e-06 max_lr: 7.341647153525204e-05
2025-09-25 08:46:19,925: epoch: [129/200] acc1: 64.0944 acc5: 84.9809 loss: 1.5962 min_lr: 3.2645564527730146e-06 max_lr: 7.159201639479359e-05
2025-09-25 08:48:34,524: [val] epoch: [129/200] acc1: 95.4921 acc5: 99.4802 loss: 0.3165
2025-09-25 08:50:18,227: epoch: [130/200] acc1: 62.7232 acc5: 86.9260 loss: 1.6287 min_lr: 3.181995885888111e-06 max_lr: 6.978145574329475e-05
2025-09-25 08:52:01,939: epoch: [131/200] acc1: 58.1314 acc5: 82.2066 loss: 1.6360 min_lr: 3.1000903286345147e-06 max_lr: 6.798525951187615e-05
2025-09-25 08:53:45,661: epoch: [132/200] acc1: 57.5415 acc5: 85.2997 loss: 1.6603 min_lr: 3.018861039604303e-06 max_lr: 6.620389390337256e-05
2025-09-25 08:55:29,249: epoch: [133/200] acc1: 64.3654 acc5: 89.4452 loss: 1.6403 min_lr: 2.938329101864091e-06 max_lr: 6.443782127132957e-05
2025-09-25 08:57:13,080: epoch: [134/200] acc1: 58.5619 acc5: 82.1269 loss: 1.5745 min_lr: 2.8585154174829335e-06 max_lr: 6.268750000000003e-05
2025-09-25 08:58:56,600: epoch: [135/200] acc1: 57.6212 acc5: 83.0038 loss: 1.6030 min_lr: 2.7794407021071764e-06 max_lr: 6.095338438537002e-05
2025-09-25 09:00:40,290: epoch: [136/200] acc1: 57.6052 acc5: 84.2953 loss: 1.6447 min_lr: 2.7011254795837256e-06 max_lr: 5.923592451724666e-05
2025-09-25 09:02:23,897: epoch: [137/200] acc1: 58.6894 acc5: 84.0561 loss: 1.5872 min_lr: 2.623590076633072e-06 max_lr: 5.753556616243708e-05
2025-09-25 09:04:07,272: epoch: [138/200] acc1: 62.1971 acc5: 87.2768 loss: 1.6244 min_lr: 2.5468546175734863e-06 max_lr: 5.585275064904953e-05
2025-09-25 09:05:50,990: epoch: [139/200] acc1: 56.5689 acc5: 82.2385 loss: 1.6062 min_lr: 2.4709390190977647e-06 max_lr: 5.4187914751946934e-05
2025-09-25 09:08:05,743: [val] epoch: [139/200] acc1: 95.6151 acc5: 99.4365 loss: 0.3175
2025-09-25 09:08:24,029: Saved checkpoint to GeoMoE/NWPU/checkpoint-140
2025-09-25 09:10:07,234: epoch: [140/200] acc1: 63.7117 acc5: 86.8941 loss: 1.5811 min_lr: 2.395862985103836e-06 max_lr: 5.254149057938167e-05
2025-09-25 09:11:50,615: epoch: [141/200] acc1: 61.5274 acc5: 85.3635 loss: 1.5437 min_lr: 2.3216460015806193e-06 max_lr: 5.0913905460841916e-05
2025-09-25 09:13:34,211: epoch: [142/200] acc1: 61.0172 acc5: 88.9190 loss: 1.6538 min_lr: 2.2483073315504394e-06 max_lr: 4.930558183613844e-05
2025-09-25 09:15:17,874: epoch: [143/200] acc1: 64.9713 acc5: 89.4770 loss: 1.5949 min_lr: 2.1758660100693004e-06 max_lr: 4.77169371457601e-05
2025-09-25 09:17:01,643: epoch: [144/200] acc1: 60.2679 acc5: 86.6071 loss: 1.5988 min_lr: 2.104340839286343e-06 max_lr: 4.6148383722527277e-05
2025-09-25 09:18:45,536: epoch: [145/200] acc1: 62.9783 acc5: 86.6869 loss: 1.5692 min_lr: 2.033750383563736e-06 max_lr: 4.460032868457073e-05
2025-09-25 09:20:29,335: epoch: [146/200] acc1: 57.7806 acc5: 81.6964 loss: 1.5299 min_lr: 1.964112964658302e-06 max_lr: 4.307317382966414e-05
2025-09-25 09:22:12,882: epoch: [147/200] acc1: 63.0580 acc5: 87.0695 loss: 1.6060 min_lr: 1.8954466569661086e-06 max_lr: 4.1567315530937624e-05
2025-09-25 09:23:56,417: epoch: [148/200] acc1: 61.5753 acc5: 85.6983 loss: 1.5841 min_lr: 1.8277692828312426e-06 max_lr: 4.008314463399869e-05
2025-09-25 09:25:40,041: epoch: [149/200] acc1: 66.1830 acc5: 90.0191 loss: 1.5651 min_lr: 1.7610984079200427e-06 max_lr: 3.862104635548878e-05
2025-09-25 09:27:54,966: [val] epoch: [149/200] acc1: 95.8968 acc5: 99.5000 loss: 0.2949
2025-09-25 09:28:12,834: Saved checkpoint to GeoMoE/NWPU/checkpoint-150
2025-09-25 09:29:56,135: epoch: [150/200] acc1: 67.5542 acc5: 90.3699 loss: 1.6097 min_lr: 1.6954513366619056e-06 max_lr: 3.71814001830997e-05
2025-09-25 09:31:40,090: epoch: [151/200] acc1: 57.8125 acc5: 86.3361 loss: 1.6325 min_lr: 1.6308451077579335e-06 max_lr: 3.5764579777077894e-05
2025-09-25 09:33:23,736: epoch: [152/200] acc1: 62.3406 acc5: 87.6754 loss: 1.5502 min_lr: 1.5672964897585388e-06 max_lr: 3.43709528732409e-05
2025-09-25 09:35:07,664: epoch: [153/200] acc1: 58.9764 acc5: 82.3820 loss: 1.5837 min_lr: 1.5048219767111598e-06 max_lr: 3.300088118753135e-05
2025-09-25 09:36:51,533: epoch: [154/200] acc1: 66.6135 acc5: 89.6843 loss: 1.5567 min_lr: 1.4434377838792358e-06 max_lr: 3.165472032213374e-05
2025-09-25 09:38:35,468: epoch: [155/200] acc1: 61.0013 acc5: 85.4751 loss: 1.6009 min_lr: 1.3831598435335324e-06 max_lr: 3.033281967317779e-05
2025-09-25 09:40:19,349: epoch: [156/200] acc1: 59.1199 acc5: 85.5708 loss: 1.6586 min_lr: 1.324003800816913e-06 max_lr: 2.9035522340052524e-05
2025-09-25 09:42:03,195: epoch: [157/200] acc1: 61.1129 acc5: 85.3157 loss: 1.5633 min_lr: 1.2659850096836564e-06 max_lr: 2.776316503635512e-05
2025-09-25 09:43:46,883: epoch: [158/200] acc1: 65.6250 acc5: 88.5842 loss: 1.5782 min_lr: 1.2091185289143181e-06 max_lr: 2.6516078002496516e-05
2025-09-25 09:45:30,737: epoch: [159/200] acc1: 65.3221 acc5: 88.4566 loss: 1.5572 min_lr: 1.1534191182072416e-06 max_lr: 2.5294584919987817e-05
2025-09-25 09:47:45,522: [val] epoch: [159/200] acc1: 95.9762 acc5: 99.5000 loss: 0.3050
2025-09-25 09:48:03,259: Saved checkpoint to GeoMoE/NWPU/checkpoint-160
2025-09-25 09:49:47,208: epoch: [160/200] acc1: 57.5893 acc5: 86.0810 loss: 1.5961 min_lr: 1.098901234347661e-06 max_lr: 2.409900282742845e-05
2025-09-25 09:51:31,190: epoch: [161/200] acc1: 64.1900 acc5: 85.0287 loss: 1.5710 min_lr: 1.0455790274554547e-06 max_lr: 2.2929642038219014e-05
2025-09-25 09:53:15,157: epoch: [162/200] acc1: 64.7003 acc5: 85.5548 loss: 1.5065 min_lr: 9.934663373124762e-07 max_lr: 2.178680606001934e-05
2025-09-25 09:54:58,710: epoch: [163/200] acc1: 52.9974 acc5: 80.8514 loss: 1.6067 min_lr: 9.425766897704332e-07 max_lr: 2.0670791515972936e-05
2025-09-25 09:56:42,557: epoch: [164/200] acc1: 61.5753 acc5: 86.4636 loss: 1.6267 min_lr: 8.929232932402604e-07 max_lr: 1.9581888067718648e-05
2025-09-25 09:58:26,312: epoch: [165/200] acc1: 60.6027 acc5: 84.8055 loss: 1.5041 min_lr: 8.445190352638688e-07 max_lr: 1.8520378340208787e-05
2025-09-25 10:00:10,146: epoch: [166/200] acc1: 55.6920 acc5: 85.6505 loss: 1.6024 min_lr: 7.973764791691851e-07 max_lr: 1.7486537848353845e-05
2025-09-25 10:01:53,999: epoch: [167/200] acc1: 57.4458 acc5: 84.4228 loss: 1.5689 min_lr: 7.515078608093476e-07 max_lr: 1.6480634925512785e-05
2025-09-25 10:03:37,709: epoch: [168/200] acc1: 66.7889 acc5: 87.2608 loss: 1.5035 min_lr: 7.069250853868732e-07 max_lr: 1.5502930653846723e-05
2025-09-25 10:05:21,630: epoch: [169/200] acc1: 58.5938 acc5: 84.5025 loss: 1.6025 min_lr: 6.636397243636791e-07 max_lr: 1.4553678796555427e-05
2025-09-25 10:07:36,727: [val] epoch: [169/200] acc1: 96.0238 acc5: 99.5040 loss: 0.3074
2025-09-25 10:07:54,576: Saved checkpoint to GeoMoE/NWPU/checkpoint-170
2025-09-25 10:09:38,202: epoch: [170/200] acc1: 62.0536 acc5: 85.3954 loss: 1.5293 min_lr: 6.216630124576941e-07 max_lr: 1.3633125732012739e-05
2025-09-25 10:11:22,241: epoch: [171/200] acc1: 64.6046 acc5: 89.0306 loss: 1.5363 min_lr: 5.810058447268969e-07 max_lr: 1.2741510389819272e-05
2025-09-25 10:13:06,072: epoch: [172/200] acc1: 62.3087 acc5: 87.3406 loss: 1.6052 min_lr: 5.416787737415002e-07 max_lr: 1.1879064188788143e-05
2025-09-25 10:14:49,993: epoch: [173/200] acc1: 61.6550 acc5: 84.2634 loss: 1.5342 min_lr: 5.036920068450292e-07 max_lr: 1.1046010976880204e-05
2025-09-25 10:16:33,930: epoch: [174/200] acc1: 63.2494 acc5: 85.6664 loss: 1.5840 min_lr: 4.670554035050082e-07 max_lr: 1.0242566973104324e-05
2025-09-25 10:18:17,895: epoch: [175/200] acc1: 53.0612 acc5: 80.6920 loss: 1.5527 min_lr: 4.3177847275393136e-07 max_lr: 9.46894071139768e-06
2025-09-25 10:20:01,498: epoch: [176/200] acc1: 59.6301 acc5: 85.2997 loss: 1.5812 min_lr: 3.9787037072119246e-07 max_lr: 8.725332986500736e-06
2025-09-25 10:21:45,198: epoch: [177/200] acc1: 62.0536 acc5: 87.9783 loss: 1.5730 min_lr: 3.653398982566176e-07 max_lr: 8.011936801841112e-06
2025-09-25 10:23:29,010: epoch: [178/200] acc1: 59.2793 acc5: 86.4955 loss: 1.5606 min_lr: 3.3419549864619486e-07 max_lr: 7.328937319439323e-06
2025-09-25 10:25:12,682: epoch: [179/200] acc1: 63.0899 acc5: 87.6275 loss: 1.5861 min_lr: 3.0444525542062973e-07 max_lr: 6.676511811850209e-06
2025-09-25 10:27:27,520: [val] epoch: [179/200] acc1: 96.0317 acc5: 99.5079 loss: 0.3036
2025-09-25 10:27:45,204: Saved checkpoint to GeoMoE/NWPU/checkpoint-180
2025-09-25 10:29:28,791: epoch: [180/200] acc1: 60.1881 acc5: 84.4388 loss: 1.4611 min_lr: 2.7609689025725236e-07 max_lr: 6.054829616151563e-06
2025-09-25 10:31:12,545: epoch: [181/200] acc1: 61.9898 acc5: 88.3450 loss: 1.5397 min_lr: 2.4915776097586366e-07 max_lr: 5.4640520899928675e-06
2025-09-25 10:32:56,453: epoch: [182/200] acc1: 60.1244 acc5: 85.5230 loss: 1.6655 min_lr: 2.2363485962901217e-07 max_lr: 4.9043325697148895e-06
2025-09-25 10:34:40,460: epoch: [183/200] acc1: 60.1244 acc5: 84.8533 loss: 1.5443 min_lr: 1.99534810687203e-07 max_lr: 4.375816330551145e-06
2025-09-25 10:36:24,243: epoch: [184/200] acc1: 62.3724 acc5: 88.3291 loss: 1.5382 min_lr: 1.7686386931951826e-07 max_lr: 3.878640548921755e-06
2025-09-25 10:38:08,136: epoch: [185/200] acc1: 60.1881 acc5: 83.4662 loss: 1.5482 min_lr: 1.5562791977008897e-07 max_lr: 3.4129342668293316e-06
2025-09-25 10:39:51,821: epoch: [186/200] acc1: 63.5682 acc5: 88.5682 loss: 1.5453 min_lr: 1.358324738308347e-07 max_lr: 2.9788183583660144e-06
2025-09-25 10:41:35,467: epoch: [187/200] acc1: 69.6429 acc5: 91.0714 loss: 1.5448 min_lr: 1.1748266941088454e-07 max_lr: 2.5764054983407476e-06
2025-09-25 10:43:19,195: epoch: [188/200] acc1: 64.0306 acc5: 88.3610 loss: 1.5322 min_lr: 1.0058326920302472e-07 max_lr: 2.205800133034357e-06
2025-09-25 10:45:02,798: epoch: [189/200] acc1: 59.6620 acc5: 85.0925 loss: 1.5689 min_lr: 8.51386594475471e-08 max_lr: 1.8670984530906335e-06
2025-09-25 10:47:17,378: [val] epoch: [189/200] acc1: 96.0516 acc5: 99.4841 loss: 0.2980
2025-09-25 10:47:37,146: Saved checkpoint to GeoMoE/NWPU/checkpoint-190
2025-09-25 10:49:20,868: epoch: [190/200] acc1: 65.3858 acc5: 86.7347 loss: 1.5008 min_lr: 7.115284879379763e-08 max_lr: 1.560388368549991e-06
2025-09-25 10:51:35,544: [val] epoch: [190/200] acc1: 96.0317 acc5: 99.4881 loss: 0.2982
2025-09-25 10:53:19,325: epoch: [191/200] acc1: 64.8438 acc5: 89.2060 loss: 1.5573 min_lr: 5.8629467259732636e-08 max_lr: 1.2857494860324413e-06
2025-09-25 10:55:34,227: [val] epoch: [191/200] acc1: 96.0436 acc5: 99.5000 loss: 0.2985
2025-09-25 10:57:17,991: epoch: [192/200] acc1: 58.8648 acc5: 86.3361 loss: 1.5951 min_lr: 4.757176528974626e-08 max_lr: 1.0432530880756654e-06
2025-09-25 10:59:32,804: [val] epoch: [192/200] acc1: 96.0476 acc5: 99.4960 loss: 0.3001
2025-09-25 11:01:16,534: epoch: [193/200] acc1: 60.5548 acc5: 83.6416 loss: 1.5317 min_lr: 3.798261291101751e-08 max_lr: 8.329621146336277e-07
2025-09-25 11:03:31,229: [val] epoch: [193/200] acc1: 96.0476 acc5: 99.5000 loss: 0.2988
2025-09-25 11:05:14,905: epoch: [194/200] acc1: 61.7666 acc5: 86.8941 loss: 1.5290 min_lr: 2.986449898859575e-08 max_lr: 6.54931146740535e-07
2025-09-25 11:07:29,775: [val] epoch: [194/200] acc1: 96.0238 acc5: 99.4960 loss: 0.2988
2025-09-25 11:09:13,594: epoch: [195/200] acc1: 60.4273 acc5: 86.2883 loss: 1.5390 min_lr: 2.3219530579413517e-08 max_lr: 5.092063923442791e-07
2025-09-25 11:11:28,436: [val] epoch: [195/200] acc1: 96.0238 acc5: 99.4960 loss: 0.2979
2025-09-25 11:13:11,928: epoch: [196/200] acc1: 62.6754 acc5: 87.8667 loss: 1.5769 min_lr: 1.804943238540204e-08 max_lr: 3.958256743132106e-07
2025-09-25 11:15:26,702: [val] epoch: [196/200] acc1: 96.0198 acc5: 99.4960 loss: 0.2979
2025-09-25 11:17:10,400: epoch: [197/200] acc1: 56.7602 acc5: 87.4681 loss: 1.5940 min_lr: 1.4355546305844918e-08 max_lr: 3.148184206192152e-07
2025-09-25 11:19:25,203: [val] epoch: [197/200] acc1: 96.0397 acc5: 99.4921 loss: 0.2984
2025-09-25 11:21:08,899: epoch: [198/200] acc1: 64.7959 acc5: 88.5204 loss: 1.5639 min_lr: 1.2138831089083768e-08 max_lr: 2.6620565669958724e-07
2025-09-25 11:23:23,656: [val] epoch: [198/200] acc1: 96.0357 acc5: 99.4921 loss: 0.2985
2025-09-25 11:25:07,220: epoch: [199/200] acc1: 62.3246 acc5: 86.1926 loss: 1.5202 min_lr: 1.1399862083680688e-08 max_lr: 2.5e-07
2025-09-25 11:27:21,992: [val] epoch: [199/200] acc1: 96.0436 acc5: 99.4921 loss: 0.2982
2025-09-25 11:27:43,916: Saved checkpoint to GeoMoE/NWPU/checkpoint-200
