2025-09-24 23:04:11,023: {
    "model": "MoE",
    "lrd": "moe_lrd",
    "num_classes": 45,
    "dataset": "NWPU",
    "img_size": 320,
    "batch_size": 64,
    "TR": "28_0.json",
    "data_info": {
        "train_len": 6300,
        "val_len": 25200
    },
    "epochs": 200,
    "lr": 0.00025,
    "blr": 0.001,
    "layer_decay": 0.85,
    "drop_path": 0.1,
    "smoothing": 0.1,
    "mixup": 0.8,
    "cutmix": 1.0
}
2025-09-24 23:04:11,885: missing keys: ['pos_embed_det', 'fc_norm.weight', 'fc_norm.bias', 'head.weight', 'head.bias']
unexpected keys: ['pos_embed']
2025-09-24 23:04:12,249: layer decay optimizer: min_lr: 3.556043928404302e-05 max_lr: 0.00025
2025-09-24 23:05:29,167: epoch: [0/200] acc1: 4.4643 acc5: 17.9528 loss: 3.7783 min_lr: 7.112087856808604e-06 max_lr: 5e-05
2025-09-24 23:06:44,652: epoch: [1/200] acc1: 9.4069 acc5: 31.5210 loss: 3.5371 min_lr: 1.4224175713617208e-05 max_lr: 0.0001
2025-09-24 23:08:00,265: epoch: [2/200] acc1: 20.0415 acc5: 49.1071 loss: 3.2419 min_lr: 2.133626357042581e-05 max_lr: 0.00015
2025-09-24 23:09:15,860: epoch: [3/200] acc1: 25.2392 acc5: 51.4828 loss: 2.9473 min_lr: 2.8448351427234416e-05 max_lr: 0.0002
2025-09-24 23:10:31,405: epoch: [4/200] acc1: 29.7672 acc5: 52.7583 loss: 2.7539 min_lr: 3.556043928404302e-05 max_lr: 0.00025
2025-09-24 23:11:46,900: epoch: [5/200] acc1: 37.8667 acc5: 62.9145 loss: 2.6837 min_lr: 3.555813416295853e-05 max_lr: 0.00024998379434330045
2025-09-24 23:13:02,595: epoch: [6/200] acc1: 41.5179 acc5: 66.8208 loss: 2.6442 min_lr: 3.555121939799935e-05 max_lr: 0.00024993518157938083
2025-09-24 23:14:18,154: epoch: [7/200] acc1: 42.1078 acc5: 67.9209 loss: 2.5041 min_lr: 3.553969678389314e-05 max_lr: 0.0002498541743256868
2025-09-24 23:15:33,708: epoch: [8/200] acc1: 39.6205 acc5: 63.1696 loss: 2.4879 min_lr: 3.5523569311335046e-05 max_lr: 0.00024974079360765575
2025-09-24 23:16:49,284: epoch: [9/200] acc1: 46.2851 acc5: 69.4994 loss: 2.5053 min_lr: 3.550284116621148e-05 max_lr: 0.0002495950688532595
2025-09-24 23:18:24,599: [val] epoch: [9/200] acc1: 88.5040 acc5: 99.0913 loss: 0.6754
2025-09-24 23:19:40,004: epoch: [10/200] acc1: 45.7749 acc5: 69.4994 loss: 2.3922 min_lr: 3.547751772851371e-05 max_lr: 0.0002494170378853664
2025-09-24 23:20:55,580: epoch: [11/200] acc1: 46.1735 acc5: 70.9981 loss: 2.4301 min_lr: 3.544760557094144e-05 max_lr: 0.00024920674691192437
2025-09-24 23:22:11,287: epoch: [12/200] acc1: 47.9592 acc5: 70.4560 loss: 2.2722 min_lr: 3.5413112457196876e-05 max_lr: 0.00024896425051396754
2025-09-24 23:23:26,859: epoch: [13/200] acc1: 45.2168 acc5: 69.2443 loss: 2.2885 min_lr: 3.537404733996966e-05 max_lr: 0.00024868961163145004
2025-09-24 23:24:42,456: epoch: [14/200] acc1: 43.7659 acc5: 68.5427 loss: 2.3207 min_lr: 3.5330420358613216e-05 max_lr: 0.00024838290154690935
2025-09-24 23:25:58,097: epoch: [15/200] acc1: 47.0982 acc5: 70.2647 loss: 2.2661 min_lr: 3.528224283651305e-05 max_lr: 0.00024804419986696564
2025-09-24 23:27:13,702: epoch: [16/200] acc1: 46.3648 acc5: 71.7793 loss: 2.2753 min_lr: 3.522952727814778e-05 max_lr: 0.00024767359450165923
2025-09-24 23:28:29,444: epoch: [17/200] acc1: 43.3195 acc5: 66.4541 loss: 2.2810 min_lr: 3.517228736584359e-05 max_lr: 0.000247271181641634
2025-09-24 23:29:45,023: epoch: [18/200] acc1: 47.6562 acc5: 72.0344 loss: 2.2232 min_lr: 3.5110537956223006e-05 max_lr: 0.00024683706573317066
2025-09-24 23:31:00,559: epoch: [19/200] acc1: 49.5057 acc5: 72.5765 loss: 2.2246 min_lr: 3.5044295076348825e-05 max_lr: 0.0002463713594510782
2025-09-24 23:32:35,928: [val] epoch: [19/200] acc1: 91.3849 acc5: 99.4405 loss: 0.5187
2025-09-24 23:33:51,407: epoch: [20/200] acc1: 44.6907 acc5: 68.8457 loss: 2.1661 min_lr: 3.4973575919564316e-05 max_lr: 0.0002458741836694489
2025-09-24 23:35:06,880: epoch: [21/200] acc1: 45.2966 acc5: 67.7774 loss: 2.2491 min_lr: 3.4898398841030654e-05 max_lr: 0.0002453456674302851
2025-09-24 23:36:22,396: epoch: [22/200] acc1: 46.7953 acc5: 68.4949 loss: 2.1881 min_lr: 3.4818783352962905e-05 max_lr: 0.00024478594791000713
2025-09-24 23:37:38,232: epoch: [23/200] acc1: 43.7819 acc5: 67.0281 loss: 2.1808 min_lr: 3.473475011956553e-05 max_lr: 0.00024419517038384847
2025-09-24 23:38:53,822: epoch: [24/200] acc1: 50.0319 acc5: 72.6881 loss: 2.1495 min_lr: 3.464632095166908e-05 max_lr: 0.00024357348818814978
2025-09-24 23:40:09,487: epoch: [25/200] acc1: 52.5670 acc5: 74.1550 loss: 2.0498 min_lr: 3.455351880106914e-05 max_lr: 0.00024292106268056067
2025-09-24 23:41:25,147: epoch: [26/200] acc1: 51.3393 acc5: 74.7290 loss: 2.0853 min_lr: 3.445636775456922e-05 max_lr: 0.00024223806319815893
2025-09-24 23:42:40,619: epoch: [27/200] acc1: 48.6448 acc5: 73.9158 loss: 2.1712 min_lr: 3.4354893027729e-05 max_lr: 0.0002415246670134993
2025-09-24 23:43:56,370: epoch: [28/200] acc1: 49.7449 acc5: 72.8635 loss: 2.0565 min_lr: 3.4249120958319624e-05 max_lr: 0.00024078105928860235
2025-09-24 23:45:11,953: epoch: [29/200] acc1: 48.9636 acc5: 72.8954 loss: 2.1672 min_lr: 3.413907899948778e-05 max_lr: 0.00024000743302689568
2025-09-24 23:46:47,324: [val] epoch: [29/200] acc1: 91.5992 acc5: 99.4325 loss: 0.5159
2025-09-24 23:48:02,839: epoch: [30/200] acc1: 47.7041 acc5: 71.5083 loss: 2.1056 min_lr: 3.402479571263017e-05 max_lr: 0.00023920398902311976
2025-09-24 23:49:18,434: epoch: [31/200] acc1: 49.1869 acc5: 73.9955 loss: 2.1169 min_lr: 3.390630075998046e-05 max_lr: 0.00023837093581121187
2025-09-24 23:50:34,012: epoch: [32/200] acc1: 44.7864 acc5: 69.2921 loss: 2.1756 min_lr: 3.378362489691037e-05 max_lr: 0.00023750848961018073
2025-09-24 23:51:49,648: epoch: [33/200] acc1: 45.7749 acc5: 71.9228 loss: 2.0760 min_lr: 3.365679996394721e-05 max_lr: 0.00023661687426798728
2025-09-24 23:53:05,338: epoch: [34/200] acc1: 52.3278 acc5: 77.4554 loss: 2.1429 min_lr: 3.352585887850957e-05 max_lr: 0.0002356963212034446
2025-09-24 23:54:20,902: epoch: [35/200] acc1: 51.9611 acc5: 74.4260 loss: 2.0494 min_lr: 3.339083562636368e-05 max_lr: 0.00023474706934615327
2025-09-24 23:55:36,559: epoch: [36/200] acc1: 52.7583 acc5: 76.6582 loss: 1.9969 min_lr: 3.325176525280236e-05 max_lr: 0.00023376936507448723
2025-09-24 23:56:52,136: epoch: [37/200] acc1: 52.1205 acc5: 75.0319 loss: 2.0145 min_lr: 3.310868385354903e-05 max_lr: 0.00023276346215164614
2025-09-24 23:58:07,751: epoch: [38/200] acc1: 54.1454 acc5: 79.5759 loss: 2.0734 min_lr: 3.296162856538907e-05 max_lr: 0.00023172962165979126
2025-09-24 23:59:23,544: epoch: [39/200] acc1: 50.0159 acc5: 74.4579 loss: 2.0648 min_lr: 3.2810637556530925e-05 max_lr: 0.00023066811193228138
2025-09-25 00:00:58,094: [val] epoch: [39/200] acc1: 92.9365 acc5: 99.4008 loss: 0.4510
2025-09-25 00:01:01,476: Saved checkpoint to MoE/NWPU/checkpoint-40
2025-09-25 00:02:16,874: epoch: [40/200] acc1: 50.9247 acc5: 74.3941 loss: 2.0467 min_lr: 3.265575001669959e-05 max_lr: 0.00022957920848402704
2025-09-25 00:03:32,549: epoch: [41/200] acc1: 52.1524 acc5: 73.1665 loss: 1.9888 min_lr: 3.249700614696491e-05 max_lr: 0.00022846319393998068
2025-09-25 00:04:48,255: epoch: [42/200] acc1: 55.0701 acc5: 78.9222 loss: 1.9732 min_lr: 3.2334447149307347e-05 max_lr: 0.00022732035796178097
2025-09-25 00:06:03,896: epoch: [43/200] acc1: 47.0982 acc5: 71.1894 loss: 1.9953 min_lr: 3.216811521592406e-05 max_lr: 0.00022615099717257156
2025-09-25 00:07:19,496: epoch: [44/200] acc1: 52.8699 acc5: 76.8654 loss: 1.9648 min_lr: 3.199805351827788e-05 max_lr: 0.0002249554150800122
2025-09-25 00:08:35,141: epoch: [45/200] acc1: 51.6741 acc5: 76.1001 loss: 1.9908 min_lr: 3.182430619589216e-05 max_lr: 0.0002237339219975035
2025-09-25 00:09:50,732: epoch: [46/200] acc1: 57.7328 acc5: 79.1613 loss: 1.9623 min_lr: 3.1646918344894373e-05 max_lr: 0.0002224868349636449
2025-09-25 00:11:06,528: epoch: [47/200] acc1: 51.9930 acc5: 74.2825 loss: 1.9732 min_lr: 3.146593600631141e-05 max_lr: 0.00022121447765994747
2025-09-25 00:12:22,181: epoch: [48/200] acc1: 57.2545 acc5: 80.9949 loss: 1.9964 min_lr: 3.128140615411961e-05 max_lr: 0.00021991718032682224
2025-09-25 00:13:37,722: epoch: [49/200] acc1: 57.0791 acc5: 80.8514 loss: 1.9507 min_lr: 3.109337668305266e-05 max_lr: 0.00021859527967786624
2025-09-25 00:15:13,131: [val] epoch: [49/200] acc1: 93.5913 acc5: 99.5238 loss: 0.4454
2025-09-25 00:15:16,507: Saved checkpoint to MoE/NWPU/checkpoint-50
2025-09-25 00:16:32,003: epoch: [50/200] acc1: 48.1346 acc5: 75.2551 loss: 2.0154 min_lr: 3.090189639617056e-05 max_lr: 0.00021724911881246866
2025-09-25 00:17:47,561: epoch: [51/200] acc1: 54.0019 acc5: 77.9496 loss: 1.9109 min_lr: 3.070701499219272e-05 max_lr: 0.00021587904712675913
2025-09-25 00:19:03,131: epoch: [52/200] acc1: 52.4554 acc5: 76.1161 loss: 1.9654 min_lr: 3.05087830525987e-05 max_lr: 0.00021448542022292215
2025-09-25 00:20:18,677: epoch: [53/200] acc1: 53.7468 acc5: 78.9860 loss: 1.9576 min_lr: 3.0307252028499778e-05 max_lr: 0.00021306859981690035
2025-09-25 00:21:34,210: epoch: [54/200] acc1: 52.6467 acc5: 75.1754 loss: 1.9506 min_lr: 3.0102474227284785e-05 max_lr: 0.00021162895364451123
2025-09-25 00:22:49,824: epoch: [55/200] acc1: 59.5504 acc5: 81.9675 loss: 1.9095 min_lr: 2.989450279904376e-05 max_lr: 0.0002101668553660013
2025-09-25 00:24:05,324: epoch: [56/200] acc1: 54.9745 acc5: 78.4758 loss: 1.8924 min_lr: 2.9683391722772807e-05 max_lr: 0.00020868268446906245
2025-09-25 00:25:20,821: epoch: [57/200] acc1: 58.0038 acc5: 80.5166 loss: 1.9638 min_lr: 2.9469195792363857e-05 max_lr: 0.0002071768261703359
2025-09-25 00:26:36,397: epoch: [58/200] acc1: 60.1244 acc5: 83.4503 loss: 1.8631 min_lr: 2.925197060238291e-05 max_lr: 0.0002056496713154293
2025-09-25 00:27:51,915: epoch: [59/200] acc1: 48.3259 acc5: 72.9751 loss: 1.9150 min_lr: 2.903177253364046e-05 max_lr: 0.00020410161627747273
2025-09-25 00:29:27,049: [val] epoch: [59/200] acc1: 94.4524 acc5: 99.6111 loss: 0.4086
2025-09-25 00:29:30,412: Saved checkpoint to MoE/NWPU/checkpoint-60
2025-09-25 00:30:45,900: epoch: [60/200] acc1: 55.9471 acc5: 79.6397 loss: 1.8593 min_lr: 2.880865873855787e-05 max_lr: 0.00020253306285423993
2025-09-25 00:32:01,555: epoch: [61/200] acc1: 49.8565 acc5: 74.2506 loss: 1.9365 min_lr: 2.8582687126333403e-05 max_lr: 0.00020094441816386158
2025-09-25 00:33:17,278: epoch: [62/200] acc1: 49.8724 acc5: 73.8042 loss: 1.9498 min_lr: 2.8353916347911963e-05 max_lr: 0.0001993360945391581
2025-09-25 00:34:32,828: epoch: [63/200] acc1: 53.4598 acc5: 76.1001 loss: 1.9064 min_lr: 2.8122405780762188e-05 max_lr: 0.00019770850942061837
2025-09-25 00:35:48,485: epoch: [64/200] acc1: 51.2915 acc5: 75.1754 loss: 1.9009 min_lr: 2.788821551346503e-05 max_lr: 0.00019606208524805308
2025-09-25 00:37:04,100: epoch: [65/200] acc1: 52.3756 acc5: 77.1365 loss: 1.8836 min_lr: 2.765140633011778e-05 max_lr: 0.00019439724935095047
2025-09-25 00:38:19,600: epoch: [66/200] acc1: 53.3163 acc5: 79.5599 loss: 1.9145 min_lr: 2.7412039694557528e-05 max_lr: 0.00019271443383756293
2025-09-25 00:39:35,212: epoch: [67/200] acc1: 57.5893 acc5: 79.8788 loss: 1.8695 min_lr: 2.7170177734408238e-05 max_lr: 0.0001910140754827533
2025-09-25 00:40:50,969: epoch: [68/200] acc1: 49.3782 acc5: 73.9636 loss: 1.8315 min_lr: 2.6925883224955518e-05 max_lr: 0.00018929661561463
2025-09-25 00:42:06,485: epoch: [69/200] acc1: 49.5376 acc5: 76.3074 loss: 1.9168 min_lr: 2.6679219572853274e-05 max_lr: 0.00018756249999999999
2025-09-25 00:43:41,595: [val] epoch: [69/200] acc1: 94.4603 acc5: 99.5635 loss: 0.4236
2025-09-25 00:43:44,970: Saved checkpoint to MoE/NWPU/checkpoint-70
2025-09-25 00:45:00,651: epoch: [70/200] acc1: 55.5804 acc5: 78.6990 loss: 1.8442 min_lr: 2.6430250799666536e-05 max_lr: 0.00018581217872867042
2025-09-25 00:46:16,207: epoch: [71/200] acc1: 54.0019 acc5: 79.1613 loss: 1.8516 min_lr: 2.6179041525254638e-05 max_lr: 0.00018404610609662743
2025-09-25 00:47:31,780: epoch: [72/200] acc1: 59.9490 acc5: 82.7328 loss: 1.8094 min_lr: 2.5925656950999145e-05 max_lr: 0.00018226474048812388
2025-09-25 00:48:47,340: epoch: [73/200] acc1: 50.3667 acc5: 74.5217 loss: 1.8952 min_lr: 2.5670162842880795e-05 max_lr: 0.00018046854425670528
2025-09-25 00:50:02,937: epoch: [74/200] acc1: 57.6371 acc5: 77.6945 loss: 1.7857 min_lr: 2.5412625514409976e-05 max_lr: 0.00017865798360520638
2025-09-25 00:51:18,551: epoch: [75/200] acc1: 59.4707 acc5: 82.6849 loss: 1.7851 min_lr: 2.5153111809415057e-05 max_lr: 0.000176833528464748
2025-09-25 00:52:34,309: epoch: [76/200] acc1: 55.3571 acc5: 77.8699 loss: 1.8125 min_lr: 2.4891689084693006e-05 max_lr: 0.00017499565237276621
2025-09-25 00:53:49,903: epoch: [77/200] acc1: 54.8150 acc5: 81.3776 loss: 1.8362 min_lr: 2.4628425192527012e-05 max_lr: 0.00017314483235010604
2025-09-25 00:55:05,596: epoch: [78/200] acc1: 56.2819 acc5: 79.9904 loss: 1.8493 min_lr: 2.4363388463075333e-05 max_lr: 0.00017128154877721013
2025-09-25 00:56:21,178: epoch: [79/200] acc1: 51.9611 acc5: 78.4917 loss: 1.8433 min_lr: 2.409664768663629e-05 max_lr: 0.00016940628526943664
2025-09-25 00:57:56,326: [val] epoch: [79/200] acc1: 94.4722 acc5: 99.5516 loss: 0.3860
2025-09-25 00:57:59,669: Saved checkpoint to MoE/NWPU/checkpoint-80
2025-09-25 00:59:15,260: epoch: [80/200] acc1: 52.7105 acc5: 78.8903 loss: 1.8284 min_lr: 2.3828272095793677e-05 max_lr: 0.00016751952855153634
2025-09-25 01:00:30,834: epoch: [81/200] acc1: 55.6601 acc5: 81.3138 loss: 1.8686 min_lr: 2.3558331347447456e-05 max_lr: 0.0001656217683313234
2025-09-25 01:01:46,436: epoch: [82/200] acc1: 56.6326 acc5: 80.4209 loss: 1.8428 min_lr: 2.3286895504734318e-05 max_lr: 0.00016371349717257157
2025-09-25 01:03:02,073: epoch: [83/200] acc1: 58.6256 acc5: 82.6212 loss: 1.7947 min_lr: 2.301403501884278e-05 max_lr: 0.0001617952103671694
2025-09-25 01:04:17,680: epoch: [84/200] acc1: 56.7283 acc5: 80.4528 loss: 1.8119 min_lr: 2.2739820710727572e-05 max_lr: 0.00015986740580656704
2025-09-25 01:05:33,366: epoch: [85/200] acc1: 61.2085 acc5: 83.4981 loss: 1.7884 min_lr: 2.246432375272807e-05 max_lr: 0.00015793058385254856
2025-09-25 01:06:48,983: epoch: [86/200] acc1: 62.0057 acc5: 84.9011 loss: 1.7777 min_lr: 2.218761565009549e-05 max_lr: 0.00015598524720736298
2025-09-25 01:08:04,555: epoch: [87/200] acc1: 49.4260 acc5: 74.9362 loss: 1.8925 min_lr: 2.190976822243372e-05 max_lr: 0.00015403190078324802
2025-09-25 01:09:20,155: epoch: [88/200] acc1: 56.5370 acc5: 80.8355 loss: 1.7608 min_lr: 2.1630853585058506e-05 max_lr: 0.00015207105157137983
2025-09-25 01:10:35,710: epoch: [89/200] acc1: 51.7219 acc5: 76.8335 loss: 1.8182 min_lr: 2.1350944130279952e-05 max_lr: 0.00015010320851028357
2025-09-25 01:12:11,111: [val] epoch: [89/200] acc1: 94.7103 acc5: 99.5357 loss: 0.3999
2025-09-25 01:12:28,839: Saved checkpoint to MoE/NWPU/checkpoint-90
2025-09-25 01:13:44,301: epoch: [90/200] acc1: 50.1275 acc5: 75.3826 loss: 1.7912 min_lr: 2.107011250861307e-05 max_lr: 0.00014812888235373844
2025-09-25 01:14:59,948: epoch: [91/200] acc1: 58.7532 acc5: 82.8444 loss: 1.8402 min_lr: 2.0788431609921338e-05 max_lr: 0.00014614858553821142
2025-09-25 01:16:15,484: epoch: [92/200] acc1: 59.1199 acc5: 83.0517 loss: 1.7872 min_lr: 2.050597454449815e-05 max_lr: 0.0001441628320498544
2025-09-25 01:17:31,200: epoch: [93/200] acc1: 53.2844 acc5: 80.7717 loss: 1.7912 min_lr: 2.0222814624091e-05 max_lr: 0.00014217213729109888
2025-09-25 01:18:46,799: epoch: [94/200] acc1: 54.2092 acc5: 82.1747 loss: 1.8609 min_lr: 1.993902534287343e-05 max_lr: 0.00014017701794688344
2025-09-25 01:20:02,358: epoch: [95/200] acc1: 55.8355 acc5: 80.7398 loss: 1.7538 min_lr: 1.9654680358369647e-05 max_lr: 0.00013817799185054824
2025-09-25 01:21:17,950: epoch: [96/200] acc1: 60.5230 acc5: 83.5459 loss: 1.7159 min_lr: 1.936985347233664e-05 max_lr: 0.0001361755778494309
2025-09-25 01:22:33,466: epoch: [97/200] acc1: 52.7902 acc5: 79.9745 loss: 1.8129 min_lr: 1.9084618611609e-05 max_lr: 0.0001341702956702001
2025-09-25 01:23:49,081: epoch: [98/200] acc1: 56.1703 acc5: 81.4732 loss: 1.7847 min_lr: 1.8799049808911147e-05 max_lr: 0.00013216266578396023
2025-09-25 01:25:04,679: epoch: [99/200] acc1: 56.6167 acc5: 81.2819 loss: 1.8244 min_lr: 1.851322118364218e-05 max_lr: 0.00013015320927116324
2025-09-25 01:26:39,807: [val] epoch: [99/200] acc1: 95.0198 acc5: 99.6032 loss: 0.3782
2025-09-25 01:26:43,197: Saved checkpoint to MoE/NWPU/checkpoint-100
2025-09-25 01:27:58,885: epoch: [100/200] acc1: 52.5829 acc5: 79.9745 loss: 1.7746 min_lr: 1.822720692263814e-05 max_lr: 0.00012814244768636203
2025-09-25 01:29:14,657: epoch: [101/200] acc1: 57.8763 acc5: 81.1543 loss: 1.7261 min_lr: 1.7941081260916856e-05 max_lr: 0.00012613090292284108
2025-09-25 01:30:30,210: epoch: [102/200] acc1: 55.9630 acc5: 82.2704 loss: 1.7718 min_lr: 1.765491846241021e-05 max_lr: 0.00012411909707715896
2025-09-25 01:31:45,714: epoch: [103/200] acc1: 58.3546 acc5: 81.7921 loss: 1.7183 min_lr: 1.7368792800688926e-05 max_lr: 0.000122107552313638
2025-09-25 01:33:01,289: epoch: [104/200] acc1: 59.7258 acc5: 81.9196 loss: 1.7194 min_lr: 1.708277853968489e-05 max_lr: 0.00012009679072883682
2025-09-25 01:34:16,967: epoch: [105/200] acc1: 56.5529 acc5: 81.9196 loss: 1.7491 min_lr: 1.6796949914415908e-05 max_lr: 0.00011808733421603975
2025-09-25 01:35:32,581: epoch: [106/200] acc1: 52.2800 acc5: 77.5670 loss: 1.7336 min_lr: 1.6511381111718063e-05 max_lr: 0.00011607970432979993
2025-09-25 01:36:48,159: epoch: [107/200] acc1: 60.6824 acc5: 82.6690 loss: 1.6994 min_lr: 1.622614625099042e-05 max_lr: 0.00011407442215056912
2025-09-25 01:38:03,717: epoch: [108/200] acc1: 52.2162 acc5: 79.4165 loss: 1.8064 min_lr: 1.594131936495742e-05 max_lr: 0.0001120720081494518
2025-09-25 01:39:19,353: epoch: [109/200] acc1: 61.7188 acc5: 85.3157 loss: 1.6991 min_lr: 1.5656974380453632e-05 max_lr: 0.00011007298205311656
2025-09-25 01:40:54,748: [val] epoch: [109/200] acc1: 94.8254 acc5: 99.5516 loss: 0.3585
2025-09-25 01:42:10,398: epoch: [110/200] acc1: 65.7366 acc5: 87.6594 loss: 1.6410 min_lr: 1.537318509923607e-05 max_lr: 0.00010807786270890117
2025-09-25 01:43:25,915: epoch: [111/200] acc1: 59.6620 acc5: 85.1562 loss: 1.7319 min_lr: 1.5090025178828909e-05 max_lr: 0.00010608716795014561
2025-09-25 01:44:41,474: epoch: [112/200] acc1: 59.1677 acc5: 81.1384 loss: 1.6614 min_lr: 1.4807568113405719e-05 max_lr: 0.00010410141446178856
2025-09-25 01:45:57,006: epoch: [113/200] acc1: 58.1154 acc5: 82.9082 loss: 1.7391 min_lr: 1.4525887214713994e-05 max_lr: 0.00010212111764626157
2025-09-25 01:47:12,505: epoch: [114/200] acc1: 61.1926 acc5: 85.8099 loss: 1.7589 min_lr: 1.4245055593047115e-05 max_lr: 0.00010014679148971647
2025-09-25 01:48:28,240: epoch: [115/200] acc1: 60.5867 acc5: 82.8922 loss: 1.6796 min_lr: 1.3965146138268561e-05 max_lr: 9.817894842862022e-05
2025-09-25 01:49:44,015: epoch: [116/200] acc1: 62.3246 acc5: 86.2564 loss: 1.7029 min_lr: 1.3686231500893348e-05 max_lr: 9.621809921675201e-05
2025-09-25 01:50:59,673: epoch: [117/200] acc1: 62.9464 acc5: 85.0606 loss: 1.6737 min_lr: 1.3408384073231572e-05 max_lr: 9.4264752792637e-05
2025-09-25 01:52:15,263: epoch: [118/200] acc1: 53.8106 acc5: 80.0383 loss: 1.7392 min_lr: 1.3131675970598993e-05 max_lr: 9.231941614745145e-05
2025-09-25 01:53:30,848: epoch: [119/200] acc1: 56.9515 acc5: 82.4298 loss: 1.6948 min_lr: 1.285617901259949e-05 max_lr: 9.038259419343297e-05
2025-09-25 01:55:06,206: [val] epoch: [119/200] acc1: 95.2302 acc5: 99.5714 loss: 0.3536
2025-09-25 01:55:25,806: Saved checkpoint to MoE/NWPU/checkpoint-120
2025-09-25 01:56:41,126: epoch: [120/200] acc1: 60.6027 acc5: 84.5185 loss: 1.7126 min_lr: 1.2581964704484286e-05 max_lr: 8.845478963283063e-05
2025-09-25 01:57:56,925: epoch: [121/200] acc1: 57.1907 acc5: 80.6920 loss: 1.6488 min_lr: 1.2309104218592745e-05 max_lr: 8.653650282742844e-05
2025-09-25 01:59:12,359: epoch: [122/200] acc1: 55.2774 acc5: 79.4324 loss: 1.6515 min_lr: 1.2037668375879607e-05 max_lr: 8.462823166867662e-05
2025-09-25 02:00:27,855: epoch: [123/200] acc1: 58.8170 acc5: 82.6371 loss: 1.6825 min_lr: 1.1767727627533385e-05 max_lr: 8.273047144846366e-05
2025-09-25 02:01:43,407: epoch: [124/200] acc1: 58.6575 acc5: 82.9879 loss: 1.7366 min_lr: 1.149935203669077e-05 max_lr: 8.084371473056336e-05
2025-09-25 02:02:58,987: epoch: [125/200] acc1: 55.7557 acc5: 82.7487 loss: 1.6809 min_lr: 1.1232611260251727e-05 max_lr: 7.896845122278987e-05
2025-09-25 02:04:14,645: epoch: [126/200] acc1: 63.0261 acc5: 85.9534 loss: 1.6310 min_lr: 1.0967574530800056e-05 max_lr: 7.710516764989402e-05
2025-09-25 02:05:30,220: epoch: [127/200] acc1: 59.9490 acc5: 82.6371 loss: 1.5965 min_lr: 1.0704310638634056e-05 max_lr: 7.52543476272338e-05
2025-09-25 02:06:45,816: epoch: [128/200] acc1: 56.9196 acc5: 83.6735 loss: 1.6573 min_lr: 1.044288791391201e-05 max_lr: 7.341647153525204e-05
2025-09-25 02:08:01,314: epoch: [129/200] acc1: 58.2589 acc5: 85.1722 loss: 1.7168 min_lr: 1.018337420891708e-05 max_lr: 7.159201639479359e-05
2025-09-25 02:09:36,648: [val] epoch: [129/200] acc1: 95.1429 acc5: 99.5595 loss: 0.3677
2025-09-25 02:10:52,037: epoch: [130/200] acc1: 61.7347 acc5: 86.0491 loss: 1.6768 min_lr: 9.925836880446272e-06 max_lr: 6.978145574329475e-05
2025-09-25 02:12:07,756: epoch: [131/200] acc1: 52.4394 acc5: 78.6990 loss: 1.6718 min_lr: 9.670342772327919e-06 max_lr: 6.798525951187615e-05
2025-09-25 02:13:23,331: epoch: [132/200] acc1: 60.7781 acc5: 87.5000 loss: 1.7029 min_lr: 9.416958198072422e-06 max_lr: 6.620389390337256e-05
2025-09-25 02:14:38,870: epoch: [133/200] acc1: 58.8170 acc5: 83.0517 loss: 1.7002 min_lr: 9.165748923660522e-06 max_lr: 6.443782127132957e-05
2025-09-25 02:15:54,385: epoch: [134/200] acc1: 59.0721 acc5: 84.6779 loss: 1.6280 min_lr: 8.91678015047379e-06 max_lr: 6.268750000000003e-05
2025-09-25 02:17:09,948: epoch: [135/200] acc1: 56.9196 acc5: 83.8329 loss: 1.6638 min_lr: 8.670116498371546e-06 max_lr: 6.095338438537002e-05
2025-09-25 02:18:25,616: epoch: [136/200] acc1: 59.6779 acc5: 83.3546 loss: 1.5870 min_lr: 8.42582198891882e-06 max_lr: 5.923592451724666e-05
2025-09-25 02:19:41,276: epoch: [137/200] acc1: 58.8648 acc5: 79.9904 loss: 1.6421 min_lr: 8.183960028769536e-06 max_lr: 5.753556616243708e-05
2025-09-25 02:20:56,732: epoch: [138/200] acc1: 56.7443 acc5: 84.6779 loss: 1.6762 min_lr: 7.94459339320928e-06 max_lr: 5.585275064904953e-05
2025-09-25 02:22:12,349: epoch: [139/200] acc1: 59.7736 acc5: 81.9675 loss: 1.5811 min_lr: 7.707784209862032e-06 max_lr: 5.4187914751946934e-05
2025-09-25 02:23:47,715: [val] epoch: [139/200] acc1: 95.4405 acc5: 99.5873 loss: 0.3319
2025-09-25 02:24:07,408: Saved checkpoint to MoE/NWPU/checkpoint-140
2025-09-25 02:25:22,869: epoch: [140/200] acc1: 60.4273 acc5: 84.1677 loss: 1.7007 min_lr: 7.47359394256488e-06 max_lr: 5.254149057938167e-05
2025-09-25 02:26:38,442: epoch: [141/200] acc1: 55.6760 acc5: 84.9171 loss: 1.6778 min_lr: 7.2420833754151e-06 max_lr: 5.0913905460841916e-05
2025-09-25 02:27:54,061: epoch: [142/200] acc1: 48.1824 acc5: 79.7832 loss: 1.5909 min_lr: 7.013312596993662e-06 max_lr: 4.930558183613844e-05
2025-09-25 02:29:09,518: epoch: [143/200] acc1: 61.7825 acc5: 84.9649 loss: 1.6185 min_lr: 6.7873409847691955e-06 max_lr: 4.77169371457601e-05
2025-09-25 02:30:24,953: epoch: [144/200] acc1: 55.3731 acc5: 83.9126 loss: 1.6937 min_lr: 6.5642271896866015e-06 max_lr: 4.6148383722527277e-05
2025-09-25 02:31:40,471: epoch: [145/200] acc1: 56.7761 acc5: 83.5459 loss: 1.6619 min_lr: 6.344029120944158e-06 max_lr: 4.460032868457073e-05
2025-09-25 02:32:56,045: epoch: [146/200] acc1: 58.1314 acc5: 83.4343 loss: 1.6530 min_lr: 6.1268039309632095e-06 max_lr: 4.307317382966414e-05
2025-09-25 02:34:11,874: epoch: [147/200] acc1: 66.3584 acc5: 86.8304 loss: 1.6082 min_lr: 5.912608000554263e-06 max_lr: 4.1567315530937624e-05
2025-09-25 02:35:27,420: epoch: [148/200] acc1: 60.0446 acc5: 85.6346 loss: 1.6277 min_lr: 5.7014969242833e-06 max_lr: 4.008314463399869e-05
2025-09-25 02:36:43,035: epoch: [149/200] acc1: 64.4770 acc5: 86.9260 loss: 1.5870 min_lr: 5.493525496042278e-06 max_lr: 3.862104635548878e-05
2025-09-25 02:38:18,488: [val] epoch: [149/200] acc1: 95.5794 acc5: 99.6230 loss: 0.3157
2025-09-25 02:38:38,428: Saved checkpoint to MoE/NWPU/checkpoint-150
2025-09-25 02:39:53,675: epoch: [150/200] acc1: 52.2003 acc5: 82.8763 loss: 1.6438 min_lr: 5.2887476948272914e-06 max_lr: 3.71814001830997e-05
2025-09-25 02:41:09,275: epoch: [151/200] acc1: 56.3616 acc5: 83.6097 loss: 1.6964 min_lr: 5.087216670728364e-06 max_lr: 3.5764579777077894e-05
2025-09-25 02:42:24,929: epoch: [152/200] acc1: 59.1677 acc5: 87.9783 loss: 1.6470 min_lr: 4.888984731134348e-06 max_lr: 3.43709528732409e-05
2025-09-25 02:43:40,565: epoch: [153/200] acc1: 64.2219 acc5: 87.0217 loss: 1.6274 min_lr: 4.694103327156505e-06 max_lr: 3.300088118753135e-05
2025-09-25 02:44:56,266: epoch: [154/200] acc1: 59.5025 acc5: 81.9356 loss: 1.6036 min_lr: 4.5026230402743985e-06 max_lr: 3.165472032213374e-05
2025-09-25 02:46:11,814: epoch: [155/200] acc1: 55.9152 acc5: 84.1199 loss: 1.6823 min_lr: 4.314593569207457e-06 max_lr: 3.033281967317779e-05
2025-09-25 02:47:27,336: epoch: [156/200] acc1: 58.7054 acc5: 85.8099 loss: 1.6236 min_lr: 4.13006371701565e-06 max_lr: 2.9035522340052524e-05
2025-09-25 02:48:43,010: epoch: [157/200] acc1: 56.5689 acc5: 81.9994 loss: 1.5981 min_lr: 3.949081378432689e-06 max_lr: 2.776316503635512e-05
2025-09-25 02:49:58,570: epoch: [158/200] acc1: 55.2615 acc5: 83.1792 loss: 1.6510 min_lr: 3.771693527434904e-06 max_lr: 2.6516078002496516e-05
2025-09-25 02:51:14,065: epoch: [159/200] acc1: 65.5134 acc5: 88.3291 loss: 1.5680 min_lr: 3.5979462050491877e-06 max_lr: 2.5294584919987817e-05
2025-09-25 02:52:49,462: [val] epoch: [159/200] acc1: 95.6667 acc5: 99.6230 loss: 0.3193
2025-09-25 02:53:08,965: Saved checkpoint to MoE/NWPU/checkpoint-160
2025-09-25 02:54:24,341: epoch: [160/200] acc1: 56.3297 acc5: 82.2864 loss: 1.5834 min_lr: 3.427884507403002e-06 max_lr: 2.409900282742845e-05
2025-09-25 02:55:40,038: epoch: [161/200] acc1: 58.8967 acc5: 84.6939 loss: 1.5999 min_lr: 3.261552574019711e-06 max_lr: 2.2929642038219014e-05
2025-09-25 02:56:55,735: epoch: [162/200] acc1: 62.2290 acc5: 84.8055 loss: 1.5971 min_lr: 3.0989935763621526e-06 max_lr: 2.178680606001934e-05
2025-09-25 02:58:11,171: epoch: [163/200] acc1: 59.2634 acc5: 84.5185 loss: 1.5948 min_lr: 2.9402497066274684e-06 max_lr: 2.0670791515972936e-05
2025-09-25 02:59:26,769: epoch: [164/200] acc1: 56.2022 acc5: 82.8125 loss: 1.5816 min_lr: 2.7853621667961417e-06 max_lr: 1.9581888067718648e-05
2025-09-25 03:00:42,226: epoch: [165/200] acc1: 63.9031 acc5: 87.9464 loss: 1.6421 min_lr: 2.6343711579379996e-06 max_lr: 1.8520378340208787e-05
2025-09-25 03:01:57,823: epoch: [166/200] acc1: 61.5434 acc5: 83.2749 loss: 1.5957 min_lr: 2.4873158697780287e-06 max_lr: 1.7486537848353845e-05
2025-09-25 03:03:13,416: epoch: [167/200] acc1: 61.0969 acc5: 85.0925 loss: 1.5903 min_lr: 2.344234470524705e-06 max_lr: 1.6480634925512785e-05
2025-09-25 03:04:28,937: epoch: [168/200] acc1: 58.5619 acc5: 82.4777 loss: 1.5434 min_lr: 2.205164096963383e-06 max_lr: 1.5502930653846723e-05
2025-09-25 03:05:44,529: epoch: [169/200] acc1: 57.7966 acc5: 83.5140 loss: 1.6410 min_lr: 2.070140844817494e-06 max_lr: 1.4553678796555427e-05
2025-09-25 03:07:19,806: [val] epoch: [169/200] acc1: 95.6587 acc5: 99.6151 loss: 0.3238
2025-09-25 03:08:35,476: epoch: [170/200] acc1: 57.1429 acc5: 83.0995 loss: 1.5735 min_lr: 1.939199759379854e-06 max_lr: 1.3633125732012739e-05
2025-09-25 03:09:51,085: epoch: [171/200] acc1: 52.7742 acc5: 80.1977 loss: 1.6081 min_lr: 1.812374826416686e-06 max_lr: 1.2741510389819272e-05
2025-09-25 03:11:06,691: epoch: [172/200] acc1: 61.7825 acc5: 85.9375 loss: 1.5916 min_lr: 1.689698963346602e-06 max_lr: 1.1879064188788143e-05
2025-09-25 03:12:22,204: epoch: [173/200] acc1: 61.7825 acc5: 86.5434 loss: 1.6174 min_lr: 1.5712040106968847e-06 max_lr: 1.1046010976880204e-05
2025-09-25 03:13:37,821: epoch: [174/200] acc1: 61.3839 acc5: 85.9853 loss: 1.5522 min_lr: 1.4569207238392825e-06 max_lr: 1.0242566973104324e-05
2025-09-25 03:14:53,501: epoch: [175/200] acc1: 61.1767 acc5: 86.8782 loss: 1.5731 min_lr: 1.346878765007441e-06 max_lr: 9.46894071139768e-06
2025-09-25 03:16:09,097: epoch: [176/200] acc1: 61.1767 acc5: 84.5185 loss: 1.5810 min_lr: 1.2411066955980687e-06 max_lr: 8.725332986500736e-06
2025-09-25 03:17:24,630: epoch: [177/200] acc1: 60.0287 acc5: 83.9126 loss: 1.6095 min_lr: 1.1396319687578427e-06 max_lr: 8.011936801841112e-06
2025-09-25 03:18:40,209: epoch: [178/200] acc1: 64.0147 acc5: 87.3087 loss: 1.5441 min_lr: 1.042480922257916e-06 max_lr: 7.328937319439323e-06
2025-09-25 03:19:55,804: epoch: [179/200] acc1: 62.2927 acc5: 88.4885 loss: 1.5659 min_lr: 9.496787716579815e-07 max_lr: 6.676511811850209e-06
2025-09-25 03:21:31,079: [val] epoch: [179/200] acc1: 95.6151 acc5: 99.6111 loss: 0.3209
2025-09-25 03:22:46,591: epoch: [180/200] acc1: 64.1741 acc5: 86.1607 loss: 1.5445 min_lr: 8.612496037615325e-07 max_lr: 6.054829616151563e-06
2025-09-25 03:24:02,187: epoch: [181/200] acc1: 63.4726 acc5: 87.0057 loss: 1.6091 min_lr: 7.77216370364159e-07 max_lr: 5.4640520899928675e-06
2025-09-25 03:25:17,805: epoch: [182/200] acc1: 61.3042 acc5: 86.5593 loss: 1.5902 min_lr: 6.976008822964041e-07 max_lr: 4.9043325697148895e-06
2025-09-25 03:26:33,340: epoch: [183/200] acc1: 56.6167 acc5: 83.4024 loss: 1.5995 min_lr: 6.224238037627516e-07 max_lr: 4.375816330551145e-06
2025-09-25 03:27:48,935: epoch: [184/200] acc1: 60.5070 acc5: 86.0332 loss: 1.5696 min_lr: 5.517046469782375e-07 max_lr: 3.878640548921755e-06
2025-09-25 03:29:04,454: epoch: [185/200] acc1: 62.6116 acc5: 86.2404 loss: 1.5974 min_lr: 4.854617671040572e-07 max_lr: 3.4129342668293316e-06
2025-09-25 03:30:20,011: epoch: [186/200] acc1: 58.8489 acc5: 84.0880 loss: 1.5299 min_lr: 4.2371235748346936e-07 max_lr: 2.9788183583660144e-06
2025-09-25 03:31:35,492: epoch: [187/200] acc1: 57.0791 acc5: 85.7462 loss: 1.5880 min_lr: 3.66472445179283e-07 max_lr: 2.5764054983407476e-06
2025-09-25 03:32:51,002: epoch: [188/200] acc1: 64.5089 acc5: 89.5727 loss: 1.5988 min_lr: 3.1375688681400904e-07 max_lr: 2.205800133034357e-06
2025-09-25 03:34:06,579: epoch: [189/200] acc1: 56.9834 acc5: 81.7602 loss: 1.5441 min_lr: 2.6557936471384045e-07 max_lr: 1.8670984530906335e-06
2025-09-25 03:35:41,834: [val] epoch: [189/200] acc1: 95.5873 acc5: 99.6071 loss: 0.3233
2025-09-25 03:36:57,307: epoch: [190/200] acc1: 60.9216 acc5: 85.2041 loss: 1.5654 min_lr: 2.219523833573956e-07 max_lr: 1.560388368549991e-06
2025-09-25 03:38:32,754: [val] epoch: [190/200] acc1: 95.5913 acc5: 99.6071 loss: 0.3222
2025-09-25 03:39:48,330: epoch: [191/200] acc1: 61.6550 acc5: 89.1103 loss: 1.6369 min_lr: 1.828872661301846e-07 max_lr: 1.2857494860324413e-06
2025-09-25 03:41:23,568: [val] epoch: [191/200] acc1: 95.5754 acc5: 99.6032 loss: 0.3237
2025-09-25 03:42:38,978: epoch: [192/200] acc1: 55.8195 acc5: 83.8807 loss: 1.5486 min_lr: 1.4839415238562032e-07 max_lr: 1.0432530880756654e-06
2025-09-25 03:44:14,374: [val] epoch: [192/200] acc1: 95.6071 acc5: 99.5952 loss: 0.3240
2025-09-25 03:45:29,926: epoch: [193/200] acc1: 61.2723 acc5: 85.5708 loss: 1.5748 min_lr: 1.1848199481334878e-07 max_lr: 8.329621146336277e-07
2025-09-25 03:47:05,279: [val] epoch: [193/200] acc1: 95.6032 acc5: 99.6032 loss: 0.3229
2025-09-25 03:48:20,751: epoch: [194/200] acc1: 61.9579 acc5: 87.1173 loss: 1.6089 min_lr: 9.315855711558187e-08 max_lr: 6.54931146740535e-07
2025-09-25 03:49:55,893: [val] epoch: [194/200] acc1: 95.6071 acc5: 99.6111 loss: 0.3230
2025-09-25 03:51:11,500: epoch: [195/200] acc1: 64.3495 acc5: 87.7551 loss: 1.5775 min_lr: 7.24304119920213e-08 max_lr: 5.092063923442791e-07
2025-09-25 03:52:47,053: [val] epoch: [195/200] acc1: 95.6032 acc5: 99.6032 loss: 0.3234
2025-09-25 03:54:02,505: epoch: [196/200] acc1: 61.0332 acc5: 85.2997 loss: 1.6042 min_lr: 5.630293943392125e-08 max_lr: 3.958256743132106e-07
2025-09-25 03:55:37,744: [val] epoch: [196/200] acc1: 95.6032 acc5: 99.6071 loss: 0.3235
2025-09-25 03:56:53,292: epoch: [197/200] acc1: 63.1218 acc5: 85.0127 loss: 1.5514 min_lr: 4.4780325327711676e-08 max_lr: 3.148184206192152e-07
2025-09-25 03:58:28,504: [val] epoch: [197/200] acc1: 95.6032 acc5: 99.6151 loss: 0.3234
2025-09-25 03:59:43,981: epoch: [198/200] acc1: 63.8233 acc5: 86.5434 loss: 1.5623 min_lr: 3.786556036853788e-08 max_lr: 2.6620565669958724e-07
2025-09-25 04:01:19,226: [val] epoch: [198/200] acc1: 95.6111 acc5: 99.6071 loss: 0.3233
2025-09-25 04:02:34,786: epoch: [199/200] acc1: 58.7372 acc5: 85.2679 loss: 1.6380 min_lr: 3.5560439284043016e-08 max_lr: 2.5e-07
2025-09-25 04:04:09,900: [val] epoch: [199/200] acc1: 95.5913 acc5: 99.6071 loss: 0.3233
2025-09-25 04:04:29,416: Saved checkpoint to MoE/NWPU/checkpoint-200
