2025-09-24 20:03:36,489: {
    "model": "MoE",
    "lrd": "moe_lrd",
    "num_classes": 45,
    "dataset": "NWPU",
    "img_size": 320,
    "batch_size": 64,
    "TR": "19_0.json",
    "data_info": {
        "train_len": 3150,
        "val_len": 28350
    },
    "epochs": 200,
    "lr": 0.00025,
    "blr": 0.001,
    "layer_decay": 0.85,
    "drop_path": 0.1,
    "smoothing": 0.1,
    "mixup": 0.8,
    "cutmix": 1.0
}
2025-09-24 20:03:37,347: missing keys: ['pos_embed_det', 'fc_norm.weight', 'fc_norm.bias', 'head.weight', 'head.bias']
unexpected keys: ['pos_embed']
2025-09-24 20:03:37,706: layer decay optimizer: min_lr: 3.556043928404302e-05 max_lr: 0.00025
2025-09-24 20:04:20,630: epoch: [0/200] acc1: 2.7742 acc5: 14.5727 loss: 3.8036 min_lr: 7.112087856808604e-06 max_lr: 5e-05
2025-09-24 20:04:58,803: epoch: [1/200] acc1: 6.1862 acc5: 25.0957 loss: 3.6827 min_lr: 1.4224175713617208e-05 max_lr: 0.0001
2025-09-24 20:05:37,030: epoch: [2/200] acc1: 10.8099 acc5: 35.3316 loss: 3.4800 min_lr: 2.133626357042581e-05 max_lr: 0.00015
2025-09-24 20:06:15,217: epoch: [3/200] acc1: 13.4885 acc5: 36.2883 loss: 3.3305 min_lr: 2.8448351427234416e-05 max_lr: 0.0002
2025-09-24 20:06:53,478: epoch: [4/200] acc1: 19.3240 acc5: 47.0663 loss: 3.1955 min_lr: 3.556043928404302e-05 max_lr: 0.00025
2025-09-24 20:07:31,714: epoch: [5/200] acc1: 24.3622 acc5: 51.5625 loss: 2.9802 min_lr: 3.555813416295853e-05 max_lr: 0.00024998379434330045
2025-09-24 20:08:10,403: epoch: [6/200] acc1: 28.8903 acc5: 55.4209 loss: 2.9059 min_lr: 3.555121939799935e-05 max_lr: 0.00024993518157938083
2025-09-24 20:08:48,829: epoch: [7/200] acc1: 35.2041 acc5: 60.6824 loss: 2.7668 min_lr: 3.553969678389314e-05 max_lr: 0.0002498541743256868
2025-09-24 20:09:27,158: epoch: [8/200] acc1: 34.8852 acc5: 60.2360 loss: 2.6934 min_lr: 3.5523569311335046e-05 max_lr: 0.00024974079360765575
2025-09-24 20:10:05,408: epoch: [9/200] acc1: 35.9694 acc5: 62.4362 loss: 2.6840 min_lr: 3.550284116621148e-05 max_lr: 0.0002495950688532595
2025-09-24 20:11:52,578: [val] epoch: [9/200] acc1: 81.6085 acc5: 97.9753 loss: 0.9631
2025-09-24 20:12:30,846: epoch: [10/200] acc1: 35.3316 acc5: 59.8533 loss: 2.6282 min_lr: 3.547751772851371e-05 max_lr: 0.0002494170378853664
2025-09-24 20:13:09,137: epoch: [11/200] acc1: 36.4477 acc5: 60.4273 loss: 2.6052 min_lr: 3.544760557094144e-05 max_lr: 0.00024920674691192437
2025-09-24 20:13:47,418: epoch: [12/200] acc1: 41.2946 acc5: 66.0714 loss: 2.5380 min_lr: 3.5413112457196876e-05 max_lr: 0.00024896425051396754
2025-09-24 20:14:25,787: epoch: [13/200] acc1: 36.1288 acc5: 60.3954 loss: 2.5898 min_lr: 3.537404733996966e-05 max_lr: 0.00024868961163145004
2025-09-24 20:15:04,092: epoch: [14/200] acc1: 46.2054 acc5: 67.9528 loss: 2.3940 min_lr: 3.5330420358613216e-05 max_lr: 0.00024838290154690935
2025-09-24 20:15:42,561: epoch: [15/200] acc1: 41.3265 acc5: 64.7640 loss: 2.4336 min_lr: 3.528224283651305e-05 max_lr: 0.00024804419986696564
2025-09-24 20:16:20,848: epoch: [16/200] acc1: 43.2398 acc5: 65.6250 loss: 2.3568 min_lr: 3.522952727814778e-05 max_lr: 0.00024767359450165923
2025-09-24 20:16:59,179: epoch: [17/200] acc1: 46.2054 acc5: 69.9298 loss: 2.3919 min_lr: 3.517228736584359e-05 max_lr: 0.000247271181641634
2025-09-24 20:17:37,707: epoch: [18/200] acc1: 46.6518 acc5: 69.4834 loss: 2.3185 min_lr: 3.5110537956223006e-05 max_lr: 0.00024683706573317066
2025-09-24 20:18:16,191: epoch: [19/200] acc1: 47.7679 acc5: 72.7041 loss: 2.4209 min_lr: 3.5044295076348825e-05 max_lr: 0.0002463713594510782
2025-09-24 20:20:03,413: [val] epoch: [19/200] acc1: 88.0529 acc5: 99.0476 loss: 0.6444
2025-09-24 20:20:41,768: epoch: [20/200] acc1: 48.0230 acc5: 70.5357 loss: 2.4601 min_lr: 3.4973575919564316e-05 max_lr: 0.0002458741836694489
2025-09-24 20:21:20,127: epoch: [21/200] acc1: 37.2130 acc5: 58.3865 loss: 2.2876 min_lr: 3.4898398841030654e-05 max_lr: 0.0002453456674302851
2025-09-24 20:21:58,527: epoch: [22/200] acc1: 40.8163 acc5: 65.9120 loss: 2.4374 min_lr: 3.4818783352962905e-05 max_lr: 0.00024478594791000713
2025-09-24 20:22:36,972: epoch: [23/200] acc1: 45.1212 acc5: 67.4745 loss: 2.2789 min_lr: 3.473475011956553e-05 max_lr: 0.00024419517038384847
2025-09-24 20:23:15,460: epoch: [24/200] acc1: 36.7347 acc5: 62.1173 loss: 2.3022 min_lr: 3.464632095166908e-05 max_lr: 0.00024357348818814978
2025-09-24 20:23:53,847: epoch: [25/200] acc1: 46.8750 acc5: 70.3125 loss: 2.2345 min_lr: 3.455351880106914e-05 max_lr: 0.00024292106268056067
2025-09-24 20:24:32,337: epoch: [26/200] acc1: 44.6110 acc5: 70.3763 loss: 2.3089 min_lr: 3.445636775456922e-05 max_lr: 0.00024223806319815893
2025-09-24 20:25:10,688: epoch: [27/200] acc1: 40.1467 acc5: 62.0217 loss: 2.2320 min_lr: 3.4354893027729e-05 max_lr: 0.0002415246670134993
2025-09-24 20:25:48,999: epoch: [28/200] acc1: 49.4898 acc5: 73.2462 loss: 2.2121 min_lr: 3.4249120958319624e-05 max_lr: 0.00024078105928860235
2025-09-24 20:26:27,358: epoch: [29/200] acc1: 47.6722 acc5: 69.6429 loss: 2.2339 min_lr: 3.413907899948778e-05 max_lr: 0.00024000743302689568
2025-09-24 20:28:14,550: [val] epoch: [29/200] acc1: 90.6349 acc5: 99.2663 loss: 0.5449
2025-09-24 20:28:52,835: epoch: [30/200] acc1: 49.1071 acc5: 72.0025 loss: 2.1549 min_lr: 3.402479571263017e-05 max_lr: 0.00023920398902311976
2025-09-24 20:29:31,203: epoch: [31/200] acc1: 47.7997 acc5: 73.2143 loss: 2.2929 min_lr: 3.390630075998046e-05 max_lr: 0.00023837093581121187
2025-09-24 20:30:09,590: epoch: [32/200] acc1: 50.7972 acc5: 70.3125 loss: 2.0921 min_lr: 3.378362489691037e-05 max_lr: 0.00023750848961018073
2025-09-24 20:30:47,878: epoch: [33/200] acc1: 43.6862 acc5: 63.9031 loss: 2.0749 min_lr: 3.365679996394721e-05 max_lr: 0.00023661687426798728
2025-09-24 20:31:26,206: epoch: [34/200] acc1: 52.7105 acc5: 73.2143 loss: 2.1142 min_lr: 3.352585887850957e-05 max_lr: 0.0002356963212034446
2025-09-24 20:32:04,596: epoch: [35/200] acc1: 45.7589 acc5: 69.9936 loss: 2.1969 min_lr: 3.339083562636368e-05 max_lr: 0.00023474706934615327
2025-09-24 20:32:43,083: epoch: [36/200] acc1: 48.0867 acc5: 71.5880 loss: 2.2491 min_lr: 3.325176525280236e-05 max_lr: 0.00023376936507448723
2025-09-24 20:33:21,492: epoch: [37/200] acc1: 50.6059 acc5: 73.6607 loss: 2.1425 min_lr: 3.310868385354903e-05 max_lr: 0.00023276346215164614
2025-09-24 20:33:59,681: epoch: [38/200] acc1: 54.0179 acc5: 75.0957 loss: 2.0953 min_lr: 3.296162856538907e-05 max_lr: 0.00023172962165979126
2025-09-24 20:34:37,949: epoch: [39/200] acc1: 51.7538 acc5: 74.1390 loss: 2.1187 min_lr: 3.2810637556530925e-05 max_lr: 0.00023066811193228138
2025-09-24 20:36:25,139: [val] epoch: [39/200] acc1: 91.1005 acc5: 99.2945 loss: 0.4969
2025-09-24 20:37:03,400: epoch: [40/200] acc1: 46.8750 acc5: 72.0982 loss: 2.1222 min_lr: 3.265575001669959e-05 max_lr: 0.00022957920848402704
2025-09-24 20:37:41,731: epoch: [41/200] acc1: 57.6212 acc5: 80.1020 loss: 2.1092 min_lr: 3.249700614696491e-05 max_lr: 0.00022846319393998068
2025-09-24 20:38:20,057: epoch: [42/200] acc1: 45.0255 acc5: 71.3010 loss: 2.1849 min_lr: 3.2334447149307347e-05 max_lr: 0.00022732035796178097
2025-09-24 20:38:58,786: epoch: [43/200] acc1: 50.2551 acc5: 77.5510 loss: 2.2030 min_lr: 3.216811521592406e-05 max_lr: 0.00022615099717257156
2025-09-24 20:39:37,132: epoch: [44/200] acc1: 53.2844 acc5: 77.9018 loss: 2.1494 min_lr: 3.199805351827788e-05 max_lr: 0.0002249554150800122
2025-09-24 20:40:15,461: epoch: [45/200] acc1: 52.7423 acc5: 74.9043 loss: 2.0326 min_lr: 3.182430619589216e-05 max_lr: 0.0002237339219975035
2025-09-24 20:40:53,770: epoch: [46/200] acc1: 47.0982 acc5: 68.7819 loss: 2.1216 min_lr: 3.1646918344894373e-05 max_lr: 0.0002224868349636449
2025-09-24 20:41:32,076: epoch: [47/200] acc1: 42.4745 acc5: 68.6862 loss: 2.2286 min_lr: 3.146593600631141e-05 max_lr: 0.00022121447765994747
2025-09-24 20:42:10,465: epoch: [48/200] acc1: 46.1097 acc5: 69.8342 loss: 2.0171 min_lr: 3.128140615411961e-05 max_lr: 0.00021991718032682224
2025-09-24 20:42:48,785: epoch: [49/200] acc1: 52.8699 acc5: 75.0000 loss: 1.9933 min_lr: 3.109337668305266e-05 max_lr: 0.00021859527967786624
2025-09-24 20:44:35,484: [val] epoch: [49/200] acc1: 90.9559 acc5: 99.2769 loss: 0.5071
2025-09-24 20:45:13,788: epoch: [50/200] acc1: 42.1237 acc5: 65.3061 loss: 1.9667 min_lr: 3.090189639617056e-05 max_lr: 0.00021724911881246866
2025-09-24 20:45:52,114: epoch: [51/200] acc1: 48.2781 acc5: 72.3852 loss: 2.0436 min_lr: 3.070701499219272e-05 max_lr: 0.00021587904712675913
2025-09-24 20:46:30,322: epoch: [52/200] acc1: 51.8495 acc5: 76.2117 loss: 2.0704 min_lr: 3.05087830525987e-05 max_lr: 0.00021448542022292215
2025-09-24 20:47:08,670: epoch: [53/200] acc1: 54.1454 acc5: 77.6148 loss: 2.0345 min_lr: 3.0307252028499778e-05 max_lr: 0.00021306859981690035
2025-09-24 20:47:46,941: epoch: [54/200] acc1: 54.4962 acc5: 77.5829 loss: 2.1214 min_lr: 3.0102474227284785e-05 max_lr: 0.00021162895364451123
2025-09-24 20:48:25,286: epoch: [55/200] acc1: 45.2487 acc5: 71.2054 loss: 2.0782 min_lr: 2.989450279904376e-05 max_lr: 0.0002101668553660013
2025-09-24 20:49:03,637: epoch: [56/200] acc1: 48.4694 acc5: 71.9707 loss: 2.0520 min_lr: 2.9683391722772807e-05 max_lr: 0.00020868268446906245
2025-09-24 20:49:41,844: epoch: [57/200] acc1: 49.1390 acc5: 75.7653 loss: 2.1177 min_lr: 2.9469195792363857e-05 max_lr: 0.0002071768261703359
2025-09-24 20:50:20,152: epoch: [58/200] acc1: 54.1773 acc5: 76.3393 loss: 2.0133 min_lr: 2.925197060238291e-05 max_lr: 0.0002056496713154293
2025-09-24 20:50:58,520: epoch: [59/200] acc1: 55.1977 acc5: 79.0179 loss: 1.9726 min_lr: 2.903177253364046e-05 max_lr: 0.00020410161627747273
2025-09-24 20:52:45,756: [val] epoch: [59/200] acc1: 91.9400 acc5: 99.3545 loss: 0.4618
2025-09-24 20:53:23,933: epoch: [60/200] acc1: 50.0000 acc5: 72.7360 loss: 2.1232 min_lr: 2.880865873855787e-05 max_lr: 0.00020253306285423993
2025-09-24 20:54:02,263: epoch: [61/200] acc1: 53.3482 acc5: 75.8610 loss: 2.0259 min_lr: 2.8582687126333403e-05 max_lr: 0.00020094441816386158
2025-09-24 20:54:40,592: epoch: [62/200] acc1: 53.5714 acc5: 75.6059 loss: 2.0299 min_lr: 2.8353916347911963e-05 max_lr: 0.0001993360945391581
2025-09-24 20:55:18,920: epoch: [63/200] acc1: 46.3967 acc5: 75.5421 loss: 2.1815 min_lr: 2.8122405780762188e-05 max_lr: 0.00019770850942061837
2025-09-24 20:55:57,248: epoch: [64/200] acc1: 54.1773 acc5: 75.8929 loss: 1.8936 min_lr: 2.788821551346503e-05 max_lr: 0.00019606208524805308
2025-09-24 20:56:35,655: epoch: [65/200] acc1: 52.9018 acc5: 74.8724 loss: 2.0670 min_lr: 2.765140633011778e-05 max_lr: 0.00019439724935095047
2025-09-24 20:57:14,164: epoch: [66/200] acc1: 54.9107 acc5: 76.8176 loss: 1.9714 min_lr: 2.7412039694557528e-05 max_lr: 0.00019271443383756293
2025-09-24 20:57:52,429: epoch: [67/200] acc1: 51.8495 acc5: 78.0612 loss: 1.9961 min_lr: 2.7170177734408238e-05 max_lr: 0.0001910140754827533
2025-09-24 20:58:30,799: epoch: [68/200] acc1: 56.7283 acc5: 78.5714 loss: 1.9714 min_lr: 2.6925883224955518e-05 max_lr: 0.00018929661561463
2025-09-24 20:59:09,166: epoch: [69/200] acc1: 52.4235 acc5: 74.3304 loss: 1.9460 min_lr: 2.6679219572853274e-05 max_lr: 0.00018756249999999999
2025-09-24 21:00:55,986: [val] epoch: [69/200] acc1: 91.7813 acc5: 99.0970 loss: 0.4813
2025-09-24 21:01:34,418: epoch: [70/200] acc1: 52.2959 acc5: 75.0319 loss: 1.9899 min_lr: 2.6430250799666536e-05 max_lr: 0.00018581217872867042
2025-09-24 21:02:12,709: epoch: [71/200] acc1: 52.0089 acc5: 75.7015 loss: 1.9684 min_lr: 2.6179041525254638e-05 max_lr: 0.00018404610609662743
2025-09-24 21:02:51,139: epoch: [72/200] acc1: 54.4005 acc5: 80.1977 loss: 2.0125 min_lr: 2.5925656950999145e-05 max_lr: 0.00018226474048812388
2025-09-24 21:03:29,486: epoch: [73/200] acc1: 45.0893 acc5: 69.6747 loss: 1.8813 min_lr: 2.5670162842880795e-05 max_lr: 0.00018046854425670528
2025-09-24 21:04:07,760: epoch: [74/200] acc1: 60.0765 acc5: 83.5778 loss: 1.9774 min_lr: 2.5412625514409976e-05 max_lr: 0.00017865798360520638
2025-09-24 21:04:46,063: epoch: [75/200] acc1: 56.7283 acc5: 78.5714 loss: 1.9472 min_lr: 2.5153111809415057e-05 max_lr: 0.000176833528464748
2025-09-24 21:05:24,309: epoch: [76/200] acc1: 50.7972 acc5: 72.7041 loss: 1.9123 min_lr: 2.4891689084693006e-05 max_lr: 0.00017499565237276621
2025-09-24 21:06:02,742: epoch: [77/200] acc1: 50.1275 acc5: 74.3304 loss: 1.9508 min_lr: 2.4628425192527012e-05 max_lr: 0.00017314483235010604
2025-09-24 21:06:41,080: epoch: [78/200] acc1: 56.3138 acc5: 77.0089 loss: 1.9296 min_lr: 2.4363388463075333e-05 max_lr: 0.00017128154877721013
2025-09-24 21:07:19,391: epoch: [79/200] acc1: 53.8265 acc5: 79.3686 loss: 2.0597 min_lr: 2.409664768663629e-05 max_lr: 0.00016940628526943664
2025-09-24 21:09:06,459: [val] epoch: [79/200] acc1: 91.7848 acc5: 99.1640 loss: 0.5269
2025-09-24 21:09:44,789: epoch: [80/200] acc1: 59.3431 acc5: 81.6964 loss: 1.9482 min_lr: 2.3828272095793677e-05 max_lr: 0.00016751952855153634
2025-09-24 21:10:23,195: epoch: [81/200] acc1: 55.0383 acc5: 78.9860 loss: 1.9831 min_lr: 2.3558331347447456e-05 max_lr: 0.0001656217683313234
2025-09-24 21:11:01,582: epoch: [82/200] acc1: 49.3304 acc5: 75.7334 loss: 1.9819 min_lr: 2.3286895504734318e-05 max_lr: 0.00016371349717257157
2025-09-24 21:11:39,892: epoch: [83/200] acc1: 50.9247 acc5: 76.4349 loss: 1.9656 min_lr: 2.301403501884278e-05 max_lr: 0.0001617952103671694
2025-09-24 21:12:18,199: epoch: [84/200] acc1: 67.1237 acc5: 86.3839 loss: 1.8220 min_lr: 2.2739820710727572e-05 max_lr: 0.00015986740580656704
2025-09-24 21:12:56,547: epoch: [85/200] acc1: 54.3048 acc5: 75.2232 loss: 1.8838 min_lr: 2.246432375272807e-05 max_lr: 0.00015793058385254856
2025-09-24 21:13:34,815: epoch: [86/200] acc1: 57.6212 acc5: 79.1773 loss: 1.9014 min_lr: 2.218761565009549e-05 max_lr: 0.00015598524720736298
2025-09-24 21:14:13,270: epoch: [87/200] acc1: 52.4872 acc5: 76.9451 loss: 1.9481 min_lr: 2.190976822243372e-05 max_lr: 0.00015403190078324802
2025-09-24 21:14:51,651: epoch: [88/200] acc1: 58.3227 acc5: 78.9222 loss: 1.8265 min_lr: 2.1630853585058506e-05 max_lr: 0.00015207105157137983
2025-09-24 21:15:30,103: epoch: [89/200] acc1: 52.5191 acc5: 77.3916 loss: 1.8783 min_lr: 2.1350944130279952e-05 max_lr: 0.00015010320851028357
2025-09-24 21:17:17,370: [val] epoch: [89/200] acc1: 92.6349 acc5: 99.2628 loss: 0.4542
2025-09-24 21:17:20,755: Saved checkpoint to MoE/NWPU/checkpoint-90
2025-09-24 21:17:59,074: epoch: [90/200] acc1: 56.8559 acc5: 78.8265 loss: 1.8094 min_lr: 2.107011250861307e-05 max_lr: 0.00014812888235373844
2025-09-24 21:18:37,362: epoch: [91/200] acc1: 60.2360 acc5: 82.4936 loss: 1.8379 min_lr: 2.0788431609921338e-05 max_lr: 0.00014614858553821142
2025-09-24 21:19:15,824: epoch: [92/200] acc1: 55.7079 acc5: 80.9949 loss: 1.9611 min_lr: 2.050597454449815e-05 max_lr: 0.0001441628320498544
2025-09-24 21:19:54,120: epoch: [93/200] acc1: 53.6352 acc5: 77.2640 loss: 1.8531 min_lr: 2.0222814624091e-05 max_lr: 0.00014217213729109888
2025-09-24 21:20:32,325: epoch: [94/200] acc1: 61.2564 acc5: 81.6645 loss: 1.8501 min_lr: 1.993902534287343e-05 max_lr: 0.00014017701794688344
2025-09-24 21:21:10,714: epoch: [95/200] acc1: 59.4707 acc5: 80.2296 loss: 1.7696 min_lr: 1.9654680358369647e-05 max_lr: 0.00013817799185054824
2025-09-24 21:21:49,042: epoch: [96/200] acc1: 61.5115 acc5: 81.0268 loss: 1.7711 min_lr: 1.936985347233664e-05 max_lr: 0.0001361755778494309
2025-09-24 21:22:27,528: epoch: [97/200] acc1: 58.9923 acc5: 82.2066 loss: 1.8766 min_lr: 1.9084618611609e-05 max_lr: 0.0001341702956702001
2025-09-24 21:23:05,699: epoch: [98/200] acc1: 54.4643 acc5: 77.6786 loss: 1.8970 min_lr: 1.8799049808911147e-05 max_lr: 0.00013216266578396023
2025-09-24 21:23:44,140: epoch: [99/200] acc1: 58.7054 acc5: 81.2819 loss: 1.7669 min_lr: 1.851322118364218e-05 max_lr: 0.00013015320927116324
2025-09-24 21:25:31,081: [val] epoch: [99/200] acc1: 92.5115 acc5: 99.0617 loss: 0.4703
2025-09-24 21:26:09,352: epoch: [100/200] acc1: 56.7921 acc5: 80.0702 loss: 1.8464 min_lr: 1.822720692263814e-05 max_lr: 0.00012814244768636203
2025-09-24 21:26:47,789: epoch: [101/200] acc1: 56.2500 acc5: 79.6875 loss: 1.8853 min_lr: 1.7941081260916856e-05 max_lr: 0.00012613090292284108
2025-09-24 21:27:26,270: epoch: [102/200] acc1: 57.1429 acc5: 79.3048 loss: 1.8225 min_lr: 1.765491846241021e-05 max_lr: 0.00012411909707715896
2025-09-24 21:28:04,504: epoch: [103/200] acc1: 51.3074 acc5: 73.6607 loss: 1.7904 min_lr: 1.7368792800688926e-05 max_lr: 0.000122107552313638
2025-09-24 21:28:42,812: epoch: [104/200] acc1: 57.5893 acc5: 82.9719 loss: 1.9240 min_lr: 1.708277853968489e-05 max_lr: 0.00012009679072883682
2025-09-24 21:29:21,262: epoch: [105/200] acc1: 56.7283 acc5: 84.8533 loss: 1.9097 min_lr: 1.6796949914415908e-05 max_lr: 0.00011808733421603975
2025-09-24 21:29:59,629: epoch: [106/200] acc1: 51.4987 acc5: 76.1798 loss: 1.8591 min_lr: 1.6511381111718063e-05 max_lr: 0.00011607970432979993
2025-09-24 21:30:38,017: epoch: [107/200] acc1: 54.4324 acc5: 80.0383 loss: 1.7683 min_lr: 1.622614625099042e-05 max_lr: 0.00011407442215056912
2025-09-24 21:31:16,405: epoch: [108/200] acc1: 46.9388 acc5: 77.2002 loss: 1.8537 min_lr: 1.594131936495742e-05 max_lr: 0.0001120720081494518
2025-09-24 21:31:54,695: epoch: [109/200] acc1: 50.5421 acc5: 80.1339 loss: 1.8693 min_lr: 1.5656974380453632e-05 max_lr: 0.00011007298205311656
2025-09-24 21:33:41,885: [val] epoch: [109/200] acc1: 92.9383 acc5: 99.2452 loss: 0.4428
2025-09-24 21:33:45,196: Saved checkpoint to MoE/NWPU/checkpoint-110
2025-09-24 21:34:23,546: epoch: [110/200] acc1: 62.4043 acc5: 83.4503 loss: 1.8376 min_lr: 1.537318509923607e-05 max_lr: 0.00010807786270890117
2025-09-24 21:35:01,953: epoch: [111/200] acc1: 59.3750 acc5: 78.4120 loss: 1.7237 min_lr: 1.5090025178828909e-05 max_lr: 0.00010608716795014561
2025-09-24 21:35:40,344: epoch: [112/200] acc1: 54.1135 acc5: 78.0931 loss: 1.8219 min_lr: 1.4807568113405719e-05 max_lr: 0.00010410141446178856
2025-09-24 21:36:18,689: epoch: [113/200] acc1: 57.8763 acc5: 80.5804 loss: 1.7965 min_lr: 1.4525887214713994e-05 max_lr: 0.00010212111764626157
2025-09-24 21:36:56,897: epoch: [114/200] acc1: 63.8074 acc5: 85.0765 loss: 1.8613 min_lr: 1.4245055593047115e-05 max_lr: 0.00010014679148971647
2025-09-24 21:37:35,105: epoch: [115/200] acc1: 55.4847 acc5: 82.3980 loss: 1.8735 min_lr: 1.3965146138268561e-05 max_lr: 9.817894842862022e-05
2025-09-24 21:38:13,475: epoch: [116/200] acc1: 55.8355 acc5: 80.9949 loss: 1.8024 min_lr: 1.3686231500893348e-05 max_lr: 9.621809921675201e-05
2025-09-24 21:38:51,992: epoch: [117/200] acc1: 64.6046 acc5: 86.9898 loss: 1.7617 min_lr: 1.3408384073231572e-05 max_lr: 9.4264752792637e-05
2025-09-24 21:39:30,369: epoch: [118/200] acc1: 56.3138 acc5: 79.0497 loss: 1.7195 min_lr: 1.3131675970598993e-05 max_lr: 9.231941614745145e-05
2025-09-24 21:40:08,839: epoch: [119/200] acc1: 55.6441 acc5: 78.1888 loss: 1.7241 min_lr: 1.285617901259949e-05 max_lr: 9.038259419343297e-05
2025-09-24 21:41:56,063: [val] epoch: [119/200] acc1: 93.1570 acc5: 99.1358 loss: 0.4389
2025-09-24 21:41:59,405: Saved checkpoint to MoE/NWPU/checkpoint-120
2025-09-24 21:42:37,810: epoch: [120/200] acc1: 56.1543 acc5: 82.7168 loss: 1.8386 min_lr: 1.2581964704484286e-05 max_lr: 8.845478963283063e-05
2025-09-24 21:43:16,300: epoch: [121/200] acc1: 62.1811 acc5: 84.4707 loss: 1.7795 min_lr: 1.2309104218592745e-05 max_lr: 8.653650282742844e-05
2025-09-24 21:43:54,748: epoch: [122/200] acc1: 57.5574 acc5: 81.4732 loss: 1.7796 min_lr: 1.2037668375879607e-05 max_lr: 8.462823166867662e-05
2025-09-24 21:44:33,096: epoch: [123/200] acc1: 58.4503 acc5: 80.6122 loss: 1.7622 min_lr: 1.1767727627533385e-05 max_lr: 8.273047144846366e-05
2025-09-24 21:45:11,419: epoch: [124/200] acc1: 57.1110 acc5: 82.8444 loss: 1.8133 min_lr: 1.149935203669077e-05 max_lr: 8.084371473056336e-05
2025-09-24 21:45:49,738: epoch: [125/200] acc1: 52.8380 acc5: 76.3074 loss: 1.7395 min_lr: 1.1232611260251727e-05 max_lr: 7.896845122278987e-05
2025-09-24 21:46:28,199: epoch: [126/200] acc1: 58.9605 acc5: 80.8036 loss: 1.7045 min_lr: 1.0967574530800056e-05 max_lr: 7.710516764989402e-05
2025-09-24 21:47:06,568: epoch: [127/200] acc1: 50.8610 acc5: 77.1684 loss: 1.7320 min_lr: 1.0704310638634056e-05 max_lr: 7.52543476272338e-05
2025-09-24 21:47:44,896: epoch: [128/200] acc1: 56.1862 acc5: 82.0153 loss: 1.7778 min_lr: 1.044288791391201e-05 max_lr: 7.341647153525204e-05
2025-09-24 21:48:23,223: epoch: [129/200] acc1: 53.9222 acc5: 79.9745 loss: 1.7582 min_lr: 1.018337420891708e-05 max_lr: 7.159201639479359e-05
2025-09-24 21:50:10,347: [val] epoch: [129/200] acc1: 93.2593 acc5: 99.2452 loss: 0.4256
2025-09-24 21:50:13,716: Saved checkpoint to MoE/NWPU/checkpoint-130
2025-09-24 21:50:52,035: epoch: [130/200] acc1: 51.4031 acc5: 76.8814 loss: 1.8262 min_lr: 9.925836880446272e-06 max_lr: 6.978145574329475e-05
2025-09-24 21:51:30,355: epoch: [131/200] acc1: 60.3316 acc5: 83.0676 loss: 1.6588 min_lr: 9.670342772327919e-06 max_lr: 6.798525951187615e-05
2025-09-24 21:52:08,813: epoch: [132/200] acc1: 59.3112 acc5: 82.3023 loss: 1.6897 min_lr: 9.416958198072422e-06 max_lr: 6.620389390337256e-05
2025-09-24 21:52:47,293: epoch: [133/200] acc1: 57.4936 acc5: 81.2819 loss: 1.7951 min_lr: 9.165748923660522e-06 max_lr: 6.443782127132957e-05
2025-09-24 21:53:25,549: epoch: [134/200] acc1: 56.0268 acc5: 78.2525 loss: 1.7774 min_lr: 8.91678015047379e-06 max_lr: 6.268750000000003e-05
2025-09-24 21:54:03,897: epoch: [135/200] acc1: 56.9515 acc5: 81.3457 loss: 1.7785 min_lr: 8.670116498371546e-06 max_lr: 6.095338438537002e-05
2025-09-24 21:54:42,366: epoch: [136/200] acc1: 58.6735 acc5: 81.6645 loss: 1.6917 min_lr: 8.42582198891882e-06 max_lr: 5.923592451724666e-05
2025-09-24 21:55:20,752: epoch: [137/200] acc1: 61.5115 acc5: 84.0880 loss: 1.7086 min_lr: 8.183960028769536e-06 max_lr: 5.753556616243708e-05
2025-09-24 21:55:59,119: epoch: [138/200] acc1: 51.5306 acc5: 78.2844 loss: 1.7510 min_lr: 7.94459339320928e-06 max_lr: 5.585275064904953e-05
2025-09-24 21:56:37,490: epoch: [139/200] acc1: 65.9758 acc5: 86.4158 loss: 1.6709 min_lr: 7.707784209862032e-06 max_lr: 5.4187914751946934e-05
2025-09-24 21:58:24,376: [val] epoch: [139/200] acc1: 93.4815 acc5: 99.2487 loss: 0.4085
2025-09-24 21:58:27,817: Saved checkpoint to MoE/NWPU/checkpoint-140
2025-09-24 21:59:06,146: epoch: [140/200] acc1: 58.4184 acc5: 83.9923 loss: 1.7585 min_lr: 7.47359394256488e-06 max_lr: 5.254149057938167e-05
2025-09-24 21:59:44,573: epoch: [141/200] acc1: 52.1046 acc5: 81.1224 loss: 1.8640 min_lr: 7.2420833754151e-06 max_lr: 5.0913905460841916e-05
2025-09-24 22:00:22,918: epoch: [142/200] acc1: 58.7054 acc5: 83.1633 loss: 1.7332 min_lr: 7.013312596993662e-06 max_lr: 4.930558183613844e-05
2025-09-24 22:01:01,204: epoch: [143/200] acc1: 51.6263 acc5: 80.9311 loss: 1.7442 min_lr: 6.7873409847691955e-06 max_lr: 4.77169371457601e-05
2025-09-24 22:01:39,554: epoch: [144/200] acc1: 56.6326 acc5: 81.6645 loss: 1.6833 min_lr: 6.5642271896866015e-06 max_lr: 4.6148383722527277e-05
2025-09-24 22:02:17,904: epoch: [145/200] acc1: 49.8087 acc5: 74.2985 loss: 1.7395 min_lr: 6.344029120944158e-06 max_lr: 4.460032868457073e-05
2025-09-24 22:02:56,213: epoch: [146/200] acc1: 58.0357 acc5: 81.6964 loss: 1.7202 min_lr: 6.1268039309632095e-06 max_lr: 4.307317382966414e-05
2025-09-24 22:03:34,580: epoch: [147/200] acc1: 55.8673 acc5: 81.5689 loss: 1.6617 min_lr: 5.912608000554263e-06 max_lr: 4.1567315530937624e-05
2025-09-24 22:04:12,907: epoch: [148/200] acc1: 69.6747 acc5: 86.8304 loss: 1.6443 min_lr: 5.7014969242833e-06 max_lr: 4.008314463399869e-05
2025-09-24 22:04:51,255: epoch: [149/200] acc1: 58.3865 acc5: 83.2270 loss: 1.6756 min_lr: 5.493525496042278e-06 max_lr: 3.862104635548878e-05
2025-09-24 22:06:38,113: [val] epoch: [149/200] acc1: 93.5838 acc5: 99.2840 loss: 0.4054
2025-09-24 22:06:41,467: Saved checkpoint to MoE/NWPU/checkpoint-150
2025-09-24 22:07:19,767: epoch: [150/200] acc1: 67.9847 acc5: 88.3291 loss: 1.6319 min_lr: 5.2887476948272914e-06 max_lr: 3.71814001830997e-05
2025-09-24 22:07:58,156: epoch: [151/200] acc1: 49.5855 acc5: 76.6900 loss: 1.6815 min_lr: 5.087216670728364e-06 max_lr: 3.5764579777077894e-05
2025-09-24 22:08:36,486: epoch: [152/200] acc1: 53.5076 acc5: 79.3367 loss: 1.7701 min_lr: 4.888984731134348e-06 max_lr: 3.43709528732409e-05
2025-09-24 22:09:14,873: epoch: [153/200] acc1: 54.7194 acc5: 76.4668 loss: 1.5844 min_lr: 4.694103327156505e-06 max_lr: 3.300088118753135e-05
2025-09-24 22:09:53,240: epoch: [154/200] acc1: 59.1837 acc5: 84.6301 loss: 1.7762 min_lr: 4.5026230402743985e-06 max_lr: 3.165472032213374e-05
2025-09-24 22:10:31,566: epoch: [155/200] acc1: 55.4847 acc5: 81.1224 loss: 1.7416 min_lr: 4.314593569207457e-06 max_lr: 3.033281967317779e-05
2025-09-24 22:11:09,915: epoch: [156/200] acc1: 57.4298 acc5: 80.9630 loss: 1.6641 min_lr: 4.13006371701565e-06 max_lr: 2.9035522340052524e-05
2025-09-24 22:11:48,263: epoch: [157/200] acc1: 58.0038 acc5: 80.2934 loss: 1.6286 min_lr: 3.949081378432689e-06 max_lr: 2.776316503635512e-05
2025-09-24 22:12:26,694: epoch: [158/200] acc1: 59.7576 acc5: 81.2500 loss: 1.6512 min_lr: 3.771693527434904e-06 max_lr: 2.6516078002496516e-05
2025-09-24 22:13:05,022: epoch: [159/200] acc1: 60.0765 acc5: 85.2997 loss: 1.7053 min_lr: 3.5979462050491877e-06 max_lr: 2.5294584919987817e-05
2025-09-24 22:14:52,128: [val] epoch: [159/200] acc1: 93.6261 acc5: 99.2169 loss: 0.4221
2025-09-24 22:14:55,493: Saved checkpoint to MoE/NWPU/checkpoint-160
2025-09-24 22:15:33,934: epoch: [160/200] acc1: 55.2296 acc5: 80.1658 loss: 1.6637 min_lr: 3.427884507403002e-06 max_lr: 2.409900282742845e-05
2025-09-24 22:16:12,242: epoch: [161/200] acc1: 63.6480 acc5: 83.3227 loss: 1.5792 min_lr: 3.261552574019711e-06 max_lr: 2.2929642038219014e-05
2025-09-24 22:16:50,611: epoch: [162/200] acc1: 61.2883 acc5: 84.1518 loss: 1.6782 min_lr: 3.0989935763621526e-06 max_lr: 2.178680606001934e-05
2025-09-24 22:17:28,977: epoch: [163/200] acc1: 59.3112 acc5: 85.3635 loss: 1.6355 min_lr: 2.9402497066274684e-06 max_lr: 2.0670791515972936e-05
2025-09-24 22:18:07,324: epoch: [164/200] acc1: 59.4069 acc5: 86.4158 loss: 1.6809 min_lr: 2.7853621667961417e-06 max_lr: 1.9581888067718648e-05
2025-09-24 22:18:45,651: epoch: [165/200] acc1: 60.0446 acc5: 81.1862 loss: 1.6492 min_lr: 2.6343711579379996e-06 max_lr: 1.8520378340208787e-05
2025-09-24 22:19:23,982: epoch: [166/200] acc1: 54.2411 acc5: 79.8150 loss: 1.7153 min_lr: 2.4873158697780287e-06 max_lr: 1.7486537848353845e-05
2025-09-24 22:20:02,248: epoch: [167/200] acc1: 60.7462 acc5: 86.0332 loss: 1.7396 min_lr: 2.344234470524705e-06 max_lr: 1.6480634925512785e-05
2025-09-24 22:20:40,557: epoch: [168/200] acc1: 63.6161 acc5: 88.7436 loss: 1.6573 min_lr: 2.205164096963383e-06 max_lr: 1.5502930653846723e-05
2025-09-24 22:21:18,886: epoch: [169/200] acc1: 50.5421 acc5: 79.7513 loss: 1.7200 min_lr: 2.070140844817494e-06 max_lr: 1.4553678796555427e-05
2025-09-24 22:23:06,029: [val] epoch: [169/200] acc1: 93.6190 acc5: 99.2205 loss: 0.4194
2025-09-24 22:23:44,440: epoch: [170/200] acc1: 69.7385 acc5: 89.9872 loss: 1.6555 min_lr: 1.939199759379854e-06 max_lr: 1.3633125732012739e-05
2025-09-24 22:24:22,674: epoch: [171/200] acc1: 49.6811 acc5: 77.5510 loss: 1.6723 min_lr: 1.812374826416686e-06 max_lr: 1.2741510389819272e-05
2025-09-24 22:25:00,997: epoch: [172/200] acc1: 62.0855 acc5: 85.1403 loss: 1.5521 min_lr: 1.689698963346602e-06 max_lr: 1.1879064188788143e-05
2025-09-24 22:25:39,323: epoch: [173/200] acc1: 56.1543 acc5: 84.0561 loss: 1.7252 min_lr: 1.5712040106968847e-06 max_lr: 1.1046010976880204e-05
2025-09-24 22:26:17,608: epoch: [174/200] acc1: 65.6888 acc5: 86.9579 loss: 1.6716 min_lr: 1.4569207238392825e-06 max_lr: 1.0242566973104324e-05
2025-09-24 22:26:56,099: epoch: [175/200] acc1: 59.6620 acc5: 85.3316 loss: 1.6215 min_lr: 1.346878765007441e-06 max_lr: 9.46894071139768e-06
2025-09-24 22:27:34,507: epoch: [176/200] acc1: 56.4413 acc5: 81.6008 loss: 1.6226 min_lr: 1.2411066955980687e-06 max_lr: 8.725332986500736e-06
2025-09-24 22:28:12,792: epoch: [177/200] acc1: 64.7003 acc5: 84.5982 loss: 1.6522 min_lr: 1.1396319687578427e-06 max_lr: 8.011936801841112e-06
2025-09-24 22:28:51,110: epoch: [178/200] acc1: 55.8992 acc5: 80.8036 loss: 1.6653 min_lr: 1.042480922257916e-06 max_lr: 7.328937319439323e-06
2025-09-24 22:29:29,452: epoch: [179/200] acc1: 65.5293 acc5: 86.0650 loss: 1.5952 min_lr: 9.496787716579815e-07 max_lr: 6.676511811850209e-06
2025-09-24 22:31:16,663: [val] epoch: [179/200] acc1: 93.7884 acc5: 99.2416 loss: 0.4070
2025-09-24 22:31:20,022: Saved checkpoint to MoE/NWPU/checkpoint-180
2025-09-24 22:31:58,526: epoch: [180/200] acc1: 55.7717 acc5: 79.2411 loss: 1.7006 min_lr: 8.612496037615325e-07 max_lr: 6.054829616151563e-06
2025-09-24 22:32:36,932: epoch: [181/200] acc1: 59.2793 acc5: 80.1977 loss: 1.6231 min_lr: 7.77216370364159e-07 max_lr: 5.4640520899928675e-06
2025-09-24 22:33:15,180: epoch: [182/200] acc1: 55.0064 acc5: 83.5140 loss: 1.7176 min_lr: 6.976008822964041e-07 max_lr: 4.9043325697148895e-06
2025-09-24 22:33:53,528: epoch: [183/200] acc1: 57.0791 acc5: 82.8444 loss: 1.6743 min_lr: 6.224238037627516e-07 max_lr: 4.375816330551145e-06
2025-09-24 22:34:31,876: epoch: [184/200] acc1: 57.4936 acc5: 83.2270 loss: 1.6432 min_lr: 5.517046469782375e-07 max_lr: 3.878640548921755e-06
2025-09-24 22:35:10,165: epoch: [185/200] acc1: 58.9286 acc5: 83.8329 loss: 1.6759 min_lr: 4.854617671040572e-07 max_lr: 3.4129342668293316e-06
2025-09-24 22:35:48,472: epoch: [186/200] acc1: 60.4273 acc5: 87.0217 loss: 1.7063 min_lr: 4.2371235748346936e-07 max_lr: 2.9788183583660144e-06
2025-09-24 22:36:26,842: epoch: [187/200] acc1: 58.1951 acc5: 80.8355 loss: 1.6437 min_lr: 3.66472445179283e-07 max_lr: 2.5764054983407476e-06
2025-09-24 22:37:05,190: epoch: [188/200] acc1: 52.4554 acc5: 80.1339 loss: 1.7290 min_lr: 3.1375688681400904e-07 max_lr: 2.205800133034357e-06
2025-09-24 22:37:43,420: epoch: [189/200] acc1: 58.8010 acc5: 80.7398 loss: 1.6362 min_lr: 2.6557936471384045e-07 max_lr: 1.8670984530906335e-06
2025-09-24 22:39:30,473: [val] epoch: [189/200] acc1: 93.7884 acc5: 99.2205 loss: 0.4109
2025-09-24 22:39:33,931: Saved checkpoint to MoE/NWPU/checkpoint-190
2025-09-24 22:40:12,230: epoch: [190/200] acc1: 58.2270 acc5: 82.8125 loss: 1.5844 min_lr: 2.219523833573956e-07 max_lr: 1.560388368549991e-06
2025-09-24 22:41:59,206: [val] epoch: [190/200] acc1: 93.8166 acc5: 99.2275 loss: 0.4094
2025-09-24 22:42:02,587: Saved checkpoint to MoE/NWPU/checkpoint-191
2025-09-24 22:42:40,923: epoch: [191/200] acc1: 50.7015 acc5: 74.8406 loss: 1.7055 min_lr: 1.828872661301846e-07 max_lr: 1.2857494860324413e-06
2025-09-24 22:44:27,906: [val] epoch: [191/200] acc1: 93.8131 acc5: 99.2275 loss: 0.4093
2025-09-24 22:45:06,179: epoch: [192/200] acc1: 65.9758 acc5: 87.5957 loss: 1.6533 min_lr: 1.4839415238562032e-07 max_lr: 1.0432530880756654e-06
2025-09-24 22:46:53,382: [val] epoch: [192/200] acc1: 93.8060 acc5: 99.2310 loss: 0.4093
2025-09-24 22:47:31,655: epoch: [193/200] acc1: 56.2819 acc5: 77.3916 loss: 1.5804 min_lr: 1.1848199481334878e-07 max_lr: 8.329621146336277e-07
2025-09-24 22:49:18,712: [val] epoch: [193/200] acc1: 93.8131 acc5: 99.2381 loss: 0.4084
2025-09-24 22:49:56,989: epoch: [194/200] acc1: 69.6429 acc5: 88.5204 loss: 1.6468 min_lr: 9.315855711558187e-08 max_lr: 6.54931146740535e-07
2025-09-24 22:51:44,077: [val] epoch: [194/200] acc1: 93.8095 acc5: 99.2240 loss: 0.4087
2025-09-24 22:52:22,374: epoch: [195/200] acc1: 63.3291 acc5: 88.9349 loss: 1.6859 min_lr: 7.24304119920213e-08 max_lr: 5.092063923442791e-07
2025-09-24 22:54:09,137: [val] epoch: [195/200] acc1: 93.8166 acc5: 99.2169 loss: 0.4088
2025-09-24 22:54:12,516: Saved checkpoint to MoE/NWPU/checkpoint-196
2025-09-24 22:54:50,838: epoch: [196/200] acc1: 60.3316 acc5: 84.9171 loss: 1.6879 min_lr: 5.630293943392125e-08 max_lr: 3.958256743132106e-07
2025-09-24 22:56:38,072: [val] epoch: [196/200] acc1: 93.8025 acc5: 99.2240 loss: 0.4090
2025-09-24 22:57:16,371: epoch: [197/200] acc1: 50.6696 acc5: 76.9133 loss: 1.6769 min_lr: 4.4780325327711676e-08 max_lr: 3.148184206192152e-07
2025-09-24 22:59:03,331: [val] epoch: [197/200] acc1: 93.8201 acc5: 99.2169 loss: 0.4091
2025-09-24 22:59:06,743: Saved checkpoint to MoE/NWPU/checkpoint-198
2025-09-24 22:59:44,986: epoch: [198/200] acc1: 52.6786 acc5: 78.2844 loss: 1.6854 min_lr: 3.786556036853788e-08 max_lr: 2.6620565669958724e-07
2025-09-24 23:01:31,814: [val] epoch: [198/200] acc1: 93.8095 acc5: 99.2169 loss: 0.4092
2025-09-24 23:02:10,083: epoch: [199/200] acc1: 61.6709 acc5: 86.1288 loss: 1.7107 min_lr: 3.5560439284043016e-08 max_lr: 2.5e-07
2025-09-24 23:03:57,222: [val] epoch: [199/200] acc1: 93.8060 acc5: 99.2169 loss: 0.4095
2025-09-24 23:04:00,553: Saved checkpoint to MoE/NWPU/checkpoint-200