2025/09/08 14:44:31 - mmengine - INFO - Iter(train) [  100/20000]  base_lr: 1.4887e-05 lr: 6.7885e-07  eta: 1:24:14  time: 0.2218  data_time: 0.0062  memory: 9307  loss: 1.1184  decode.loss_ce: 1.1183  decode.acc_seg: 85.6717  moe_aux_loss: 0.0001
2025/09/08 14:44:53 - mmengine - INFO - Iter(train) [  200/20000]  base_lr: 2.9925e-05 lr: 1.3646e-06  eta: 1:18:40  time: 0.2243  data_time: 0.0061  memory: 6251  loss: 0.7126  decode.loss_ce: 0.7125  decode.acc_seg: 63.7752  moe_aux_loss: 0.0001
2025/09/08 14:45:23 - mmengine - INFO - Iter(train) [  300/20000]  base_lr: 4.4962e-05 lr: 2.0503e-06  eta: 1:24:13  time: 0.6327  data_time: 0.0065  memory: 6252  loss: 0.4463  decode.loss_ce: 0.4462  decode.acc_seg: 76.0789  moe_aux_loss: 0.0001
2025/09/08 14:46:32 - mmengine - INFO - Iter(train) [  400/20000]  base_lr: 6.0000e-05 lr: 2.7360e-06  eta: 1:59:34  time: 0.6544  data_time: 0.0069  memory: 6249  loss: 0.2214  decode.loss_ce: 0.2213  decode.acc_seg: 99.0926  moe_aux_loss: 0.0001
2025/09/08 14:47:42 - mmengine - INFO - Iter(train) [  500/20000]  base_lr: 5.9996e-05 lr: 2.7358e-06  eta: 2:20:26  time: 0.6876  data_time: 0.0069  memory: 6250  loss: 0.1358  decode.loss_ce: 0.1357  decode.acc_seg: 93.1531  moe_aux_loss: 0.0001
2025/09/08 14:48:52 - mmengine - INFO - Iter(train) [  600/20000]  base_lr: 5.9985e-05 lr: 2.7353e-06  eta: 2:34:22  time: 0.7095  data_time: 0.0072  memory: 6250  loss: 0.1063  decode.loss_ce: 0.1062  decode.acc_seg: 99.4995  moe_aux_loss: 0.0001
2025/09/08 14:50:04 - mmengine - INFO - Iter(train) [  700/20000]  base_lr: 5.9966e-05 lr: 2.7344e-06  eta: 2:44:35  time: 0.6499  data_time: 0.0071  memory: 6250  loss: 0.1662  decode.loss_ce: 0.1661  decode.acc_seg: 78.6770  moe_aux_loss: 0.0001
2025/09/08 14:51:17 - mmengine - INFO - Iter(train) [  800/20000]  base_lr: 5.9939e-05 lr: 2.7332e-06  eta: 2:52:34  time: 0.7171  data_time: 0.0071  memory: 6250  loss: 0.1266  decode.loss_ce: 0.1265  decode.acc_seg: 98.5901  moe_aux_loss: 0.0001
2025/09/08 14:52:28 - mmengine - INFO - Iter(train) [  900/20000]  base_lr: 5.9904e-05 lr: 2.7316e-06  eta: 2:57:29  time: 0.8453  data_time: 0.0069  memory: 6250  loss: 0.1075  decode.loss_ce: 0.1074  decode.acc_seg: 100.0000  moe_aux_loss: 0.0001
2025/09/08 14:53:41 - mmengine - INFO - Exp name: GeoMoE_20250908_144358
2025/09/08 14:53:41 - mmengine - INFO - Iter(train) [ 1000/20000]  base_lr: 5.9862e-05 lr: 2.7297e-06  eta: 3:02:03  time: 0.7662  data_time: 0.0071  memory: 6250  loss: 0.0339  decode.loss_ce: 0.0338  decode.acc_seg: 100.0000  moe_aux_loss: 0.0001
2025/09/08 14:54:51 - mmengine - INFO - Iter(train) [ 1100/20000]  base_lr: 5.9812e-05 lr: 2.7274e-06  eta: 3:04:52  time: 0.6298  data_time: 0.0070  memory: 6249  loss: 0.1111  decode.loss_ce: 0.1110  decode.acc_seg: 100.0000  moe_aux_loss: 0.0001
2025/09/08 14:56:03 - mmengine - INFO - Iter(train) [ 1200/20000]  base_lr: 5.9754e-05 lr: 2.7248e-06  eta: 3:07:22  time: 0.7667  data_time: 0.0069  memory: 6249  loss: 0.1110  decode.loss_ce: 0.1109  decode.acc_seg: 97.5945  moe_aux_loss: 0.0001
2025/09/08 14:57:15 - mmengine - INFO - Iter(train) [ 1300/20000]  base_lr: 5.9689e-05 lr: 2.7218e-06  eta: 3:09:08  time: 0.7586  data_time: 0.0070  memory: 6250  loss: 0.1025  decode.loss_ce: 0.1024  decode.acc_seg: 100.0000  moe_aux_loss: 0.0001
2025/09/08 14:58:27 - mmengine - INFO - Iter(train) [ 1400/20000]  base_lr: 5.9616e-05 lr: 2.7185e-06  eta: 3:10:46  time: 0.7457  data_time: 0.0071  memory: 6250  loss: 0.1179  decode.loss_ce: 0.1178  decode.acc_seg: 81.4134  moe_aux_loss: 0.0001
2025/09/08 14:59:38 - mmengine - INFO - Iter(train) [ 1500/20000]  base_lr: 5.9536e-05 lr: 2.7148e-06  eta: 3:11:39  time: 0.6961  data_time: 0.0072  memory: 6249  loss: 0.0953  decode.loss_ce: 0.0952  decode.acc_seg: 100.0000  moe_aux_loss: 0.0001
2025/09/08 15:00:47 - mmengine - INFO - Iter(train) [ 1600/20000]  base_lr: 5.9448e-05 lr: 2.7108e-06  eta: 3:12:00  time: 0.7469  data_time: 0.0071  memory: 6251  loss: 0.0447  decode.loss_ce: 0.0446  decode.acc_seg: 100.0000  moe_aux_loss: 0.0001
2025/09/08 15:01:57 - mmengine - INFO - Iter(train) [ 1700/20000]  base_lr: 5.9352e-05 lr: 2.7064e-06  eta: 3:12:12  time: 0.6366  data_time: 0.0071  memory: 6250  loss: 0.1401  decode.loss_ce: 0.1400  decode.acc_seg: 93.7988  moe_aux_loss: 0.0001
2025/09/08 15:03:12 - mmengine - INFO - Iter(train) [ 1800/20000]  base_lr: 5.9249e-05 lr: 2.7017e-06  eta: 3:13:14  time: 0.7447  data_time: 0.0072  memory: 6250  loss: 0.0657  decode.loss_ce: 0.0656  decode.acc_seg: 97.1219  moe_aux_loss: 0.0001
2025/09/08 15:04:24 - mmengine - INFO - Iter(train) [ 1900/20000]  base_lr: 5.9138e-05 lr: 2.6967e-06  eta: 3:13:25  time: 0.8208  data_time: 0.0072  memory: 6250  loss: 0.1913  decode.loss_ce: 0.1912  decode.acc_seg: 95.1063  moe_aux_loss: 0.0001
2025/09/08 15:05:39 - mmengine - INFO - Exp name: GeoMoE_20250908_144358
2025/09/08 15:05:39 - mmengine - INFO - Iter(train) [ 2000/20000]  base_lr: 5.9020e-05 lr: 2.6913e-06  eta: 3:14:00  time: 0.7767  data_time: 0.0072  memory: 6249  loss: 0.1359  decode.loss_ce: 0.1358  decode.acc_seg: 100.0000  moe_aux_loss: 0.0001
2025/09/08 15:06:36 - mmengine - INFO - Iter(val) [100/243]    eta: 0:01:20  time: 0.5040  data_time: 0.3894  memory: 4910  
2025/09/08 15:07:27 - mmengine - INFO - Iter(val) [200/243]    eta: 0:00:23  time: 0.5060  data_time: 0.4024  memory: 4910  
2025/09/08 15:07:50 - mmengine - INFO - per class results:
2025/09/08 15:07:50 - mmengine - INFO - 
+------------+-------+-------+--------+-----------+--------+
|   Class    |  IoU  |  Acc  | Fscore | Precision | Recall |
+------------+-------+-------+--------+-----------+--------+
| background | 96.04 | 98.25 | 97.98  |   97.71   | 98.25  |
|  building  | 56.89 |  69.9 | 72.52  |   75.35   |  69.9  |
+------------+-------+-------+--------+-----------+--------+
2025/09/08 15:07:50 - mmengine - INFO - Iter(val) [243/243]    aAcc: 96.2300  mIoU: 76.4600  mAcc: 84.0700  mFscore: 85.2500  mPrecision: 86.5300  mRecall: 84.0700  data_time: 0.4243  time: 0.5349
2025/09/08 15:09:02 - mmengine - INFO - Iter(train) [ 2100/20000]  base_lr: 5.8894e-05 lr: 2.6856e-06  eta: 3:14:03  time: 0.6994  data_time: 0.0073  memory: 6249  loss: 0.1319  decode.loss_ce: 0.1318  decode.acc_seg: 100.0000  moe_aux_loss: 0.0001
2025/09/08 15:10:14 - mmengine - INFO - Iter(train) [ 2200/20000]  base_lr: 5.8761e-05 lr: 2.6795e-06  eta: 3:14:00  time: 0.6725  data_time: 0.0070  memory: 6249  loss: 0.0584  decode.loss_ce: 0.0583  decode.acc_seg: 99.7504  moe_aux_loss: 0.0001
2025/09/08 15:11:25 - mmengine - INFO - Iter(train) [ 2300/20000]  base_lr: 5.8621e-05 lr: 2.6731e-06  eta: 3:13:38  time: 0.6492  data_time: 0.0071  memory: 6249  loss: 0.1006  decode.loss_ce: 0.1004  decode.acc_seg: 76.6649  moe_aux_loss: 0.0001
2025/09/08 15:12:37 - mmengine - INFO - Iter(train) [ 2400/20000]  base_lr: 5.8473e-05 lr: 2.6663e-06  eta: 3:13:13  time: 0.6799  data_time: 0.0071  memory: 6250  loss: 0.1093  decode.loss_ce: 0.1092  decode.acc_seg: 100.0000  moe_aux_loss: 0.0001
2025/09/08 15:13:48 - mmengine - INFO - Iter(train) [ 2500/20000]  base_lr: 5.8318e-05 lr: 2.6593e-06  eta: 3:12:48  time: 0.6430  data_time: 0.0070  memory: 6249  loss: 0.0662  decode.loss_ce: 0.0661  decode.acc_seg: 100.0000  moe_aux_loss: 0.0001
2025/09/08 15:15:01 - mmengine - INFO - Iter(train) [ 2600/20000]  base_lr: 5.8156e-05 lr: 2.6519e-06  eta: 3:12:25  time: 0.7647  data_time: 0.0069  memory: 6249  loss: 0.0836  decode.loss_ce: 0.0835  decode.acc_seg: 100.0000  moe_aux_loss: 0.0001
2025/09/08 15:16:13 - mmengine - INFO - Iter(train) [ 2700/20000]  base_lr: 5.7986e-05 lr: 2.6441e-06  eta: 3:11:57  time: 0.6686  data_time: 0.0071  memory: 6249  loss: 0.0702  decode.loss_ce: 0.0702  decode.acc_seg: 85.3536  moe_aux_loss: 0.0001
2025/09/08 15:17:22 - mmengine - INFO - Iter(train) [ 2800/20000]  base_lr: 5.7809e-05 lr: 2.6361e-06  eta: 3:11:04  time: 0.6331  data_time: 0.0072  memory: 6250  loss: 0.0894  decode.loss_ce: 0.0893  decode.acc_seg: 84.2692  moe_aux_loss: 0.0001
2025/09/08 15:18:36 - mmengine - INFO - Iter(train) [ 2900/20000]  base_lr: 5.7625e-05 lr: 2.6277e-06  eta: 3:10:39  time: 0.6861  data_time: 0.0070  memory: 6249  loss: 0.1549  decode.loss_ce: 0.1548  decode.acc_seg: 84.6570  moe_aux_loss: 0.0001
2025/09/08 15:19:50 - mmengine - INFO - Exp name: GeoMoE_20250908_144358
2025/09/08 15:19:50 - mmengine - INFO - Iter(train) [ 3000/20000]  base_lr: 5.7434e-05 lr: 2.6190e-06  eta: 3:10:17  time: 0.8192  data_time: 0.0069  memory: 6249  loss: 0.0318  decode.loss_ce: 0.0317  decode.acc_seg: 100.0000  moe_aux_loss: 0.0001
2025/09/08 15:21:02 - mmengine - INFO - Iter(train) [ 3100/20000]  base_lr: 5.7236e-05 lr: 2.6099e-06  eta: 3:09:35  time: 0.6204  data_time: 0.0068  memory: 6249  loss: 0.0609  decode.loss_ce: 0.0608  decode.acc_seg: 100.0000  moe_aux_loss: 0.0001
2025/09/08 15:22:14 - mmengine - INFO - Iter(train) [ 3200/20000]  base_lr: 5.7031e-05 lr: 2.6006e-06  eta: 3:08:52  time: 0.7889  data_time: 0.0069  memory: 6250  loss: 0.1384  decode.loss_ce: 0.1383  decode.acc_seg: 96.0090  moe_aux_loss: 0.0001
2025/09/08 15:23:25 - mmengine - INFO - Iter(train) [ 3300/20000]  base_lr: 5.6819e-05 lr: 2.5909e-06  eta: 3:08:02  time: 0.6977  data_time: 0.0067  memory: 6250  loss: 0.0683  decode.loss_ce: 0.0683  decode.acc_seg: 100.0000  moe_aux_loss: 0.0001
2025/09/08 15:24:39 - mmengine - INFO - Iter(train) [ 3400/20000]  base_lr: 5.6600e-05 lr: 2.5809e-06  eta: 3:07:27  time: 0.7468  data_time: 0.0071  memory: 6250  loss: 0.0816  decode.loss_ce: 0.0815  decode.acc_seg: 100.0000  moe_aux_loss: 0.0001
2025/09/08 15:25:54 - mmengine - INFO - Iter(train) [ 3500/20000]  base_lr: 5.6374e-05 lr: 2.5706e-06  eta: 3:06:52  time: 0.7902  data_time: 0.0072  memory: 6250  loss: 0.0681  decode.loss_ce: 0.0680  decode.acc_seg: 97.7566  moe_aux_loss: 0.0001
2025/09/08 15:27:06 - mmengine - INFO - Iter(train) [ 3600/20000]  base_lr: 5.6142e-05 lr: 2.5600e-06  eta: 3:06:00  time: 0.7056  data_time: 0.0069  memory: 6250  loss: 0.1080  decode.loss_ce: 0.1079  decode.acc_seg: 80.2573  moe_aux_loss: 0.0001
2025/09/08 15:28:16 - mmengine - INFO - Iter(train) [ 3700/20000]  base_lr: 5.5903e-05 lr: 2.5491e-06  eta: 3:05:03  time: 0.6668  data_time: 0.0068  memory: 6249  loss: 0.0558  decode.loss_ce: 0.0557  decode.acc_seg: 87.9889  moe_aux_loss: 0.0001
2025/09/08 15:29:26 - mmengine - INFO - Iter(train) [ 3800/20000]  base_lr: 5.5657e-05 lr: 2.5379e-06  eta: 3:04:00  time: 0.7927  data_time: 0.0069  memory: 6249  loss: 0.1335  decode.loss_ce: 0.1334  decode.acc_seg: 88.4115  moe_aux_loss: 0.0001
2025/09/08 15:30:36 - mmengine - INFO - Iter(train) [ 3900/20000]  base_lr: 5.5404e-05 lr: 2.5264e-06  eta: 3:03:01  time: 0.6673  data_time: 0.0072  memory: 6250  loss: 0.0386  decode.loss_ce: 0.0385  decode.acc_seg: 91.2662  moe_aux_loss: 0.0001
2025/09/08 15:31:45 - mmengine - INFO - Exp name: GeoMoE_20250908_144358
2025/09/08 15:31:45 - mmengine - INFO - Iter(train) [ 4000/20000]  base_lr: 5.5145e-05 lr: 2.5146e-06  eta: 3:01:58  time: 0.6649  data_time: 0.0070  memory: 6250  loss: 0.0506  decode.loss_ce: 0.0505  decode.acc_seg: 84.1037  moe_aux_loss: 0.0001
2025/09/08 15:32:41 - mmengine - INFO - Iter(val) [100/243]    eta: 0:01:18  time: 0.5070  data_time: 0.3943  memory: 4910  
2025/09/08 15:33:33 - mmengine - INFO - Iter(val) [200/243]    eta: 0:00:23  time: 0.5275  data_time: 0.4110  memory: 4910  
2025/09/08 15:33:57 - mmengine - INFO - per class results:
2025/09/08 15:33:57 - mmengine - INFO - 
+------------+-------+-------+--------+-----------+--------+
|   Class    |  IoU  |  Acc  | Fscore | Precision | Recall |
+------------+-------+-------+--------+-----------+--------+
| background | 96.13 | 98.18 | 98.02  |   97.87   | 98.18  |
|  building  | 58.21 | 72.02 | 73.59  |   75.22   | 72.02  |
+------------+-------+-------+--------+-----------+--------+
2025/09/08 15:33:57 - mmengine - INFO - Iter(val) [243/243]    aAcc: 96.3200  mIoU: 77.1700  mAcc: 85.1000  mFscore: 85.8100  mPrecision: 86.5400  mRecall: 85.1000  data_time: 0.4263  time: 0.5357
2025/09/08 15:35:09 - mmengine - INFO - Iter(train) [ 4100/20000]  base_lr: 5.4880e-05 lr: 2.5025e-06  eta: 3:01:10  time: 0.6646  data_time: 0.0069  memory: 6249  loss: 0.1699  decode.loss_ce: 0.1698  decode.acc_seg: 88.2406  moe_aux_loss: 0.0001
2025/09/08 15:36:20 - mmengine - INFO - Iter(train) [ 4200/20000]  base_lr: 5.4608e-05 lr: 2.4901e-06  eta: 3:00:11  time: 0.7897  data_time: 0.0071  memory: 6249  loss: 0.0922  decode.loss_ce: 0.0921  decode.acc_seg: 79.5763  moe_aux_loss: 0.0001
2025/09/08 15:37:31 - mmengine - INFO - Iter(train) [ 4300/20000]  base_lr: 5.4330e-05 lr: 2.4774e-06  eta: 2:59:12  time: 0.6989  data_time: 0.0070  memory: 6250  loss: 0.0922  decode.loss_ce: 0.0921  decode.acc_seg: 99.9546  moe_aux_loss: 0.0001
2025/09/08 15:38:44 - mmengine - INFO - Iter(train) [ 4400/20000]  base_lr: 5.4045e-05 lr: 2.4644e-06  eta: 2:58:18  time: 0.8062  data_time: 0.0070  memory: 6249  loss: 0.1292  decode.loss_ce: 0.1291  decode.acc_seg: 100.0000  moe_aux_loss: 0.0001
2025/09/08 15:39:54 - mmengine - INFO - Iter(train) [ 4500/20000]  base_lr: 5.3755e-05 lr: 2.4512e-06  eta: 2:57:17  time: 0.7145  data_time: 0.0067  memory: 6249  loss: 0.1626  decode.loss_ce: 0.1625  decode.acc_seg: 91.5731  moe_aux_loss: 0.0001
2025/09/08 15:41:02 - mmengine - INFO - Iter(train) [ 4600/20000]  base_lr: 5.3458e-05 lr: 2.4377e-06  eta: 2:56:06  time: 0.6619  data_time: 0.0069  memory: 6249  loss: 0.1205  decode.loss_ce: 0.1204  decode.acc_seg: 100.0000  moe_aux_loss: 0.0001
2025/09/08 15:42:11 - mmengine - INFO - Iter(train) [ 4700/20000]  base_lr: 5.3155e-05 lr: 2.4238e-06  eta: 2:54:58  time: 0.6894  data_time: 0.0068  memory: 6249  loss: 0.0654  decode.loss_ce: 0.0653  decode.acc_seg: 100.0000  moe_aux_loss: 0.0001
2025/09/08 15:43:22 - mmengine - INFO - Iter(train) [ 4800/20000]  base_lr: 5.2846e-05 lr: 2.4098e-06  eta: 2:53:56  time: 0.7613  data_time: 0.0071  memory: 6250  loss: 0.0941  decode.loss_ce: 0.0940  decode.acc_seg: 98.3717  moe_aux_loss: 0.0001
2025/09/08 15:44:33 - mmengine - INFO - Iter(train) [ 4900/20000]  base_lr: 5.2532e-05 lr: 2.3954e-06  eta: 2:52:55  time: 0.6534  data_time: 0.0071  memory: 6250  loss: 0.1629  decode.loss_ce: 0.1628  decode.acc_seg: 98.5365  moe_aux_loss: 0.0001
2025/09/08 15:45:40 - mmengine - INFO - Exp name: GeoMoE_20250908_144358
2025/09/08 15:45:40 - mmengine - INFO - Iter(train) [ 5000/20000]  base_lr: 5.2212e-05 lr: 2.3808e-06  eta: 2:51:43  time: 0.6805  data_time: 0.0071  memory: 6250  loss: 0.0764  decode.loss_ce: 0.0763  decode.acc_seg: 100.0000  moe_aux_loss: 0.0001
2025/09/08 15:46:52 - mmengine - INFO - Iter(train) [ 5100/20000]  base_lr: 5.1886e-05 lr: 2.3660e-06  eta: 2:50:43  time: 0.6962  data_time: 0.0070  memory: 6250  loss: 0.0563  decode.loss_ce: 0.0562  decode.acc_seg: 98.4389  moe_aux_loss: 0.0001
2025/09/08 15:47:59 - mmengine - INFO - Iter(train) [ 5200/20000]  base_lr: 5.1554e-05 lr: 2.3508e-06  eta: 2:49:30  time: 0.6185  data_time: 0.0070  memory: 6249  loss: 0.1338  decode.loss_ce: 0.1337  decode.acc_seg: 100.0000  moe_aux_loss: 0.0001
2025/09/08 15:49:11 - mmengine - INFO - Iter(train) [ 5300/20000]  base_lr: 5.1217e-05 lr: 2.3354e-06  eta: 2:48:29  time: 0.6613  data_time: 0.0070  memory: 6250  loss: 0.1372  decode.loss_ce: 0.1371  decode.acc_seg: 99.0707  moe_aux_loss: 0.0001
2025/09/08 15:50:22 - mmengine - INFO - Iter(train) [ 5400/20000]  base_lr: 5.0874e-05 lr: 2.3198e-06  eta: 2:47:25  time: 0.6292  data_time: 0.0071  memory: 6249  loss: 0.0608  decode.loss_ce: 0.0607  decode.acc_seg: 81.9607  moe_aux_loss: 0.0001
2025/09/08 15:51:28 - mmengine - INFO - Iter(train) [ 5500/20000]  base_lr: 5.0526e-05 lr: 2.3040e-06  eta: 2:46:10  time: 0.6633  data_time: 0.0070  memory: 6249  loss: 0.0718  decode.loss_ce: 0.0717  decode.acc_seg: 100.0000  moe_aux_loss: 0.0001
2025/09/08 15:52:37 - mmengine - INFO - Iter(train) [ 5600/20000]  base_lr: 5.0173e-05 lr: 2.2878e-06  eta: 2:45:03  time: 0.7159  data_time: 0.0070  memory: 6250  loss: 0.0450  decode.loss_ce: 0.0449  decode.acc_seg: 99.4195  moe_aux_loss: 0.0001
2025/09/08 15:53:47 - mmengine - INFO - Iter(train) [ 5700/20000]  base_lr: 4.9814e-05 lr: 2.2715e-06  eta: 2:43:57  time: 0.7829  data_time: 0.0070  memory: 6250  loss: 0.1256  decode.loss_ce: 0.1255  decode.acc_seg: 100.0000  moe_aux_loss: 0.0001
2025/09/08 15:54:59 - mmengine - INFO - Iter(train) [ 5800/20000]  base_lr: 4.9451e-05 lr: 2.2549e-06  eta: 2:42:56  time: 0.7252  data_time: 0.0070  memory: 6251  loss: 0.1172  decode.loss_ce: 0.1172  decode.acc_seg: 100.0000  moe_aux_loss: 0.0001
2025/09/08 15:56:08 - mmengine - INFO - Iter(train) [ 5900/20000]  base_lr: 4.9082e-05 lr: 2.2381e-06  eta: 2:41:46  time: 0.6959  data_time: 0.0074  memory: 6251  loss: 0.0261  decode.loss_ce: 0.0260  decode.acc_seg: 100.0000  moe_aux_loss: 0.0001
2025/09/08 15:57:16 - mmengine - INFO - Exp name: GeoMoE_20250908_144358
2025/09/08 15:57:16 - mmengine - INFO - Iter(train) [ 6000/20000]  base_lr: 4.8708e-05 lr: 2.2211e-06  eta: 2:40:37  time: 0.6323  data_time: 0.0071  memory: 6251  loss: 0.1164  decode.loss_ce: 0.1163  decode.acc_seg: 100.0000  moe_aux_loss: 0.0001
2025/09/08 15:58:13 - mmengine - INFO - Iter(val) [100/243]    eta: 0:01:19  time: 0.5325  data_time: 0.4155  memory: 4910  
2025/09/08 15:59:05 - mmengine - INFO - Iter(val) [200/243]    eta: 0:00:23  time: 0.5237  data_time: 0.4078  memory: 4910  
2025/09/08 15:59:28 - mmengine - INFO - per class results:
2025/09/08 15:59:28 - mmengine - INFO - 
+------------+-------+-------+--------+-----------+--------+
|   Class    |  IoU  |  Acc  | Fscore | Precision | Recall |
+------------+-------+-------+--------+-----------+--------+
| background | 96.15 | 98.15 | 98.04  |   97.93   | 98.15  |
|  building  | 58.71 | 72.94 | 73.99  |   75.06   | 72.94  |
+------------+-------+-------+--------+-----------+--------+
2025/09/08 15:59:28 - mmengine - INFO - Iter(val) [243/243]    aAcc: 96.3500  mIoU: 77.4300  mAcc: 85.5400  mFscore: 86.0100  mPrecision: 86.5000  mRecall: 85.5400  data_time: 0.4256  time: 0.5370
2025/09/08 16:00:38 - mmengine - INFO - Iter(train) [ 6100/20000]  base_lr: 4.8330e-05 lr: 2.2038e-06  eta: 2:39:34  time: 0.7061  data_time: 0.0072  memory: 6250  loss: 0.0984  decode.loss_ce: 0.0983  decode.acc_seg: 100.0000  moe_aux_loss: 0.0001
2025/09/08 16:01:49 - mmengine - INFO - Iter(train) [ 6200/20000]  base_lr: 4.7947e-05 lr: 2.1864e-06  eta: 2:38:29  time: 0.6979  data_time: 0.0071  memory: 6249  loss: 0.1353  decode.loss_ce: 0.1352  decode.acc_seg: 84.3346  moe_aux_loss: 0.0001
2025/09/08 16:03:03 - mmengine - INFO - Iter(train) [ 6300/20000]  base_lr: 4.7560e-05 lr: 2.1687e-06  eta: 2:37:31  time: 0.8003  data_time: 0.0070  memory: 6250  loss: 0.0958  decode.loss_ce: 0.0957  decode.acc_seg: 92.2074  moe_aux_loss: 0.0001
2025/09/08 16:04:15 - mmengine - INFO - Iter(train) [ 6400/20000]  base_lr: 4.7167e-05 lr: 2.1508e-06  eta: 2:36:29  time: 0.6977  data_time: 0.0071  memory: 6250  loss: 0.0695  decode.loss_ce: 0.0694  decode.acc_seg: 90.7878  moe_aux_loss: 0.0001
2025/09/08 16:05:26 - mmengine - INFO - Iter(train) [ 6500/20000]  base_lr: 4.6771e-05 lr: 2.1327e-06  eta: 2:35:24  time: 0.6825  data_time: 0.0069  memory: 6249  loss: 0.0678  decode.loss_ce: 0.0677  decode.acc_seg: 99.9349  moe_aux_loss: 0.0001
2025/09/08 16:06:40 - mmengine - INFO - Iter(train) [ 6600/20000]  base_lr: 4.6370e-05 lr: 2.1144e-06  eta: 2:34:24  time: 0.6999  data_time: 0.0071  memory: 6250  loss: 0.0574  decode.loss_ce: 0.0573  decode.acc_seg: 100.0000  moe_aux_loss: 0.0001
2025/09/08 16:07:53 - mmengine - INFO - Iter(train) [ 6700/20000]  base_lr: 4.5965e-05 lr: 2.0960e-06  eta: 2:33:23  time: 0.7413  data_time: 0.0071  memory: 6250  loss: 0.0903  decode.loss_ce: 0.0902  decode.acc_seg: 100.0000  moe_aux_loss: 0.0001
2025/09/08 16:09:03 - mmengine - INFO - Iter(train) [ 6800/20000]  base_lr: 4.5556e-05 lr: 2.0773e-06  eta: 2:32:15  time: 0.6971  data_time: 0.0068  memory: 6250  loss: 0.1105  decode.loss_ce: 0.1104  decode.acc_seg: 100.0000  moe_aux_loss: 0.0001
2025/09/08 16:10:15 - mmengine - INFO - Iter(train) [ 6900/20000]  base_lr: 4.5143e-05 lr: 2.0585e-06  eta: 2:31:11  time: 0.7602  data_time: 0.0070  memory: 6250  loss: 0.0940  decode.loss_ce: 0.0939  decode.acc_seg: 100.0000  moe_aux_loss: 0.0001
2025/09/08 16:11:27 - mmengine - INFO - Exp name: GeoMoE_20250908_144358
2025/09/08 16:11:27 - mmengine - INFO - Iter(train) [ 7000/20000]  base_lr: 4.4726e-05 lr: 2.0395e-06  eta: 2:30:06  time: 0.7727  data_time: 0.0070  memory: 6250  loss: 0.0698  decode.loss_ce: 0.0697  decode.acc_seg: 94.8602  moe_aux_loss: 0.0001
2025/09/08 16:12:38 - mmengine - INFO - Iter(train) [ 7100/20000]  base_lr: 4.4305e-05 lr: 2.0203e-06  eta: 2:29:02  time: 0.6854  data_time: 0.0073  memory: 6249  loss: 0.0995  decode.loss_ce: 0.0995  decode.acc_seg: 80.1857  moe_aux_loss: 0.0001
2025/09/08 16:13:49 - mmengine - INFO - Iter(train) [ 7200/20000]  base_lr: 4.3880e-05 lr: 2.0009e-06  eta: 2:27:55  time: 0.7751  data_time: 0.0074  memory: 6249  loss: 0.1725  decode.loss_ce: 0.1724  decode.acc_seg: 74.9390  moe_aux_loss: 0.0001
2025/09/08 16:15:00 - mmengine - INFO - Iter(train) [ 7300/20000]  base_lr: 4.3452e-05 lr: 1.9814e-06  eta: 2:26:49  time: 0.7173  data_time: 0.0070  memory: 6249  loss: 0.1113  decode.loss_ce: 0.1112  decode.acc_seg: 83.7938  moe_aux_loss: 0.0001
2025/09/08 16:16:13 - mmengine - INFO - Iter(train) [ 7400/20000]  base_lr: 4.3021e-05 lr: 1.9617e-06  eta: 2:25:45  time: 0.7435  data_time: 0.0071  memory: 6250  loss: 0.0440  decode.loss_ce: 0.0439  decode.acc_seg: 97.6888  moe_aux_loss: 0.0001
2025/09/08 16:17:23 - mmengine - INFO - Iter(train) [ 7500/20000]  base_lr: 4.2586e-05 lr: 1.9419e-06  eta: 2:24:36  time: 0.7062  data_time: 0.0071  memory: 6249  loss: 0.0715  decode.loss_ce: 0.0714  decode.acc_seg: 76.6465  moe_aux_loss: 0.0001
2025/09/08 16:18:35 - mmengine - INFO - Iter(train) [ 7600/20000]  base_lr: 4.2148e-05 lr: 1.9219e-06  eta: 2:23:31  time: 0.7934  data_time: 0.0068  memory: 6249  loss: 0.0588  decode.loss_ce: 0.0587  decode.acc_seg: 81.6668  moe_aux_loss: 0.0001
2025/09/08 16:19:49 - mmengine - INFO - Iter(train) [ 7700/20000]  base_lr: 4.1707e-05 lr: 1.9018e-06  eta: 2:22:30  time: 0.7787  data_time: 0.0071  memory: 6250  loss: 0.0381  decode.loss_ce: 0.0380  decode.acc_seg: 100.0000  moe_aux_loss: 0.0001
2025/09/08 16:20:59 - mmengine - INFO - Iter(train) [ 7800/20000]  base_lr: 4.1262e-05 lr: 1.8815e-06  eta: 2:21:21  time: 0.7004  data_time: 0.0073  memory: 6250  loss: 0.0733  decode.loss_ce: 0.0732  decode.acc_seg: 100.0000  moe_aux_loss: 0.0001
2025/09/08 16:22:08 - mmengine - INFO - Iter(train) [ 7900/20000]  base_lr: 4.0815e-05 lr: 1.8612e-06  eta: 2:20:10  time: 0.6361  data_time: 0.0072  memory: 6249  loss: 0.0926  decode.loss_ce: 0.0925  decode.acc_seg: 92.5829  moe_aux_loss: 0.0001
2025/09/08 16:23:21 - mmengine - INFO - Exp name: GeoMoE_20250908_144358
2025/09/08 16:23:21 - mmengine - INFO - Iter(train) [ 8000/20000]  base_lr: 4.0365e-05 lr: 1.8406e-06  eta: 2:19:06  time: 0.6202  data_time: 0.0070  memory: 6250  loss: 0.0358  decode.loss_ce: 0.0357  decode.acc_seg: 99.9946  moe_aux_loss: 0.0001
2025/09/08 16:24:17 - mmengine - INFO - Iter(val) [100/243]    eta: 0:01:19  time: 0.5335  data_time: 0.4240  memory: 4910  
2025/09/08 16:25:10 - mmengine - INFO - Iter(val) [200/243]    eta: 0:00:23  time: 0.5301  data_time: 0.4168  memory: 4910  
2025/09/08 16:25:34 - mmengine - INFO - per class results:
2025/09/08 16:25:34 - mmengine - INFO - 
+------------+-------+-------+--------+-----------+--------+
|   Class    |  IoU  |  Acc  | Fscore | Precision | Recall |
+------------+-------+-------+--------+-----------+--------+
| background |  96.2 | 98.45 | 98.06  |   97.68   | 98.45  |
|  building  | 57.77 | 69.49 | 73.23  |    77.4   | 69.49  |
+------------+-------+-------+--------+-----------+--------+
2025/09/08 16:25:34 - mmengine - INFO - Iter(val) [243/243]    aAcc: 96.3900  mIoU: 76.9800  mAcc: 83.9700  mFscore: 85.6500  mPrecision: 87.5400  mRecall: 83.9700  data_time: 0.4305  time: 0.5410
2025/09/08 16:26:49 - mmengine - INFO - Iter(train) [ 8100/20000]  base_lr: 3.9913e-05 lr: 1.8200e-06  eta: 2:18:06  time: 0.7576  data_time: 0.0070  memory: 6250  loss: 0.1075  decode.loss_ce: 0.1074  decode.acc_seg: 100.0000  moe_aux_loss: 0.0001
2025/09/08 16:27:58 - mmengine - INFO - Iter(train) [ 8200/20000]  base_lr: 3.9458e-05 lr: 1.7993e-06  eta: 2:16:56  time: 0.6834  data_time: 0.0070  memory: 6249  loss: 0.0936  decode.loss_ce: 0.0935  decode.acc_seg: 89.4362  moe_aux_loss: 0.0001
2025/09/08 16:29:05 - mmengine - INFO - Iter(train) [ 8300/20000]  base_lr: 3.9000e-05 lr: 1.7784e-06  eta: 2:15:43  time: 0.7169  data_time: 0.0069  memory: 6249  loss: 0.0658  decode.loss_ce: 0.0657  decode.acc_seg: 96.3915  moe_aux_loss: 0.0001
2025/09/08 16:30:13 - mmengine - INFO - Iter(train) [ 8400/20000]  base_lr: 3.8540e-05 lr: 1.7574e-06  eta: 2:14:31  time: 0.6962  data_time: 0.0068  memory: 6249  loss: 0.1327  decode.loss_ce: 0.1326  decode.acc_seg: 86.7464  moe_aux_loss: 0.0001
2025/09/08 16:31:24 - mmengine - INFO - Iter(train) [ 8500/20000]  base_lr: 3.8078e-05 lr: 1.7364e-06  eta: 2:13:23  time: 0.6624  data_time: 0.0068  memory: 6250  loss: 0.0593  decode.loss_ce: 0.0592  decode.acc_seg: 99.1199  moe_aux_loss: 0.0001
2025/09/08 16:32:35 - mmengine - INFO - Iter(train) [ 8600/20000]  base_lr: 3.7614e-05 lr: 1.7152e-06  eta: 2:12:16  time: 0.7113  data_time: 0.0070  memory: 6250  loss: 0.0581  decode.loss_ce: 0.0580  decode.acc_seg: 97.0764  moe_aux_loss: 0.0001
2025/09/08 16:33:46 - mmengine - INFO - Iter(train) [ 8700/20000]  base_lr: 3.7148e-05 lr: 1.6939e-06  eta: 2:11:08  time: 0.9289  data_time: 0.0071  memory: 6249  loss: 0.0525  decode.loss_ce: 0.0524  decode.acc_seg: 97.4273  moe_aux_loss: 0.0001
2025/09/08 16:34:58 - mmengine - INFO - Iter(train) [ 8800/20000]  base_lr: 3.6680e-05 lr: 1.6726e-06  eta: 2:10:01  time: 0.6542  data_time: 0.0070  memory: 6250  loss: 0.0604  decode.loss_ce: 0.0603  decode.acc_seg: 99.4568  moe_aux_loss: 0.0001
2025/09/08 16:36:07 - mmengine - INFO - Iter(train) [ 8900/20000]  base_lr: 3.6211e-05 lr: 1.6512e-06  eta: 2:08:50  time: 0.7266  data_time: 0.0068  memory: 6249  loss: 0.1268  decode.loss_ce: 0.1267  decode.acc_seg: 100.0000  moe_aux_loss: 0.0001
2025/09/08 16:37:14 - mmengine - INFO - Exp name: GeoMoE_20250908_144358
2025/09/08 16:37:14 - mmengine - INFO - Iter(train) [ 9000/20000]  base_lr: 3.5739e-05 lr: 1.6297e-06  eta: 2:07:38  time: 0.6819  data_time: 0.0073  memory: 6250  loss: 0.0692  decode.loss_ce: 0.0691  decode.acc_seg: 100.0000  moe_aux_loss: 0.0001
2025/09/08 16:38:24 - mmengine - INFO - Iter(train) [ 9100/20000]  base_lr: 3.5267e-05 lr: 1.6081e-06  eta: 2:06:28  time: 0.7037  data_time: 0.0069  memory: 6251  loss: 0.0487  decode.loss_ce: 0.0486  decode.acc_seg: 100.0000  moe_aux_loss: 0.0001
2025/09/08 16:39:33 - mmengine - INFO - Iter(train) [ 9200/20000]  base_lr: 3.4793e-05 lr: 1.5865e-06  eta: 2:05:18  time: 0.7097  data_time: 0.0069  memory: 6249  loss: 0.1019  decode.loss_ce: 0.1018  decode.acc_seg: 96.7753  moe_aux_loss: 0.0001
2025/09/08 16:40:44 - mmengine - INFO - Iter(train) [ 9300/20000]  base_lr: 3.4317e-05 lr: 1.5649e-06  eta: 2:04:11  time: 0.6932  data_time: 0.0071  memory: 6249  loss: 0.0620  decode.loss_ce: 0.0620  decode.acc_seg: 93.5567  moe_aux_loss: 0.0001
2025/09/08 16:41:53 - mmengine - INFO - Iter(train) [ 9400/20000]  base_lr: 3.3841e-05 lr: 1.5431e-06  eta: 2:03:00  time: 0.6934  data_time: 0.0070  memory: 6251  loss: 0.0482  decode.loss_ce: 0.0481  decode.acc_seg: 100.0000  moe_aux_loss: 0.0001
2025/09/08 16:43:02 - mmengine - INFO - Iter(train) [ 9500/20000]  base_lr: 3.3364e-05 lr: 1.5214e-06  eta: 2:01:50  time: 0.6935  data_time: 0.0071  memory: 6250  loss: 0.0884  decode.loss_ce: 0.0883  decode.acc_seg: 100.0000  moe_aux_loss: 0.0001
2025/09/08 16:44:12 - mmengine - INFO - Iter(train) [ 9600/20000]  base_lr: 3.2885e-05 lr: 1.4996e-06  eta: 2:00:40  time: 0.6361  data_time: 0.0070  memory: 6249  loss: 0.0754  decode.loss_ce: 0.0753  decode.acc_seg: 99.7274  moe_aux_loss: 0.0001
2025/09/08 16:45:22 - mmengine - INFO - Iter(train) [ 9700/20000]  base_lr: 3.2407e-05 lr: 1.4777e-06  eta: 1:59:31  time: 0.6834  data_time: 0.0070  memory: 6250  loss: 0.0469  decode.loss_ce: 0.0468  decode.acc_seg: 100.0000  moe_aux_loss: 0.0001
2025/09/08 16:46:44 - mmengine - INFO - Iter(train) [ 9800/20000]  base_lr: 3.1927e-05 lr: 1.4558e-06  eta: 1:58:35  time: 0.7028  data_time: 0.0071  memory: 6249  loss: 0.1340  decode.loss_ce: 0.1339  decode.acc_seg: 100.0000  moe_aux_loss: 0.0001
2025/09/08 16:47:52 - mmengine - INFO - Iter(train) [ 9900/20000]  base_lr: 3.1447e-05 lr: 1.4340e-06  eta: 1:57:23  time: 0.6742  data_time: 0.0069  memory: 6249  loss: 0.0997  decode.loss_ce: 0.0996  decode.acc_seg: 84.9505  moe_aux_loss: 0.0001
2025/09/08 16:48:58 - mmengine - INFO - Exp name: GeoMoE_20250908_144358
2025/09/08 16:48:58 - mmengine - INFO - Iter(train) [10000/20000]  base_lr: 3.0966e-05 lr: 1.4120e-06  eta: 1:56:10  time: 0.6030  data_time: 0.0072  memory: 6249  loss: 0.0324  decode.loss_ce: 0.0323  decode.acc_seg: 98.7440  moe_aux_loss: 0.0001
2025/09/08 16:48:58 - mmengine - INFO - Saving checkpoint at 10000 iterations
2025/09/08 16:50:25 - mmengine - INFO - Iter(val) [100/243]    eta: 0:01:17  time: 0.5442  data_time: 0.4292  memory: 4910  
2025/09/08 16:51:19 - mmengine - INFO - Iter(val) [200/243]    eta: 0:00:23  time: 0.5370  data_time: 0.4240  memory: 4910  
2025/09/08 16:51:43 - mmengine - INFO - per class results:
2025/09/08 16:51:43 - mmengine - INFO - 
+------------+-------+-------+--------+-----------+--------+
|   Class    |  IoU  |  Acc  | Fscore | Precision | Recall |
+------------+-------+-------+--------+-----------+--------+
| background | 96.15 | 97.92 | 98.04  |   98.15   | 97.92  |
|  building  |  59.7 | 75.89 | 74.76  |   73.68   | 75.89  |
+------------+-------+-------+--------+-----------+--------+
2025/09/08 16:51:43 - mmengine - INFO - Iter(val) [243/243]    aAcc: 96.3600  mIoU: 77.9200  mAcc: 86.9100  mFscore: 86.4000  mPrecision: 85.9100  mRecall: 86.9100  data_time: 0.4288  time: 0.5392
2025/09/08 16:52:51 - mmengine - INFO - Iter(train) [10100/20000]  base_lr: 3.0486e-05 lr: 1.3901e-06  eta: 1:54:59  time: 0.6482  data_time: 0.0071  memory: 6249  loss: 0.0930  decode.loss_ce: 0.0929  decode.acc_seg: 100.0000  moe_aux_loss: 0.0001
2025/09/08 16:54:00 - mmengine - INFO - Iter(train) [10200/20000]  base_lr: 3.0005e-05 lr: 1.3682e-06  eta: 1:53:49  time: 0.8226  data_time: 0.0071  memory: 6250  loss: 0.0540  decode.loss_ce: 0.0539  decode.acc_seg: 100.0000  moe_aux_loss: 0.0001
2025/09/08 16:55:08 - mmengine - INFO - Iter(train) [10300/20000]  base_lr: 2.9524e-05 lr: 1.3463e-06  eta: 1:52:38  time: 0.7113  data_time: 0.0071  memory: 6250  loss: 0.0756  decode.loss_ce: 0.0755  decode.acc_seg: 87.8315  moe_aux_loss: 0.0001
2025/09/08 16:56:18 - mmengine - INFO - Iter(train) [10400/20000]  base_lr: 2.9043e-05 lr: 1.3244e-06  eta: 1:51:28  time: 0.7603  data_time: 0.0070  memory: 6249  loss: 0.0749  decode.loss_ce: 0.0748  decode.acc_seg: 86.4744  moe_aux_loss: 0.0001
2025/09/08 16:57:27 - mmengine - INFO - Iter(train) [10500/20000]  base_lr: 2.8563e-05 lr: 1.3024e-06  eta: 1:50:18  time: 0.6206  data_time: 0.0071  memory: 6250  loss: 0.0363  decode.loss_ce: 0.0362  decode.acc_seg: 97.8165  moe_aux_loss: 0.0001
2025/09/08 16:58:39 - mmengine - INFO - Iter(train) [10600/20000]  base_lr: 2.8083e-05 lr: 1.2806e-06  eta: 1:49:10  time: 0.7414  data_time: 0.0072  memory: 6249  loss: 0.0700  decode.loss_ce: 0.0699  decode.acc_seg: 92.8631  moe_aux_loss: 0.0001
2025/09/08 16:59:46 - mmengine - INFO - Iter(train) [10700/20000]  base_lr: 2.7603e-05 lr: 1.2587e-06  eta: 1:47:58  time: 0.7183  data_time: 0.0071  memory: 6249  loss: 0.0772  decode.loss_ce: 0.0771  decode.acc_seg: 96.1643  moe_aux_loss: 0.0001
2025/09/08 17:00:56 - mmengine - INFO - Iter(train) [10800/20000]  base_lr: 2.7124e-05 lr: 1.2368e-06  eta: 1:46:49  time: 0.6773  data_time: 0.0072  memory: 6249  loss: 0.0108  decode.loss_ce: 0.0107  decode.acc_seg: 100.0000  moe_aux_loss: 0.0001
2025/09/08 17:02:11 - mmengine - INFO - Iter(train) [10900/20000]  base_lr: 2.6646e-05 lr: 1.2150e-06  eta: 1:45:44  time: 0.7461  data_time: 0.0071  memory: 6249  loss: 0.0326  decode.loss_ce: 0.0325  decode.acc_seg: 94.8900  moe_aux_loss: 0.0001
2025/09/08 17:03:21 - mmengine - INFO - Exp name: GeoMoE_20250908_144358
2025/09/08 17:03:21 - mmengine - INFO - Iter(train) [11000/20000]  base_lr: 2.6168e-05 lr: 1.1933e-06  eta: 1:44:34  time: 0.7036  data_time: 0.0071  memory: 6249  loss: 0.0902  decode.loss_ce: 0.0901  decode.acc_seg: 84.4726  moe_aux_loss: 0.0001
2025/09/08 17:04:35 - mmengine - INFO - Iter(train) [11100/20000]  base_lr: 2.5692e-05 lr: 1.1715e-06  eta: 1:43:28  time: 0.7588  data_time: 0.0075  memory: 6250  loss: 0.1247  decode.loss_ce: 0.1246  decode.acc_seg: 95.6217  moe_aux_loss: 0.0001
2025/09/08 17:05:47 - mmengine - INFO - Iter(train) [11200/20000]  base_lr: 2.5217e-05 lr: 1.1499e-06  eta: 1:42:20  time: 0.6879  data_time: 0.0070  memory: 6251  loss: 0.0622  decode.loss_ce: 0.0621  decode.acc_seg: 95.1434  moe_aux_loss: 0.0001
2025/09/08 17:06:59 - mmengine - INFO - Iter(train) [11300/20000]  base_lr: 2.4743e-05 lr: 1.1283e-06  eta: 1:41:12  time: 0.7790  data_time: 0.0070  memory: 6249  loss: 0.0290  decode.loss_ce: 0.0289  decode.acc_seg: 98.2232  moe_aux_loss: 0.0001
2025/09/08 17:08:10 - mmengine - INFO - Iter(train) [11400/20000]  base_lr: 2.4270e-05 lr: 1.1067e-06  eta: 1:40:03  time: 0.7583  data_time: 0.0071  memory: 6250  loss: 0.0645  decode.loss_ce: 0.0644  decode.acc_seg: 100.0000  moe_aux_loss: 0.0001
2025/09/08 17:09:21 - mmengine - INFO - Iter(train) [11500/20000]  base_lr: 2.3799e-05 lr: 1.0852e-06  eta: 1:38:54  time: 0.7372  data_time: 0.0069  memory: 6250  loss: 0.0836  decode.loss_ce: 0.0835  decode.acc_seg: 100.0000  moe_aux_loss: 0.0001
2025/09/08 17:10:31 - mmengine - INFO - Iter(train) [11600/20000]  base_lr: 2.3329e-05 lr: 1.0638e-06  eta: 1:37:44  time: 0.8028  data_time: 0.0070  memory: 6249  loss: 0.0538  decode.loss_ce: 0.0537  decode.acc_seg: 83.3603  moe_aux_loss: 0.0001
2025/09/08 17:11:41 - mmengine - INFO - Iter(train) [11700/20000]  base_lr: 2.2861e-05 lr: 1.0425e-06  eta: 1:36:35  time: 0.6975  data_time: 0.0071  memory: 6249  loss: 0.0263  decode.loss_ce: 0.0262  decode.acc_seg: 98.1883  moe_aux_loss: 0.0001
2025/09/08 17:12:50 - mmengine - INFO - Iter(train) [11800/20000]  base_lr: 2.2395e-05 lr: 1.0212e-06  eta: 1:35:25  time: 0.7964  data_time: 0.0069  memory: 6250  loss: 0.0623  decode.loss_ce: 0.0622  decode.acc_seg: 99.8467  moe_aux_loss: 0.0001
2025/09/08 17:13:59 - mmengine - INFO - Iter(train) [11900/20000]  base_lr: 2.1931e-05 lr: 1.0000e-06  eta: 1:34:14  time: 0.6559  data_time: 0.0072  memory: 6249  loss: 0.0740  decode.loss_ce: 0.0740  decode.acc_seg: 99.4839  moe_aux_loss: 0.0001
2025/09/08 17:15:08 - mmengine - INFO - Exp name: GeoMoE_20250908_144358
2025/09/08 17:15:08 - mmengine - INFO - Iter(train) [12000/20000]  base_lr: 2.1469e-05 lr: 9.7896e-07  eta: 1:33:03  time: 0.6737  data_time: 0.0072  memory: 6250  loss: 0.0326  decode.loss_ce: 0.0325  decode.acc_seg: 100.0000  moe_aux_loss: 0.0001
2025/09/08 17:16:04 - mmengine - INFO - Iter(val) [100/243]    eta: 0:01:20  time: 0.5271  data_time: 0.4119  memory: 4910  
2025/09/08 17:16:57 - mmengine - INFO - Iter(val) [200/243]    eta: 0:00:23  time: 0.5306  data_time: 0.4186  memory: 4910  
2025/09/08 17:17:21 - mmengine - INFO - per class results:
2025/09/08 17:17:21 - mmengine - INFO - 
+------------+-------+-------+--------+-----------+--------+
|   Class    |  IoU  |  Acc  | Fscore | Precision | Recall |
+------------+-------+-------+--------+-----------+--------+
| background | 96.22 |  98.1 | 98.07  |   98.05   |  98.1  |
|  building  |  59.7 | 74.54 | 74.77  |   74.99   | 74.54  |
+------------+-------+-------+--------+-----------+--------+
2025/09/08 17:17:21 - mmengine - INFO - Iter(val) [243/243]    aAcc: 96.4200  mIoU: 77.9600  mAcc: 86.3200  mFscore: 86.4200  mPrecision: 86.5200  mRecall: 86.3200  data_time: 0.4346  time: 0.5433
2025/09/08 17:18:34 - mmengine - INFO - Iter(train) [12100/20000]  base_lr: 2.1009e-05 lr: 9.5799e-07  eta: 1:31:57  time: 0.7781  data_time: 0.0071  memory: 6250  loss: 0.1198  decode.loss_ce: 0.1197  decode.acc_seg: 100.0000  moe_aux_loss: 0.0001
2025/09/08 17:19:44 - mmengine - INFO - Iter(train) [12200/20000]  base_lr: 2.0551e-05 lr: 9.3713e-07  eta: 1:30:47  time: 0.6480  data_time: 0.0073  memory: 6249  loss: 0.1299  decode.loss_ce: 0.1298  decode.acc_seg: 86.1830  moe_aux_loss: 0.0001
2025/09/08 17:20:54 - mmengine - INFO - Iter(train) [12300/20000]  base_lr: 2.0096e-05 lr: 9.1637e-07  eta: 1:29:37  time: 0.7339  data_time: 0.0073  memory: 6250  loss: 0.1049  decode.loss_ce: 0.1048  decode.acc_seg: 80.9297  moe_aux_loss: 0.0001
2025/09/08 17:22:04 - mmengine - INFO - Iter(train) [12400/20000]  base_lr: 1.9644e-05 lr: 8.9574e-07  eta: 1:28:27  time: 0.7393  data_time: 0.0073  memory: 6250  loss: 0.0719  decode.loss_ce: 0.0719  decode.acc_seg: 98.9848  moe_aux_loss: 0.0001
2025/09/08 17:23:16 - mmengine - INFO - Iter(train) [12500/20000]  base_lr: 1.9194e-05 lr: 8.7522e-07  eta: 1:27:19  time: 0.7503  data_time: 0.0071  memory: 6250  loss: 0.0619  decode.loss_ce: 0.0618  decode.acc_seg: 86.1430  moe_aux_loss: 0.0001
2025/09/08 17:24:28 - mmengine - INFO - Iter(train) [12600/20000]  base_lr: 1.8746e-05 lr: 8.5483e-07  eta: 1:26:10  time: 0.7476  data_time: 0.0070  memory: 6250  loss: 0.0248  decode.loss_ce: 0.0247  decode.acc_seg: 100.0000  moe_aux_loss: 0.0001
2025/09/08 17:25:40 - mmengine - INFO - Iter(train) [12700/20000]  base_lr: 1.8302e-05 lr: 8.3457e-07  eta: 1:25:01  time: 0.7781  data_time: 0.0071  memory: 6250  loss: 0.1071  decode.loss_ce: 0.1070  decode.acc_seg: 83.7240  moe_aux_loss: 0.0001
2025/09/08 17:26:53 - mmengine - INFO - Iter(train) [12800/20000]  base_lr: 1.7861e-05 lr: 8.1445e-07  eta: 1:23:53  time: 0.8242  data_time: 0.0070  memory: 6250  loss: 0.0272  decode.loss_ce: 0.0271  decode.acc_seg: 97.1680  moe_aux_loss: 0.0001
2025/09/08 17:28:04 - mmengine - INFO - Iter(train) [12900/20000]  base_lr: 1.7423e-05 lr: 7.9447e-07  eta: 1:22:44  time: 0.7514  data_time: 0.0071  memory: 6249  loss: 0.1068  decode.loss_ce: 0.1067  decode.acc_seg: 100.0000  moe_aux_loss: 0.0001
2025/09/08 17:29:14 - mmengine - INFO - Exp name: GeoMoE_20250908_144358
2025/09/08 17:29:14 - mmengine - INFO - Iter(train) [13000/20000]  base_lr: 1.6988e-05 lr: 7.7464e-07  eta: 1:21:34  time: 0.6960  data_time: 0.0074  memory: 6250  loss: 0.1199  decode.loss_ce: 0.1198  decode.acc_seg: 88.3191  moe_aux_loss: 0.0001
2025/09/08 17:30:24 - mmengine - INFO - Iter(train) [13100/20000]  base_lr: 1.6556e-05 lr: 7.5496e-07  eta: 1:20:24  time: 0.6286  data_time: 0.0074  memory: 6249  loss: 0.1241  decode.loss_ce: 0.1240  decode.acc_seg: 84.0719  moe_aux_loss: 0.0001
2025/09/08 17:31:34 - mmengine - INFO - Iter(train) [13200/20000]  base_lr: 1.6128e-05 lr: 7.3543e-07  eta: 1:19:14  time: 0.7196  data_time: 0.0072  memory: 6249  loss: 0.0753  decode.loss_ce: 0.0752  decode.acc_seg: 81.6915  moe_aux_loss: 0.0001
2025/09/08 17:32:45 - mmengine - INFO - Iter(train) [13300/20000]  base_lr: 1.5704e-05 lr: 7.1607e-07  eta: 1:18:05  time: 0.6172  data_time: 0.0075  memory: 6250  loss: 0.0903  decode.loss_ce: 0.0902  decode.acc_seg: 86.2027  moe_aux_loss: 0.0001
2025/09/08 17:33:57 - mmengine - INFO - Iter(train) [13400/20000]  base_lr: 1.5283e-05 lr: 6.9688e-07  eta: 1:16:56  time: 0.6817  data_time: 0.0071  memory: 6250  loss: 0.0593  decode.loss_ce: 0.0593  decode.acc_seg: 99.3076  moe_aux_loss: 0.0001
2025/09/08 17:35:11 - mmengine - INFO - Iter(train) [13500/20000]  base_lr: 1.4866e-05 lr: 6.7786e-07  eta: 1:15:48  time: 0.7748  data_time: 0.0072  memory: 6249  loss: 0.0713  decode.loss_ce: 0.0712  decode.acc_seg: 97.0515  moe_aux_loss: 0.0001
2025/09/08 17:36:24 - mmengine - INFO - Iter(train) [13600/20000]  base_lr: 1.4452e-05 lr: 6.5902e-07  eta: 1:14:39  time: 0.7197  data_time: 0.0071  memory: 6250  loss: 0.0744  decode.loss_ce: 0.0743  decode.acc_seg: 100.0000  moe_aux_loss: 0.0001
2025/09/08 17:37:37 - mmengine - INFO - Iter(train) [13700/20000]  base_lr: 1.4043e-05 lr: 6.4036e-07  eta: 1:13:31  time: 0.7026  data_time: 0.0070  memory: 6250  loss: 0.0860  decode.loss_ce: 0.0859  decode.acc_seg: 100.0000  moe_aux_loss: 0.0001
2025/09/08 17:38:49 - mmengine - INFO - Iter(train) [13800/20000]  base_lr: 1.3638e-05 lr: 6.2188e-07  eta: 1:12:22  time: 0.7089  data_time: 0.0071  memory: 6249  loss: 0.0395  decode.loss_ce: 0.0394  decode.acc_seg: 99.7308  moe_aux_loss: 0.0001
2025/09/08 17:40:02 - mmengine - INFO - Iter(train) [13900/20000]  base_lr: 1.3237e-05 lr: 6.0360e-07  eta: 1:11:13  time: 0.7611  data_time: 0.0072  memory: 6250  loss: 0.0915  decode.loss_ce: 0.0914  decode.acc_seg: 100.0000  moe_aux_loss: 0.0001
2025/09/08 17:41:14 - mmengine - INFO - Exp name: GeoMoE_20250908_144358
2025/09/08 17:41:14 - mmengine - INFO - Iter(train) [14000/20000]  base_lr: 1.2840e-05 lr: 5.8552e-07  eta: 1:10:04  time: 0.7035  data_time: 0.0074  memory: 6249  loss: 0.0895  decode.loss_ce: 0.0894  decode.acc_seg: 95.9900  moe_aux_loss: 0.0001
2025/09/08 17:42:11 - mmengine - INFO - Iter(val) [100/243]    eta: 0:01:20  time: 0.5321  data_time: 0.4275  memory: 4910  
2025/09/08 17:43:04 - mmengine - INFO - Iter(val) [200/243]    eta: 0:00:23  time: 0.5165  data_time: 0.4124  memory: 4910  
2025/09/08 17:43:28 - mmengine - INFO - per class results:
2025/09/08 17:43:28 - mmengine - INFO - 
+------------+-------+-------+--------+-----------+--------+
|   Class    |  IoU  |  Acc  | Fscore | Precision | Recall |
+------------+-------+-------+--------+-----------+--------+
| background | 96.22 | 98.01 | 98.07  |   98.14   | 98.01  |
|  building  | 60.05 | 75.67 | 75.04  |   74.42   | 75.67  |
+------------+-------+-------+--------+-----------+--------+
2025/09/08 17:43:28 - mmengine - INFO - Iter(val) [243/243]    aAcc: 96.4200  mIoU: 78.1300  mAcc: 86.8400  mFscore: 86.5600  mPrecision: 86.2800  mRecall: 86.8400  data_time: 0.4383  time: 0.5474
2025/09/08 17:44:37 - mmengine - INFO - Iter(train) [14100/20000]  base_lr: 1.2448e-05 lr: 5.6763e-07  eta: 1:08:54  time: 0.6451  data_time: 0.0070  memory: 6249  loss: 0.1235  decode.loss_ce: 0.1234  decode.acc_seg: 99.8121  moe_aux_loss: 0.0001
2025/09/08 17:45:50 - mmengine - INFO - Iter(train) [14200/20000]  base_lr: 1.2061e-05 lr: 5.4995e-07  eta: 1:07:45  time: 0.7139  data_time: 0.0072  memory: 6249  loss: 0.1190  decode.loss_ce: 0.1189  decode.acc_seg: 100.0000  moe_aux_loss: 0.0001
2025/09/08 17:47:02 - mmengine - INFO - Iter(train) [14300/20000]  base_lr: 1.1677e-05 lr: 5.3249e-07  eta: 1:06:36  time: 0.7313  data_time: 0.0069  memory: 6249  loss: 0.0489  decode.loss_ce: 0.0488  decode.acc_seg: 95.7499  moe_aux_loss: 0.0001
2025/09/08 17:48:14 - mmengine - INFO - Iter(train) [14400/20000]  base_lr: 1.1299e-05 lr: 5.1523e-07  eta: 1:05:26  time: 0.7069  data_time: 0.0071  memory: 6251  loss: 0.0589  decode.loss_ce: 0.0589  decode.acc_seg: 100.0000  moe_aux_loss: 0.0001
2025/09/08 17:49:23 - mmengine - INFO - Iter(train) [14500/20000]  base_lr: 1.0925e-05 lr: 4.9820e-07  eta: 1:04:16  time: 0.7601  data_time: 0.0070  memory: 6249  loss: 0.1091  decode.loss_ce: 0.1091  decode.acc_seg: 100.0000  moe_aux_loss: 0.0001
2025/09/08 17:50:33 - mmengine - INFO - Iter(train) [14600/20000]  base_lr: 1.0557e-05 lr: 4.8138e-07  eta: 1:03:06  time: 0.6509  data_time: 0.0072  memory: 6250  loss: 0.0410  decode.loss_ce: 0.0409  decode.acc_seg: 96.5508  moe_aux_loss: 0.0001
2025/09/08 17:51:46 - mmengine - INFO - Iter(train) [14700/20000]  base_lr: 1.0193e-05 lr: 4.6480e-07  eta: 1:01:56  time: 0.7403  data_time: 0.0071  memory: 6249  loss: 0.0772  decode.loss_ce: 0.0771  decode.acc_seg: 82.9034  moe_aux_loss: 0.0001
2025/09/08 17:52:57 - mmengine - INFO - Iter(train) [14800/20000]  base_lr: 9.8345e-06 lr: 4.4845e-07  eta: 1:00:46  time: 0.6771  data_time: 0.0074  memory: 6249  loss: 0.1410  decode.loss_ce: 0.1410  decode.acc_seg: 97.8536  moe_aux_loss: 0.0001
2025/09/08 17:54:11 - mmengine - INFO - Iter(train) [14900/20000]  base_lr: 9.4811e-06 lr: 4.3233e-07  eta: 0:59:38  time: 0.7671  data_time: 0.0072  memory: 6249  loss: 0.1199  decode.loss_ce: 0.1198  decode.acc_seg: 100.0000  moe_aux_loss: 0.0001
2025/09/08 17:55:26 - mmengine - INFO - Exp name: GeoMoE_20250908_144358
2025/09/08 17:55:26 - mmengine - INFO - Iter(train) [15000/20000]  base_lr: 9.1330e-06 lr: 4.1646e-07  eta: 0:58:29  time: 0.6967  data_time: 0.0072  memory: 6249  loss: 0.0185  decode.loss_ce: 0.0184  decode.acc_seg: 100.0000  moe_aux_loss: 0.0001
2025/09/08 17:56:38 - mmengine - INFO - Iter(train) [15100/20000]  base_lr: 8.7902e-06 lr: 4.0083e-07  eta: 0:57:19  time: 0.7426  data_time: 0.0072  memory: 6249  loss: 0.0997  decode.loss_ce: 0.0996  decode.acc_seg: 100.0000  moe_aux_loss: 0.0001
2025/09/08 17:57:50 - mmengine - INFO - Iter(train) [15200/20000]  base_lr: 8.4529e-06 lr: 3.8545e-07  eta: 0:56:10  time: 0.7540  data_time: 0.0071  memory: 6249  loss: 0.0727  decode.loss_ce: 0.0727  decode.acc_seg: 100.0000  moe_aux_loss: 0.0001
2025/09/08 17:59:02 - mmengine - INFO - Iter(train) [15300/20000]  base_lr: 8.1211e-06 lr: 3.7032e-07  eta: 0:55:00  time: 0.6412  data_time: 0.0070  memory: 6249  loss: 0.0803  decode.loss_ce: 0.0802  decode.acc_seg: 89.2690  moe_aux_loss: 0.0001
2025/09/08 18:00:16 - mmengine - INFO - Iter(train) [15400/20000]  base_lr: 7.7949e-06 lr: 3.5544e-07  eta: 0:53:51  time: 0.7177  data_time: 0.0070  memory: 6249  loss: 0.1068  decode.loss_ce: 0.1067  decode.acc_seg: 100.0000  moe_aux_loss: 0.0001
2025/09/08 18:01:26 - mmengine - INFO - Iter(train) [15500/20000]  base_lr: 7.4744e-06 lr: 3.4083e-07  eta: 0:52:41  time: 0.7106  data_time: 0.0071  memory: 6249  loss: 0.0435  decode.loss_ce: 0.0434  decode.acc_seg: 100.0000  moe_aux_loss: 0.0001
2025/09/08 18:02:35 - mmengine - INFO - Iter(train) [15600/20000]  base_lr: 7.1597e-06 lr: 3.2648e-07  eta: 0:51:30  time: 0.6378  data_time: 0.0071  memory: 6249  loss: 0.1863  decode.loss_ce: 0.1862  decode.acc_seg: 86.1026  moe_aux_loss: 0.0001
2025/09/08 18:03:49 - mmengine - INFO - Iter(train) [15700/20000]  base_lr: 6.8509e-06 lr: 3.1240e-07  eta: 0:50:21  time: 0.7154  data_time: 0.0071  memory: 6249  loss: 0.1242  decode.loss_ce: 0.1241  decode.acc_seg: 82.0326  moe_aux_loss: 0.0001
2025/09/08 18:05:01 - mmengine - INFO - Iter(train) [15800/20000]  base_lr: 6.5481e-06 lr: 2.9859e-07  eta: 0:49:11  time: 0.6477  data_time: 0.0069  memory: 6249  loss: 0.0341  decode.loss_ce: 0.0340  decode.acc_seg: 100.0000  moe_aux_loss: 0.0001
2025/09/08 18:06:12 - mmengine - INFO - Iter(train) [15900/20000]  base_lr: 6.2512e-06 lr: 2.8505e-07  eta: 0:48:01  time: 0.7090  data_time: 0.0071  memory: 6249  loss: 0.0214  decode.loss_ce: 0.0214  decode.acc_seg: 100.0000  moe_aux_loss: 0.0001
2025/09/08 18:07:26 - mmengine - INFO - Exp name: GeoMoE_20250908_144358
2025/09/08 18:07:26 - mmengine - INFO - Iter(train) [16000/20000]  base_lr: 5.9605e-06 lr: 2.7179e-07  eta: 0:46:52  time: 0.7506  data_time: 0.0070  memory: 6249  loss: 0.1138  decode.loss_ce: 0.1137  decode.acc_seg: 100.0000  moe_aux_loss: 0.0001
2025/09/08 18:08:23 - mmengine - INFO - Iter(val) [100/243]    eta: 0:01:21  time: 0.5322  data_time: 0.4189  memory: 4910  
2025/09/08 18:09:17 - mmengine - INFO - Iter(val) [200/243]    eta: 0:00:23  time: 0.5212  data_time: 0.4176  memory: 4910  
2025/09/08 18:09:41 - mmengine - INFO - per class results:
2025/09/08 18:09:41 - mmengine - INFO - 
+------------+-------+-------+--------+-----------+--------+
|   Class    |  IoU  |  Acc  | Fscore | Precision | Recall |
+------------+-------+-------+--------+-----------+--------+
| background | 96.23 | 98.04 | 98.08  |   98.12   | 98.04  |
|  building  | 60.05 | 75.41 | 75.04  |   74.66   | 75.41  |
+------------+-------+-------+--------+-----------+--------+
2025/09/08 18:09:41 - mmengine - INFO - Iter(val) [243/243]    aAcc: 96.4300  mIoU: 78.1400  mAcc: 86.7300  mFscore: 86.5600  mPrecision: 86.3900  mRecall: 86.7300  data_time: 0.4429  time: 0.5518
2025/09/08 18:10:59 - mmengine - INFO - Iter(train) [16100/20000]  base_lr: 5.6759e-06 lr: 2.5882e-07  eta: 0:45:44  time: 0.7678  data_time: 0.0071  memory: 6249  loss: 0.1401  decode.loss_ce: 0.1401  decode.acc_seg: 85.2288  moe_aux_loss: 0.0001
2025/09/08 18:12:15 - mmengine - INFO - Iter(train) [16200/20000]  base_lr: 5.3976e-06 lr: 2.4613e-07  eta: 0:44:35  time: 0.7459  data_time: 0.0072  memory: 6250  loss: 0.1214  decode.loss_ce: 0.1213  decode.acc_seg: 88.3464  moe_aux_loss: 0.0001
2025/09/08 18:13:31 - mmengine - INFO - Iter(train) [16300/20000]  base_lr: 5.1256e-06 lr: 2.3372e-07  eta: 0:43:25  time: 0.7881  data_time: 0.0070  memory: 6249  loss: 0.1309  decode.loss_ce: 0.1308  decode.acc_seg: 83.8548  moe_aux_loss: 0.0001
2025/09/08 18:14:44 - mmengine - INFO - Iter(train) [16400/20000]  base_lr: 4.8600e-06 lr: 2.2161e-07  eta: 0:42:16  time: 0.7114  data_time: 0.0071  memory: 6249  loss: 0.0689  decode.loss_ce: 0.0688  decode.acc_seg: 100.0000  moe_aux_loss: 0.0001
2025/09/08 18:15:55 - mmengine - INFO - Iter(train) [16500/20000]  base_lr: 4.6008e-06 lr: 2.0980e-07  eta: 0:41:05  time: 0.6293  data_time: 0.0072  memory: 6249  loss: 0.0869  decode.loss_ce: 0.0868  decode.acc_seg: 100.0000  moe_aux_loss: 0.0001
2025/09/08 18:17:06 - mmengine - INFO - Iter(train) [16600/20000]  base_lr: 4.3482e-06 lr: 1.9828e-07  eta: 0:39:55  time: 0.7370  data_time: 0.0070  memory: 6249  loss: 0.0855  decode.loss_ce: 0.0854  decode.acc_seg: 85.6194  moe_aux_loss: 0.0001
2025/09/08 18:18:18 - mmengine - INFO - Iter(train) [16700/20000]  base_lr: 4.1022e-06 lr: 1.8706e-07  eta: 0:38:45  time: 0.7000  data_time: 0.0071  memory: 6249  loss: 0.0759  decode.loss_ce: 0.0758  decode.acc_seg: 90.3958  moe_aux_loss: 0.0001
2025/09/08 18:19:31 - mmengine - INFO - Iter(train) [16800/20000]  base_lr: 3.8628e-06 lr: 1.7614e-07  eta: 0:37:35  time: 0.7761  data_time: 0.0071  memory: 6249  loss: 0.1226  decode.loss_ce: 0.1225  decode.acc_seg: 99.5402  moe_aux_loss: 0.0001
2025/09/08 18:20:43 - mmengine - INFO - Iter(train) [16900/20000]  base_lr: 3.6301e-06 lr: 1.6553e-07  eta: 0:36:24  time: 0.7854  data_time: 0.0071  memory: 6249  loss: 0.1264  decode.loss_ce: 0.1263  decode.acc_seg: 91.5826  moe_aux_loss: 0.0001
2025/09/08 18:21:57 - mmengine - INFO - Exp name: GeoMoE_20250908_144358
2025/09/08 18:21:57 - mmengine - INFO - Iter(train) [17000/20000]  base_lr: 3.4042e-06 lr: 1.5523e-07  eta: 0:35:15  time: 0.8215  data_time: 0.0070  memory: 6249  loss: 0.1041  decode.loss_ce: 0.1040  decode.acc_seg: 84.5577  moe_aux_loss: 0.0001
2025/09/08 18:23:10 - mmengine - INFO - Iter(train) [17100/20000]  base_lr: 3.1852e-06 lr: 1.4524e-07  eta: 0:34:05  time: 0.7012  data_time: 0.0070  memory: 6249  loss: 0.0544  decode.loss_ce: 0.0543  decode.acc_seg: 97.2107  moe_aux_loss: 0.0001
2025/09/08 18:24:23 - mmengine - INFO - Iter(train) [17200/20000]  base_lr: 2.9730e-06 lr: 1.3557e-07  eta: 0:32:54  time: 0.6743  data_time: 0.0070  memory: 6249  loss: 0.0552  decode.loss_ce: 0.0551  decode.acc_seg: 100.0000  moe_aux_loss: 0.0001
2025/09/08 18:25:34 - mmengine - INFO - Iter(train) [17300/20000]  base_lr: 2.7678e-06 lr: 1.2621e-07  eta: 0:31:44  time: 0.7746  data_time: 0.0070  memory: 6249  loss: 0.0774  decode.loss_ce: 0.0773  decode.acc_seg: 100.0000  moe_aux_loss: 0.0001
2025/09/08 18:26:46 - mmengine - INFO - Iter(train) [17400/20000]  base_lr: 2.5696e-06 lr: 1.1717e-07  eta: 0:30:34  time: 0.7469  data_time: 0.0071  memory: 6250  loss: 0.0360  decode.loss_ce: 0.0359  decode.acc_seg: 100.0000  moe_aux_loss: 0.0001
2025/09/08 18:27:57 - mmengine - INFO - Iter(train) [17500/20000]  base_lr: 2.3784e-06 lr: 1.0845e-07  eta: 0:29:23  time: 0.7668  data_time: 0.0071  memory: 6249  loss: 0.1221  decode.loss_ce: 0.1220  decode.acc_seg: 100.0000  moe_aux_loss: 0.0001
2025/09/08 18:29:12 - mmengine - INFO - Iter(train) [17600/20000]  base_lr: 2.1943e-06 lr: 1.0006e-07  eta: 0:28:13  time: 0.7453  data_time: 0.0072  memory: 6249  loss: 0.0491  decode.loss_ce: 0.0490  decode.acc_seg: 92.7049  moe_aux_loss: 0.0001
2025/09/08 18:30:24 - mmengine - INFO - Iter(train) [17700/20000]  base_lr: 2.0174e-06 lr: 9.1991e-08  eta: 0:27:03  time: 0.6900  data_time: 0.0070  memory: 6249  loss: 0.0793  decode.loss_ce: 0.0793  decode.acc_seg: 98.6864  moe_aux_loss: 0.0001
2025/09/08 18:31:35 - mmengine - INFO - Iter(train) [17800/20000]  base_lr: 1.8476e-06 lr: 8.4250e-08  eta: 0:25:52  time: 0.6936  data_time: 0.0071  memory: 6249  loss: 0.1144  decode.loss_ce: 0.1144  decode.acc_seg: 86.8449  moe_aux_loss: 0.0001
2025/09/08 18:32:46 - mmengine - INFO - Iter(train) [17900/20000]  base_lr: 1.6851e-06 lr: 7.6839e-08  eta: 0:24:42  time: 0.7133  data_time: 0.0071  memory: 6249  loss: 0.0708  decode.loss_ce: 0.0708  decode.acc_seg: 85.5347  moe_aux_loss: 0.0001
2025/09/08 18:33:58 - mmengine - INFO - Exp name: GeoMoE_20250908_144358
2025/09/08 18:33:58 - mmengine - INFO - Iter(train) [18000/20000]  base_lr: 1.5298e-06 lr: 6.9760e-08  eta: 0:23:31  time: 0.7089  data_time: 0.0071  memory: 6249  loss: 0.1070  decode.loss_ce: 0.1069  decode.acc_seg: 100.0000  moe_aux_loss: 0.0001
2025/09/08 18:34:55 - mmengine - INFO - Iter(val) [100/243]    eta: 0:01:21  time: 0.5382  data_time: 0.4244  memory: 4910  
2025/09/08 18:35:48 - mmengine - INFO - Iter(val) [200/243]    eta: 0:00:23  time: 0.5202  data_time: 0.4085  memory: 4910  
2025/09/08 18:36:11 - mmengine - INFO - per class results:
2025/09/08 18:36:11 - mmengine - INFO - 
+------------+-------+-------+--------+-----------+--------+
|   Class    |  IoU  |  Acc  | Fscore | Precision | Recall |
+------------+-------+-------+--------+-----------+--------+
| background | 96.22 |  98.0 | 98.07  |   98.15   |  98.0  |
|  building  | 60.11 | 75.85 | 75.08  |   74.33   | 75.85  |
+------------+-------+-------+--------+-----------+--------+
2025/09/08 18:36:11 - mmengine - INFO - Iter(val) [243/243]    aAcc: 96.4200  mIoU: 78.1600  mAcc: 86.9200  mFscore: 86.5800  mPrecision: 86.2400  mRecall: 86.9200  data_time: 0.4376  time: 0.5472
2025/09/08 18:37:23 - mmengine - INFO - Iter(train) [18100/20000]  base_lr: 1.3819e-06 lr: 6.3014e-08  eta: 0:22:21  time: 0.6596  data_time: 0.0070  memory: 6249  loss: 0.1010  decode.loss_ce: 0.1009  decode.acc_seg: 99.7968  moe_aux_loss: 0.0001
2025/09/08 18:38:32 - mmengine - INFO - Iter(train) [18200/20000]  base_lr: 1.2413e-06 lr: 5.6604e-08  eta: 0:21:10  time: 0.6959  data_time: 0.0073  memory: 6249  loss: 0.1180  decode.loss_ce: 0.1179  decode.acc_seg: 100.0000  moe_aux_loss: 0.0001
2025/09/08 18:39:45 - mmengine - INFO - Iter(train) [18300/20000]  base_lr: 1.1081e-06 lr: 5.0531e-08  eta: 0:20:00  time: 0.6808  data_time: 0.0072  memory: 6249  loss: 0.0281  decode.loss_ce: 0.0280  decode.acc_seg: 100.0000  moe_aux_loss: 0.0001
2025/09/08 18:40:57 - mmengine - INFO - Iter(train) [18400/20000]  base_lr: 9.8237e-07 lr: 4.4796e-08  eta: 0:18:49  time: 0.7656  data_time: 0.0072  memory: 6249  loss: 0.1031  decode.loss_ce: 0.1030  decode.acc_seg: 87.2002  moe_aux_loss: 0.0001
2025/09/08 18:42:08 - mmengine - INFO - Iter(train) [18500/20000]  base_lr: 8.6406e-07 lr: 3.9401e-08  eta: 0:17:39  time: 0.6874  data_time: 0.0072  memory: 6249  loss: 0.0962  decode.loss_ce: 0.0962  decode.acc_seg: 84.6591  moe_aux_loss: 0.0001
2025/09/08 18:43:20 - mmengine - INFO - Iter(train) [18600/20000]  base_lr: 7.5323e-07 lr: 3.4347e-08  eta: 0:16:28  time: 0.7263  data_time: 0.0073  memory: 6250  loss: 0.1165  decode.loss_ce: 0.1164  decode.acc_seg: 100.0000  moe_aux_loss: 0.0001
2025/09/08 18:44:32 - mmengine - INFO - Iter(train) [18700/20000]  base_lr: 6.4992e-07 lr: 2.9636e-08  eta: 0:15:18  time: 0.6836  data_time: 0.0073  memory: 6250  loss: 0.0531  decode.loss_ce: 0.0530  decode.acc_seg: 100.0000  moe_aux_loss: 0.0001
2025/09/08 18:45:42 - mmengine - INFO - Iter(train) [18800/20000]  base_lr: 5.5414e-07 lr: 2.5269e-08  eta: 0:14:07  time: 0.7283  data_time: 0.0070  memory: 6249  loss: 0.0927  decode.loss_ce: 0.0926  decode.acc_seg: 99.0945  moe_aux_loss: 0.0001
2025/09/08 18:46:50 - mmengine - INFO - Iter(train) [18900/20000]  base_lr: 4.6594e-07 lr: 2.1246e-08  eta: 0:12:56  time: 0.6616  data_time: 0.0073  memory: 6250  loss: 0.0674  decode.loss_ce: 0.0673  decode.acc_seg: 88.8767  moe_aux_loss: 0.0001
2025/09/08 18:47:51 - mmengine - INFO - Exp name: GeoMoE_20250908_144358
2025/09/08 18:47:51 - mmengine - INFO - Iter(train) [19000/20000]  base_lr: 3.8531e-07 lr: 1.7570e-08  eta: 0:11:45  time: 0.2314  data_time: 0.0063  memory: 6249  loss: 0.1082  decode.loss_ce: 0.1081  decode.acc_seg: 97.8068  moe_aux_loss: 0.0001
2025/09/08 18:48:14 - mmengine - INFO - Iter(train) [19100/20000]  base_lr: 3.1230e-07 lr: 1.4241e-08  eta: 0:10:32  time: 0.2215  data_time: 0.0064  memory: 6249  loss: 0.0659  decode.loss_ce: 0.0658  decode.acc_seg: 98.5439  moe_aux_loss: 0.0001
2025/09/08 18:48:37 - mmengine - INFO - Iter(train) [19200/20000]  base_lr: 2.4691e-07 lr: 1.1259e-08  eta: 0:09:20  time: 0.2279  data_time: 0.0063  memory: 6249  loss: 0.1266  decode.loss_ce: 0.1265  decode.acc_seg: 93.4144  moe_aux_loss: 0.0001
2025/09/08 18:48:59 - mmengine - INFO - Iter(train) [19300/20000]  base_lr: 1.8917e-07 lr: 8.6262e-09  eta: 0:08:08  time: 0.2257  data_time: 0.0065  memory: 6249  loss: 0.0946  decode.loss_ce: 0.0945  decode.acc_seg: 100.0000  moe_aux_loss: 0.0001
2025/09/08 18:49:22 - mmengine - INFO - Iter(train) [19400/20000]  base_lr: 1.3909e-07 lr: 6.3424e-09  eta: 0:06:57  time: 0.2286  data_time: 0.0062  memory: 6249  loss: 0.0703  decode.loss_ce: 0.0702  decode.acc_seg: 100.0000  moe_aux_loss: 0.0001
2025/09/08 18:49:44 - mmengine - INFO - Iter(train) [19500/20000]  base_lr: 9.6677e-08 lr: 4.4084e-09  eta: 0:05:46  time: 0.2231  data_time: 0.0062  memory: 6250  loss: 0.1001  decode.loss_ce: 0.1000  decode.acc_seg: 100.0000  moe_aux_loss: 0.0001
2025/09/08 18:50:07 - mmengine - INFO - Iter(train) [19600/20000]  base_lr: 6.1947e-08 lr: 2.8247e-09  eta: 0:04:36  time: 0.2234  data_time: 0.0063  memory: 6251  loss: 0.0435  decode.loss_ce: 0.0434  decode.acc_seg: 100.0000  moe_aux_loss: 0.0001
2025/09/08 18:50:29 - mmengine - INFO - Iter(train) [19700/20000]  base_lr: 3.4908e-08 lr: 1.5918e-09  eta: 0:03:26  time: 0.2227  data_time: 0.0063  memory: 6249  loss: 0.0552  decode.loss_ce: 0.0552  decode.acc_seg: 100.0000  moe_aux_loss: 0.0001
2025/09/08 18:50:51 - mmengine - INFO - Iter(train) [19800/20000]  base_lr: 1.5568e-08 lr: 7.0989e-10  eta: 0:02:17  time: 0.2189  data_time: 0.0063  memory: 6249  loss: 0.0789  decode.loss_ce: 0.0788  decode.acc_seg: 100.0000  moe_aux_loss: 0.0001
2025/09/08 18:51:14 - mmengine - INFO - Iter(train) [19900/20000]  base_lr: 3.9311e-09 lr: 1.7926e-10  eta: 0:01:08  time: 0.2276  data_time: 0.0062  memory: 6250  loss: 0.1428  decode.loss_ce: 0.1427  decode.acc_seg: 92.8813  moe_aux_loss: 0.0001
2025/09/08 18:51:36 - mmengine - INFO - Exp name: GeoMoE_20250908_144358
2025/09/08 18:51:36 - mmengine - INFO - Iter(train) [20000/20000]  base_lr: 3.8537e-13 lr: 1.7573e-14  eta: 0:00:00  time: 0.2235  data_time: 0.0063  memory: 6250  loss: 0.0906  decode.loss_ce: 0.0906  decode.acc_seg: 81.2731  moe_aux_loss: 0.0001
2025/09/08 18:51:36 - mmengine - INFO - Saving checkpoint at 20000 iterations
2025/09/08 18:52:49 - mmengine - INFO - Iter(val) [100/243]    eta: 0:00:59  time: 0.4184  data_time: 0.3856  memory: 4910  
2025/09/08 18:53:30 - mmengine - INFO - Iter(val) [200/243]    eta: 0:00:17  time: 0.4086  data_time: 0.3760  memory: 4910  
2025/09/08 18:53:48 - mmengine - INFO - per class results:
2025/09/08 18:53:48 - mmengine - INFO - 
+------------+-------+-------+--------+-----------+--------+
|   Class    |  IoU  |  Acc  | Fscore | Precision | Recall |
+------------+-------+-------+--------+-----------+--------+
| background | 96.21 | 97.95 | 98.07  |   98.18   | 97.95  |
|  building  | 60.22 | 76.32 | 75.17  |   74.06   | 76.32  |
+------------+-------+-------+--------+-----------+--------+
2025/09/08 18:53:48 - mmengine - INFO - Iter(val) [243/243]    aAcc: 96.4200  mIoU: 78.2200  mAcc: 87.1400  mFscore: 86.6200  mPrecision: 86.1200  mRecall: 87.1400  data_time: 0.3814  time: 0.4144
