2025-09-25 00:44:21,985: {
    "model": "GeoMoE",
    "lrd": "geo_lrd",
    "num_classes": 30,
    "dataset": "AID",
    "img_size": 320,
    "batch_size": 64,
    "TR": "55_0.json",
    "data_info": {
        "train_len": 5000,
        "val_len": 5000
    },
    "epochs": 200,
    "lr": 0.00025,
    "blr": 0.001,
    "layer_decay": 0.85,
    "drop_path": 0.1,
    "smoothing": 0.1,
    "mixup": 0.8,
    "cutmix": 1.0
}
2025-09-25 00:44:22,836: missing keys: ['pos_embed_det', 'fc_norm.weight', 'fc_norm.bias', 'head.weight', 'head.bias']
unexpected keys: ['pos_embed']
2025-09-25 00:44:23,209: layer decay optimizer: min_lr: 1.1399862083680687e-05 max_lr: 0.00025
2025-09-25 00:45:47,300: epoch: [0/200] acc1: 9.8958 acc5: 33.7740 loss: 3.3585 min_lr: 2.2799724167361374e-06 max_lr: 5e-05
2025-09-25 00:47:10,294: epoch: [1/200] acc1: 19.2508 acc5: 49.3389 loss: 3.0683 min_lr: 4.559944833472275e-06 max_lr: 0.0001
2025-09-25 00:48:33,527: epoch: [2/200] acc1: 29.3870 acc5: 60.5369 loss: 2.7932 min_lr: 6.8399172502084125e-06 max_lr: 0.00015
2025-09-25 00:49:56,829: epoch: [3/200] acc1: 36.2981 acc5: 65.5849 loss: 2.5573 min_lr: 9.11988966694455e-06 max_lr: 0.0002
2025-09-25 00:51:20,171: epoch: [4/200] acc1: 38.0809 acc5: 65.6050 loss: 2.4482 min_lr: 1.1399862083680687e-05 max_lr: 0.00025
2025-09-25 00:52:43,491: epoch: [5/200] acc1: 40.2244 acc5: 67.7083 loss: 2.3824 min_lr: 1.1399123114675285e-05 max_lr: 0.00024998379434330045
2025-09-25 00:54:06,791: epoch: [6/200] acc1: 42.1875 acc5: 68.7099 loss: 2.2369 min_lr: 1.1396906399458524e-05 max_lr: 0.00024993518157938083
2025-09-25 00:55:30,122: epoch: [7/200] acc1: 49.1587 acc5: 74.4391 loss: 2.1712 min_lr: 1.1393212513378966e-05 max_lr: 0.0002498541743256868
2025-09-25 00:56:53,453: epoch: [8/200] acc1: 50.0801 acc5: 74.9800 loss: 2.0598 min_lr: 1.1388042415184956e-05 max_lr: 0.00024974079360765575
2025-09-25 00:58:16,701: epoch: [9/200] acc1: 45.8534 acc5: 70.4728 loss: 2.0813 min_lr: 1.1381397446775772e-05 max_lr: 0.0002495950688532595
2025-09-25 00:58:44,708: [val] epoch: [9/200] acc1: 93.9200 acc5: 99.7600 loss: 0.5445
2025-09-25 00:58:48,208: Saved checkpoint to GeoMoE/AID/checkpoint-10
2025-09-25 01:00:11,470: epoch: [10/200] acc1: 46.2740 acc5: 71.2340 loss: 2.0417 min_lr: 1.1373279332853351e-05 max_lr: 0.0002494170378853664
2025-09-25 01:01:34,986: epoch: [11/200] acc1: 49.0184 acc5: 74.7196 loss: 2.0501 min_lr: 1.1363690180474622e-05 max_lr: 0.00024920674691192437
2025-09-25 01:02:58,256: epoch: [12/200] acc1: 55.5889 acc5: 79.0465 loss: 1.9611 min_lr: 1.1352632478504636e-05 max_lr: 0.00024896425051396754
2025-09-25 01:04:21,518: epoch: [13/200] acc1: 51.3221 acc5: 75.2204 loss: 1.9261 min_lr: 1.1340109096970571e-05 max_lr: 0.00024868961163145004
2025-09-25 01:05:44,868: epoch: [14/200] acc1: 47.1554 acc5: 74.0585 loss: 2.0406 min_lr: 1.1326123286316819e-05 max_lr: 0.00024838290154690935
2025-09-25 01:07:08,542: epoch: [15/200] acc1: 57.2516 acc5: 81.4704 loss: 1.9596 min_lr: 1.1310678676561342e-05 max_lr: 0.00024804419986696564
2025-09-25 01:08:31,830: epoch: [16/200] acc1: 52.4038 acc5: 77.4639 loss: 1.8437 min_lr: 1.1293779276353482e-05 max_lr: 0.00024767359450165923
2025-09-25 01:09:55,265: epoch: [17/200] acc1: 55.6090 acc5: 78.3654 loss: 1.8265 min_lr: 1.1275429471933532e-05 max_lr: 0.000247271181641634
2025-09-25 01:11:18,636: epoch: [18/200] acc1: 56.0096 acc5: 82.7524 loss: 1.8846 min_lr: 1.125563402599428e-05 max_lr: 0.00024683706573317066
2025-09-25 01:12:41,975: epoch: [19/200] acc1: 54.2468 acc5: 77.9647 loss: 1.8711 min_lr: 1.1234398076444849e-05 max_lr: 0.0002463713594510782
2025-09-25 01:13:09,788: [val] epoch: [19/200] acc1: 95.7200 acc5: 99.7200 loss: 0.4373
2025-09-25 01:13:27,489: Saved checkpoint to GeoMoE/AID/checkpoint-20
2025-09-25 01:14:50,687: epoch: [20/200] acc1: 56.4103 acc5: 82.7524 loss: 1.8150 min_lr: 1.1211727135077166e-05 max_lr: 0.0002458741836694489
2025-09-25 01:16:14,010: epoch: [21/200] acc1: 48.3574 acc5: 75.1603 loss: 1.7893 min_lr: 1.1187627086135355e-05 max_lr: 0.0002453456674302851
2025-09-25 01:17:37,237: epoch: [22/200] acc1: 55.0280 acc5: 79.3870 loss: 1.7265 min_lr: 1.1162104184788505e-05 max_lr: 0.00024478594791000713
2025-09-25 01:19:00,664: epoch: [23/200] acc1: 55.2684 acc5: 81.0497 loss: 1.8272 min_lr: 1.1135165055507117e-05 max_lr: 0.00024419517038384847
2025-09-25 01:20:23,991: epoch: [24/200] acc1: 57.3117 acc5: 80.8293 loss: 1.7879 min_lr: 1.1106816690343738e-05 max_lr: 0.00024357348818814978
2025-09-25 01:21:47,276: epoch: [25/200] acc1: 53.5657 acc5: 80.6490 loss: 1.8163 min_lr: 1.1077066447118172e-05 max_lr: 0.00024292106268056067
2025-09-25 01:23:10,612: epoch: [26/200] acc1: 51.7628 acc5: 77.8646 loss: 1.7600 min_lr: 1.1045922047507751e-05 max_lr: 0.00024223806319815893
2025-09-25 01:24:33,721: epoch: [27/200] acc1: 57.8526 acc5: 84.8157 loss: 1.8631 min_lr: 1.1013391575043176e-05 max_lr: 0.0002415246670134993
2025-09-25 01:25:56,948: epoch: [28/200] acc1: 54.3069 acc5: 80.7292 loss: 1.7175 min_lr: 1.0979483473010437e-05 max_lr: 0.00024078105928860235
2025-09-25 01:27:20,189: epoch: [29/200] acc1: 54.9279 acc5: 84.1747 loss: 1.7699 min_lr: 1.094420654225936e-05 max_lr: 0.00024000743302689568
2025-09-25 01:27:47,985: [val] epoch: [29/200] acc1: 96.4800 acc5: 99.7800 loss: 0.3932
2025-09-25 01:28:06,687: Saved checkpoint to GeoMoE/AID/checkpoint-30
2025-09-25 01:29:29,644: epoch: [30/200] acc1: 49.2989 acc5: 79.5272 loss: 1.7981 min_lr: 1.0907569938919338e-05 max_lr: 0.00023920398902311976
2025-09-25 01:30:52,788: epoch: [31/200] acc1: 57.4920 acc5: 81.4503 loss: 1.7765 min_lr: 1.0869583172022868e-05 max_lr: 0.00023837093581121187
2025-09-25 01:32:16,080: epoch: [32/200] acc1: 56.4503 acc5: 84.7356 loss: 1.7925 min_lr: 1.0830256101037471e-05 max_lr: 0.00023750848961018073
2025-09-25 01:33:39,292: epoch: [33/200] acc1: 56.7708 acc5: 81.9311 loss: 1.7559 min_lr: 1.0789598933306674e-05 max_lr: 0.00023661687426798728
2025-09-25 01:35:02,580: epoch: [34/200] acc1: 52.2436 acc5: 78.8662 loss: 1.7198 min_lr: 1.074762222140069e-05 max_lr: 0.0002356963212034446
2025-09-25 01:36:25,832: epoch: [35/200] acc1: 60.2564 acc5: 85.4367 loss: 1.6917 min_lr: 1.0704336860377494e-05 max_lr: 0.00023474706934615327
2025-09-25 01:37:48,983: epoch: [36/200] acc1: 56.8710 acc5: 82.9327 loss: 1.7000 min_lr: 1.0659754084955021e-05 max_lr: 0.00023376936507448723
2025-09-25 01:39:12,178: epoch: [37/200] acc1: 53.2853 acc5: 80.1883 loss: 1.7173 min_lr: 1.0613885466595183e-05 max_lr: 0.00023276346215164614
2025-09-25 01:40:35,500: epoch: [38/200] acc1: 62.8806 acc5: 85.3966 loss: 1.6199 min_lr: 1.05667429105005e-05 max_lr: 0.00023172962165979126
2025-09-25 01:41:58,767: epoch: [39/200] acc1: 60.4968 acc5: 85.7171 loss: 1.6966 min_lr: 1.0518338652524109e-05 max_lr: 0.00023066811193228138
2025-09-25 01:42:26,554: [val] epoch: [39/200] acc1: 96.9400 acc5: 99.9200 loss: 0.3021
2025-09-25 01:42:46,448: Saved checkpoint to GeoMoE/AID/checkpoint-40
2025-09-25 01:44:09,398: epoch: [40/200] acc1: 55.6891 acc5: 83.5737 loss: 1.6921 min_lr: 1.0468685255993934e-05 max_lr: 0.00022957920848402704
2025-09-25 01:45:32,703: epoch: [41/200] acc1: 52.6643 acc5: 78.6058 loss: 1.7064 min_lr: 1.0417795608451893e-05 max_lr: 0.00022846319393998068
2025-09-25 01:46:55,992: epoch: [42/200] acc1: 56.2901 acc5: 84.5954 loss: 1.7578 min_lr: 1.0365682918308912e-05 max_lr: 0.00022732035796178097
2025-09-25 01:48:19,296: epoch: [43/200] acc1: 54.4872 acc5: 79.0064 loss: 1.6704 min_lr: 1.0312360711416708e-05 max_lr: 0.00022615099717257156
2025-09-25 01:49:42,704: epoch: [44/200] acc1: 51.7027 acc5: 79.5072 loss: 1.6413 min_lr: 1.0257842827557127e-05 max_lr: 0.0002249554150800122
2025-09-25 01:51:05,980: epoch: [45/200] acc1: 52.2436 acc5: 80.6490 loss: 1.6488 min_lr: 1.0202143416850051e-05 max_lr: 0.0002237339219975035
2025-09-25 01:52:29,395: epoch: [46/200] acc1: 59.8758 acc5: 87.7404 loss: 1.6965 min_lr: 1.0145276936080712e-05 max_lr: 0.0002224868349636449
2025-09-25 01:53:52,700: epoch: [47/200] acc1: 55.3085 acc5: 80.3085 loss: 1.6556 min_lr: 1.0087258144947455e-05 max_lr: 0.00022121447765994747
2025-09-25 01:55:15,918: epoch: [48/200] acc1: 59.5954 acc5: 84.9159 loss: 1.6311 min_lr: 1.0028102102230836e-05 max_lr: 0.00021991718032682224
2025-09-25 01:56:39,208: epoch: [49/200] acc1: 55.7893 acc5: 81.1098 loss: 1.6386 min_lr: 9.967824161885132e-06 max_lr: 0.00021859527967786624
2025-09-25 01:57:07,027: [val] epoch: [49/200] acc1: 97.0800 acc5: 99.8400 loss: 0.3279
2025-09-25 01:57:26,591: Saved checkpoint to GeoMoE/AID/checkpoint-50
2025-09-25 01:58:49,528: epoch: [50/200] acc1: 57.1915 acc5: 83.9143 loss: 1.6083 min_lr: 9.906439969053209e-06 max_lr: 0.00021724911881246866
2025-09-25 02:00:12,818: epoch: [51/200] acc1: 58.4936 acc5: 85.2764 loss: 1.5958 min_lr: 9.84396545600583e-06 max_lr: 0.00021587904712675913
2025-09-25 02:01:35,987: epoch: [52/200] acc1: 63.7220 acc5: 88.0008 loss: 1.6385 min_lr: 9.780416838006436e-06 max_lr: 0.00021448542022292215
2025-09-25 02:02:59,207: epoch: [53/200] acc1: 57.5120 acc5: 81.9912 loss: 1.5816 min_lr: 9.715810609102465e-06 max_lr: 0.00021306859981690035
2025-09-25 02:04:22,400: epoch: [54/200] acc1: 60.0561 acc5: 85.9175 loss: 1.5715 min_lr: 9.650163537844326e-06 max_lr: 0.00021162895364451123
2025-09-25 02:05:45,754: epoch: [55/200] acc1: 56.7308 acc5: 84.5353 loss: 1.6484 min_lr: 9.583492662933125e-06 max_lr: 0.0002101668553660013
2025-09-25 02:07:09,053: epoch: [56/200] acc1: 63.2612 acc5: 87.9607 loss: 1.5965 min_lr: 9.515815288798262e-06 max_lr: 0.00020868268446906245
2025-09-25 02:08:32,345: epoch: [57/200] acc1: 57.7324 acc5: 84.1346 loss: 1.6232 min_lr: 9.447148981106068e-06 max_lr: 0.0002071768261703359
2025-09-25 02:09:55,501: epoch: [58/200] acc1: 61.6987 acc5: 84.9559 loss: 1.5522 min_lr: 9.377511562200634e-06 max_lr: 0.0002056496713154293
2025-09-25 02:11:18,843: epoch: [59/200] acc1: 65.4247 acc5: 89.4631 loss: 1.5812 min_lr: 9.306921106478025e-06 max_lr: 0.00020410161627747273
2025-09-25 02:11:46,782: [val] epoch: [59/200] acc1: 97.0400 acc5: 99.9400 loss: 0.3441
2025-09-25 02:13:10,114: epoch: [60/200] acc1: 56.0697 acc5: 85.6971 loss: 1.6561 min_lr: 9.235395935695068e-06 max_lr: 0.00020253306285423993
2025-09-25 02:14:33,408: epoch: [61/200] acc1: 57.9928 acc5: 85.4167 loss: 1.6116 min_lr: 9.16295461421393e-06 max_lr: 0.00020094441816386158
2025-09-25 02:15:56,817: epoch: [62/200] acc1: 59.8558 acc5: 85.3365 loss: 1.5277 min_lr: 9.08961594418375e-06 max_lr: 0.0001993360945391581
2025-09-25 02:17:19,968: epoch: [63/200] acc1: 50.3005 acc5: 78.7460 loss: 1.5572 min_lr: 9.015398960660533e-06 max_lr: 0.00019770850942061837
2025-09-25 02:18:43,268: epoch: [64/200] acc1: 65.9655 acc5: 90.2444 loss: 1.5358 min_lr: 8.940322926666604e-06 max_lr: 0.00019606208524805308
2025-09-25 02:20:06,549: epoch: [65/200] acc1: 59.1747 acc5: 85.8774 loss: 1.5422 min_lr: 8.864407328190881e-06 max_lr: 0.00019439724935095047
2025-09-25 02:21:29,722: epoch: [66/200] acc1: 64.0825 acc5: 87.4199 loss: 1.5085 min_lr: 8.787671869131296e-06 max_lr: 0.00019271443383756293
2025-09-25 02:22:53,023: epoch: [67/200] acc1: 64.0024 acc5: 86.8590 loss: 1.4700 min_lr: 8.71013646618064e-06 max_lr: 0.0001910140754827533
2025-09-25 02:24:16,249: epoch: [68/200] acc1: 67.5080 acc5: 88.2011 loss: 1.4656 min_lr: 8.631821243657191e-06 max_lr: 0.00018929661561463
2025-09-25 02:25:39,541: epoch: [69/200] acc1: 62.5601 acc5: 88.8422 loss: 1.5382 min_lr: 8.552746528281435e-06 max_lr: 0.00018756249999999999
2025-09-25 02:26:07,436: [val] epoch: [69/200] acc1: 97.7400 acc5: 99.8600 loss: 0.2631
2025-09-25 02:26:26,992: Saved checkpoint to GeoMoE/AID/checkpoint-70
2025-09-25 02:27:49,818: epoch: [70/200] acc1: 54.2268 acc5: 82.9527 loss: 1.5568 min_lr: 8.472932843900276e-06 max_lr: 0.00018581217872867042
2025-09-25 02:29:13,173: epoch: [71/200] acc1: 61.4984 acc5: 87.7204 loss: 1.5365 min_lr: 8.392400906160065e-06 max_lr: 0.00018404610609662743
2025-09-25 02:30:36,404: epoch: [72/200] acc1: 59.3550 acc5: 87.0593 loss: 1.5189 min_lr: 8.311171617129855e-06 max_lr: 0.00018226474048812388
2025-09-25 02:31:59,653: epoch: [73/200] acc1: 64.2228 acc5: 86.6186 loss: 1.5025 min_lr: 8.229266059876259e-06 max_lr: 0.00018046854425670528
2025-09-25 02:33:22,895: epoch: [74/200] acc1: 59.9559 acc5: 84.2348 loss: 1.5056 min_lr: 8.146705492991352e-06 max_lr: 0.00017865798360520638
2025-09-25 02:34:46,189: epoch: [75/200] acc1: 70.9736 acc5: 90.1242 loss: 1.4658 min_lr: 8.063511345075002e-06 max_lr: 0.000176833528464748
2025-09-25 02:36:09,458: epoch: [76/200] acc1: 59.5152 acc5: 85.5168 loss: 1.5364 min_lr: 7.979705209173055e-06 max_lr: 0.00017499565237276621
2025-09-25 02:37:32,593: epoch: [77/200] acc1: 60.3966 acc5: 88.3614 loss: 1.5370 min_lr: 7.895308837172892e-06 max_lr: 0.00017314483235010604
2025-09-25 02:38:55,778: epoch: [78/200] acc1: 61.7989 acc5: 87.3397 loss: 1.5093 min_lr: 7.810344134157689e-06 max_lr: 0.00017128154877721013
2025-09-25 02:40:18,894: epoch: [79/200] acc1: 60.9575 acc5: 88.4215 loss: 1.5171 min_lr: 7.724833152720978e-06 max_lr: 0.00016940628526943664
2025-09-25 02:40:46,722: [val] epoch: [79/200] acc1: 97.8600 acc5: 99.9600 loss: 0.2856
2025-09-25 02:41:06,260: Saved checkpoint to GeoMoE/AID/checkpoint-80
2025-09-25 02:42:29,073: epoch: [80/200] acc1: 61.4383 acc5: 87.2997 loss: 1.4399 min_lr: 7.638798087242894e-06 max_lr: 0.00016751952855153634
2025-09-25 02:43:52,345: epoch: [81/200] acc1: 64.4431 acc5: 88.6018 loss: 1.5136 min_lr: 7.552261268129601e-06 max_lr: 0.0001656217683313234
2025-09-25 02:45:15,466: epoch: [82/200] acc1: 60.3165 acc5: 87.7805 loss: 1.5302 min_lr: 7.465245156017456e-06 max_lr: 0.00016371349717257157
2025-09-25 02:46:38,735: epoch: [83/200] acc1: 56.4904 acc5: 84.7756 loss: 1.5036 min_lr: 7.37777233594334e-06 max_lr: 0.0001617952103671694
2025-09-25 02:48:01,867: epoch: [84/200] acc1: 61.3982 acc5: 86.3582 loss: 1.4717 min_lr: 7.289865511482709e-06 max_lr: 0.00015986740580656704
2025-09-25 02:49:25,165: epoch: [85/200] acc1: 55.4888 acc5: 85.2764 loss: 1.5189 min_lr: 7.201547498856886e-06 max_lr: 0.00015793058385254856
2025-09-25 02:50:48,534: epoch: [86/200] acc1: 59.5353 acc5: 84.2949 loss: 1.4964 min_lr: 7.112841221011104e-06 max_lr: 0.00015598524720736298
2025-09-25 02:52:11,726: epoch: [87/200] acc1: 62.9006 acc5: 87.9207 loss: 1.5020 min_lr: 7.023769701664859e-06 max_lr: 0.00015403190078324802
2025-09-25 02:53:34,783: epoch: [88/200] acc1: 54.1466 acc5: 82.3117 loss: 1.4593 min_lr: 6.9343560593360925e-06 max_lr: 0.00015207105157137983
2025-09-25 02:54:58,077: epoch: [89/200] acc1: 64.1026 acc5: 90.7252 loss: 1.4972 min_lr: 6.844623501340791e-06 max_lr: 0.00015010320851028357
2025-09-25 02:55:25,962: [val] epoch: [89/200] acc1: 97.6800 acc5: 99.8000 loss: 0.2544
2025-09-25 02:56:49,135: epoch: [90/200] acc1: 63.4415 acc5: 87.3197 loss: 1.5058 min_lr: 6.7545953177695205e-06 max_lr: 0.00014812888235373844
2025-09-25 02:58:12,356: epoch: [91/200] acc1: 53.9864 acc5: 84.5553 loss: 1.4731 min_lr: 6.66429487544248e-06 max_lr: 0.00014614858553821142
2025-09-25 02:59:35,575: epoch: [92/200] acc1: 63.7220 acc5: 90.0441 loss: 1.4395 min_lr: 6.573745611844648e-06 max_lr: 0.0001441628320498544
2025-09-25 03:00:59,004: epoch: [93/200] acc1: 59.6354 acc5: 88.1811 loss: 1.4443 min_lr: 6.482971029042572e-06 max_lr: 0.00014217213729109888
2025-09-25 03:02:22,287: epoch: [94/200] acc1: 58.5136 acc5: 83.4335 loss: 1.4021 min_lr: 6.391994687584415e-06 max_lr: 0.00014017701794688344
2025-09-25 03:03:45,420: epoch: [95/200] acc1: 64.7436 acc5: 88.1010 loss: 1.4870 min_lr: 6.3008402003848156e-06 max_lr: 0.00013817799185054824
2025-09-25 03:05:08,715: epoch: [96/200] acc1: 56.4103 acc5: 84.9760 loss: 1.4907 min_lr: 6.209531226596139e-06 max_lr: 0.0001361755778494309
2025-09-25 03:06:32,120: epoch: [97/200] acc1: 69.2508 acc5: 91.6867 loss: 1.4244 min_lr: 6.118091465467764e-06 max_lr: 0.0001341702956702001
2025-09-25 03:07:55,363: epoch: [98/200] acc1: 59.6154 acc5: 87.1995 loss: 1.4245 min_lr: 6.026544650194924e-06 max_lr: 0.00013216266578396023
2025-09-25 03:09:18,548: epoch: [99/200] acc1: 63.4014 acc5: 89.9439 loss: 1.4525 min_lr: 5.934914541758765e-06 max_lr: 0.00013015320927116324
2025-09-25 03:09:46,362: [val] epoch: [99/200] acc1: 97.6200 acc5: 99.8400 loss: 0.2290
2025-09-25 03:11:09,644: epoch: [100/200] acc1: 62.9607 acc5: 89.0425 loss: 1.4419 min_lr: 5.843224922759178e-06 max_lr: 0.00012814244768636203
2025-09-25 03:12:33,007: epoch: [101/200] acc1: 65.7452 acc5: 90.6851 loss: 1.4760 min_lr: 5.751499591242022e-06 max_lr: 0.00012613090292284108
2025-09-25 03:13:56,234: epoch: [102/200] acc1: 62.2196 acc5: 88.4014 loss: 1.4224 min_lr: 5.6597623545223475e-06 max_lr: 0.00012411909707715896
2025-09-25 03:15:19,392: epoch: [103/200] acc1: 62.3197 acc5: 90.3245 loss: 1.4603 min_lr: 5.5680370230051915e-06 max_lr: 0.000122107552313638
2025-09-25 03:16:42,640: epoch: [104/200] acc1: 55.3085 acc5: 86.9591 loss: 1.4314 min_lr: 5.476347404005605e-06 max_lr: 0.00012009679072883682
2025-09-25 03:18:05,837: epoch: [105/200] acc1: 61.7388 acc5: 84.7155 loss: 1.3341 min_lr: 5.3847172955694425e-06 max_lr: 0.00011808733421603975
2025-09-25 03:19:29,133: epoch: [106/200] acc1: 63.5216 acc5: 89.7837 loss: 1.4287 min_lr: 5.293170480296605e-06 max_lr: 0.00011607970432979993
2025-09-25 03:20:52,495: epoch: [107/200] acc1: 65.6450 acc5: 89.9840 loss: 1.4251 min_lr: 5.201730719168229e-06 max_lr: 0.00011407442215056912
2025-09-25 03:22:15,856: epoch: [108/200] acc1: 62.7404 acc5: 87.2796 loss: 1.4004 min_lr: 5.1104217453795544e-06 max_lr: 0.0001120720081494518
2025-09-25 03:23:39,130: epoch: [109/200] acc1: 59.4752 acc5: 85.8974 loss: 1.4383 min_lr: 5.019267258179953e-06 max_lr: 0.00011007298205311656
2025-09-25 03:24:07,033: [val] epoch: [109/200] acc1: 97.4800 acc5: 99.9200 loss: 0.2624
2025-09-25 03:25:30,189: epoch: [110/200] acc1: 58.9343 acc5: 88.8221 loss: 1.4445 min_lr: 4.928290916721797e-06 max_lr: 0.00010807786270890117
2025-09-25 03:26:53,445: epoch: [111/200] acc1: 55.8093 acc5: 85.7171 loss: 1.4501 min_lr: 4.83751633391972e-06 max_lr: 0.00010608716795014561
2025-09-25 03:28:16,662: epoch: [112/200] acc1: 58.0930 acc5: 89.0224 loss: 1.4112 min_lr: 4.746967070321887e-06 max_lr: 0.00010410141446178856
2025-09-25 03:29:39,961: epoch: [113/200] acc1: 63.5016 acc5: 90.4848 loss: 1.4483 min_lr: 4.656666627994848e-06 max_lr: 0.00010212111764626157
2025-09-25 03:31:03,248: epoch: [114/200] acc1: 61.6386 acc5: 91.5465 loss: 1.4303 min_lr: 4.566638444423578e-06 max_lr: 0.00010014679148971647
2025-09-25 03:32:26,557: epoch: [115/200] acc1: 59.4752 acc5: 87.1595 loss: 1.3793 min_lr: 4.4769058864282775e-06 max_lr: 9.817894842862022e-05
2025-09-25 03:33:49,800: epoch: [116/200] acc1: 59.1546 acc5: 86.2380 loss: 1.4369 min_lr: 4.3874922440995104e-06 max_lr: 9.621809921675201e-05
2025-09-25 03:35:13,068: epoch: [117/200] acc1: 65.6250 acc5: 88.5016 loss: 1.3978 min_lr: 4.2984207247532634e-06 max_lr: 9.4264752792637e-05
2025-09-25 03:36:36,259: epoch: [118/200] acc1: 65.3245 acc5: 90.0441 loss: 1.4221 min_lr: 4.209714446907482e-06 max_lr: 9.231941614745145e-05
2025-09-25 03:37:59,583: epoch: [119/200] acc1: 57.5521 acc5: 86.9391 loss: 1.4144 min_lr: 4.121396434281659e-06 max_lr: 9.038259419343297e-05
2025-09-25 03:38:27,382: [val] epoch: [119/200] acc1: 97.9200 acc5: 99.9400 loss: 0.2565
2025-09-25 03:38:30,868: Saved checkpoint to GeoMoE/AID/checkpoint-120
2025-09-25 03:39:54,072: epoch: [120/200] acc1: 66.2460 acc5: 94.3510 loss: 1.4464 min_lr: 4.033489609821029e-06 max_lr: 8.845478963283063e-05
2025-09-25 03:41:17,308: epoch: [121/200] acc1: 62.7604 acc5: 90.0240 loss: 1.3652 min_lr: 3.946016789746913e-06 max_lr: 8.653650282742844e-05
2025-09-25 03:42:40,603: epoch: [122/200] acc1: 63.5617 acc5: 87.5801 loss: 1.3958 min_lr: 3.859000677634767e-06 max_lr: 8.462823166867662e-05
2025-09-25 03:44:03,841: epoch: [123/200] acc1: 56.1098 acc5: 87.6402 loss: 1.4724 min_lr: 3.772463858521474e-06 max_lr: 8.273047144846366e-05
2025-09-25 03:45:27,154: epoch: [124/200] acc1: 61.9792 acc5: 90.3846 loss: 1.4408 min_lr: 3.686428793043388e-06 max_lr: 8.084371473056336e-05
2025-09-25 03:46:50,342: epoch: [125/200] acc1: 67.5280 acc5: 87.3998 loss: 1.3439 min_lr: 3.6009178116066798e-06 max_lr: 7.896845122278987e-05
2025-09-25 03:48:13,636: epoch: [126/200] acc1: 61.0777 acc5: 88.3013 loss: 1.3529 min_lr: 3.515953108591478e-06 max_lr: 7.710516764989402e-05
2025-09-25 03:49:36,891: epoch: [127/200] acc1: 67.0072 acc5: 91.5465 loss: 1.3937 min_lr: 3.431556736591313e-06 max_lr: 7.52543476272338e-05
2025-09-25 03:51:00,128: epoch: [128/200] acc1: 61.4583 acc5: 91.0056 loss: 1.3946 min_lr: 3.3477506006893687e-06 max_lr: 7.341647153525204e-05
2025-09-25 03:52:23,439: epoch: [129/200] acc1: 65.4046 acc5: 91.8069 loss: 1.3825 min_lr: 3.2645564527730146e-06 max_lr: 7.159201639479359e-05
2025-09-25 03:52:51,319: [val] epoch: [129/200] acc1: 98.1000 acc5: 99.8800 loss: 0.2440
2025-09-25 03:53:11,025: Saved checkpoint to GeoMoE/AID/checkpoint-130
2025-09-25 03:54:33,976: epoch: [130/200] acc1: 58.7139 acc5: 88.1410 loss: 1.3986 min_lr: 3.181995885888111e-06 max_lr: 6.978145574329475e-05
2025-09-25 03:55:57,190: epoch: [131/200] acc1: 60.4567 acc5: 87.3598 loss: 1.3740 min_lr: 3.1000903286345147e-06 max_lr: 6.798525951187615e-05
2025-09-25 03:57:20,471: epoch: [132/200] acc1: 61.3582 acc5: 89.9038 loss: 1.4326 min_lr: 3.018861039604303e-06 max_lr: 6.620389390337256e-05
2025-09-25 03:58:43,639: epoch: [133/200] acc1: 59.7756 acc5: 89.6434 loss: 1.3739 min_lr: 2.938329101864091e-06 max_lr: 6.443782127132957e-05
2025-09-25 04:00:07,038: epoch: [134/200] acc1: 59.6354 acc5: 88.0809 loss: 1.3898 min_lr: 2.8585154174829335e-06 max_lr: 6.268750000000003e-05
2025-09-25 04:01:30,364: epoch: [135/200] acc1: 59.6955 acc5: 89.6034 loss: 1.4169 min_lr: 2.7794407021071764e-06 max_lr: 6.095338438537002e-05
2025-09-25 04:02:53,617: epoch: [136/200] acc1: 58.1731 acc5: 87.4800 loss: 1.3883 min_lr: 2.7011254795837256e-06 max_lr: 5.923592451724666e-05
2025-09-25 04:04:16,920: epoch: [137/200] acc1: 59.1546 acc5: 87.0192 loss: 1.3750 min_lr: 2.623590076633072e-06 max_lr: 5.753556616243708e-05
2025-09-25 04:05:40,191: epoch: [138/200] acc1: 61.4784 acc5: 90.2043 loss: 1.3770 min_lr: 2.5468546175734863e-06 max_lr: 5.585275064904953e-05
2025-09-25 04:07:03,577: epoch: [139/200] acc1: 58.6338 acc5: 87.7003 loss: 1.3803 min_lr: 2.4709390190977647e-06 max_lr: 5.4187914751946934e-05
2025-09-25 04:07:31,516: [val] epoch: [139/200] acc1: 98.4600 acc5: 99.9200 loss: 0.2364
2025-09-25 04:07:34,968: Saved checkpoint to GeoMoE/AID/checkpoint-140
2025-09-25 04:08:58,169: epoch: [140/200] acc1: 62.1595 acc5: 91.5264 loss: 1.3717 min_lr: 2.395862985103836e-06 max_lr: 5.254149057938167e-05
2025-09-25 04:10:21,441: epoch: [141/200] acc1: 60.4968 acc5: 87.2596 loss: 1.3735 min_lr: 2.3216460015806193e-06 max_lr: 5.0913905460841916e-05
2025-09-25 04:11:44,997: epoch: [142/200] acc1: 62.2396 acc5: 88.5016 loss: 1.3639 min_lr: 2.2483073315504394e-06 max_lr: 4.930558183613844e-05
2025-09-25 04:13:08,331: epoch: [143/200] acc1: 64.0625 acc5: 89.7436 loss: 1.3591 min_lr: 2.1758660100693004e-06 max_lr: 4.77169371457601e-05
2025-09-25 04:14:31,757: epoch: [144/200] acc1: 63.7420 acc5: 91.1659 loss: 1.3640 min_lr: 2.104340839286343e-06 max_lr: 4.6148383722527277e-05
2025-09-25 04:15:55,110: epoch: [145/200] acc1: 67.0673 acc5: 89.6034 loss: 1.3156 min_lr: 2.033750383563736e-06 max_lr: 4.460032868457073e-05
2025-09-25 04:17:18,566: epoch: [146/200] acc1: 55.5088 acc5: 87.6402 loss: 1.3644 min_lr: 1.964112964658302e-06 max_lr: 4.307317382966414e-05
2025-09-25 04:18:41,831: epoch: [147/200] acc1: 64.1426 acc5: 87.3397 loss: 1.3470 min_lr: 1.8954466569661086e-06 max_lr: 4.1567315530937624e-05
2025-09-25 04:20:05,109: epoch: [148/200] acc1: 62.6603 acc5: 90.2244 loss: 1.3764 min_lr: 1.8277692828312426e-06 max_lr: 4.008314463399869e-05
2025-09-25 04:21:28,461: epoch: [149/200] acc1: 66.7067 acc5: 89.5232 loss: 1.3052 min_lr: 1.7610984079200427e-06 max_lr: 3.862104635548878e-05
2025-09-25 04:21:56,230: [val] epoch: [149/200] acc1: 98.2800 acc5: 99.8400 loss: 0.2225
2025-09-25 04:23:19,526: epoch: [150/200] acc1: 68.3694 acc5: 91.4864 loss: 1.3260 min_lr: 1.6954513366619056e-06 max_lr: 3.71814001830997e-05
2025-09-25 04:24:42,840: epoch: [151/200] acc1: 77.3638 acc5: 94.4712 loss: 1.3030 min_lr: 1.6308451077579335e-06 max_lr: 3.5764579777077894e-05
2025-09-25 04:26:06,203: epoch: [152/200] acc1: 68.7700 acc5: 91.6867 loss: 1.3668 min_lr: 1.5672964897585388e-06 max_lr: 3.43709528732409e-05
2025-09-25 04:27:29,389: epoch: [153/200] acc1: 64.5232 acc5: 88.8021 loss: 1.3276 min_lr: 1.5048219767111598e-06 max_lr: 3.300088118753135e-05
2025-09-25 04:28:52,668: epoch: [154/200] acc1: 59.9359 acc5: 89.3229 loss: 1.3106 min_lr: 1.4434377838792358e-06 max_lr: 3.165472032213374e-05
2025-09-25 04:30:15,945: epoch: [155/200] acc1: 61.3181 acc5: 92.1875 loss: 1.4073 min_lr: 1.3831598435335324e-06 max_lr: 3.033281967317779e-05
2025-09-25 04:31:39,233: epoch: [156/200] acc1: 70.4728 acc5: 91.1058 loss: 1.3164 min_lr: 1.324003800816913e-06 max_lr: 2.9035522340052524e-05
2025-09-25 04:33:02,467: epoch: [157/200] acc1: 62.9808 acc5: 90.6050 loss: 1.3642 min_lr: 1.2659850096836564e-06 max_lr: 2.776316503635512e-05
2025-09-25 04:34:25,837: epoch: [158/200] acc1: 69.0705 acc5: 91.6066 loss: 1.3554 min_lr: 1.2091185289143181e-06 max_lr: 2.6516078002496516e-05
2025-09-25 04:35:49,133: epoch: [159/200] acc1: 65.2444 acc5: 88.1811 loss: 1.3566 min_lr: 1.1534191182072416e-06 max_lr: 2.5294584919987817e-05
2025-09-25 04:36:16,987: [val] epoch: [159/200] acc1: 98.3000 acc5: 99.8600 loss: 0.2153
2025-09-25 04:37:40,277: epoch: [160/200] acc1: 66.9271 acc5: 89.2228 loss: 1.3357 min_lr: 1.098901234347661e-06 max_lr: 2.409900282742845e-05
2025-09-25 04:39:03,609: epoch: [161/200] acc1: 67.6282 acc5: 89.2428 loss: 1.3172 min_lr: 1.0455790274554547e-06 max_lr: 2.2929642038219014e-05
2025-09-25 04:40:26,869: epoch: [162/200] acc1: 56.7308 acc5: 86.2781 loss: 1.3206 min_lr: 9.934663373124762e-07 max_lr: 2.178680606001934e-05
2025-09-25 04:41:50,291: epoch: [163/200] acc1: 57.9928 acc5: 89.0425 loss: 1.3093 min_lr: 9.425766897704332e-07 max_lr: 2.0670791515972936e-05
2025-09-25 04:43:13,692: epoch: [164/200] acc1: 59.2147 acc5: 89.9840 loss: 1.3560 min_lr: 8.929232932402604e-07 max_lr: 1.9581888067718648e-05
2025-09-25 04:44:37,071: epoch: [165/200] acc1: 58.8141 acc5: 88.7019 loss: 1.3480 min_lr: 8.445190352638688e-07 max_lr: 1.8520378340208787e-05
2025-09-25 04:46:00,371: epoch: [166/200] acc1: 65.2244 acc5: 91.8269 loss: 1.3180 min_lr: 7.973764791691851e-07 max_lr: 1.7486537848353845e-05
2025-09-25 04:47:23,622: epoch: [167/200] acc1: 51.8430 acc5: 85.6170 loss: 1.3292 min_lr: 7.515078608093476e-07 max_lr: 1.6480634925512785e-05
2025-09-25 04:48:46,908: epoch: [168/200] acc1: 60.5569 acc5: 89.1827 loss: 1.2920 min_lr: 7.069250853868732e-07 max_lr: 1.5502930653846723e-05
2025-09-25 04:50:10,193: epoch: [169/200] acc1: 67.2276 acc5: 92.1675 loss: 1.3371 min_lr: 6.636397243636791e-07 max_lr: 1.4553678796555427e-05
2025-09-25 04:50:38,072: [val] epoch: [169/200] acc1: 98.3000 acc5: 99.8800 loss: 0.2256
2025-09-25 04:52:01,445: epoch: [170/200] acc1: 59.2748 acc5: 91.1458 loss: 1.3548 min_lr: 6.216630124576941e-07 max_lr: 1.3633125732012739e-05
2025-09-25 04:53:24,734: epoch: [171/200] acc1: 64.8438 acc5: 90.3245 loss: 1.3411 min_lr: 5.810058447268969e-07 max_lr: 1.2741510389819272e-05
2025-09-25 04:54:48,065: epoch: [172/200] acc1: 63.7220 acc5: 91.4463 loss: 1.3228 min_lr: 5.416787737415002e-07 max_lr: 1.1879064188788143e-05
2025-09-25 04:56:11,527: epoch: [173/200] acc1: 60.6971 acc5: 88.7821 loss: 1.3255 min_lr: 5.036920068450292e-07 max_lr: 1.1046010976880204e-05
2025-09-25 04:57:34,861: epoch: [174/200] acc1: 67.0673 acc5: 93.0889 loss: 1.3308 min_lr: 4.670554035050082e-07 max_lr: 1.0242566973104324e-05
2025-09-25 04:58:58,217: epoch: [175/200] acc1: 65.2845 acc5: 90.8253 loss: 1.3202 min_lr: 4.3177847275393136e-07 max_lr: 9.46894071139768e-06
2025-09-25 05:00:21,438: epoch: [176/200] acc1: 59.6755 acc5: 87.8606 loss: 1.3713 min_lr: 3.9787037072119246e-07 max_lr: 8.725332986500736e-06
2025-09-25 05:01:44,715: epoch: [177/200] acc1: 63.3213 acc5: 89.4431 loss: 1.3101 min_lr: 3.653398982566176e-07 max_lr: 8.011936801841112e-06
2025-09-25 05:03:08,048: epoch: [178/200] acc1: 65.1643 acc5: 89.8638 loss: 1.3246 min_lr: 3.3419549864619486e-07 max_lr: 7.328937319439323e-06
2025-09-25 05:04:31,264: epoch: [179/200] acc1: 67.8285 acc5: 92.7083 loss: 1.3216 min_lr: 3.0444525542062973e-07 max_lr: 6.676511811850209e-06
2025-09-25 05:04:59,163: [val] epoch: [179/200] acc1: 98.3800 acc5: 99.8800 loss: 0.2215
2025-09-25 05:06:22,383: epoch: [180/200] acc1: 60.5970 acc5: 91.9872 loss: 1.3688 min_lr: 2.7609689025725236e-07 max_lr: 6.054829616151563e-06
2025-09-25 05:07:45,849: epoch: [181/200] acc1: 57.1314 acc5: 86.7788 loss: 1.3427 min_lr: 2.4915776097586366e-07 max_lr: 5.4640520899928675e-06
2025-09-25 05:09:09,279: epoch: [182/200] acc1: 64.9239 acc5: 90.2244 loss: 1.3218 min_lr: 2.2363485962901217e-07 max_lr: 4.9043325697148895e-06
2025-09-25 05:10:32,691: epoch: [183/200] acc1: 61.9792 acc5: 89.4631 loss: 1.3635 min_lr: 1.99534810687203e-07 max_lr: 4.375816330551145e-06
2025-09-25 05:11:55,981: epoch: [184/200] acc1: 70.5329 acc5: 92.5280 loss: 1.3075 min_lr: 1.7686386931951826e-07 max_lr: 3.878640548921755e-06
2025-09-25 05:13:19,352: epoch: [185/200] acc1: 60.4567 acc5: 88.9223 loss: 1.3466 min_lr: 1.5562791977008897e-07 max_lr: 3.4129342668293316e-06
2025-09-25 05:14:42,665: epoch: [186/200] acc1: 66.3862 acc5: 91.2260 loss: 1.3105 min_lr: 1.358324738308347e-07 max_lr: 2.9788183583660144e-06
2025-09-25 05:16:06,002: epoch: [187/200] acc1: 66.6066 acc5: 92.6282 loss: 1.2998 min_lr: 1.1748266941088454e-07 max_lr: 2.5764054983407476e-06
2025-09-25 05:17:29,241: epoch: [188/200] acc1: 67.9087 acc5: 92.8686 loss: 1.3743 min_lr: 1.0058326920302472e-07 max_lr: 2.205800133034357e-06
2025-09-25 05:18:52,531: epoch: [189/200] acc1: 64.2027 acc5: 90.8053 loss: 1.3170 min_lr: 8.51386594475471e-08 max_lr: 1.8670984530906335e-06
2025-09-25 05:19:20,411: [val] epoch: [189/200] acc1: 98.4000 acc5: 99.8600 loss: 0.2263
2025-09-25 05:20:43,498: epoch: [190/200] acc1: 69.3309 acc5: 91.1258 loss: 1.2809 min_lr: 7.115284879379763e-08 max_lr: 1.560388368549991e-06
2025-09-25 05:21:11,302: [val] epoch: [190/200] acc1: 98.4200 acc5: 99.8600 loss: 0.2232
2025-09-25 05:22:34,540: epoch: [191/200] acc1: 71.1138 acc5: 90.2444 loss: 1.2803 min_lr: 5.8629467259732636e-08 max_lr: 1.2857494860324413e-06
2025-09-25 05:23:02,699: [val] epoch: [191/200] acc1: 98.4400 acc5: 99.8600 loss: 0.2203
2025-09-25 05:24:25,919: epoch: [192/200] acc1: 66.6066 acc5: 91.7067 loss: 1.3403 min_lr: 4.757176528974626e-08 max_lr: 1.0432530880756654e-06
2025-09-25 05:24:53,718: [val] epoch: [192/200] acc1: 98.4000 acc5: 99.8600 loss: 0.2216
2025-09-25 05:26:16,983: epoch: [193/200] acc1: 61.0176 acc5: 90.0441 loss: 1.3089 min_lr: 3.798261291101751e-08 max_lr: 8.329621146336277e-07
2025-09-25 05:26:44,757: [val] epoch: [193/200] acc1: 98.4200 acc5: 99.8600 loss: 0.2219
2025-09-25 05:28:07,993: epoch: [194/200] acc1: 66.1058 acc5: 91.2861 loss: 1.2724 min_lr: 2.986449898859575e-08 max_lr: 6.54931146740535e-07
2025-09-25 05:28:35,835: [val] epoch: [194/200] acc1: 98.4200 acc5: 99.8600 loss: 0.2207
2025-09-25 05:29:59,136: epoch: [195/200] acc1: 63.6218 acc5: 91.4864 loss: 1.3380 min_lr: 2.3219530579413517e-08 max_lr: 5.092063923442791e-07
2025-09-25 05:30:27,007: [val] epoch: [195/200] acc1: 98.4200 acc5: 99.8600 loss: 0.2209
2025-09-25 05:31:50,259: epoch: [196/200] acc1: 65.1242 acc5: 92.4079 loss: 1.3747 min_lr: 1.804943238540204e-08 max_lr: 3.958256743132106e-07
2025-09-25 05:32:18,090: [val] epoch: [196/200] acc1: 98.4200 acc5: 99.8600 loss: 0.2214
2025-09-25 05:33:41,492: epoch: [197/200] acc1: 73.3173 acc5: 95.2524 loss: 1.3777 min_lr: 1.4355546305844918e-08 max_lr: 3.148184206192152e-07
2025-09-25 05:34:09,366: [val] epoch: [197/200] acc1: 98.4200 acc5: 99.8600 loss: 0.2220
2025-09-25 05:35:32,687: epoch: [198/200] acc1: 71.7348 acc5: 93.4696 loss: 1.3385 min_lr: 1.2138831089083768e-08 max_lr: 2.6620565669958724e-07
2025-09-25 05:36:00,478: [val] epoch: [198/200] acc1: 98.4200 acc5: 99.8600 loss: 0.2221
2025-09-25 05:37:23,787: epoch: [199/200] acc1: 58.4535 acc5: 87.5401 loss: 1.3221 min_lr: 1.1399862083680688e-08 max_lr: 2.5e-07
2025-09-25 05:37:51,605: [val] epoch: [199/200] acc1: 98.4000 acc5: 99.8600 loss: 0.2221
2025-09-25 05:38:13,008: Saved checkpoint to GeoMoE/AID/checkpoint-200