2025-09-24 20:03:40,422: {
    "model": "GeoMoE",
    "lrd": "geo_lrd",
    "num_classes": 30,
    "dataset": "AID",
    "img_size": 320,
    "batch_size": 64,
    "TR": "28_0.json",
    "data_info": {
        "train_len": 2000,
        "val_len": 8000
    },
    "epochs": 200,
    "lr": 0.00025,
    "blr": 0.001,
    "layer_decay": 0.85,
    "drop_path": 0.1,
    "smoothing": 0.1,
    "mixup": 0.8,
    "cutmix": 1.0
}
2025-09-24 20:03:41,457: missing keys: ['pos_embed_det', 'fc_norm.weight', 'fc_norm.bias', 'head.weight', 'head.bias']
unexpected keys: ['pos_embed']
2025-09-24 20:03:42,032: layer decay optimizer: min_lr: 1.1399862083680687e-05 max_lr: 0.00025
2025-09-24 20:04:22,435: epoch: [0/200] acc1: 6.9556 acc5: 25.8065 loss: 3.3940 min_lr: 2.2799724167361374e-06 max_lr: 5e-05
2025-09-24 20:04:56,392: epoch: [1/200] acc1: 12.0464 acc5: 38.5585 loss: 3.2772 min_lr: 4.559944833472275e-06 max_lr: 0.0001
2025-09-24 20:05:30,152: epoch: [2/200] acc1: 18.4476 acc5: 47.9839 loss: 3.0626 min_lr: 6.8399172502084125e-06 max_lr: 0.00015
2025-09-24 20:06:03,865: epoch: [3/200] acc1: 21.7742 acc5: 49.5464 loss: 2.8997 min_lr: 9.11988966694455e-06 max_lr: 0.0002
2025-09-24 20:06:37,719: epoch: [4/200] acc1: 29.3851 acc5: 58.6190 loss: 2.7407 min_lr: 1.1399862083680687e-05 max_lr: 0.00025
2025-09-24 20:07:11,521: epoch: [5/200] acc1: 35.8871 acc5: 65.1210 loss: 2.5743 min_lr: 1.1399123114675285e-05 max_lr: 0.00024998379434330045
2025-09-24 20:07:45,416: epoch: [6/200] acc1: 35.9375 acc5: 63.9113 loss: 2.4251 min_lr: 1.1396906399458524e-05 max_lr: 0.00024993518157938083
2025-09-24 20:08:19,283: epoch: [7/200] acc1: 37.8024 acc5: 66.0786 loss: 2.5489 min_lr: 1.1393212513378966e-05 max_lr: 0.0002498541743256868
2025-09-24 20:08:53,270: epoch: [8/200] acc1: 43.0948 acc5: 70.9173 loss: 2.4917 min_lr: 1.1388042415184956e-05 max_lr: 0.00024974079360765575
2025-09-24 20:09:27,104: epoch: [9/200] acc1: 44.5565 acc5: 70.7661 loss: 2.3444 min_lr: 1.1381397446775772e-05 max_lr: 0.0002495950688532595
2025-09-24 20:10:10,911: [val] epoch: [9/200] acc1: 88.3750 acc5: 99.2625 loss: 1.0302
2025-09-24 20:10:44,902: epoch: [10/200] acc1: 44.8589 acc5: 69.4052 loss: 2.3159 min_lr: 1.1373279332853351e-05 max_lr: 0.0002494170378853664
2025-09-24 20:11:18,828: epoch: [11/200] acc1: 40.7258 acc5: 66.2298 loss: 2.2468 min_lr: 1.1363690180474622e-05 max_lr: 0.00024920674691192437
2025-09-24 20:11:52,669: epoch: [12/200] acc1: 47.6310 acc5: 72.0766 loss: 2.2425 min_lr: 1.1352632478504636e-05 max_lr: 0.00024896425051396754
2025-09-24 20:12:26,622: epoch: [13/200] acc1: 49.0927 acc5: 73.6895 loss: 2.2534 min_lr: 1.1340109096970571e-05 max_lr: 0.00024868961163145004
2025-09-24 20:13:00,551: epoch: [14/200] acc1: 50.0000 acc5: 77.7722 loss: 2.1869 min_lr: 1.1326123286316819e-05 max_lr: 0.00024838290154690935
2025-09-24 20:13:34,505: epoch: [15/200] acc1: 44.0524 acc5: 68.2460 loss: 2.0161 min_lr: 1.1310678676561342e-05 max_lr: 0.00024804419986696564
2025-09-24 20:14:08,472: epoch: [16/200] acc1: 44.6069 acc5: 73.1351 loss: 2.1449 min_lr: 1.1293779276353482e-05 max_lr: 0.00024767359450165923
2025-09-24 20:14:42,404: epoch: [17/200] acc1: 51.1089 acc5: 74.1935 loss: 2.0048 min_lr: 1.1275429471933532e-05 max_lr: 0.000247271181641634
2025-09-24 20:15:16,370: epoch: [18/200] acc1: 47.7319 acc5: 72.6310 loss: 2.0691 min_lr: 1.125563402599428e-05 max_lr: 0.00024683706573317066
2025-09-24 20:15:50,279: epoch: [19/200] acc1: 50.7560 acc5: 74.6976 loss: 2.0563 min_lr: 1.1234398076444849e-05 max_lr: 0.0002463713594510782
2025-09-24 20:16:34,055: [val] epoch: [19/200] acc1: 92.0500 acc5: 99.4625 loss: 0.6130
2025-09-24 20:16:37,537: Saved checkpoint to GeoMoE/AID/checkpoint-20
2025-09-24 20:17:11,372: epoch: [20/200] acc1: 54.4859 acc5: 78.7802 loss: 2.0085 min_lr: 1.1211727135077166e-05 max_lr: 0.0002458741836694489
2025-09-24 20:17:45,343: epoch: [21/200] acc1: 48.7399 acc5: 74.9496 loss: 2.1362 min_lr: 1.1187627086135355e-05 max_lr: 0.0002453456674302851
2025-09-24 20:18:19,469: epoch: [22/200] acc1: 47.0766 acc5: 71.3710 loss: 1.8897 min_lr: 1.1162104184788505e-05 max_lr: 0.00024478594791000713
2025-09-24 20:18:53,365: epoch: [23/200] acc1: 41.3810 acc5: 72.9335 loss: 2.0415 min_lr: 1.1135165055507117e-05 max_lr: 0.00024419517038384847
2025-09-24 20:19:27,327: epoch: [24/200] acc1: 45.8669 acc5: 73.3871 loss: 2.0519 min_lr: 1.1106816690343738e-05 max_lr: 0.00024357348818814978
2025-09-24 20:20:01,260: epoch: [25/200] acc1: 55.0403 acc5: 76.5121 loss: 1.9210 min_lr: 1.1077066447118172e-05 max_lr: 0.00024292106268056067
2025-09-24 20:20:35,166: epoch: [26/200] acc1: 57.8629 acc5: 81.4012 loss: 2.0340 min_lr: 1.1045922047507751e-05 max_lr: 0.00024223806319815893
2025-09-24 20:21:09,038: epoch: [27/200] acc1: 52.9234 acc5: 77.1673 loss: 1.9517 min_lr: 1.1013391575043176e-05 max_lr: 0.0002415246670134993
2025-09-24 20:21:42,945: epoch: [28/200] acc1: 51.0081 acc5: 75.4032 loss: 2.0555 min_lr: 1.0979483473010437e-05 max_lr: 0.00024078105928860235
2025-09-24 20:22:16,850: epoch: [29/200] acc1: 53.5282 acc5: 76.0081 loss: 1.8742 min_lr: 1.094420654225936e-05 max_lr: 0.00024000743302689568
2025-09-24 20:23:00,705: [val] epoch: [29/200] acc1: 93.3375 acc5: 99.5000 loss: 0.5024
2025-09-24 20:23:04,191: Saved checkpoint to GeoMoE/AID/checkpoint-30
2025-09-24 20:23:38,056: epoch: [30/200] acc1: 54.7379 acc5: 77.9234 loss: 2.0073 min_lr: 1.0907569938919338e-05 max_lr: 0.00023920398902311976
2025-09-24 20:24:11,975: epoch: [31/200] acc1: 55.2923 acc5: 78.6290 loss: 1.9178 min_lr: 1.0869583172022868e-05 max_lr: 0.00023837093581121187
2025-09-24 20:24:45,969: epoch: [32/200] acc1: 48.4879 acc5: 72.2278 loss: 1.8719 min_lr: 1.0830256101037471e-05 max_lr: 0.00023750848961018073
2025-09-24 20:25:20,001: epoch: [33/200] acc1: 60.4839 acc5: 82.2077 loss: 1.8623 min_lr: 1.0789598933306674e-05 max_lr: 0.00023661687426798728
2025-09-24 20:25:54,027: epoch: [34/200] acc1: 60.2319 acc5: 78.2762 loss: 1.6794 min_lr: 1.074762222140069e-05 max_lr: 0.0002356963212034446
2025-09-24 20:26:28,059: epoch: [35/200] acc1: 52.4698 acc5: 75.8569 loss: 1.8664 min_lr: 1.0704336860377494e-05 max_lr: 0.00023474706934615327
2025-09-24 20:27:02,170: epoch: [36/200] acc1: 62.8528 acc5: 82.9637 loss: 1.8080 min_lr: 1.0659754084955021e-05 max_lr: 0.00023376936507448723
2025-09-24 20:27:36,120: epoch: [37/200] acc1: 54.7883 acc5: 78.7802 loss: 1.7712 min_lr: 1.0613885466595183e-05 max_lr: 0.00023276346215164614
2025-09-24 20:28:10,068: epoch: [38/200] acc1: 64.4153 acc5: 88.0040 loss: 1.9133 min_lr: 1.05667429105005e-05 max_lr: 0.00023172962165979126
2025-09-24 20:28:44,010: epoch: [39/200] acc1: 62.8528 acc5: 85.1310 loss: 1.8561 min_lr: 1.0518338652524109e-05 max_lr: 0.00023066811193228138
2025-09-24 20:29:27,744: [val] epoch: [39/200] acc1: 93.9000 acc5: 99.5125 loss: 0.4496
2025-09-24 20:29:31,175: Saved checkpoint to GeoMoE/AID/checkpoint-40
2025-09-24 20:30:04,989: epoch: [40/200] acc1: 56.9052 acc5: 78.5786 loss: 1.7409 min_lr: 1.0468685255993934e-05 max_lr: 0.00022957920848402704
2025-09-24 20:30:38,978: epoch: [41/200] acc1: 47.0262 acc5: 78.9819 loss: 1.8037 min_lr: 1.0417795608451893e-05 max_lr: 0.00022846319393998068
2025-09-24 20:31:12,949: epoch: [42/200] acc1: 54.7379 acc5: 82.0564 loss: 1.8950 min_lr: 1.0365682918308912e-05 max_lr: 0.00022732035796178097
2025-09-24 20:31:46,878: epoch: [43/200] acc1: 59.1734 acc5: 83.1653 loss: 1.7746 min_lr: 1.0312360711416708e-05 max_lr: 0.00022615099717257156
2025-09-24 20:32:20,838: epoch: [44/200] acc1: 50.3024 acc5: 75.8569 loss: 1.8076 min_lr: 1.0257842827557127e-05 max_lr: 0.0002249554150800122
2025-09-24 20:32:54,790: epoch: [45/200] acc1: 58.6694 acc5: 82.7117 loss: 1.8603 min_lr: 1.0202143416850051e-05 max_lr: 0.0002237339219975035
2025-09-24 20:33:28,765: epoch: [46/200] acc1: 56.4012 acc5: 80.2923 loss: 1.8638 min_lr: 1.0145276936080712e-05 max_lr: 0.0002224868349636449
2025-09-24 20:34:02,724: epoch: [47/200] acc1: 55.4940 acc5: 77.0665 loss: 1.8654 min_lr: 1.0087258144947455e-05 max_lr: 0.00022121447765994747
2025-09-24 20:34:36,686: epoch: [48/200] acc1: 50.2016 acc5: 76.9153 loss: 1.8373 min_lr: 1.0028102102230836e-05 max_lr: 0.00021991718032682224
2025-09-24 20:35:10,570: epoch: [49/200] acc1: 54.7883 acc5: 81.8548 loss: 1.8228 min_lr: 9.967824161885132e-06 max_lr: 0.00021859527967786624
2025-09-24 20:35:54,487: [val] epoch: [49/200] acc1: 94.1750 acc5: 99.5375 loss: 0.4240
2025-09-24 20:35:57,910: Saved checkpoint to GeoMoE/AID/checkpoint-50
2025-09-24 20:36:31,848: epoch: [50/200] acc1: 55.5948 acc5: 76.7641 loss: 1.6398 min_lr: 9.906439969053209e-06 max_lr: 0.00021724911881246866
2025-09-24 20:37:05,988: epoch: [51/200] acc1: 57.0060 acc5: 83.7198 loss: 1.7635 min_lr: 9.84396545600583e-06 max_lr: 0.00021587904712675913
2025-09-24 20:37:39,985: epoch: [52/200] acc1: 62.9536 acc5: 84.4254 loss: 1.5699 min_lr: 9.780416838006436e-06 max_lr: 0.00021448542022292215
2025-09-24 20:38:13,776: epoch: [53/200] acc1: 67.1875 acc5: 88.5081 loss: 1.7185 min_lr: 9.715810609102465e-06 max_lr: 0.00021306859981690035
2025-09-24 20:38:47,574: epoch: [54/200] acc1: 54.2843 acc5: 75.3528 loss: 1.6997 min_lr: 9.650163537844326e-06 max_lr: 0.00021162895364451123
2025-09-24 20:39:21,472: epoch: [55/200] acc1: 62.9536 acc5: 84.1230 loss: 1.6328 min_lr: 9.583492662933125e-06 max_lr: 0.0002101668553660013
2025-09-24 20:39:55,397: epoch: [56/200] acc1: 52.2681 acc5: 78.2762 loss: 1.7328 min_lr: 9.515815288798262e-06 max_lr: 0.00020868268446906245
2025-09-24 20:40:29,336: epoch: [57/200] acc1: 58.9214 acc5: 84.6774 loss: 1.7563 min_lr: 9.447148981106068e-06 max_lr: 0.0002071768261703359
2025-09-24 20:41:03,325: epoch: [58/200] acc1: 60.1310 acc5: 84.0726 loss: 1.8347 min_lr: 9.377511562200634e-06 max_lr: 0.0002056496713154293
2025-09-24 20:41:37,296: epoch: [59/200] acc1: 56.3508 acc5: 83.1149 loss: 1.7355 min_lr: 9.306921106478025e-06 max_lr: 0.00020410161627747273
2025-09-24 20:42:21,118: [val] epoch: [59/200] acc1: 95.9000 acc5: 99.6375 loss: 0.3861
2025-09-24 20:42:24,574: Saved checkpoint to GeoMoE/AID/checkpoint-60
2025-09-24 20:42:58,461: epoch: [60/200] acc1: 47.8831 acc5: 74.1935 loss: 1.7624 min_lr: 9.235395935695068e-06 max_lr: 0.00020253306285423993
2025-09-24 20:43:32,386: epoch: [61/200] acc1: 57.5605 acc5: 85.5343 loss: 1.8503 min_lr: 9.16295461421393e-06 max_lr: 0.00020094441816386158
2025-09-24 20:44:06,424: epoch: [62/200] acc1: 51.4617 acc5: 78.4274 loss: 1.7357 min_lr: 9.08961594418375e-06 max_lr: 0.0001993360945391581
2025-09-24 20:44:40,312: epoch: [63/200] acc1: 53.3770 acc5: 81.4012 loss: 1.7726 min_lr: 9.015398960660533e-06 max_lr: 0.00019770850942061837
2025-09-24 20:45:14,300: epoch: [64/200] acc1: 60.3831 acc5: 83.4677 loss: 1.6460 min_lr: 8.940322926666604e-06 max_lr: 0.00019606208524805308
2025-09-24 20:45:48,287: epoch: [65/200] acc1: 54.8891 acc5: 80.8468 loss: 1.7766 min_lr: 8.864407328190881e-06 max_lr: 0.00019439724935095047
2025-09-24 20:46:22,252: epoch: [66/200] acc1: 55.8468 acc5: 79.2339 loss: 1.6282 min_lr: 8.787671869131296e-06 max_lr: 0.00019271443383756293
2025-09-24 20:46:56,243: epoch: [67/200] acc1: 59.8286 acc5: 86.0383 loss: 1.6891 min_lr: 8.71013646618064e-06 max_lr: 0.0001910140754827533
2025-09-24 20:47:30,256: epoch: [68/200] acc1: 66.0786 acc5: 91.4819 loss: 1.6857 min_lr: 8.631821243657191e-06 max_lr: 0.00018929661561463
2025-09-24 20:48:04,217: epoch: [69/200] acc1: 46.9254 acc5: 76.1593 loss: 1.6683 min_lr: 8.552746528281435e-06 max_lr: 0.00018756249999999999
2025-09-24 20:48:48,132: [val] epoch: [69/200] acc1: 95.9375 acc5: 99.5000 loss: 0.3612
2025-09-24 20:48:51,543: Saved checkpoint to GeoMoE/AID/checkpoint-70
2025-09-24 20:49:25,438: epoch: [70/200] acc1: 45.5141 acc5: 72.2278 loss: 1.5984 min_lr: 8.472932843900276e-06 max_lr: 0.00018581217872867042
2025-09-24 20:49:59,383: epoch: [71/200] acc1: 52.1169 acc5: 80.0907 loss: 1.6468 min_lr: 8.392400906160065e-06 max_lr: 0.00018404610609662743
2025-09-24 20:50:33,395: epoch: [72/200] acc1: 60.3327 acc5: 80.3427 loss: 1.5723 min_lr: 8.311171617129855e-06 max_lr: 0.00018226474048812388
2025-09-24 20:51:07,373: epoch: [73/200] acc1: 51.5625 acc5: 78.9819 loss: 1.6962 min_lr: 8.229266059876259e-06 max_lr: 0.00018046854425670528
2025-09-24 20:51:41,265: epoch: [74/200] acc1: 54.1331 acc5: 80.8972 loss: 1.7195 min_lr: 8.146705492991352e-06 max_lr: 0.00017865798360520638
2025-09-24 20:52:15,157: epoch: [75/200] acc1: 57.0060 acc5: 82.1069 loss: 1.5459 min_lr: 8.063511345075002e-06 max_lr: 0.000176833528464748
2025-09-24 20:52:49,128: epoch: [76/200] acc1: 54.1331 acc5: 77.9234 loss: 1.5681 min_lr: 7.979705209173055e-06 max_lr: 0.00017499565237276621
2025-09-24 20:53:22,985: epoch: [77/200] acc1: 65.2722 acc5: 88.9617 loss: 1.7450 min_lr: 7.895308837172892e-06 max_lr: 0.00017314483235010604
2025-09-24 20:53:56,888: epoch: [78/200] acc1: 59.1230 acc5: 83.7198 loss: 1.5903 min_lr: 7.810344134157689e-06 max_lr: 0.00017128154877721013
2025-09-24 20:54:30,806: epoch: [79/200] acc1: 61.9456 acc5: 87.0968 loss: 1.6324 min_lr: 7.724833152720978e-06 max_lr: 0.00016940628526943664
2025-09-24 20:55:14,688: [val] epoch: [79/200] acc1: 95.4875 acc5: 99.4250 loss: 0.3830
2025-09-24 20:55:48,694: epoch: [80/200] acc1: 63.9113 acc5: 91.7843 loss: 1.7598 min_lr: 7.638798087242894e-06 max_lr: 0.00016751952855153634
2025-09-24 20:56:22,708: epoch: [81/200] acc1: 62.5504 acc5: 88.1552 loss: 1.6232 min_lr: 7.552261268129601e-06 max_lr: 0.0001656217683313234
2025-09-24 20:56:56,651: epoch: [82/200] acc1: 57.9637 acc5: 81.5524 loss: 1.6709 min_lr: 7.465245156017456e-06 max_lr: 0.00016371349717257157
2025-09-24 20:57:30,679: epoch: [83/200] acc1: 60.6855 acc5: 88.9617 loss: 1.6745 min_lr: 7.37777233594334e-06 max_lr: 0.0001617952103671694
2025-09-24 20:58:04,557: epoch: [84/200] acc1: 60.7359 acc5: 89.1129 loss: 1.7207 min_lr: 7.289865511482709e-06 max_lr: 0.00015986740580656704
2025-09-24 20:58:38,599: epoch: [85/200] acc1: 56.4516 acc5: 80.9980 loss: 1.5933 min_lr: 7.201547498856886e-06 max_lr: 0.00015793058385254856
2025-09-24 20:59:12,551: epoch: [86/200] acc1: 54.8891 acc5: 83.5686 loss: 1.6686 min_lr: 7.112841221011104e-06 max_lr: 0.00015598524720736298
2025-09-24 20:59:46,562: epoch: [87/200] acc1: 53.1754 acc5: 82.4093 loss: 1.7033 min_lr: 7.023769701664859e-06 max_lr: 0.00015403190078324802
2025-09-24 21:00:20,907: epoch: [88/200] acc1: 64.3145 acc5: 86.4415 loss: 1.6028 min_lr: 6.9343560593360925e-06 max_lr: 0.00015207105157137983
2025-09-24 21:00:54,901: epoch: [89/200] acc1: 74.2944 acc5: 91.6835 loss: 1.5223 min_lr: 6.844623501340791e-06 max_lr: 0.00015010320851028357
2025-09-24 21:01:38,755: [val] epoch: [89/200] acc1: 95.6500 acc5: 99.5250 loss: 0.3438
2025-09-24 21:02:12,688: epoch: [90/200] acc1: 58.6694 acc5: 83.3165 loss: 1.6225 min_lr: 6.7545953177695205e-06 max_lr: 0.00014812888235373844
2025-09-24 21:02:46,679: epoch: [91/200] acc1: 59.9798 acc5: 79.1835 loss: 1.4754 min_lr: 6.66429487544248e-06 max_lr: 0.00014614858553821142
2025-09-24 21:03:20,612: epoch: [92/200] acc1: 50.9577 acc5: 76.0081 loss: 1.5167 min_lr: 6.573745611844648e-06 max_lr: 0.0001441628320498544
2025-09-24 21:03:54,638: epoch: [93/200] acc1: 55.4435 acc5: 78.9315 loss: 1.5326 min_lr: 6.482971029042572e-06 max_lr: 0.00014217213729109888
2025-09-24 21:04:28,614: epoch: [94/200] acc1: 57.7621 acc5: 84.5766 loss: 1.6307 min_lr: 6.391994687584415e-06 max_lr: 0.00014017701794688344
2025-09-24 21:05:02,824: epoch: [95/200] acc1: 58.1149 acc5: 81.8044 loss: 1.5379 min_lr: 6.3008402003848156e-06 max_lr: 0.00013817799185054824
2025-09-24 21:05:36,744: epoch: [96/200] acc1: 47.6815 acc5: 80.2419 loss: 1.5747 min_lr: 6.209531226596139e-06 max_lr: 0.0001361755778494309
2025-09-24 21:06:10,724: epoch: [97/200] acc1: 52.7218 acc5: 79.0827 loss: 1.5577 min_lr: 6.118091465467764e-06 max_lr: 0.0001341702956702001
2025-09-24 21:06:44,733: epoch: [98/200] acc1: 57.7621 acc5: 89.3649 loss: 1.7023 min_lr: 6.026544650194924e-06 max_lr: 0.00013216266578396023
2025-09-24 21:07:18,721: epoch: [99/200] acc1: 64.0625 acc5: 88.4577 loss: 1.5977 min_lr: 5.934914541758765e-06 max_lr: 0.00013015320927116324
2025-09-24 21:08:02,570: [val] epoch: [99/200] acc1: 96.3750 acc5: 99.6875 loss: 0.3384
2025-09-24 21:08:06,098: Saved checkpoint to GeoMoE/AID/checkpoint-100
2025-09-24 21:08:40,053: epoch: [100/200] acc1: 53.2258 acc5: 80.9980 loss: 1.6085 min_lr: 5.843224922759178e-06 max_lr: 0.00012814244768636203
2025-09-24 21:09:13,982: epoch: [101/200] acc1: 68.3468 acc5: 91.1290 loss: 1.5491 min_lr: 5.751499591242022e-06 max_lr: 0.00012613090292284108
2025-09-24 21:09:47,967: epoch: [102/200] acc1: 56.7036 acc5: 81.3508 loss: 1.6331 min_lr: 5.6597623545223475e-06 max_lr: 0.00012411909707715896
2025-09-24 21:10:21,955: epoch: [103/200] acc1: 55.9980 acc5: 76.9657 loss: 1.4581 min_lr: 5.5680370230051915e-06 max_lr: 0.000122107552313638
2025-09-24 21:10:55,953: epoch: [104/200] acc1: 64.3145 acc5: 86.5927 loss: 1.5443 min_lr: 5.476347404005605e-06 max_lr: 0.00012009679072883682
2025-09-24 21:11:29,839: epoch: [105/200] acc1: 64.8185 acc5: 91.3811 loss: 1.6421 min_lr: 5.3847172955694425e-06 max_lr: 0.00011808733421603975
2025-09-24 21:12:03,600: epoch: [106/200] acc1: 51.6129 acc5: 80.5948 loss: 1.5512 min_lr: 5.293170480296605e-06 max_lr: 0.00011607970432979993
2025-09-24 21:12:37,517: epoch: [107/200] acc1: 55.1411 acc5: 86.7944 loss: 1.5795 min_lr: 5.201730719168229e-06 max_lr: 0.00011407442215056912
2025-09-24 21:13:11,365: epoch: [108/200] acc1: 53.8810 acc5: 80.6452 loss: 1.4929 min_lr: 5.1104217453795544e-06 max_lr: 0.0001120720081494518
2025-09-24 21:13:45,280: epoch: [109/200] acc1: 48.3871 acc5: 77.2681 loss: 1.4750 min_lr: 5.019267258179953e-06 max_lr: 0.00011007298205311656
2025-09-24 21:14:29,208: [val] epoch: [109/200] acc1: 96.4125 acc5: 99.6375 loss: 0.3499
2025-09-24 21:14:32,620: Saved checkpoint to GeoMoE/AID/checkpoint-110
2025-09-24 21:15:06,567: epoch: [110/200] acc1: 70.1613 acc5: 91.5827 loss: 1.4594 min_lr: 4.928290916721797e-06 max_lr: 0.00010807786270890117
2025-09-24 21:15:40,423: epoch: [111/200] acc1: 59.1734 acc5: 86.3911 loss: 1.5680 min_lr: 4.83751633391972e-06 max_lr: 0.00010608716795014561
2025-09-24 21:16:14,364: epoch: [112/200] acc1: 64.3649 acc5: 91.9355 loss: 1.5003 min_lr: 4.746967070321887e-06 max_lr: 0.00010410141446178856
2025-09-24 21:16:48,313: epoch: [113/200] acc1: 52.7218 acc5: 80.1411 loss: 1.5866 min_lr: 4.656666627994848e-06 max_lr: 0.00010212111764626157
2025-09-24 21:17:22,241: epoch: [114/200] acc1: 61.1391 acc5: 82.5101 loss: 1.5295 min_lr: 4.566638444423578e-06 max_lr: 0.00010014679148971647
2025-09-24 21:17:56,170: epoch: [115/200] acc1: 52.5706 acc5: 84.0222 loss: 1.5393 min_lr: 4.4769058864282775e-06 max_lr: 9.817894842862022e-05
2025-09-24 21:18:30,105: epoch: [116/200] acc1: 64.8185 acc5: 87.3992 loss: 1.5114 min_lr: 4.3874922440995104e-06 max_lr: 9.621809921675201e-05
2025-09-24 21:19:04,073: epoch: [117/200] acc1: 58.4173 acc5: 83.6694 loss: 1.4874 min_lr: 4.2984207247532634e-06 max_lr: 9.4264752792637e-05
2025-09-24 21:19:38,044: epoch: [118/200] acc1: 59.7278 acc5: 86.9960 loss: 1.5262 min_lr: 4.209714446907482e-06 max_lr: 9.231941614745145e-05
2025-09-24 21:20:11,932: epoch: [119/200] acc1: 66.2802 acc5: 89.1129 loss: 1.5826 min_lr: 4.121396434281659e-06 max_lr: 9.038259419343297e-05
2025-09-24 21:20:55,913: [val] epoch: [119/200] acc1: 96.2250 acc5: 99.5250 loss: 0.3651
2025-09-24 21:21:29,932: epoch: [120/200] acc1: 65.7762 acc5: 89.6169 loss: 1.4528 min_lr: 4.033489609821029e-06 max_lr: 8.845478963283063e-05
2025-09-24 21:22:03,961: epoch: [121/200] acc1: 71.1694 acc5: 92.5907 loss: 1.5668 min_lr: 3.946016789746913e-06 max_lr: 8.653650282742844e-05
2025-09-24 21:22:37,981: epoch: [122/200] acc1: 57.8125 acc5: 85.5847 loss: 1.5268 min_lr: 3.859000677634767e-06 max_lr: 8.462823166867662e-05
2025-09-24 21:23:11,779: epoch: [123/200] acc1: 73.2359 acc5: 92.6411 loss: 1.5571 min_lr: 3.772463858521474e-06 max_lr: 8.273047144846366e-05
2025-09-24 21:23:45,909: epoch: [124/200] acc1: 63.5585 acc5: 87.2984 loss: 1.4206 min_lr: 3.686428793043388e-06 max_lr: 8.084371473056336e-05
2025-09-24 21:24:19,868: epoch: [125/200] acc1: 62.3488 acc5: 87.9536 loss: 1.5932 min_lr: 3.6009178116066798e-06 max_lr: 7.896845122278987e-05
2025-09-24 21:24:53,816: epoch: [126/200] acc1: 69.1532 acc5: 93.2964 loss: 1.5881 min_lr: 3.515953108591478e-06 max_lr: 7.710516764989402e-05
2025-09-24 21:25:27,652: epoch: [127/200] acc1: 74.2440 acc5: 92.6411 loss: 1.5076 min_lr: 3.431556736591313e-06 max_lr: 7.52543476272338e-05
2025-09-24 21:26:01,604: epoch: [128/200] acc1: 56.8044 acc5: 83.9718 loss: 1.5507 min_lr: 3.3477506006893687e-06 max_lr: 7.341647153525204e-05
2025-09-24 21:26:35,607: epoch: [129/200] acc1: 61.7440 acc5: 87.0464 loss: 1.4545 min_lr: 3.2645564527730146e-06 max_lr: 7.159201639479359e-05
2025-09-24 21:27:19,496: [val] epoch: [129/200] acc1: 96.5875 acc5: 99.5250 loss: 0.3495
2025-09-24 21:27:22,992: Saved checkpoint to GeoMoE/AID/checkpoint-130
2025-09-24 21:27:56,962: epoch: [130/200] acc1: 61.4415 acc5: 84.2742 loss: 1.4696 min_lr: 3.181995885888111e-06 max_lr: 6.978145574329475e-05
2025-09-24 21:28:31,068: epoch: [131/200] acc1: 58.8206 acc5: 82.8125 loss: 1.4393 min_lr: 3.1000903286345147e-06 max_lr: 6.798525951187615e-05
2025-09-24 21:29:04,998: epoch: [132/200] acc1: 64.5665 acc5: 85.9375 loss: 1.4692 min_lr: 3.018861039604303e-06 max_lr: 6.620389390337256e-05
2025-09-24 21:29:38,948: epoch: [133/200] acc1: 64.6169 acc5: 88.3064 loss: 1.4270 min_lr: 2.938329101864091e-06 max_lr: 6.443782127132957e-05
2025-09-24 21:30:12,905: epoch: [134/200] acc1: 64.7681 acc5: 94.2036 loss: 1.5105 min_lr: 2.8585154174829335e-06 max_lr: 6.268750000000003e-05
2025-09-24 21:30:46,854: epoch: [135/200] acc1: 57.0060 acc5: 86.3407 loss: 1.5506 min_lr: 2.7794407021071764e-06 max_lr: 6.095338438537002e-05
2025-09-24 21:31:20,873: epoch: [136/200] acc1: 46.7742 acc5: 82.4597 loss: 1.5790 min_lr: 2.7011254795837256e-06 max_lr: 5.923592451724666e-05
2025-09-24 21:31:54,909: epoch: [137/200] acc1: 63.1552 acc5: 88.8105 loss: 1.5461 min_lr: 2.623590076633072e-06 max_lr: 5.753556616243708e-05
2025-09-24 21:32:28,987: epoch: [138/200] acc1: 55.2419 acc5: 85.8367 loss: 1.4844 min_lr: 2.5468546175734863e-06 max_lr: 5.585275064904953e-05
2025-09-24 21:33:02,858: epoch: [139/200] acc1: 65.2722 acc5: 86.9456 loss: 1.4870 min_lr: 2.4709390190977647e-06 max_lr: 5.4187914751946934e-05
2025-09-24 21:33:46,707: [val] epoch: [139/200] acc1: 96.4625 acc5: 99.6375 loss: 0.3257
2025-09-24 21:34:20,604: epoch: [140/200] acc1: 75.7560 acc5: 91.4315 loss: 1.4047 min_lr: 2.395862985103836e-06 max_lr: 5.254149057938167e-05
2025-09-24 21:34:54,489: epoch: [141/200] acc1: 60.6351 acc5: 83.1653 loss: 1.4203 min_lr: 2.3216460015806193e-06 max_lr: 5.0913905460841916e-05
2025-09-24 21:35:28,440: epoch: [142/200] acc1: 58.3669 acc5: 90.3226 loss: 1.5168 min_lr: 2.2483073315504394e-06 max_lr: 4.930558183613844e-05
2025-09-24 21:36:02,302: epoch: [143/200] acc1: 62.9032 acc5: 88.4073 loss: 1.5128 min_lr: 2.1758660100693004e-06 max_lr: 4.77169371457601e-05
2025-09-24 21:36:36,163: epoch: [144/200] acc1: 59.6270 acc5: 89.0121 loss: 1.5579 min_lr: 2.104340839286343e-06 max_lr: 4.6148383722527277e-05
2025-09-24 21:37:10,033: epoch: [145/200] acc1: 76.1089 acc5: 91.5323 loss: 1.3214 min_lr: 2.033750383563736e-06 max_lr: 4.460032868457073e-05
2025-09-24 21:37:44,002: epoch: [146/200] acc1: 55.3931 acc5: 81.3508 loss: 1.5233 min_lr: 1.964112964658302e-06 max_lr: 4.307317382966414e-05
2025-09-24 21:38:17,828: epoch: [147/200] acc1: 57.6613 acc5: 85.5847 loss: 1.4597 min_lr: 1.8954466569661086e-06 max_lr: 4.1567315530937624e-05
2025-09-24 21:38:51,779: epoch: [148/200] acc1: 62.2480 acc5: 86.0383 loss: 1.4368 min_lr: 1.8277692828312426e-06 max_lr: 4.008314463399869e-05
2025-09-24 21:39:25,569: epoch: [149/200] acc1: 63.6593 acc5: 87.1976 loss: 1.4991 min_lr: 1.7610984079200427e-06 max_lr: 3.862104635548878e-05
2025-09-24 21:40:09,497: [val] epoch: [149/200] acc1: 97.0000 acc5: 99.5500 loss: 0.3108
2025-09-24 21:40:13,063: Saved checkpoint to GeoMoE/AID/checkpoint-150
2025-09-24 21:40:47,037: epoch: [150/200] acc1: 59.1734 acc5: 87.2984 loss: 1.4428 min_lr: 1.6954513366619056e-06 max_lr: 3.71814001830997e-05
2025-09-24 21:41:20,969: epoch: [151/200] acc1: 60.0302 acc5: 87.4496 loss: 1.4644 min_lr: 1.6308451077579335e-06 max_lr: 3.5764579777077894e-05
2025-09-24 21:41:54,863: epoch: [152/200] acc1: 60.2823 acc5: 84.8790 loss: 1.3795 min_lr: 1.5672964897585388e-06 max_lr: 3.43709528732409e-05
2025-09-24 21:42:28,841: epoch: [153/200] acc1: 57.1069 acc5: 80.0907 loss: 1.3460 min_lr: 1.5048219767111598e-06 max_lr: 3.300088118753135e-05
2025-09-24 21:43:02,720: epoch: [154/200] acc1: 61.5423 acc5: 89.6673 loss: 1.4957 min_lr: 1.4434377838792358e-06 max_lr: 3.165472032213374e-05
2025-09-24 21:43:36,685: epoch: [155/200] acc1: 54.3347 acc5: 87.1976 loss: 1.5110 min_lr: 1.3831598435335324e-06 max_lr: 3.033281967317779e-05
2025-09-24 21:44:10,677: epoch: [156/200] acc1: 57.3085 acc5: 86.2399 loss: 1.4988 min_lr: 1.324003800816913e-06 max_lr: 2.9035522340052524e-05
2025-09-24 21:44:44,567: epoch: [157/200] acc1: 60.0302 acc5: 84.7278 loss: 1.4852 min_lr: 1.2659850096836564e-06 max_lr: 2.776316503635512e-05
2025-09-24 21:45:18,597: epoch: [158/200] acc1: 61.3911 acc5: 88.6593 loss: 1.4557 min_lr: 1.2091185289143181e-06 max_lr: 2.6516078002496516e-05
2025-09-24 21:45:52,541: epoch: [159/200] acc1: 73.8407 acc5: 93.1956 loss: 1.4657 min_lr: 1.1534191182072416e-06 max_lr: 2.5294584919987817e-05
2025-09-24 21:46:36,402: [val] epoch: [159/200] acc1: 96.7875 acc5: 99.5750 loss: 0.3319
2025-09-24 21:47:10,239: epoch: [160/200] acc1: 64.4657 acc5: 88.5081 loss: 1.4315 min_lr: 1.098901234347661e-06 max_lr: 2.409900282742845e-05
2025-09-24 21:47:44,102: epoch: [161/200] acc1: 70.2621 acc5: 92.1371 loss: 1.4501 min_lr: 1.0455790274554547e-06 max_lr: 2.2929642038219014e-05
2025-09-24 21:48:18,237: epoch: [162/200] acc1: 51.5121 acc5: 85.1310 loss: 1.3963 min_lr: 9.934663373124762e-07 max_lr: 2.178680606001934e-05
2025-09-24 21:48:52,207: epoch: [163/200] acc1: 63.4577 acc5: 90.1714 loss: 1.4428 min_lr: 9.425766897704332e-07 max_lr: 2.0670791515972936e-05
2025-09-24 21:49:26,230: epoch: [164/200] acc1: 66.4315 acc5: 87.8024 loss: 1.3414 min_lr: 8.929232932402604e-07 max_lr: 1.9581888067718648e-05
2025-09-24 21:50:00,139: epoch: [165/200] acc1: 69.5565 acc5: 91.2298 loss: 1.4037 min_lr: 8.445190352638688e-07 max_lr: 1.8520378340208787e-05
2025-09-24 21:50:34,092: epoch: [166/200] acc1: 70.3629 acc5: 89.2641 loss: 1.3728 min_lr: 7.973764791691851e-07 max_lr: 1.7486537848353845e-05
2025-09-24 21:51:08,073: epoch: [167/200] acc1: 57.1069 acc5: 89.4657 loss: 1.4413 min_lr: 7.515078608093476e-07 max_lr: 1.6480634925512785e-05
2025-09-24 21:51:41,982: epoch: [168/200] acc1: 69.2540 acc5: 93.5988 loss: 1.5247 min_lr: 7.069250853868732e-07 max_lr: 1.5502930653846723e-05
2025-09-24 21:52:16,045: epoch: [169/200] acc1: 65.5746 acc5: 90.3730 loss: 1.3749 min_lr: 6.636397243636791e-07 max_lr: 1.4553678796555427e-05
2025-09-24 21:52:59,768: [val] epoch: [169/200] acc1: 96.7750 acc5: 99.6000 loss: 0.3128
2025-09-24 21:53:33,720: epoch: [170/200] acc1: 63.0040 acc5: 90.0202 loss: 1.5241 min_lr: 6.216630124576941e-07 max_lr: 1.3633125732012739e-05
2025-09-24 21:54:07,723: epoch: [171/200] acc1: 68.3972 acc5: 90.7258 loss: 1.3282 min_lr: 5.810058447268969e-07 max_lr: 1.2741510389819272e-05
2025-09-24 21:54:41,724: epoch: [172/200] acc1: 52.1169 acc5: 84.8790 loss: 1.4598 min_lr: 5.416787737415002e-07 max_lr: 1.1879064188788143e-05
2025-09-24 21:55:15,708: epoch: [173/200] acc1: 81.3004 acc5: 97.4294 loss: 1.3813 min_lr: 5.036920068450292e-07 max_lr: 1.1046010976880204e-05
2025-09-24 21:55:49,669: epoch: [174/200] acc1: 63.4577 acc5: 84.9798 loss: 1.3193 min_lr: 4.670554035050082e-07 max_lr: 1.0242566973104324e-05
2025-09-24 21:56:23,520: epoch: [175/200] acc1: 52.8730 acc5: 85.8871 loss: 1.4601 min_lr: 4.3177847275393136e-07 max_lr: 9.46894071139768e-06
2025-09-24 21:56:57,436: epoch: [176/200] acc1: 62.8528 acc5: 91.3306 loss: 1.4472 min_lr: 3.9787037072119246e-07 max_lr: 8.725332986500736e-06
2025-09-24 21:57:31,561: epoch: [177/200] acc1: 67.7923 acc5: 93.2964 loss: 1.4068 min_lr: 3.653398982566176e-07 max_lr: 8.011936801841112e-06
2025-09-24 21:58:05,518: epoch: [178/200] acc1: 66.1290 acc5: 90.3226 loss: 1.3475 min_lr: 3.3419549864619486e-07 max_lr: 7.328937319439323e-06
2025-09-24 21:58:39,433: epoch: [179/200] acc1: 73.5383 acc5: 91.2802 loss: 1.4252 min_lr: 3.0444525542062973e-07 max_lr: 6.676511811850209e-06
2025-09-24 21:59:23,324: [val] epoch: [179/200] acc1: 97.1000 acc5: 99.6375 loss: 0.3013
2025-09-24 21:59:26,765: Saved checkpoint to GeoMoE/AID/checkpoint-180
2025-09-24 22:00:00,833: epoch: [180/200] acc1: 61.3407 acc5: 88.0040 loss: 1.4667 min_lr: 2.7609689025725236e-07 max_lr: 6.054829616151563e-06
2025-09-24 22:00:34,781: epoch: [181/200] acc1: 57.8125 acc5: 85.2319 loss: 1.5002 min_lr: 2.4915776097586366e-07 max_lr: 5.4640520899928675e-06
2025-09-24 22:01:08,652: epoch: [182/200] acc1: 64.7681 acc5: 91.9355 loss: 1.4580 min_lr: 2.2363485962901217e-07 max_lr: 4.9043325697148895e-06
2025-09-24 22:01:42,764: epoch: [183/200] acc1: 59.1734 acc5: 87.1976 loss: 1.3975 min_lr: 1.99534810687203e-07 max_lr: 4.375816330551145e-06
2025-09-24 22:02:16,662: epoch: [184/200] acc1: 66.4819 acc5: 92.5907 loss: 1.4582 min_lr: 1.7686386931951826e-07 max_lr: 3.878640548921755e-06
2025-09-24 22:02:50,602: epoch: [185/200] acc1: 62.5504 acc5: 87.1472 loss: 1.4401 min_lr: 1.5562791977008897e-07 max_lr: 3.4129342668293316e-06
2025-09-24 22:03:24,513: epoch: [186/200] acc1: 69.6069 acc5: 91.3306 loss: 1.3289 min_lr: 1.358324738308347e-07 max_lr: 2.9788183583660144e-06
2025-09-24 22:03:58,335: epoch: [187/200] acc1: 69.8589 acc5: 89.3145 loss: 1.4135 min_lr: 1.1748266941088454e-07 max_lr: 2.5764054983407476e-06
2025-09-24 22:04:32,252: epoch: [188/200] acc1: 67.8427 acc5: 91.4315 loss: 1.3880 min_lr: 1.0058326920302472e-07 max_lr: 2.205800133034357e-06
2025-09-24 22:05:06,171: epoch: [189/200] acc1: 67.5403 acc5: 92.3387 loss: 1.4051 min_lr: 8.51386594475471e-08 max_lr: 1.8670984530906335e-06
2025-09-24 22:05:49,955: [val] epoch: [189/200] acc1: 97.0750 acc5: 99.6000 loss: 0.3063
2025-09-24 22:06:23,893: epoch: [190/200] acc1: 56.0484 acc5: 82.0060 loss: 1.3476 min_lr: 7.115284879379763e-08 max_lr: 1.560388368549991e-06
2025-09-24 22:07:07,759: [val] epoch: [190/200] acc1: 97.0250 acc5: 99.6000 loss: 0.3076
2025-09-24 22:07:41,727: epoch: [191/200] acc1: 63.1048 acc5: 86.3911 loss: 1.3733 min_lr: 5.8629467259732636e-08 max_lr: 1.2857494860324413e-06
2025-09-24 22:08:25,563: [val] epoch: [191/200] acc1: 97.0375 acc5: 99.6250 loss: 0.3062
2025-09-24 22:08:59,364: epoch: [192/200] acc1: 75.2016 acc5: 92.2883 loss: 1.3442 min_lr: 4.757176528974626e-08 max_lr: 1.0432530880756654e-06
2025-09-24 22:09:43,249: [val] epoch: [192/200] acc1: 97.0250 acc5: 99.6250 loss: 0.3058
2025-09-24 22:10:17,271: epoch: [193/200] acc1: 68.6492 acc5: 90.1714 loss: 1.4638 min_lr: 3.798261291101751e-08 max_lr: 8.329621146336277e-07
2025-09-24 22:11:01,138: [val] epoch: [193/200] acc1: 97.0250 acc5: 99.6250 loss: 0.3063
2025-09-24 22:11:35,115: epoch: [194/200] acc1: 66.5827 acc5: 91.0786 loss: 1.4685 min_lr: 2.986449898859575e-08 max_lr: 6.54931146740535e-07
2025-09-24 22:12:18,990: [val] epoch: [194/200] acc1: 97.0125 acc5: 99.6250 loss: 0.3071
2025-09-24 22:12:52,844: epoch: [195/200] acc1: 53.8306 acc5: 86.1895 loss: 1.4383 min_lr: 2.3219530579413517e-08 max_lr: 5.092063923442791e-07
2025-09-24 22:13:36,655: [val] epoch: [195/200] acc1: 97.0000 acc5: 99.6250 loss: 0.3073
2025-09-24 22:14:10,606: epoch: [196/200] acc1: 55.9476 acc5: 88.1048 loss: 1.5285 min_lr: 1.804943238540204e-08 max_lr: 3.958256743132106e-07
2025-09-24 22:14:54,511: [val] epoch: [196/200] acc1: 97.0250 acc5: 99.6125 loss: 0.3073
2025-09-24 22:15:28,395: epoch: [197/200] acc1: 60.1310 acc5: 90.7258 loss: 1.4832 min_lr: 1.4355546305844918e-08 max_lr: 3.148184206192152e-07
2025-09-24 22:16:12,358: [val] epoch: [197/200] acc1: 97.0250 acc5: 99.6125 loss: 0.3082
2025-09-24 22:16:46,374: epoch: [198/200] acc1: 55.0907 acc5: 81.7540 loss: 1.3687 min_lr: 1.2138831089083768e-08 max_lr: 2.6620565669958724e-07
2025-09-24 22:17:30,318: [val] epoch: [198/200] acc1: 97.0125 acc5: 99.6125 loss: 0.3080
2025-09-24 22:18:04,307: epoch: [199/200] acc1: 63.8609 acc5: 86.9960 loss: 1.3517 min_lr: 1.1399862083680688e-08 max_lr: 2.5e-07
2025-09-24 22:18:48,117: [val] epoch: [199/200] acc1: 97.0125 acc5: 99.6125 loss: 0.3076
2025-09-24 22:18:51,551: Saved checkpoint to GeoMoE/AID/checkpoint-200